CRITICAL - 2022-08-19 00:32:59 --> Trying to get property 'nip' of non-object
#0 /home/u1603686/siabinila_core/app/Views/r_dosen/edit_profil_dosen.php(6): CodeIgniter\Debug\Exceptions->errorHandler(8, 'Trying to get p...', '/home/u1603686/...', 6, Array)
#1 /home/u1603686/siabinila_core/system/View/View.php(214): include('/home/u1603686/...')
#2 /home/u1603686/siabinila_core/system/View/View.php(217): CodeIgniter\View\View->CodeIgniter\View\{closure}()
#3 /home/u1603686/siabinila_core/system/Common.php(1097): CodeIgniter\View\View->render('r_dosen/edit_pr...', Array, true)
#4 /home/u1603686/siabinila_core/app/Controllers/Dosen.php(81): view('r_dosen/edit_pr...')
#5 /home/u1603686/siabinila_core/system/CodeIgniter.php(826): App\Controllers\Dosen->form_edit_profil()
#6 /home/u1603686/siabinila_core/system/CodeIgniter.php(412): CodeIgniter\CodeIgniter->runController(Object(App\Controllers\Dosen))
#7 /home/u1603686/siabinila_core/system/CodeIgniter.php(320): CodeIgniter\CodeIgniter->handleRequest(NULL, Object(Config\Cache), false)
#8 /home/u1603686/public_html/index.php(37): CodeIgniter\CodeIgniter->run()
#9 {main}
CRITICAL - 2022-08-19 00:36:16 --> Trying to get property 'nip' of non-object
#0 /home/u1603686/siabinila_core/app/Views/r_dosen/edit_profil_dosen.php(6): CodeIgniter\Debug\Exceptions->errorHandler(8, 'Trying to get p...', '/home/u1603686/...', 6, Array)
#1 /home/u1603686/siabinila_core/system/View/View.php(214): include('/home/u1603686/...')
#2 /home/u1603686/siabinila_core/system/View/View.php(217): CodeIgniter\View\View->CodeIgniter\View\{closure}()
#3 /home/u1603686/siabinila_core/system/Common.php(1097): CodeIgniter\View\View->render('r_dosen/edit_pr...', Array, true)
#4 /home/u1603686/siabinila_core/app/Controllers/Dosen.php(81): view('r_dosen/edit_pr...')
#5 /home/u1603686/siabinila_core/system/CodeIgniter.php(826): App\Controllers\Dosen->form_edit_profil()
#6 /home/u1603686/siabinila_core/system/CodeIgniter.php(412): CodeIgniter\CodeIgniter->runController(Object(App\Controllers\Dosen))
#7 /home/u1603686/siabinila_core/system/CodeIgniter.php(320): CodeIgniter\CodeIgniter->handleRequest(NULL, Object(Config\Cache), false)
#8 /home/u1603686/public_html/index.php(37): CodeIgniter\CodeIgniter->run()
#9 {main}
ERROR - 2022-08-19 01:56:58 --> Duplicate entry '1917051015' for key 'PRIMARY'
CRITICAL - 2022-08-19 01:56:58 --> Duplicate entry '1917051015' for key 'PRIMARY'
#0 /home/u1603686/siabinila_core/system/Database/MySQLi/Connection.php(292): mysqli->query('INSERT INTO `ma...', 0)
#1 /home/u1603686/siabinila_core/system/Database/BaseConnection.php(670): CodeIgniter\Database\MySQLi\Connection->execute('INSERT INTO `ma...')
#2 /home/u1603686/siabinila_core/system/Database/BaseConnection.php(598): CodeIgniter\Database\BaseConnection->simpleQuery('INSERT INTO `ma...')
#3 /home/u1603686/siabinila_core/system/Database/BaseBuilder.php(1759): CodeIgniter\Database\BaseConnection->query('INSERT INTO `ma...', Array, false)
#4 /home/u1603686/siabinila_core/system/Model.php(239): CodeIgniter\Database\BaseBuilder->insert()
#5 /home/u1603686/siabinila_core/system/BaseModel.php(738): CodeIgniter\Model->doInsert(Array)
#6 /home/u1603686/siabinila_core/system/Model.php(620): CodeIgniter\BaseModel->insert(Array, true)
#7 /home/u1603686/siabinila_core/app/Controllers/Mahasiswa.php(652): CodeIgniter\Model->insert(Array)
#8 /home/u1603686/siabinila_core/system/CodeIgniter.php(826): App\Controllers\Mahasiswa->hapus_akun('1917051015')
#9 /home/u1603686/siabinila_core/system/CodeIgniter.php(412): CodeIgniter\CodeIgniter->runController(Object(App\Controllers\Mahasiswa))
#10 /home/u1603686/siabinila_core/system/CodeIgniter.php(320): CodeIgniter\CodeIgniter->handleRequest(NULL, Object(Config\Cache), false)
#11 /home/u1603686/public_html/index.php(37): CodeIgniter\CodeIgniter->run()
#12 {main}
