CRITICAL - 2022-02-19 00:06:39 --> Invalid argument supplied for foreach()
#0 C:\Users\ACER\OneDrive\Dokumen\PKL\Sistem-Informasi-Skripsi\app\Controllers\Mahasiswa.php(428): CodeIgniter\Debug\Exceptions->errorHandler(2, 'Invalid argumen...', 'C:\\Users\\ACER\\O...', 428, Array)
#1 C:\Users\ACER\OneDrive\Dokumen\PKL\Sistem-Informasi-Skripsi\system\CodeIgniter.php(824): App\Controllers\Mahasiswa->tambah_pengajuan_judul()
#2 C:\Users\ACER\OneDrive\Dokumen\PKL\Sistem-Informasi-Skripsi\system\CodeIgniter.php(410): CodeIgniter\CodeIgniter->runController(Object(App\Controllers\Mahasiswa))
#3 C:\Users\ACER\OneDrive\Dokumen\PKL\Sistem-Informasi-Skripsi\system\CodeIgniter.php(318): CodeIgniter\CodeIgniter->handleRequest(NULL, Object(Config\Cache), false)
#4 C:\Users\ACER\OneDrive\Dokumen\PKL\Sistem-Informasi-Skripsi\public\index.php(37): CodeIgniter\CodeIgniter->run()
#5 C:\Users\ACER\OneDrive\Dokumen\PKL\Sistem-Informasi-Skripsi\system\Commands\Server\rewrite.php(43): require_once('C:\\Users\\ACER\\O...')
#6 {main}
CRITICAL - 2022-02-19 13:48:16 --> Undefined variable: angkatan
#0 C:\Users\ACER\OneDrive\Dokumen\PKL\Sistem-Informasi-Skripsi\app\Views\r_mahasiswa\v_mahasiswa.php(35): CodeIgniter\Debug\Exceptions->errorHandler(8, 'Undefined varia...', 'C:\\Users\\ACER\\O...', 35, Array)
#1 C:\Users\ACER\OneDrive\Dokumen\PKL\Sistem-Informasi-Skripsi\system\View\View.php(214): include('C:\\Users\\ACER\\O...')
#2 C:\Users\ACER\OneDrive\Dokumen\PKL\Sistem-Informasi-Skripsi\system\View\View.php(217): CodeIgniter\View\View->CodeIgniter\View\{closure}()
#3 C:\Users\ACER\OneDrive\Dokumen\PKL\Sistem-Informasi-Skripsi\system\Common.php(1097): CodeIgniter\View\View->render('r_mahasiswa/v_m...', Array, true)
#4 C:\Users\ACER\OneDrive\Dokumen\PKL\Sistem-Informasi-Skripsi\app\Controllers\Mahasiswa.php(48): view('r_mahasiswa/v_m...')
#5 C:\Users\ACER\OneDrive\Dokumen\PKL\Sistem-Informasi-Skripsi\system\CodeIgniter.php(824): App\Controllers\Mahasiswa->index()
#6 C:\Users\ACER\OneDrive\Dokumen\PKL\Sistem-Informasi-Skripsi\system\CodeIgniter.php(410): CodeIgniter\CodeIgniter->runController(Object(App\Controllers\Mahasiswa))
#7 C:\Users\ACER\OneDrive\Dokumen\PKL\Sistem-Informasi-Skripsi\system\CodeIgniter.php(318): CodeIgniter\CodeIgniter->handleRequest(NULL, Object(Config\Cache), false)
#8 C:\Users\ACER\OneDrive\Dokumen\PKL\Sistem-Informasi-Skripsi\public\index.php(37): CodeIgniter\CodeIgniter->run()
#9 C:\Users\ACER\OneDrive\Dokumen\PKL\Sistem-Informasi-Skripsi\system\Commands\Server\rewrite.php(43): require_once('C:\\Users\\ACER\\O...')
#10 {main}
CRITICAL - 2022-02-19 03:25:52 --> Undefined index: dospem1
#0 C:\Users\ACER\OneDrive\Dokumen\PKL\Sistem-Informasi-Skripsi\app\Views\r_mahasiswa\v_skripsi.php(37): CodeIgniter\Debug\Exceptions->errorHandler(8, 'Undefined index...', 'C:\\Users\\ACER\\O...', 37, Array)
#1 C:\Users\ACER\OneDrive\Dokumen\PKL\Sistem-Informasi-Skripsi\system\View\View.php(214): include('C:\\Users\\ACER\\O...')
#2 C:\Users\ACER\OneDrive\Dokumen\PKL\Sistem-Informasi-Skripsi\system\View\View.php(217): CodeIgniter\View\View->CodeIgniter\View\{closure}()
#3 C:\Users\ACER\OneDrive\Dokumen\PKL\Sistem-Informasi-Skripsi\system\Common.php(1097): CodeIgniter\View\View->render('r_mahasiswa/v_s...', Array, true)
#4 C:\Users\ACER\OneDrive\Dokumen\PKL\Sistem-Informasi-Skripsi\app\Controllers\Mahasiswa.php(64): view('r_mahasiswa/v_s...', Array)
#5 C:\Users\ACER\OneDrive\Dokumen\PKL\Sistem-Informasi-Skripsi\system\CodeIgniter.php(824): App\Controllers\Mahasiswa->skripsi()
#6 C:\Users\ACER\OneDrive\Dokumen\PKL\Sistem-Informasi-Skripsi\system\CodeIgniter.php(410): CodeIgniter\CodeIgniter->runController(Object(App\Controllers\Mahasiswa))
#7 C:\Users\ACER\OneDrive\Dokumen\PKL\Sistem-Informasi-Skripsi\system\CodeIgniter.php(318): CodeIgniter\CodeIgniter->handleRequest(NULL, Object(Config\Cache), false)
#8 C:\Users\ACER\OneDrive\Dokumen\PKL\Sistem-Informasi-Skripsi\public\index.php(37): CodeIgniter\CodeIgniter->run()
#9 C:\Users\ACER\OneDrive\Dokumen\PKL\Sistem-Informasi-Skripsi\system\Commands\Server\rewrite.php(43): require_once('C:\\Users\\ACER\\O...')
#10 {main}
CRITICAL - 2022-02-19 06:15:22 --> Undefined offset: 0
#0 C:\Users\ACER\OneDrive\Dokumen\PKL\Sistem-Informasi-Skripsi\app\Views\r_mahasiswa\form_pengajuan_usul.php(52): CodeIgniter\Debug\Exceptions->errorHandler(8, 'Undefined offse...', 'C:\\Users\\ACER\\O...', 52, Array)
#1 C:\Users\ACER\OneDrive\Dokumen\PKL\Sistem-Informasi-Skripsi\system\View\View.php(214): include('C:\\Users\\ACER\\O...')
#2 C:\Users\ACER\OneDrive\Dokumen\PKL\Sistem-Informasi-Skripsi\system\View\View.php(217): CodeIgniter\View\View->CodeIgniter\View\{closure}()
#3 C:\Users\ACER\OneDrive\Dokumen\PKL\Sistem-Informasi-Skripsi\system\Common.php(1097): CodeIgniter\View\View->render('r_mahasiswa/for...', Array, true)
#4 C:\Users\ACER\OneDrive\Dokumen\PKL\Sistem-Informasi-Skripsi\app\Controllers\Mahasiswa.php(149): view('r_mahasiswa/for...')
#5 C:\Users\ACER\OneDrive\Dokumen\PKL\Sistem-Informasi-Skripsi\system\CodeIgniter.php(824): App\Controllers\Mahasiswa->form_pengajuan_usul()
#6 C:\Users\ACER\OneDrive\Dokumen\PKL\Sistem-Informasi-Skripsi\system\CodeIgniter.php(410): CodeIgniter\CodeIgniter->runController(Object(App\Controllers\Mahasiswa))
#7 C:\Users\ACER\OneDrive\Dokumen\PKL\Sistem-Informasi-Skripsi\system\CodeIgniter.php(318): CodeIgniter\CodeIgniter->handleRequest(NULL, Object(Config\Cache), false)
#8 C:\Users\ACER\OneDrive\Dokumen\PKL\Sistem-Informasi-Skripsi\public\index.php(37): CodeIgniter\CodeIgniter->run()
#9 C:\Users\ACER\OneDrive\Dokumen\PKL\Sistem-Informasi-Skripsi\system\Commands\Server\rewrite.php(43): require_once('C:\\Users\\ACER\\O...')
#10 {main}
