CRITICAL - 2022-02-06 00:38:23 --> Undefined offset: 0
#0 C:\Users\ACER\OneDrive\Dokumen\PKL\Sistem-Informasi-Skripsi\app\Views\r_mahasiswa\v_skripsi.php(29): CodeIgniter\Debug\Exceptions->errorHandler(8, 'Undefined offse...', 'C:\\Users\\ACER\\O...', 29, Array)
#1 C:\Users\ACER\OneDrive\Dokumen\PKL\Sistem-Informasi-Skripsi\system\View\View.php(214): include('C:\\Users\\ACER\\O...')
#2 C:\Users\ACER\OneDrive\Dokumen\PKL\Sistem-Informasi-Skripsi\system\View\View.php(217): CodeIgniter\View\View->CodeIgniter\View\{closure}()
#3 C:\Users\ACER\OneDrive\Dokumen\PKL\Sistem-Informasi-Skripsi\system\Common.php(1097): CodeIgniter\View\View->render('r_mahasiswa/v_s...', Array, true)
#4 C:\Users\ACER\OneDrive\Dokumen\PKL\Sistem-Informasi-Skripsi\app\Controllers\Mahasiswa.php(61): view('r_mahasiswa/v_s...', Array)
#5 C:\Users\ACER\OneDrive\Dokumen\PKL\Sistem-Informasi-Skripsi\system\CodeIgniter.php(824): App\Controllers\Mahasiswa->skripsi()
#6 C:\Users\ACER\OneDrive\Dokumen\PKL\Sistem-Informasi-Skripsi\system\CodeIgniter.php(410): CodeIgniter\CodeIgniter->runController(Object(App\Controllers\Mahasiswa))
#7 C:\Users\ACER\OneDrive\Dokumen\PKL\Sistem-Informasi-Skripsi\system\CodeIgniter.php(318): CodeIgniter\CodeIgniter->handleRequest(NULL, Object(Config\Cache), false)
#8 C:\Users\ACER\OneDrive\Dokumen\PKL\Sistem-Informasi-Skripsi\public\index.php(37): CodeIgniter\CodeIgniter->run()
#9 C:\Users\ACER\OneDrive\Dokumen\PKL\Sistem-Informasi-Skripsi\system\Commands\Server\rewrite.php(43): require_once('C:\\Users\\ACER\\O...')
#10 {main}
CRITICAL - 2022-02-06 06:36:19 --> Undefined variable: skrip1
#0 C:\Users\ACER\OneDrive\Dokumen\PKL\Sistem-Informasi-Skripsi\app\Controllers\Mahasiswa.php(173): CodeIgniter\Debug\Exceptions->errorHandler(8, 'Undefined varia...', 'C:\\Users\\ACER\\O...', 173, Array)
#1 C:\Users\ACER\OneDrive\Dokumen\PKL\Sistem-Informasi-Skripsi\system\CodeIgniter.php(824): App\Controllers\Mahasiswa->tambah_pengajuan_judul()
#2 C:\Users\ACER\OneDrive\Dokumen\PKL\Sistem-Informasi-Skripsi\system\CodeIgniter.php(410): CodeIgniter\CodeIgniter->runController(Object(App\Controllers\Mahasiswa))
#3 C:\Users\ACER\OneDrive\Dokumen\PKL\Sistem-Informasi-Skripsi\system\CodeIgniter.php(318): CodeIgniter\CodeIgniter->handleRequest(NULL, Object(Config\Cache), false)
#4 C:\Users\ACER\OneDrive\Dokumen\PKL\Sistem-Informasi-Skripsi\public\index.php(37): CodeIgniter\CodeIgniter->run()
#5 C:\Users\ACER\OneDrive\Dokumen\PKL\Sistem-Informasi-Skripsi\system\Commands\Server\rewrite.php(43): require_once('C:\\Users\\ACER\\O...')
#6 {main}
CRITICAL - 2022-02-06 06:37:20 --> Undefined variable: skrip1
#0 C:\Users\ACER\OneDrive\Dokumen\PKL\Sistem-Informasi-Skripsi\app\Controllers\Mahasiswa.php(173): CodeIgniter\Debug\Exceptions->errorHandler(8, 'Undefined varia...', 'C:\\Users\\ACER\\O...', 173, Array)
#1 C:\Users\ACER\OneDrive\Dokumen\PKL\Sistem-Informasi-Skripsi\system\CodeIgniter.php(824): App\Controllers\Mahasiswa->tambah_pengajuan_judul()
#2 C:\Users\ACER\OneDrive\Dokumen\PKL\Sistem-Informasi-Skripsi\system\CodeIgniter.php(410): CodeIgniter\CodeIgniter->runController(Object(App\Controllers\Mahasiswa))
#3 C:\Users\ACER\OneDrive\Dokumen\PKL\Sistem-Informasi-Skripsi\system\CodeIgniter.php(318): CodeIgniter\CodeIgniter->handleRequest(NULL, Object(Config\Cache), false)
#4 C:\Users\ACER\OneDrive\Dokumen\PKL\Sistem-Informasi-Skripsi\public\index.php(37): CodeIgniter\CodeIgniter->run()
#5 C:\Users\ACER\OneDrive\Dokumen\PKL\Sistem-Informasi-Skripsi\system\Commands\Server\rewrite.php(43): require_once('C:\\Users\\ACER\\O...')
#6 {main}
CRITICAL - 2022-02-06 06:37:41 --> Undefined variable: skrip1
#0 C:\Users\ACER\OneDrive\Dokumen\PKL\Sistem-Informasi-Skripsi\app\Controllers\Mahasiswa.php(173): CodeIgniter\Debug\Exceptions->errorHandler(8, 'Undefined varia...', 'C:\\Users\\ACER\\O...', 173, Array)
#1 C:\Users\ACER\OneDrive\Dokumen\PKL\Sistem-Informasi-Skripsi\system\CodeIgniter.php(824): App\Controllers\Mahasiswa->tambah_pengajuan_judul()
#2 C:\Users\ACER\OneDrive\Dokumen\PKL\Sistem-Informasi-Skripsi\system\CodeIgniter.php(410): CodeIgniter\CodeIgniter->runController(Object(App\Controllers\Mahasiswa))
#3 C:\Users\ACER\OneDrive\Dokumen\PKL\Sistem-Informasi-Skripsi\system\CodeIgniter.php(318): CodeIgniter\CodeIgniter->handleRequest(NULL, Object(Config\Cache), false)
#4 C:\Users\ACER\OneDrive\Dokumen\PKL\Sistem-Informasi-Skripsi\public\index.php(37): CodeIgniter\CodeIgniter->run()
#5 C:\Users\ACER\OneDrive\Dokumen\PKL\Sistem-Informasi-Skripsi\system\Commands\Server\rewrite.php(43): require_once('C:\\Users\\ACER\\O...')
#6 {main}
ERROR - 2022-02-06 06:37:53 --> Operand should contain 1 column(s)
CRITICAL - 2022-02-06 06:37:53 --> Operand should contain 1 column(s)
#0 C:\Users\ACER\OneDrive\Dokumen\PKL\Sistem-Informasi-Skripsi\system\Database\MySQLi\Connection.php(292): mysqli->query('INSERT INTO `su...', 0)
#1 C:\Users\ACER\OneDrive\Dokumen\PKL\Sistem-Informasi-Skripsi\system\Database\BaseConnection.php(670): CodeIgniter\Database\MySQLi\Connection->execute('INSERT INTO `su...')
#2 C:\Users\ACER\OneDrive\Dokumen\PKL\Sistem-Informasi-Skripsi\system\Database\BaseConnection.php(598): CodeIgniter\Database\BaseConnection->simpleQuery('INSERT INTO `su...')
#3 C:\Users\ACER\OneDrive\Dokumen\PKL\Sistem-Informasi-Skripsi\system\Database\BaseBuilder.php(1759): CodeIgniter\Database\BaseConnection->query('INSERT INTO `su...', Array, false)
#4 C:\Users\ACER\OneDrive\Dokumen\PKL\Sistem-Informasi-Skripsi\system\Model.php(239): CodeIgniter\Database\BaseBuilder->insert()
#5 C:\Users\ACER\OneDrive\Dokumen\PKL\Sistem-Informasi-Skripsi\system\BaseModel.php(738): CodeIgniter\Model->doInsert(Array)
#6 C:\Users\ACER\OneDrive\Dokumen\PKL\Sistem-Informasi-Skripsi\system\Model.php(620): CodeIgniter\BaseModel->insert(Array, true)
#7 C:\Users\ACER\OneDrive\Dokumen\PKL\Sistem-Informasi-Skripsi\app\Controllers\Mahasiswa.php(197): CodeIgniter\Model->insert(Array)
#8 C:\Users\ACER\OneDrive\Dokumen\PKL\Sistem-Informasi-Skripsi\system\CodeIgniter.php(824): App\Controllers\Mahasiswa->tambah_pengajuan_judul()
#9 C:\Users\ACER\OneDrive\Dokumen\PKL\Sistem-Informasi-Skripsi\system\CodeIgniter.php(410): CodeIgniter\CodeIgniter->runController(Object(App\Controllers\Mahasiswa))
#10 C:\Users\ACER\OneDrive\Dokumen\PKL\Sistem-Informasi-Skripsi\system\CodeIgniter.php(318): CodeIgniter\CodeIgniter->handleRequest(NULL, Object(Config\Cache), false)
#11 C:\Users\ACER\OneDrive\Dokumen\PKL\Sistem-Informasi-Skripsi\public\index.php(37): CodeIgniter\CodeIgniter->run()
#12 C:\Users\ACER\OneDrive\Dokumen\PKL\Sistem-Informasi-Skripsi\system\Commands\Server\rewrite.php(43): require_once('C:\\Users\\ACER\\O...')
#13 {main}
ERROR - 2022-02-06 06:40:31 --> Operand should contain 1 column(s)
CRITICAL - 2022-02-06 06:40:31 --> Operand should contain 1 column(s)
#0 C:\Users\ACER\OneDrive\Dokumen\PKL\Sistem-Informasi-Skripsi\system\Database\MySQLi\Connection.php(292): mysqli->query('INSERT INTO `su...', 0)
#1 C:\Users\ACER\OneDrive\Dokumen\PKL\Sistem-Informasi-Skripsi\system\Database\BaseConnection.php(670): CodeIgniter\Database\MySQLi\Connection->execute('INSERT INTO `su...')
#2 C:\Users\ACER\OneDrive\Dokumen\PKL\Sistem-Informasi-Skripsi\system\Database\BaseConnection.php(598): CodeIgniter\Database\BaseConnection->simpleQuery('INSERT INTO `su...')
#3 C:\Users\ACER\OneDrive\Dokumen\PKL\Sistem-Informasi-Skripsi\system\Database\BaseBuilder.php(1759): CodeIgniter\Database\BaseConnection->query('INSERT INTO `su...', Array, false)
#4 C:\Users\ACER\OneDrive\Dokumen\PKL\Sistem-Informasi-Skripsi\system\Model.php(239): CodeIgniter\Database\BaseBuilder->insert()
#5 C:\Users\ACER\OneDrive\Dokumen\PKL\Sistem-Informasi-Skripsi\system\BaseModel.php(738): CodeIgniter\Model->doInsert(Array)
#6 C:\Users\ACER\OneDrive\Dokumen\PKL\Sistem-Informasi-Skripsi\system\Model.php(620): CodeIgniter\BaseModel->insert(Array, true)
#7 C:\Users\ACER\OneDrive\Dokumen\PKL\Sistem-Informasi-Skripsi\app\Controllers\Mahasiswa.php(197): CodeIgniter\Model->insert(Array)
#8 C:\Users\ACER\OneDrive\Dokumen\PKL\Sistem-Informasi-Skripsi\system\CodeIgniter.php(824): App\Controllers\Mahasiswa->tambah_pengajuan_judul()
#9 C:\Users\ACER\OneDrive\Dokumen\PKL\Sistem-Informasi-Skripsi\system\CodeIgniter.php(410): CodeIgniter\CodeIgniter->runController(Object(App\Controllers\Mahasiswa))
#10 C:\Users\ACER\OneDrive\Dokumen\PKL\Sistem-Informasi-Skripsi\system\CodeIgniter.php(318): CodeIgniter\CodeIgniter->handleRequest(NULL, Object(Config\Cache), false)
#11 C:\Users\ACER\OneDrive\Dokumen\PKL\Sistem-Informasi-Skripsi\public\index.php(37): CodeIgniter\CodeIgniter->run()
#12 C:\Users\ACER\OneDrive\Dokumen\PKL\Sistem-Informasi-Skripsi\system\Commands\Server\rewrite.php(43): require_once('C:\\Users\\ACER\\O...')
#13 {main}
ERROR - 2022-02-06 06:40:49 --> Operand should contain 1 column(s)
CRITICAL - 2022-02-06 06:40:49 --> Operand should contain 1 column(s)
#0 C:\Users\ACER\OneDrive\Dokumen\PKL\Sistem-Informasi-Skripsi\system\Database\MySQLi\Connection.php(292): mysqli->query('INSERT INTO `su...', 0)
#1 C:\Users\ACER\OneDrive\Dokumen\PKL\Sistem-Informasi-Skripsi\system\Database\BaseConnection.php(670): CodeIgniter\Database\MySQLi\Connection->execute('INSERT INTO `su...')
#2 C:\Users\ACER\OneDrive\Dokumen\PKL\Sistem-Informasi-Skripsi\system\Database\BaseConnection.php(598): CodeIgniter\Database\BaseConnection->simpleQuery('INSERT INTO `su...')
#3 C:\Users\ACER\OneDrive\Dokumen\PKL\Sistem-Informasi-Skripsi\system\Database\BaseBuilder.php(1759): CodeIgniter\Database\BaseConnection->query('INSERT INTO `su...', Array, false)
#4 C:\Users\ACER\OneDrive\Dokumen\PKL\Sistem-Informasi-Skripsi\system\Model.php(239): CodeIgniter\Database\BaseBuilder->insert()
#5 C:\Users\ACER\OneDrive\Dokumen\PKL\Sistem-Informasi-Skripsi\system\BaseModel.php(738): CodeIgniter\Model->doInsert(Array)
#6 C:\Users\ACER\OneDrive\Dokumen\PKL\Sistem-Informasi-Skripsi\system\Model.php(620): CodeIgniter\BaseModel->insert(Array, true)
#7 C:\Users\ACER\OneDrive\Dokumen\PKL\Sistem-Informasi-Skripsi\app\Controllers\Mahasiswa.php(197): CodeIgniter\Model->insert(Array)
#8 C:\Users\ACER\OneDrive\Dokumen\PKL\Sistem-Informasi-Skripsi\system\CodeIgniter.php(824): App\Controllers\Mahasiswa->tambah_pengajuan_judul()
#9 C:\Users\ACER\OneDrive\Dokumen\PKL\Sistem-Informasi-Skripsi\system\CodeIgniter.php(410): CodeIgniter\CodeIgniter->runController(Object(App\Controllers\Mahasiswa))
#10 C:\Users\ACER\OneDrive\Dokumen\PKL\Sistem-Informasi-Skripsi\system\CodeIgniter.php(318): CodeIgniter\CodeIgniter->handleRequest(NULL, Object(Config\Cache), false)
#11 C:\Users\ACER\OneDrive\Dokumen\PKL\Sistem-Informasi-Skripsi\public\index.php(37): CodeIgniter\CodeIgniter->run()
#12 C:\Users\ACER\OneDrive\Dokumen\PKL\Sistem-Informasi-Skripsi\system\Commands\Server\rewrite.php(43): require_once('C:\\Users\\ACER\\O...')
#13 {main}
CRITICAL - 2022-02-06 09:49:38 --> Undefined variable: skrips1
#0 C:\Users\ACER\OneDrive\Dokumen\PKL\Sistem-Informasi-Skripsi\app\Controllers\Mahasiswa.php(179): CodeIgniter\Debug\Exceptions->errorHandler(8, 'Undefined varia...', 'C:\\Users\\ACER\\O...', 179, Array)
#1 C:\Users\ACER\OneDrive\Dokumen\PKL\Sistem-Informasi-Skripsi\system\CodeIgniter.php(824): App\Controllers\Mahasiswa->tambah_pengajuan_judul()
#2 C:\Users\ACER\OneDrive\Dokumen\PKL\Sistem-Informasi-Skripsi\system\CodeIgniter.php(410): CodeIgniter\CodeIgniter->runController(Object(App\Controllers\Mahasiswa))
#3 C:\Users\ACER\OneDrive\Dokumen\PKL\Sistem-Informasi-Skripsi\system\CodeIgniter.php(318): CodeIgniter\CodeIgniter->handleRequest(NULL, Object(Config\Cache), false)
#4 C:\Users\ACER\OneDrive\Dokumen\PKL\Sistem-Informasi-Skripsi\public\index.php(37): CodeIgniter\CodeIgniter->run()
#5 C:\Users\ACER\OneDrive\Dokumen\PKL\Sistem-Informasi-Skripsi\system\Commands\Server\rewrite.php(43): require_once('C:\\Users\\ACER\\O...')
#6 {main}
CRITICAL - 2022-02-06 09:58:03 --> Undefined offset: 0
#0 C:\Users\ACER\OneDrive\Dokumen\PKL\Sistem-Informasi-Skripsi\app\Controllers\Cetakan.php(29): CodeIgniter\Debug\Exceptions->errorHandler(8, 'Undefined offse...', 'C:\\Users\\ACER\\O...', 29, Array)
#1 C:\Users\ACER\OneDrive\Dokumen\PKL\Sistem-Informasi-Skripsi\system\CodeIgniter.php(824): App\Controllers\Cetakan->surat_pengajuan_judul('1917051015')
#2 C:\Users\ACER\OneDrive\Dokumen\PKL\Sistem-Informasi-Skripsi\system\CodeIgniter.php(410): CodeIgniter\CodeIgniter->runController(Object(App\Controllers\Cetakan))
#3 C:\Users\ACER\OneDrive\Dokumen\PKL\Sistem-Informasi-Skripsi\system\CodeIgniter.php(318): CodeIgniter\CodeIgniter->handleRequest(NULL, Object(Config\Cache), false)
#4 C:\Users\ACER\OneDrive\Dokumen\PKL\Sistem-Informasi-Skripsi\public\index.php(37): CodeIgniter\CodeIgniter->run()
#5 C:\Users\ACER\OneDrive\Dokumen\PKL\Sistem-Informasi-Skripsi\system\Commands\Server\rewrite.php(43): require_once('C:\\Users\\ACER\\O...')
#6 {main}
CRITICAL - 2022-02-06 10:00:24 --> Undefined offset: 0
#0 C:\Users\ACER\OneDrive\Dokumen\PKL\Sistem-Informasi-Skripsi\app\Controllers\Cetakan.php(30): CodeIgniter\Debug\Exceptions->errorHandler(8, 'Undefined offse...', 'C:\\Users\\ACER\\O...', 30, Array)
#1 C:\Users\ACER\OneDrive\Dokumen\PKL\Sistem-Informasi-Skripsi\system\CodeIgniter.php(824): App\Controllers\Cetakan->surat_pengajuan_judul('1917051015')
#2 C:\Users\ACER\OneDrive\Dokumen\PKL\Sistem-Informasi-Skripsi\system\CodeIgniter.php(410): CodeIgniter\CodeIgniter->runController(Object(App\Controllers\Cetakan))
#3 C:\Users\ACER\OneDrive\Dokumen\PKL\Sistem-Informasi-Skripsi\system\CodeIgniter.php(318): CodeIgniter\CodeIgniter->handleRequest(NULL, Object(Config\Cache), false)
#4 C:\Users\ACER\OneDrive\Dokumen\PKL\Sistem-Informasi-Skripsi\public\index.php(37): CodeIgniter\CodeIgniter->run()
#5 C:\Users\ACER\OneDrive\Dokumen\PKL\Sistem-Informasi-Skripsi\system\Commands\Server\rewrite.php(43): require_once('C:\\Users\\ACER\\O...')
#6 {main}
CRITICAL - 2022-02-06 10:00:36 --> Undefined index: nomor
#0 C:\Users\ACER\OneDrive\Dokumen\PKL\Sistem-Informasi-Skripsi\app\Controllers\Cetakan.php(34): CodeIgniter\Debug\Exceptions->errorHandler(8, 'Undefined index...', 'C:\\Users\\ACER\\O...', 34, Array)
#1 C:\Users\ACER\OneDrive\Dokumen\PKL\Sistem-Informasi-Skripsi\system\CodeIgniter.php(824): App\Controllers\Cetakan->surat_pengajuan_judul('1917051015')
#2 C:\Users\ACER\OneDrive\Dokumen\PKL\Sistem-Informasi-Skripsi\system\CodeIgniter.php(410): CodeIgniter\CodeIgniter->runController(Object(App\Controllers\Cetakan))
#3 C:\Users\ACER\OneDrive\Dokumen\PKL\Sistem-Informasi-Skripsi\system\CodeIgniter.php(318): CodeIgniter\CodeIgniter->handleRequest(NULL, Object(Config\Cache), false)
#4 C:\Users\ACER\OneDrive\Dokumen\PKL\Sistem-Informasi-Skripsi\public\index.php(37): CodeIgniter\CodeIgniter->run()
#5 C:\Users\ACER\OneDrive\Dokumen\PKL\Sistem-Informasi-Skripsi\system\Commands\Server\rewrite.php(43): require_once('C:\\Users\\ACER\\O...')
#6 {main}
CRITICAL - 2022-02-06 10:00:58 --> Undefined variable: nomor
#0 C:\Users\ACER\OneDrive\Dokumen\PKL\Sistem-Informasi-Skripsi\app\Views\mpdf\doc_pengajual_judul.php(72): CodeIgniter\Debug\Exceptions->errorHandler(8, 'Undefined varia...', 'C:\\Users\\ACER\\O...', 72, Array)
#1 C:\Users\ACER\OneDrive\Dokumen\PKL\Sistem-Informasi-Skripsi\system\View\View.php(214): include('C:\\Users\\ACER\\O...')
#2 C:\Users\ACER\OneDrive\Dokumen\PKL\Sistem-Informasi-Skripsi\system\View\View.php(217): CodeIgniter\View\View->CodeIgniter\View\{closure}()
#3 C:\Users\ACER\OneDrive\Dokumen\PKL\Sistem-Informasi-Skripsi\system\Common.php(1097): CodeIgniter\View\View->render('mpdf/doc_pengaj...', Array, true)
#4 C:\Users\ACER\OneDrive\Dokumen\PKL\Sistem-Informasi-Skripsi\app\Controllers\Cetakan.php(39): view('mpdf/doc_pengaj...', Array)
#5 C:\Users\ACER\OneDrive\Dokumen\PKL\Sistem-Informasi-Skripsi\system\CodeIgniter.php(824): App\Controllers\Cetakan->surat_pengajuan_judul('1917051015')
#6 C:\Users\ACER\OneDrive\Dokumen\PKL\Sistem-Informasi-Skripsi\system\CodeIgniter.php(410): CodeIgniter\CodeIgniter->runController(Object(App\Controllers\Cetakan))
#7 C:\Users\ACER\OneDrive\Dokumen\PKL\Sistem-Informasi-Skripsi\system\CodeIgniter.php(318): CodeIgniter\CodeIgniter->handleRequest(NULL, Object(Config\Cache), false)
#8 C:\Users\ACER\OneDrive\Dokumen\PKL\Sistem-Informasi-Skripsi\public\index.php(37): CodeIgniter\CodeIgniter->run()
#9 C:\Users\ACER\OneDrive\Dokumen\PKL\Sistem-Informasi-Skripsi\system\Commands\Server\rewrite.php(43): require_once('C:\\Users\\ACER\\O...')
#10 {main}
CRITICAL - 2022-02-06 10:31:22 --> Undefined property: App\Controllers\Cetakan::$M_data_pengajuan_judul
#0 C:\Users\ACER\OneDrive\Dokumen\PKL\Sistem-Informasi-Skripsi\app\Controllers\Cetakan.php(45): CodeIgniter\Debug\Exceptions->errorHandler(8, 'Undefined prope...', 'C:\\Users\\ACER\\O...', 45, Array)
#1 C:\Users\ACER\OneDrive\Dokumen\PKL\Sistem-Informasi-Skripsi\system\CodeIgniter.php(824): App\Controllers\Cetakan->surat_pengajuan_jview('1917051015')
#2 C:\Users\ACER\OneDrive\Dokumen\PKL\Sistem-Informasi-Skripsi\system\CodeIgniter.php(410): CodeIgniter\CodeIgniter->runController(Object(App\Controllers\Cetakan))
#3 C:\Users\ACER\OneDrive\Dokumen\PKL\Sistem-Informasi-Skripsi\system\CodeIgniter.php(318): CodeIgniter\CodeIgniter->handleRequest(NULL, Object(Config\Cache), false)
#4 C:\Users\ACER\OneDrive\Dokumen\PKL\Sistem-Informasi-Skripsi\public\index.php(37): CodeIgniter\CodeIgniter->run()
#5 C:\Users\ACER\OneDrive\Dokumen\PKL\Sistem-Informasi-Skripsi\system\Commands\Server\rewrite.php(43): require_once('C:\\Users\\ACER\\O...')
#6 {main}
CRITICAL - 2022-02-06 11:14:11 --> There is no data to update.
#0 C:\Users\ACER\OneDrive\Dokumen\PKL\Sistem-Informasi-Skripsi\system\BaseModel.php(846): CodeIgniter\Database\Exceptions\DataException::forEmptyDataset('update')
#1 C:\Users\ACER\OneDrive\Dokumen\PKL\Sistem-Informasi-Skripsi\system\Model.php(646): CodeIgniter\BaseModel->update(Array, Array)
#2 C:\Users\ACER\OneDrive\Dokumen\PKL\Sistem-Informasi-Skripsi\app\Controllers\Admin.php(212): CodeIgniter\Model->update('1917051015', Array)
#3 C:\Users\ACER\OneDrive\Dokumen\PKL\Sistem-Informasi-Skripsi\system\CodeIgniter.php(824): App\Controllers\Admin->terima_judul('1917051015')
#4 C:\Users\ACER\OneDrive\Dokumen\PKL\Sistem-Informasi-Skripsi\system\CodeIgniter.php(410): CodeIgniter\CodeIgniter->runController(Object(App\Controllers\Admin))
#5 C:\Users\ACER\OneDrive\Dokumen\PKL\Sistem-Informasi-Skripsi\system\CodeIgniter.php(318): CodeIgniter\CodeIgniter->handleRequest(NULL, Object(Config\Cache), false)
#6 C:\Users\ACER\OneDrive\Dokumen\PKL\Sistem-Informasi-Skripsi\public\index.php(37): CodeIgniter\CodeIgniter->run()
#7 C:\Users\ACER\OneDrive\Dokumen\PKL\Sistem-Informasi-Skripsi\system\Commands\Server\rewrite.php(43): require_once('C:\\Users\\ACER\\O...')
#8 {main}
ERROR - 2022-02-06 11:17:07 --> Duplicate entry '1917051015' for key 'PRIMARY'
CRITICAL - 2022-02-06 11:17:07 --> Duplicate entry '1917051015' for key 'PRIMARY'
#0 C:\Users\ACER\OneDrive\Dokumen\PKL\Sistem-Informasi-Skripsi\system\Database\MySQLi\Connection.php(292): mysqli->query('INSERT INTO `da...', 0)
#1 C:\Users\ACER\OneDrive\Dokumen\PKL\Sistem-Informasi-Skripsi\system\Database\BaseConnection.php(670): CodeIgniter\Database\MySQLi\Connection->execute('INSERT INTO `da...')
#2 C:\Users\ACER\OneDrive\Dokumen\PKL\Sistem-Informasi-Skripsi\system\Database\BaseConnection.php(598): CodeIgniter\Database\BaseConnection->simpleQuery('INSERT INTO `da...')
#3 C:\Users\ACER\OneDrive\Dokumen\PKL\Sistem-Informasi-Skripsi\system\Database\BaseBuilder.php(1759): CodeIgniter\Database\BaseConnection->query('INSERT INTO `da...', Array, false)
#4 C:\Users\ACER\OneDrive\Dokumen\PKL\Sistem-Informasi-Skripsi\system\Model.php(239): CodeIgniter\Database\BaseBuilder->insert()
#5 C:\Users\ACER\OneDrive\Dokumen\PKL\Sistem-Informasi-Skripsi\system\BaseModel.php(738): CodeIgniter\Model->doInsert(Array)
#6 C:\Users\ACER\OneDrive\Dokumen\PKL\Sistem-Informasi-Skripsi\system\Model.php(620): CodeIgniter\BaseModel->insert(Array, true)
#7 C:\Users\ACER\OneDrive\Dokumen\PKL\Sistem-Informasi-Skripsi\app\Controllers\Admin.php(206): CodeIgniter\Model->insert(Array)
#8 C:\Users\ACER\OneDrive\Dokumen\PKL\Sistem-Informasi-Skripsi\system\CodeIgniter.php(824): App\Controllers\Admin->terima_judul('1917051015')
#9 C:\Users\ACER\OneDrive\Dokumen\PKL\Sistem-Informasi-Skripsi\system\CodeIgniter.php(410): CodeIgniter\CodeIgniter->runController(Object(App\Controllers\Admin))
#10 C:\Users\ACER\OneDrive\Dokumen\PKL\Sistem-Informasi-Skripsi\system\CodeIgniter.php(318): CodeIgniter\CodeIgniter->handleRequest(NULL, Object(Config\Cache), false)
#11 C:\Users\ACER\OneDrive\Dokumen\PKL\Sistem-Informasi-Skripsi\public\index.php(37): CodeIgniter\CodeIgniter->run()
#12 C:\Users\ACER\OneDrive\Dokumen\PKL\Sistem-Informasi-Skripsi\system\Commands\Server\rewrite.php(43): require_once('C:\\Users\\ACER\\O...')
#13 {main}
CRITICAL - 2022-02-06 11:17:42 --> There is no data to update.
#0 C:\Users\ACER\OneDrive\Dokumen\PKL\Sistem-Informasi-Skripsi\system\BaseModel.php(846): CodeIgniter\Database\Exceptions\DataException::forEmptyDataset('update')
#1 C:\Users\ACER\OneDrive\Dokumen\PKL\Sistem-Informasi-Skripsi\system\Model.php(646): CodeIgniter\BaseModel->update(Array, Array)
#2 C:\Users\ACER\OneDrive\Dokumen\PKL\Sistem-Informasi-Skripsi\app\Controllers\Admin.php(212): CodeIgniter\Model->update('1917051015', Array)
#3 C:\Users\ACER\OneDrive\Dokumen\PKL\Sistem-Informasi-Skripsi\system\CodeIgniter.php(824): App\Controllers\Admin->terima_judul('1917051015')
#4 C:\Users\ACER\OneDrive\Dokumen\PKL\Sistem-Informasi-Skripsi\system\CodeIgniter.php(410): CodeIgniter\CodeIgniter->runController(Object(App\Controllers\Admin))
#5 C:\Users\ACER\OneDrive\Dokumen\PKL\Sistem-Informasi-Skripsi\system\CodeIgniter.php(318): CodeIgniter\CodeIgniter->handleRequest(NULL, Object(Config\Cache), false)
#6 C:\Users\ACER\OneDrive\Dokumen\PKL\Sistem-Informasi-Skripsi\public\index.php(37): CodeIgniter\CodeIgniter->run()
#7 C:\Users\ACER\OneDrive\Dokumen\PKL\Sistem-Informasi-Skripsi\system\Commands\Server\rewrite.php(43): require_once('C:\\Users\\ACER\\O...')
#8 {main}
ERROR - 2022-02-06 11:21:23 --> Unknown column 'judul1' in 'field list'
CRITICAL - 2022-02-06 11:21:23 --> Unknown column 'judul1' in 'field list'
#0 C:\Users\ACER\OneDrive\Dokumen\PKL\Sistem-Informasi-Skripsi\system\Database\MySQLi\Connection.php(292): mysqli->query('INSERT INTO `su...', 0)
#1 C:\Users\ACER\OneDrive\Dokumen\PKL\Sistem-Informasi-Skripsi\system\Database\BaseConnection.php(670): CodeIgniter\Database\MySQLi\Connection->execute('INSERT INTO `su...')
#2 C:\Users\ACER\OneDrive\Dokumen\PKL\Sistem-Informasi-Skripsi\system\Database\BaseConnection.php(598): CodeIgniter\Database\BaseConnection->simpleQuery('INSERT INTO `su...')
#3 C:\Users\ACER\OneDrive\Dokumen\PKL\Sistem-Informasi-Skripsi\system\Database\BaseBuilder.php(1759): CodeIgniter\Database\BaseConnection->query('INSERT INTO `su...', Array, false)
#4 C:\Users\ACER\OneDrive\Dokumen\PKL\Sistem-Informasi-Skripsi\system\Model.php(239): CodeIgniter\Database\BaseBuilder->insert()
#5 C:\Users\ACER\OneDrive\Dokumen\PKL\Sistem-Informasi-Skripsi\system\BaseModel.php(738): CodeIgniter\Model->doInsert(Array)
#6 C:\Users\ACER\OneDrive\Dokumen\PKL\Sistem-Informasi-Skripsi\system\Model.php(620): CodeIgniter\BaseModel->insert(Array, true)
#7 C:\Users\ACER\OneDrive\Dokumen\PKL\Sistem-Informasi-Skripsi\app\Controllers\Mahasiswa.php(199): CodeIgniter\Model->insert(Array)
#8 C:\Users\ACER\OneDrive\Dokumen\PKL\Sistem-Informasi-Skripsi\system\CodeIgniter.php(824): App\Controllers\Mahasiswa->tambah_pengajuan_judul()
#9 C:\Users\ACER\OneDrive\Dokumen\PKL\Sistem-Informasi-Skripsi\system\CodeIgniter.php(410): CodeIgniter\CodeIgniter->runController(Object(App\Controllers\Mahasiswa))
#10 C:\Users\ACER\OneDrive\Dokumen\PKL\Sistem-Informasi-Skripsi\system\CodeIgniter.php(318): CodeIgniter\CodeIgniter->handleRequest(NULL, Object(Config\Cache), false)
#11 C:\Users\ACER\OneDrive\Dokumen\PKL\Sistem-Informasi-Skripsi\public\index.php(37): CodeIgniter\CodeIgniter->run()
#12 C:\Users\ACER\OneDrive\Dokumen\PKL\Sistem-Informasi-Skripsi\system\Commands\Server\rewrite.php(43): require_once('C:\\Users\\ACER\\O...')
#13 {main}
ERROR - 2022-02-06 11:22:56 --> Duplicate entry '1917051015' for key 'PRIMARY'
CRITICAL - 2022-02-06 11:22:56 --> Duplicate entry '1917051015' for key 'PRIMARY'
#0 C:\Users\ACER\OneDrive\Dokumen\PKL\Sistem-Informasi-Skripsi\system\Database\MySQLi\Connection.php(292): mysqli->query('INSERT INTO `da...', 0)
#1 C:\Users\ACER\OneDrive\Dokumen\PKL\Sistem-Informasi-Skripsi\system\Database\BaseConnection.php(670): CodeIgniter\Database\MySQLi\Connection->execute('INSERT INTO `da...')
#2 C:\Users\ACER\OneDrive\Dokumen\PKL\Sistem-Informasi-Skripsi\system\Database\BaseConnection.php(598): CodeIgniter\Database\BaseConnection->simpleQuery('INSERT INTO `da...')
#3 C:\Users\ACER\OneDrive\Dokumen\PKL\Sistem-Informasi-Skripsi\system\Database\BaseBuilder.php(1759): CodeIgniter\Database\BaseConnection->query('INSERT INTO `da...', Array, false)
#4 C:\Users\ACER\OneDrive\Dokumen\PKL\Sistem-Informasi-Skripsi\system\Model.php(239): CodeIgniter\Database\BaseBuilder->insert()
#5 C:\Users\ACER\OneDrive\Dokumen\PKL\Sistem-Informasi-Skripsi\system\BaseModel.php(738): CodeIgniter\Model->doInsert(Array)
#6 C:\Users\ACER\OneDrive\Dokumen\PKL\Sistem-Informasi-Skripsi\system\Model.php(620): CodeIgniter\BaseModel->insert(Array, true)
#7 C:\Users\ACER\OneDrive\Dokumen\PKL\Sistem-Informasi-Skripsi\app\Controllers\Mahasiswa.php(198): CodeIgniter\Model->insert(Array)
#8 C:\Users\ACER\OneDrive\Dokumen\PKL\Sistem-Informasi-Skripsi\system\CodeIgniter.php(824): App\Controllers\Mahasiswa->tambah_pengajuan_judul()
#9 C:\Users\ACER\OneDrive\Dokumen\PKL\Sistem-Informasi-Skripsi\system\CodeIgniter.php(410): CodeIgniter\CodeIgniter->runController(Object(App\Controllers\Mahasiswa))
#10 C:\Users\ACER\OneDrive\Dokumen\PKL\Sistem-Informasi-Skripsi\system\CodeIgniter.php(318): CodeIgniter\CodeIgniter->handleRequest(NULL, Object(Config\Cache), false)
#11 C:\Users\ACER\OneDrive\Dokumen\PKL\Sistem-Informasi-Skripsi\public\index.php(37): CodeIgniter\CodeIgniter->run()
#12 C:\Users\ACER\OneDrive\Dokumen\PKL\Sistem-Informasi-Skripsi\system\Commands\Server\rewrite.php(43): require_once('C:\\Users\\ACER\\O...')
#13 {main}
ERROR - 2022-02-06 11:23:29 --> Unknown column 'judul1' in 'field list'
CRITICAL - 2022-02-06 11:23:29 --> Unknown column 'judul1' in 'field list'
#0 C:\Users\ACER\OneDrive\Dokumen\PKL\Sistem-Informasi-Skripsi\system\Database\MySQLi\Connection.php(292): mysqli->query('INSERT INTO `su...', 0)
#1 C:\Users\ACER\OneDrive\Dokumen\PKL\Sistem-Informasi-Skripsi\system\Database\BaseConnection.php(670): CodeIgniter\Database\MySQLi\Connection->execute('INSERT INTO `su...')
#2 C:\Users\ACER\OneDrive\Dokumen\PKL\Sistem-Informasi-Skripsi\system\Database\BaseConnection.php(598): CodeIgniter\Database\BaseConnection->simpleQuery('INSERT INTO `su...')
#3 C:\Users\ACER\OneDrive\Dokumen\PKL\Sistem-Informasi-Skripsi\system\Database\BaseBuilder.php(1759): CodeIgniter\Database\BaseConnection->query('INSERT INTO `su...', Array, false)
#4 C:\Users\ACER\OneDrive\Dokumen\PKL\Sistem-Informasi-Skripsi\system\Model.php(239): CodeIgniter\Database\BaseBuilder->insert()
#5 C:\Users\ACER\OneDrive\Dokumen\PKL\Sistem-Informasi-Skripsi\system\BaseModel.php(738): CodeIgniter\Model->doInsert(Array)
#6 C:\Users\ACER\OneDrive\Dokumen\PKL\Sistem-Informasi-Skripsi\system\Model.php(620): CodeIgniter\BaseModel->insert(Array, true)
#7 C:\Users\ACER\OneDrive\Dokumen\PKL\Sistem-Informasi-Skripsi\app\Controllers\Mahasiswa.php(199): CodeIgniter\Model->insert(Array)
#8 C:\Users\ACER\OneDrive\Dokumen\PKL\Sistem-Informasi-Skripsi\system\CodeIgniter.php(824): App\Controllers\Mahasiswa->tambah_pengajuan_judul()
#9 C:\Users\ACER\OneDrive\Dokumen\PKL\Sistem-Informasi-Skripsi\system\CodeIgniter.php(410): CodeIgniter\CodeIgniter->runController(Object(App\Controllers\Mahasiswa))
#10 C:\Users\ACER\OneDrive\Dokumen\PKL\Sistem-Informasi-Skripsi\system\CodeIgniter.php(318): CodeIgniter\CodeIgniter->handleRequest(NULL, Object(Config\Cache), false)
#11 C:\Users\ACER\OneDrive\Dokumen\PKL\Sistem-Informasi-Skripsi\public\index.php(37): CodeIgniter\CodeIgniter->run()
#12 C:\Users\ACER\OneDrive\Dokumen\PKL\Sistem-Informasi-Skripsi\system\Commands\Server\rewrite.php(43): require_once('C:\\Users\\ACER\\O...')
#13 {main}
CRITICAL - 2022-02-06 11:27:46 --> There is no data to update.
#0 C:\Users\ACER\OneDrive\Dokumen\PKL\Sistem-Informasi-Skripsi\system\BaseModel.php(846): CodeIgniter\Database\Exceptions\DataException::forEmptyDataset('update')
#1 C:\Users\ACER\OneDrive\Dokumen\PKL\Sistem-Informasi-Skripsi\system\Model.php(646): CodeIgniter\BaseModel->update(Array, Array)
#2 C:\Users\ACER\OneDrive\Dokumen\PKL\Sistem-Informasi-Skripsi\app\Controllers\Admin.php(202): CodeIgniter\Model->update('1917051015', Array)
#3 C:\Users\ACER\OneDrive\Dokumen\PKL\Sistem-Informasi-Skripsi\system\CodeIgniter.php(824): App\Controllers\Admin->terima_judul('1917051015')
#4 C:\Users\ACER\OneDrive\Dokumen\PKL\Sistem-Informasi-Skripsi\system\CodeIgniter.php(410): CodeIgniter\CodeIgniter->runController(Object(App\Controllers\Admin))
#5 C:\Users\ACER\OneDrive\Dokumen\PKL\Sistem-Informasi-Skripsi\system\CodeIgniter.php(318): CodeIgniter\CodeIgniter->handleRequest(NULL, Object(Config\Cache), false)
#6 C:\Users\ACER\OneDrive\Dokumen\PKL\Sistem-Informasi-Skripsi\public\index.php(37): CodeIgniter\CodeIgniter->run()
#7 C:\Users\ACER\OneDrive\Dokumen\PKL\Sistem-Informasi-Skripsi\system\Commands\Server\rewrite.php(43): require_once('C:\\Users\\ACER\\O...')
#8 {main}
CRITICAL - 2022-02-06 11:33:34 --> There is no data to update.
#0 C:\Users\ACER\OneDrive\Dokumen\PKL\Sistem-Informasi-Skripsi\system\BaseModel.php(1574): CodeIgniter\Database\Exceptions\DataException::forEmptyDataset('update')
#1 C:\Users\ACER\OneDrive\Dokumen\PKL\Sistem-Informasi-Skripsi\system\BaseModel.php(832): CodeIgniter\BaseModel->transformDataToArray(NULL, 'update')
#2 C:\Users\ACER\OneDrive\Dokumen\PKL\Sistem-Informasi-Skripsi\system\Model.php(646): CodeIgniter\BaseModel->update(Array, NULL)
#3 C:\Users\ACER\OneDrive\Dokumen\PKL\Sistem-Informasi-Skripsi\app\Controllers\Admin.php(202): CodeIgniter\Model->update(Array)
#4 C:\Users\ACER\OneDrive\Dokumen\PKL\Sistem-Informasi-Skripsi\system\CodeIgniter.php(824): App\Controllers\Admin->terima_judul('1917051015')
#5 C:\Users\ACER\OneDrive\Dokumen\PKL\Sistem-Informasi-Skripsi\system\CodeIgniter.php(410): CodeIgniter\CodeIgniter->runController(Object(App\Controllers\Admin))
#6 C:\Users\ACER\OneDrive\Dokumen\PKL\Sistem-Informasi-Skripsi\system\CodeIgniter.php(318): CodeIgniter\CodeIgniter->handleRequest(NULL, Object(Config\Cache), false)
#7 C:\Users\ACER\OneDrive\Dokumen\PKL\Sistem-Informasi-Skripsi\public\index.php(37): CodeIgniter\CodeIgniter->run()
#8 C:\Users\ACER\OneDrive\Dokumen\PKL\Sistem-Informasi-Skripsi\system\Commands\Server\rewrite.php(43): require_once('C:\\Users\\ACER\\O...')
#9 {main}
CRITICAL - 2022-02-06 11:45:38 --> Argument 2 passed to view() must be of the type array, null given, called in C:\Users\ACER\OneDrive\Dokumen\PKL\Sistem-Informasi-Skripsi\app\Controllers\Cetakan.php on line 68
#0 C:\Users\ACER\OneDrive\Dokumen\PKL\Sistem-Informasi-Skripsi\app\Controllers\Cetakan.php(68): view('mpdf/doc_pengaj...', NULL)
#1 C:\Users\ACER\OneDrive\Dokumen\PKL\Sistem-Informasi-Skripsi\system\CodeIgniter.php(824): App\Controllers\Cetakan->surat_pengajuan_usul('1917051015')
#2 C:\Users\ACER\OneDrive\Dokumen\PKL\Sistem-Informasi-Skripsi\system\CodeIgniter.php(410): CodeIgniter\CodeIgniter->runController(Object(App\Controllers\Cetakan))
#3 C:\Users\ACER\OneDrive\Dokumen\PKL\Sistem-Informasi-Skripsi\system\CodeIgniter.php(318): CodeIgniter\CodeIgniter->handleRequest(NULL, Object(Config\Cache), false)
#4 C:\Users\ACER\OneDrive\Dokumen\PKL\Sistem-Informasi-Skripsi\public\index.php(37): CodeIgniter\CodeIgniter->run()
#5 C:\Users\ACER\OneDrive\Dokumen\PKL\Sistem-Informasi-Skripsi\system\Commands\Server\rewrite.php(43): require_once('C:\\Users\\ACER\\O...')
#6 {main}
CRITICAL - 2022-02-06 11:46:53 --> Undefined index: judul1_isi
#0 C:\Users\ACER\OneDrive\Dokumen\PKL\Sistem-Informasi-Skripsi\app\Controllers\Cetakan.php(35): CodeIgniter\Debug\Exceptions->errorHandler(8, 'Undefined index...', 'C:\\Users\\ACER\\O...', 35, Array)
#1 C:\Users\ACER\OneDrive\Dokumen\PKL\Sistem-Informasi-Skripsi\system\CodeIgniter.php(824): App\Controllers\Cetakan->surat_pengajuan_judul('1917051015')
#2 C:\Users\ACER\OneDrive\Dokumen\PKL\Sistem-Informasi-Skripsi\system\CodeIgniter.php(410): CodeIgniter\CodeIgniter->runController(Object(App\Controllers\Cetakan))
#3 C:\Users\ACER\OneDrive\Dokumen\PKL\Sistem-Informasi-Skripsi\system\CodeIgniter.php(318): CodeIgniter\CodeIgniter->handleRequest(NULL, Object(Config\Cache), false)
#4 C:\Users\ACER\OneDrive\Dokumen\PKL\Sistem-Informasi-Skripsi\public\index.php(37): CodeIgniter\CodeIgniter->run()
#5 C:\Users\ACER\OneDrive\Dokumen\PKL\Sistem-Informasi-Skripsi\system\Commands\Server\rewrite.php(43): require_once('C:\\Users\\ACER\\O...')
#6 {main}
CRITICAL - 2022-02-06 21:19:51 --> syntax error, unexpected ''hasil'' (T_CONSTANT_ENCAPSED_STRING), expecting ']'
#0 C:\Users\ACER\OneDrive\Dokumen\PKL\Sistem-Informasi-Skripsi\system\Autoloader\Autoloader.php(241): CodeIgniter\Autoloader\Autoloader->includeFile('C:\\Users\\ACER\\O...')
#1 C:\Users\ACER\OneDrive\Dokumen\PKL\Sistem-Informasi-Skripsi\system\Autoloader\Autoloader.php(219): CodeIgniter\Autoloader\Autoloader->loadInNamespace('App\\Controllers...')
#2 [internal function]: CodeIgniter\Autoloader\Autoloader->loadClass('App\\Controllers...')
#3 [internal function]: spl_autoload_call('App\\Controllers...')
#4 C:\Users\ACER\OneDrive\Dokumen\PKL\Sistem-Informasi-Skripsi\system\CodeIgniter.php(789): class_exists('\\App\\Controller...', true)
#5 C:\Users\ACER\OneDrive\Dokumen\PKL\Sistem-Informasi-Skripsi\system\CodeIgniter.php(397): CodeIgniter\CodeIgniter->startController()
#6 C:\Users\ACER\OneDrive\Dokumen\PKL\Sistem-Informasi-Skripsi\system\CodeIgniter.php(318): CodeIgniter\CodeIgniter->handleRequest(NULL, Object(Config\Cache), false)
#7 C:\Users\ACER\OneDrive\Dokumen\PKL\Sistem-Informasi-Skripsi\public\index.php(37): CodeIgniter\CodeIgniter->run()
#8 C:\Users\ACER\OneDrive\Dokumen\PKL\Sistem-Informasi-Skripsi\system\Commands\Server\rewrite.php(43): require_once('C:\\Users\\ACER\\O...')
#9 {main}
ERROR - 2022-02-06 21:57:41 --> Duplicate entry 'haritanu' for key 'PRIMARY'
CRITICAL - 2022-02-06 21:57:41 --> Duplicate entry 'haritanu' for key 'PRIMARY'
#0 C:\Users\ACER\OneDrive\Dokumen\PKL\Sistem-Informasi-Skripsi\system\Database\MySQLi\Connection.php(292): mysqli->query('INSERT INTO `ak...', 0)
#1 C:\Users\ACER\OneDrive\Dokumen\PKL\Sistem-Informasi-Skripsi\system\Database\BaseConnection.php(670): CodeIgniter\Database\MySQLi\Connection->execute('INSERT INTO `ak...')
#2 C:\Users\ACER\OneDrive\Dokumen\PKL\Sistem-Informasi-Skripsi\system\Database\BaseConnection.php(598): CodeIgniter\Database\BaseConnection->simpleQuery('INSERT INTO `ak...')
#3 C:\Users\ACER\OneDrive\Dokumen\PKL\Sistem-Informasi-Skripsi\system\Database\BaseBuilder.php(1759): CodeIgniter\Database\BaseConnection->query('INSERT INTO `ak...', Array, false)
#4 C:\Users\ACER\OneDrive\Dokumen\PKL\Sistem-Informasi-Skripsi\system\Model.php(239): CodeIgniter\Database\BaseBuilder->insert()
#5 C:\Users\ACER\OneDrive\Dokumen\PKL\Sistem-Informasi-Skripsi\system\BaseModel.php(738): CodeIgniter\Model->doInsert(Array)
#6 C:\Users\ACER\OneDrive\Dokumen\PKL\Sistem-Informasi-Skripsi\system\Model.php(620): CodeIgniter\BaseModel->insert(Array, true)
#7 C:\Users\ACER\OneDrive\Dokumen\PKL\Sistem-Informasi-Skripsi\app\Controllers\Admin.php(380): CodeIgniter\Model->insert(Array)
#8 C:\Users\ACER\OneDrive\Dokumen\PKL\Sistem-Informasi-Skripsi\system\CodeIgniter.php(824): App\Controllers\Admin->add_akun_dosen()
#9 C:\Users\ACER\OneDrive\Dokumen\PKL\Sistem-Informasi-Skripsi\system\CodeIgniter.php(410): CodeIgniter\CodeIgniter->runController(Object(App\Controllers\Admin))
#10 C:\Users\ACER\OneDrive\Dokumen\PKL\Sistem-Informasi-Skripsi\system\CodeIgniter.php(318): CodeIgniter\CodeIgniter->handleRequest(NULL, Object(Config\Cache), false)
#11 C:\Users\ACER\OneDrive\Dokumen\PKL\Sistem-Informasi-Skripsi\public\index.php(37): CodeIgniter\CodeIgniter->run()
#12 C:\Users\ACER\OneDrive\Dokumen\PKL\Sistem-Informasi-Skripsi\system\Commands\Server\rewrite.php(43): require_once('C:\\Users\\ACER\\O...')
#13 {main}
