CRITICAL - 2022-01-19 04:56:58 --> Attempt to read property "npm" on array
#0 C:\Users\User\KULIAH\PKL\Sistem-Informasi-Skripsi\app\Views\r_mahasiswa\profil_mahasiswa.php(4): CodeIgniter\Debug\Exceptions->errorHandler(2, 'Attempt to read...', 'C:\\Users\\User\\K...', 4)
#1 C:\Users\User\KULIAH\PKL\Sistem-Informasi-Skripsi\system\View\View.php(214): include('C:\\Users\\User\\K...')
#2 C:\Users\User\KULIAH\PKL\Sistem-Informasi-Skripsi\system\View\View.php(217): CodeIgniter\View\View->CodeIgniter\View\{closure}()
#3 C:\Users\User\KULIAH\PKL\Sistem-Informasi-Skripsi\system\Common.php(1097): CodeIgniter\View\View->render('r_mahasiswa/pro...', Array, true)
#4 C:\Users\User\KULIAH\PKL\Sistem-Informasi-Skripsi\app\Controllers\Mahasiswa.php(38): view('r_mahasiswa/pro...', Array)
#5 C:\Users\User\KULIAH\PKL\Sistem-Informasi-Skripsi\system\CodeIgniter.php(824): App\Controllers\Mahasiswa->profil()
#6 C:\Users\User\KULIAH\PKL\Sistem-Informasi-Skripsi\system\CodeIgniter.php(410): CodeIgniter\CodeIgniter->runController(Object(App\Controllers\Mahasiswa))
#7 C:\Users\User\KULIAH\PKL\Sistem-Informasi-Skripsi\system\CodeIgniter.php(318): CodeIgniter\CodeIgniter->handleRequest(NULL, Object(Config\Cache), false)
#8 C:\Users\User\KULIAH\PKL\Sistem-Informasi-Skripsi\public\index.php(37): CodeIgniter\CodeIgniter->run()
#9 C:\Users\User\KULIAH\PKL\Sistem-Informasi-Skripsi\system\Commands\Server\rewrite.php(43): require_once('C:\\Users\\User\\K...')
#10 {main}
CRITICAL - 2022-01-19 04:58:17 --> Attempt to read property "npm" on array
#0 C:\Users\User\KULIAH\PKL\Sistem-Informasi-Skripsi\app\Views\r_mahasiswa\profil_mahasiswa.php(4): CodeIgniter\Debug\Exceptions->errorHandler(2, 'Attempt to read...', 'C:\\Users\\User\\K...', 4)
#1 C:\Users\User\KULIAH\PKL\Sistem-Informasi-Skripsi\system\View\View.php(214): include('C:\\Users\\User\\K...')
#2 C:\Users\User\KULIAH\PKL\Sistem-Informasi-Skripsi\system\View\View.php(217): CodeIgniter\View\View->CodeIgniter\View\{closure}()
#3 C:\Users\User\KULIAH\PKL\Sistem-Informasi-Skripsi\system\Common.php(1097): CodeIgniter\View\View->render('r_mahasiswa/pro...', Array, true)
#4 C:\Users\User\KULIAH\PKL\Sistem-Informasi-Skripsi\app\Controllers\Mahasiswa.php(38): view('r_mahasiswa/pro...', Array)
#5 C:\Users\User\KULIAH\PKL\Sistem-Informasi-Skripsi\system\CodeIgniter.php(824): App\Controllers\Mahasiswa->profil()
#6 C:\Users\User\KULIAH\PKL\Sistem-Informasi-Skripsi\system\CodeIgniter.php(410): CodeIgniter\CodeIgniter->runController(Object(App\Controllers\Mahasiswa))
#7 C:\Users\User\KULIAH\PKL\Sistem-Informasi-Skripsi\system\CodeIgniter.php(318): CodeIgniter\CodeIgniter->handleRequest(NULL, Object(Config\Cache), false)
#8 C:\Users\User\KULIAH\PKL\Sistem-Informasi-Skripsi\public\index.php(37): CodeIgniter\CodeIgniter->run()
#9 C:\Users\User\KULIAH\PKL\Sistem-Informasi-Skripsi\system\Commands\Server\rewrite.php(43): require_once('C:\\Users\\User\\K...')
#10 {main}
CRITICAL - 2022-01-19 04:59:14 --> Attempt to read property "npm" on array
#0 C:\Users\User\KULIAH\PKL\Sistem-Informasi-Skripsi\app\Views\r_mahasiswa\edit_profil_mahasiswa.php(9): CodeIgniter\Debug\Exceptions->errorHandler(2, 'Attempt to read...', 'C:\\Users\\User\\K...', 9)
#1 C:\Users\User\KULIAH\PKL\Sistem-Informasi-Skripsi\system\View\View.php(214): include('C:\\Users\\User\\K...')
#2 C:\Users\User\KULIAH\PKL\Sistem-Informasi-Skripsi\system\View\View.php(217): CodeIgniter\View\View->CodeIgniter\View\{closure}()
#3 C:\Users\User\KULIAH\PKL\Sistem-Informasi-Skripsi\system\Common.php(1097): CodeIgniter\View\View->render('r_mahasiswa/edi...', Array, true)
#4 C:\Users\User\KULIAH\PKL\Sistem-Informasi-Skripsi\app\Controllers\Mahasiswa.php(50): view('r_mahasiswa/edi...', Array)
#5 C:\Users\User\KULIAH\PKL\Sistem-Informasi-Skripsi\system\CodeIgniter.php(824): App\Controllers\Mahasiswa->form_edit_profil()
#6 C:\Users\User\KULIAH\PKL\Sistem-Informasi-Skripsi\system\CodeIgniter.php(410): CodeIgniter\CodeIgniter->runController(Object(App\Controllers\Mahasiswa))
#7 C:\Users\User\KULIAH\PKL\Sistem-Informasi-Skripsi\system\CodeIgniter.php(318): CodeIgniter\CodeIgniter->handleRequest(NULL, Object(Config\Cache), false)
#8 C:\Users\User\KULIAH\PKL\Sistem-Informasi-Skripsi\public\index.php(37): CodeIgniter\CodeIgniter->run()
#9 C:\Users\User\KULIAH\PKL\Sistem-Informasi-Skripsi\system\Commands\Server\rewrite.php(43): require_once('C:\\Users\\User\\K...')
#10 {main}
CRITICAL - 2022-01-19 05:01:26 --> Attempt to read property "npm" on array
#0 C:\Users\User\KULIAH\PKL\Sistem-Informasi-Skripsi\app\Views\r_mahasiswa\edit_profil_mahasiswa.php(9): CodeIgniter\Debug\Exceptions->errorHandler(2, 'Attempt to read...', 'C:\\Users\\User\\K...', 9)
#1 C:\Users\User\KULIAH\PKL\Sistem-Informasi-Skripsi\system\View\View.php(214): include('C:\\Users\\User\\K...')
#2 C:\Users\User\KULIAH\PKL\Sistem-Informasi-Skripsi\system\View\View.php(217): CodeIgniter\View\View->CodeIgniter\View\{closure}()
#3 C:\Users\User\KULIAH\PKL\Sistem-Informasi-Skripsi\system\Common.php(1097): CodeIgniter\View\View->render('r_mahasiswa/edi...', Array, true)
#4 C:\Users\User\KULIAH\PKL\Sistem-Informasi-Skripsi\app\Controllers\Mahasiswa.php(50): view('r_mahasiswa/edi...', Array)
#5 C:\Users\User\KULIAH\PKL\Sistem-Informasi-Skripsi\system\CodeIgniter.php(824): App\Controllers\Mahasiswa->form_edit_profil()
#6 C:\Users\User\KULIAH\PKL\Sistem-Informasi-Skripsi\system\CodeIgniter.php(410): CodeIgniter\CodeIgniter->runController(Object(App\Controllers\Mahasiswa))
#7 C:\Users\User\KULIAH\PKL\Sistem-Informasi-Skripsi\system\CodeIgniter.php(318): CodeIgniter\CodeIgniter->handleRequest(NULL, Object(Config\Cache), false)
#8 C:\Users\User\KULIAH\PKL\Sistem-Informasi-Skripsi\public\index.php(37): CodeIgniter\CodeIgniter->run()
#9 C:\Users\User\KULIAH\PKL\Sistem-Informasi-Skripsi\system\Commands\Server\rewrite.php(43): require_once('C:\\Users\\User\\K...')
#10 {main}
CRITICAL - 2022-01-19 05:11:13 --> Undefined array key "npm"
#0 C:\Users\User\KULIAH\PKL\Sistem-Informasi-Skripsi\app\Views\r_dosen\data_skripsi.php(22): CodeIgniter\Debug\Exceptions->errorHandler(2, 'Undefined array...', 'C:\\Users\\User\\K...', 22)
#1 C:\Users\User\KULIAH\PKL\Sistem-Informasi-Skripsi\system\View\View.php(214): include('C:\\Users\\User\\K...')
#2 C:\Users\User\KULIAH\PKL\Sistem-Informasi-Skripsi\system\View\View.php(217): CodeIgniter\View\View->CodeIgniter\View\{closure}()
#3 C:\Users\User\KULIAH\PKL\Sistem-Informasi-Skripsi\system\Common.php(1097): CodeIgniter\View\View->render('r_dosen/data_sk...', Array, true)
#4 C:\Users\User\KULIAH\PKL\Sistem-Informasi-Skripsi\app\Controllers\Dosen.php(62): view('r_dosen/data_sk...', Array)
#5 C:\Users\User\KULIAH\PKL\Sistem-Informasi-Skripsi\system\CodeIgniter.php(824): App\Controllers\Dosen->data_skripsi()
#6 C:\Users\User\KULIAH\PKL\Sistem-Informasi-Skripsi\system\CodeIgniter.php(410): CodeIgniter\CodeIgniter->runController(Object(App\Controllers\Dosen))
#7 C:\Users\User\KULIAH\PKL\Sistem-Informasi-Skripsi\system\CodeIgniter.php(318): CodeIgniter\CodeIgniter->handleRequest(NULL, Object(Config\Cache), false)
#8 C:\Users\User\KULIAH\PKL\Sistem-Informasi-Skripsi\public\index.php(37): CodeIgniter\CodeIgniter->run()
#9 C:\Users\User\KULIAH\PKL\Sistem-Informasi-Skripsi\system\Commands\Server\rewrite.php(43): require_once('C:\\Users\\User\\K...')
#10 {main}
CRITICAL - 2022-01-19 05:12:34 --> Attempt to read property "npm" on array
#0 C:\Users\User\KULIAH\PKL\Sistem-Informasi-Skripsi\app\Views\r_dosen\data_skripsi.php(22): CodeIgniter\Debug\Exceptions->errorHandler(2, 'Attempt to read...', 'C:\\Users\\User\\K...', 22)
#1 C:\Users\User\KULIAH\PKL\Sistem-Informasi-Skripsi\system\View\View.php(214): include('C:\\Users\\User\\K...')
#2 C:\Users\User\KULIAH\PKL\Sistem-Informasi-Skripsi\system\View\View.php(217): CodeIgniter\View\View->CodeIgniter\View\{closure}()
#3 C:\Users\User\KULIAH\PKL\Sistem-Informasi-Skripsi\system\Common.php(1097): CodeIgniter\View\View->render('r_dosen/data_sk...', Array, true)
#4 C:\Users\User\KULIAH\PKL\Sistem-Informasi-Skripsi\app\Controllers\Dosen.php(62): view('r_dosen/data_sk...', Array)
#5 C:\Users\User\KULIAH\PKL\Sistem-Informasi-Skripsi\system\CodeIgniter.php(824): App\Controllers\Dosen->data_skripsi()
#6 C:\Users\User\KULIAH\PKL\Sistem-Informasi-Skripsi\system\CodeIgniter.php(410): CodeIgniter\CodeIgniter->runController(Object(App\Controllers\Dosen))
#7 C:\Users\User\KULIAH\PKL\Sistem-Informasi-Skripsi\system\CodeIgniter.php(318): CodeIgniter\CodeIgniter->handleRequest(NULL, Object(Config\Cache), false)
#8 C:\Users\User\KULIAH\PKL\Sistem-Informasi-Skripsi\public\index.php(37): CodeIgniter\CodeIgniter->run()
#9 C:\Users\User\KULIAH\PKL\Sistem-Informasi-Skripsi\system\Commands\Server\rewrite.php(43): require_once('C:\\Users\\User\\K...')
#10 {main}
CRITICAL - 2022-01-19 05:28:36 --> Invalid file: r_dosen/data_skripsi.php
#0 C:\Users\User\KULIAH\PKL\Sistem-Informasi-Skripsi\system\View\View.php(198): CodeIgniter\Exceptions\FrameworkException::forInvalidFile('r_dosen/data_sk...')
#1 C:\Users\User\KULIAH\PKL\Sistem-Informasi-Skripsi\system\Common.php(1097): CodeIgniter\View\View->render('r_dosen/data_sk...', Array, true)
#2 C:\Users\User\KULIAH\PKL\Sistem-Informasi-Skripsi\app\Controllers\Dosen.php(47): view('r_dosen/data_sk...', Array)
#3 C:\Users\User\KULIAH\PKL\Sistem-Informasi-Skripsi\system\CodeIgniter.php(824): App\Controllers\Dosen->data_skripsi()
#4 C:\Users\User\KULIAH\PKL\Sistem-Informasi-Skripsi\system\CodeIgniter.php(410): CodeIgniter\CodeIgniter->runController(Object(App\Controllers\Dosen))
#5 C:\Users\User\KULIAH\PKL\Sistem-Informasi-Skripsi\system\CodeIgniter.php(318): CodeIgniter\CodeIgniter->handleRequest(NULL, Object(Config\Cache), false)
#6 C:\Users\User\KULIAH\PKL\Sistem-Informasi-Skripsi\public\index.php(37): CodeIgniter\CodeIgniter->run()
#7 C:\Users\User\KULIAH\PKL\Sistem-Informasi-Skripsi\system\Commands\Server\rewrite.php(43): require_once('C:\\Users\\User\\K...')
#8 {main}
CRITICAL - 2022-01-19 05:30:58 --> Undefined property: App\Controllers\Admin::$M_data_skripsi
#0 C:\Users\User\KULIAH\PKL\Sistem-Informasi-Skripsi\app\Controllers\Admin.php(93): CodeIgniter\Debug\Exceptions->errorHandler(2, 'Undefined prope...', 'C:\\Users\\User\\K...', 93)
#1 C:\Users\User\KULIAH\PKL\Sistem-Informasi-Skripsi\system\CodeIgniter.php(824): App\Controllers\Admin->data_skripsi()
#2 C:\Users\User\KULIAH\PKL\Sistem-Informasi-Skripsi\system\CodeIgniter.php(410): CodeIgniter\CodeIgniter->runController(Object(App\Controllers\Admin))
#3 C:\Users\User\KULIAH\PKL\Sistem-Informasi-Skripsi\system\CodeIgniter.php(318): CodeIgniter\CodeIgniter->handleRequest(NULL, Object(Config\Cache), false)
#4 C:\Users\User\KULIAH\PKL\Sistem-Informasi-Skripsi\public\index.php(37): CodeIgniter\CodeIgniter->run()
#5 C:\Users\User\KULIAH\PKL\Sistem-Informasi-Skripsi\system\Commands\Server\rewrite.php(43): require_once('C:\\Users\\User\\K...')
#6 {main}
CRITICAL - 2022-01-19 05:31:35 --> Undefined property: App\Controllers\Admin::$M_data_skripsi
#0 C:\Users\User\KULIAH\PKL\Sistem-Informasi-Skripsi\app\Controllers\Admin.php(95): CodeIgniter\Debug\Exceptions->errorHandler(2, 'Undefined prope...', 'C:\\Users\\User\\K...', 95)
#1 C:\Users\User\KULIAH\PKL\Sistem-Informasi-Skripsi\system\CodeIgniter.php(824): App\Controllers\Admin->data_skripsi()
#2 C:\Users\User\KULIAH\PKL\Sistem-Informasi-Skripsi\system\CodeIgniter.php(410): CodeIgniter\CodeIgniter->runController(Object(App\Controllers\Admin))
#3 C:\Users\User\KULIAH\PKL\Sistem-Informasi-Skripsi\system\CodeIgniter.php(318): CodeIgniter\CodeIgniter->handleRequest(NULL, Object(Config\Cache), false)
#4 C:\Users\User\KULIAH\PKL\Sistem-Informasi-Skripsi\public\index.php(37): CodeIgniter\CodeIgniter->run()
#5 C:\Users\User\KULIAH\PKL\Sistem-Informasi-Skripsi\system\Commands\Server\rewrite.php(43): require_once('C:\\Users\\User\\K...')
#6 {main}
CRITICAL - 2022-01-19 05:31:37 --> Undefined property: App\Controllers\Admin::$M_data_skripsi
#0 C:\Users\User\KULIAH\PKL\Sistem-Informasi-Skripsi\app\Controllers\Admin.php(95): CodeIgniter\Debug\Exceptions->errorHandler(2, 'Undefined prope...', 'C:\\Users\\User\\K...', 95)
#1 C:\Users\User\KULIAH\PKL\Sistem-Informasi-Skripsi\system\CodeIgniter.php(824): App\Controllers\Admin->data_skripsi()
#2 C:\Users\User\KULIAH\PKL\Sistem-Informasi-Skripsi\system\CodeIgniter.php(410): CodeIgniter\CodeIgniter->runController(Object(App\Controllers\Admin))
#3 C:\Users\User\KULIAH\PKL\Sistem-Informasi-Skripsi\system\CodeIgniter.php(318): CodeIgniter\CodeIgniter->handleRequest(NULL, Object(Config\Cache), false)
#4 C:\Users\User\KULIAH\PKL\Sistem-Informasi-Skripsi\public\index.php(37): CodeIgniter\CodeIgniter->run()
#5 C:\Users\User\KULIAH\PKL\Sistem-Informasi-Skripsi\system\Commands\Server\rewrite.php(43): require_once('C:\\Users\\User\\K...')
#6 {main}
CRITICAL - 2022-01-19 05:31:42 --> Undefined property: App\Controllers\Admin::$M_data_skripsi
#0 C:\Users\User\KULIAH\PKL\Sistem-Informasi-Skripsi\app\Controllers\Admin.php(95): CodeIgniter\Debug\Exceptions->errorHandler(2, 'Undefined prope...', 'C:\\Users\\User\\K...', 95)
#1 C:\Users\User\KULIAH\PKL\Sistem-Informasi-Skripsi\system\CodeIgniter.php(824): App\Controllers\Admin->data_skripsi()
#2 C:\Users\User\KULIAH\PKL\Sistem-Informasi-Skripsi\system\CodeIgniter.php(410): CodeIgniter\CodeIgniter->runController(Object(App\Controllers\Admin))
#3 C:\Users\User\KULIAH\PKL\Sistem-Informasi-Skripsi\system\CodeIgniter.php(318): CodeIgniter\CodeIgniter->handleRequest(NULL, Object(Config\Cache), false)
#4 C:\Users\User\KULIAH\PKL\Sistem-Informasi-Skripsi\public\index.php(37): CodeIgniter\CodeIgniter->run()
#5 C:\Users\User\KULIAH\PKL\Sistem-Informasi-Skripsi\system\Commands\Server\rewrite.php(43): require_once('C:\\Users\\User\\K...')
#6 {main}
CRITICAL - 2022-01-19 05:32:52 --> Undefined array key "nama"
#0 C:\Users\User\KULIAH\PKL\Sistem-Informasi-Skripsi\app\Views\r_admin\v_data_akun.php(26): CodeIgniter\Debug\Exceptions->errorHandler(2, 'Undefined array...', 'C:\\Users\\User\\K...', 26)
#1 C:\Users\User\KULIAH\PKL\Sistem-Informasi-Skripsi\system\View\View.php(214): include('C:\\Users\\User\\K...')
#2 C:\Users\User\KULIAH\PKL\Sistem-Informasi-Skripsi\system\View\View.php(217): CodeIgniter\View\View->CodeIgniter\View\{closure}()
#3 C:\Users\User\KULIAH\PKL\Sistem-Informasi-Skripsi\system\Common.php(1097): CodeIgniter\View\View->render('r_admin/v_data_...', Array, true)
#4 C:\Users\User\KULIAH\PKL\Sistem-Informasi-Skripsi\app\Controllers\Admin.php(46): view('r_admin/v_data_...', Array)
#5 C:\Users\User\KULIAH\PKL\Sistem-Informasi-Skripsi\system\CodeIgniter.php(824): App\Controllers\Admin->data_akun()
#6 C:\Users\User\KULIAH\PKL\Sistem-Informasi-Skripsi\system\CodeIgniter.php(410): CodeIgniter\CodeIgniter->runController(Object(App\Controllers\Admin))
#7 C:\Users\User\KULIAH\PKL\Sistem-Informasi-Skripsi\system\CodeIgniter.php(318): CodeIgniter\CodeIgniter->handleRequest(NULL, Object(Config\Cache), false)
#8 C:\Users\User\KULIAH\PKL\Sistem-Informasi-Skripsi\public\index.php(37): CodeIgniter\CodeIgniter->run()
#9 C:\Users\User\KULIAH\PKL\Sistem-Informasi-Skripsi\system\Commands\Server\rewrite.php(43): require_once('C:\\Users\\User\\K...')
#10 {main}
CRITICAL - 2022-01-19 05:34:10 --> Attempt to read property "nama" on array
#0 C:\Users\User\KULIAH\PKL\Sistem-Informasi-Skripsi\app\Views\r_admin\v_data_akun.php(26): CodeIgniter\Debug\Exceptions->errorHandler(2, 'Attempt to read...', 'C:\\Users\\User\\K...', 26)
#1 C:\Users\User\KULIAH\PKL\Sistem-Informasi-Skripsi\system\View\View.php(214): include('C:\\Users\\User\\K...')
#2 C:\Users\User\KULIAH\PKL\Sistem-Informasi-Skripsi\system\View\View.php(217): CodeIgniter\View\View->CodeIgniter\View\{closure}()
#3 C:\Users\User\KULIAH\PKL\Sistem-Informasi-Skripsi\system\Common.php(1097): CodeIgniter\View\View->render('r_admin/v_data_...', Array, true)
#4 C:\Users\User\KULIAH\PKL\Sistem-Informasi-Skripsi\app\Controllers\Admin.php(46): view('r_admin/v_data_...', Array)
#5 C:\Users\User\KULIAH\PKL\Sistem-Informasi-Skripsi\system\CodeIgniter.php(824): App\Controllers\Admin->data_akun()
#6 C:\Users\User\KULIAH\PKL\Sistem-Informasi-Skripsi\system\CodeIgniter.php(410): CodeIgniter\CodeIgniter->runController(Object(App\Controllers\Admin))
#7 C:\Users\User\KULIAH\PKL\Sistem-Informasi-Skripsi\system\CodeIgniter.php(318): CodeIgniter\CodeIgniter->handleRequest(NULL, Object(Config\Cache), false)
#8 C:\Users\User\KULIAH\PKL\Sistem-Informasi-Skripsi\public\index.php(37): CodeIgniter\CodeIgniter->run()
#9 C:\Users\User\KULIAH\PKL\Sistem-Informasi-Skripsi\system\Commands\Server\rewrite.php(43): require_once('C:\\Users\\User\\K...')
#10 {main}
CRITICAL - 2022-01-19 05:34:22 --> Attempt to read property "nama" on array
#0 C:\Users\User\KULIAH\PKL\Sistem-Informasi-Skripsi\app\Views\r_admin\v_data_akun.php(26): CodeIgniter\Debug\Exceptions->errorHandler(2, 'Attempt to read...', 'C:\\Users\\User\\K...', 26)
#1 C:\Users\User\KULIAH\PKL\Sistem-Informasi-Skripsi\system\View\View.php(214): include('C:\\Users\\User\\K...')
#2 C:\Users\User\KULIAH\PKL\Sistem-Informasi-Skripsi\system\View\View.php(217): CodeIgniter\View\View->CodeIgniter\View\{closure}()
#3 C:\Users\User\KULIAH\PKL\Sistem-Informasi-Skripsi\system\Common.php(1097): CodeIgniter\View\View->render('r_admin/v_data_...', Array, true)
#4 C:\Users\User\KULIAH\PKL\Sistem-Informasi-Skripsi\app\Controllers\Admin.php(46): view('r_admin/v_data_...', Array)
#5 C:\Users\User\KULIAH\PKL\Sistem-Informasi-Skripsi\system\CodeIgniter.php(824): App\Controllers\Admin->data_akun()
#6 C:\Users\User\KULIAH\PKL\Sistem-Informasi-Skripsi\system\CodeIgniter.php(410): CodeIgniter\CodeIgniter->runController(Object(App\Controllers\Admin))
#7 C:\Users\User\KULIAH\PKL\Sistem-Informasi-Skripsi\system\CodeIgniter.php(318): CodeIgniter\CodeIgniter->handleRequest(NULL, Object(Config\Cache), false)
#8 C:\Users\User\KULIAH\PKL\Sistem-Informasi-Skripsi\public\index.php(37): CodeIgniter\CodeIgniter->run()
#9 C:\Users\User\KULIAH\PKL\Sistem-Informasi-Skripsi\system\Commands\Server\rewrite.php(43): require_once('C:\\Users\\User\\K...')
#10 {main}
CRITICAL - 2022-01-19 05:35:29 --> Call to a member function getResult() on array
#0 C:\Users\User\KULIAH\PKL\Sistem-Informasi-Skripsi\system\CodeIgniter.php(824): App\Controllers\Admin->data_akun()
#1 C:\Users\User\KULIAH\PKL\Sistem-Informasi-Skripsi\system\CodeIgniter.php(410): CodeIgniter\CodeIgniter->runController(Object(App\Controllers\Admin))
#2 C:\Users\User\KULIAH\PKL\Sistem-Informasi-Skripsi\system\CodeIgniter.php(318): CodeIgniter\CodeIgniter->handleRequest(NULL, Object(Config\Cache), false)
#3 C:\Users\User\KULIAH\PKL\Sistem-Informasi-Skripsi\public\index.php(37): CodeIgniter\CodeIgniter->run()
#4 C:\Users\User\KULIAH\PKL\Sistem-Informasi-Skripsi\system\Commands\Server\rewrite.php(43): require_once('C:\\Users\\User\\K...')
#5 {main}
CRITICAL - 2022-01-19 05:36:06 --> Call to a member function getResult() on array
#0 C:\Users\User\KULIAH\PKL\Sistem-Informasi-Skripsi\system\CodeIgniter.php(824): App\Controllers\Admin->data_akun()
#1 C:\Users\User\KULIAH\PKL\Sistem-Informasi-Skripsi\system\CodeIgniter.php(410): CodeIgniter\CodeIgniter->runController(Object(App\Controllers\Admin))
#2 C:\Users\User\KULIAH\PKL\Sistem-Informasi-Skripsi\system\CodeIgniter.php(318): CodeIgniter\CodeIgniter->handleRequest(NULL, Object(Config\Cache), false)
#3 C:\Users\User\KULIAH\PKL\Sistem-Informasi-Skripsi\public\index.php(37): CodeIgniter\CodeIgniter->run()
#4 C:\Users\User\KULIAH\PKL\Sistem-Informasi-Skripsi\system\Commands\Server\rewrite.php(43): require_once('C:\\Users\\User\\K...')
#5 {main}
CRITICAL - 2022-01-19 05:36:14 --> Attempt to read property "nama" on array
#0 C:\Users\User\KULIAH\PKL\Sistem-Informasi-Skripsi\app\Views\r_admin\v_data_akun.php(26): CodeIgniter\Debug\Exceptions->errorHandler(2, 'Attempt to read...', 'C:\\Users\\User\\K...', 26)
#1 C:\Users\User\KULIAH\PKL\Sistem-Informasi-Skripsi\system\View\View.php(214): include('C:\\Users\\User\\K...')
#2 C:\Users\User\KULIAH\PKL\Sistem-Informasi-Skripsi\system\View\View.php(217): CodeIgniter\View\View->CodeIgniter\View\{closure}()
#3 C:\Users\User\KULIAH\PKL\Sistem-Informasi-Skripsi\system\Common.php(1097): CodeIgniter\View\View->render('r_admin/v_data_...', Array, true)
#4 C:\Users\User\KULIAH\PKL\Sistem-Informasi-Skripsi\app\Controllers\Admin.php(46): view('r_admin/v_data_...', Array)
#5 C:\Users\User\KULIAH\PKL\Sistem-Informasi-Skripsi\system\CodeIgniter.php(824): App\Controllers\Admin->data_akun()
#6 C:\Users\User\KULIAH\PKL\Sistem-Informasi-Skripsi\system\CodeIgniter.php(410): CodeIgniter\CodeIgniter->runController(Object(App\Controllers\Admin))
#7 C:\Users\User\KULIAH\PKL\Sistem-Informasi-Skripsi\system\CodeIgniter.php(318): CodeIgniter\CodeIgniter->handleRequest(NULL, Object(Config\Cache), false)
#8 C:\Users\User\KULIAH\PKL\Sistem-Informasi-Skripsi\public\index.php(37): CodeIgniter\CodeIgniter->run()
#9 C:\Users\User\KULIAH\PKL\Sistem-Informasi-Skripsi\system\Commands\Server\rewrite.php(43): require_once('C:\\Users\\User\\K...')
#10 {main}
CRITICAL - 2022-01-19 05:36:33 --> Undefined property: App\Controllers\Admin::$M_data_skripsi
#0 C:\Users\User\KULIAH\PKL\Sistem-Informasi-Skripsi\app\Controllers\Admin.php(95): CodeIgniter\Debug\Exceptions->errorHandler(2, 'Undefined prope...', 'C:\\Users\\User\\K...', 95)
#1 C:\Users\User\KULIAH\PKL\Sistem-Informasi-Skripsi\system\CodeIgniter.php(824): App\Controllers\Admin->data_skripsi()
#2 C:\Users\User\KULIAH\PKL\Sistem-Informasi-Skripsi\system\CodeIgniter.php(410): CodeIgniter\CodeIgniter->runController(Object(App\Controllers\Admin))
#3 C:\Users\User\KULIAH\PKL\Sistem-Informasi-Skripsi\system\CodeIgniter.php(318): CodeIgniter\CodeIgniter->handleRequest(NULL, Object(Config\Cache), false)
#4 C:\Users\User\KULIAH\PKL\Sistem-Informasi-Skripsi\public\index.php(37): CodeIgniter\CodeIgniter->run()
#5 C:\Users\User\KULIAH\PKL\Sistem-Informasi-Skripsi\system\Commands\Server\rewrite.php(43): require_once('C:\\Users\\User\\K...')
#6 {main}
CRITICAL - 2022-01-19 05:37:31 --> Attempt to read property "npm" on array
#0 C:\Users\User\KULIAH\PKL\Sistem-Informasi-Skripsi\app\Views\r_admin\data_skripsi.php(22): CodeIgniter\Debug\Exceptions->errorHandler(2, 'Attempt to read...', 'C:\\Users\\User\\K...', 22)
#1 C:\Users\User\KULIAH\PKL\Sistem-Informasi-Skripsi\system\View\View.php(214): include('C:\\Users\\User\\K...')
#2 C:\Users\User\KULIAH\PKL\Sistem-Informasi-Skripsi\system\View\View.php(217): CodeIgniter\View\View->CodeIgniter\View\{closure}()
#3 C:\Users\User\KULIAH\PKL\Sistem-Informasi-Skripsi\system\Common.php(1097): CodeIgniter\View\View->render('r_admin/data_sk...', Array, true)
#4 C:\Users\User\KULIAH\PKL\Sistem-Informasi-Skripsi\app\Controllers\Admin.php(103): view('r_admin/data_sk...', Array)
#5 C:\Users\User\KULIAH\PKL\Sistem-Informasi-Skripsi\system\CodeIgniter.php(824): App\Controllers\Admin->data_skripsi()
#6 C:\Users\User\KULIAH\PKL\Sistem-Informasi-Skripsi\system\CodeIgniter.php(410): CodeIgniter\CodeIgniter->runController(Object(App\Controllers\Admin))
#7 C:\Users\User\KULIAH\PKL\Sistem-Informasi-Skripsi\system\CodeIgniter.php(318): CodeIgniter\CodeIgniter->handleRequest(NULL, Object(Config\Cache), false)
#8 C:\Users\User\KULIAH\PKL\Sistem-Informasi-Skripsi\public\index.php(37): CodeIgniter\CodeIgniter->run()
#9 C:\Users\User\KULIAH\PKL\Sistem-Informasi-Skripsi\system\Commands\Server\rewrite.php(43): require_once('C:\\Users\\User\\K...')
#10 {main}
CRITICAL - 2022-01-19 05:38:07 --> Attempt to read property "judul1" on array
#0 C:\Users\User\KULIAH\PKL\Sistem-Informasi-Skripsi\app\Views\r_admin\data_skripsi.php(23): CodeIgniter\Debug\Exceptions->errorHandler(2, 'Attempt to read...', 'C:\\Users\\User\\K...', 23)
#1 C:\Users\User\KULIAH\PKL\Sistem-Informasi-Skripsi\system\View\View.php(214): include('C:\\Users\\User\\K...')
#2 C:\Users\User\KULIAH\PKL\Sistem-Informasi-Skripsi\system\View\View.php(217): CodeIgniter\View\View->CodeIgniter\View\{closure}()
#3 C:\Users\User\KULIAH\PKL\Sistem-Informasi-Skripsi\system\Common.php(1097): CodeIgniter\View\View->render('r_admin/data_sk...', Array, true)
#4 C:\Users\User\KULIAH\PKL\Sistem-Informasi-Skripsi\app\Controllers\Admin.php(103): view('r_admin/data_sk...', Array)
#5 C:\Users\User\KULIAH\PKL\Sistem-Informasi-Skripsi\system\CodeIgniter.php(824): App\Controllers\Admin->data_skripsi()
#6 C:\Users\User\KULIAH\PKL\Sistem-Informasi-Skripsi\system\CodeIgniter.php(410): CodeIgniter\CodeIgniter->runController(Object(App\Controllers\Admin))
#7 C:\Users\User\KULIAH\PKL\Sistem-Informasi-Skripsi\system\CodeIgniter.php(318): CodeIgniter\CodeIgniter->handleRequest(NULL, Object(Config\Cache), false)
#8 C:\Users\User\KULIAH\PKL\Sistem-Informasi-Skripsi\public\index.php(37): CodeIgniter\CodeIgniter->run()
#9 C:\Users\User\KULIAH\PKL\Sistem-Informasi-Skripsi\system\Commands\Server\rewrite.php(43): require_once('C:\\Users\\User\\K...')
#10 {main}
CRITICAL - 2022-01-19 05:38:53 --> Attempt to read property "nama" on array
#0 C:\Users\User\KULIAH\PKL\Sistem-Informasi-Skripsi\app\Views\r_admin\v_data_akun.php(26): CodeIgniter\Debug\Exceptions->errorHandler(2, 'Attempt to read...', 'C:\\Users\\User\\K...', 26)
#1 C:\Users\User\KULIAH\PKL\Sistem-Informasi-Skripsi\system\View\View.php(214): include('C:\\Users\\User\\K...')
#2 C:\Users\User\KULIAH\PKL\Sistem-Informasi-Skripsi\system\View\View.php(217): CodeIgniter\View\View->CodeIgniter\View\{closure}()
#3 C:\Users\User\KULIAH\PKL\Sistem-Informasi-Skripsi\system\Common.php(1097): CodeIgniter\View\View->render('r_admin/v_data_...', Array, true)
#4 C:\Users\User\KULIAH\PKL\Sistem-Informasi-Skripsi\app\Controllers\Admin.php(46): view('r_admin/v_data_...', Array)
#5 C:\Users\User\KULIAH\PKL\Sistem-Informasi-Skripsi\system\CodeIgniter.php(824): App\Controllers\Admin->data_akun()
#6 C:\Users\User\KULIAH\PKL\Sistem-Informasi-Skripsi\system\CodeIgniter.php(410): CodeIgniter\CodeIgniter->runController(Object(App\Controllers\Admin))
#7 C:\Users\User\KULIAH\PKL\Sistem-Informasi-Skripsi\system\CodeIgniter.php(318): CodeIgniter\CodeIgniter->handleRequest(NULL, Object(Config\Cache), false)
#8 C:\Users\User\KULIAH\PKL\Sistem-Informasi-Skripsi\public\index.php(37): CodeIgniter\CodeIgniter->run()
#9 C:\Users\User\KULIAH\PKL\Sistem-Informasi-Skripsi\system\Commands\Server\rewrite.php(43): require_once('C:\\Users\\User\\K...')
#10 {main}
CRITICAL - 2022-01-19 05:40:32 --> Undefined array key "aksi"
#0 C:\Users\User\KULIAH\PKL\Sistem-Informasi-Skripsi\app\Views\r_admin\v_data_akun.php(28): CodeIgniter\Debug\Exceptions->errorHandler(2, 'Undefined array...', 'C:\\Users\\User\\K...', 28)
#1 C:\Users\User\KULIAH\PKL\Sistem-Informasi-Skripsi\system\View\View.php(214): include('C:\\Users\\User\\K...')
#2 C:\Users\User\KULIAH\PKL\Sistem-Informasi-Skripsi\system\View\View.php(217): CodeIgniter\View\View->CodeIgniter\View\{closure}()
#3 C:\Users\User\KULIAH\PKL\Sistem-Informasi-Skripsi\system\Common.php(1097): CodeIgniter\View\View->render('r_admin/v_data_...', Array, true)
#4 C:\Users\User\KULIAH\PKL\Sistem-Informasi-Skripsi\app\Controllers\Admin.php(46): view('r_admin/v_data_...', Array)
#5 C:\Users\User\KULIAH\PKL\Sistem-Informasi-Skripsi\system\CodeIgniter.php(824): App\Controllers\Admin->data_akun()
#6 C:\Users\User\KULIAH\PKL\Sistem-Informasi-Skripsi\system\CodeIgniter.php(410): CodeIgniter\CodeIgniter->runController(Object(App\Controllers\Admin))
#7 C:\Users\User\KULIAH\PKL\Sistem-Informasi-Skripsi\system\CodeIgniter.php(318): CodeIgniter\CodeIgniter->handleRequest(NULL, Object(Config\Cache), false)
#8 C:\Users\User\KULIAH\PKL\Sistem-Informasi-Skripsi\public\index.php(37): CodeIgniter\CodeIgniter->run()
#9 C:\Users\User\KULIAH\PKL\Sistem-Informasi-Skripsi\system\Commands\Server\rewrite.php(43): require_once('C:\\Users\\User\\K...')
#10 {main}
CRITICAL - 2022-01-19 05:40:57 --> Too few arguments to function App\Controllers\Admin::delete_akun(), 0 passed in C:\Users\User\KULIAH\PKL\Sistem-Informasi-Skripsi\system\CodeIgniter.php on line 824 and exactly 1 expected
#0 C:\Users\User\KULIAH\PKL\Sistem-Informasi-Skripsi\system\CodeIgniter.php(824): App\Controllers\Admin->delete_akun()
#1 C:\Users\User\KULIAH\PKL\Sistem-Informasi-Skripsi\system\CodeIgniter.php(410): CodeIgniter\CodeIgniter->runController(Object(App\Controllers\Admin))
#2 C:\Users\User\KULIAH\PKL\Sistem-Informasi-Skripsi\system\CodeIgniter.php(318): CodeIgniter\CodeIgniter->handleRequest(NULL, Object(Config\Cache), false)
#3 C:\Users\User\KULIAH\PKL\Sistem-Informasi-Skripsi\public\index.php(37): CodeIgniter\CodeIgniter->run()
#4 C:\Users\User\KULIAH\PKL\Sistem-Informasi-Skripsi\system\Commands\Server\rewrite.php(43): require_once('C:\\Users\\User\\K...')
#5 {main}
CRITICAL - 2022-01-19 05:42:01 --> Too few arguments to function App\Controllers\Admin::delete_akun(), 0 passed in C:\Users\User\KULIAH\PKL\Sistem-Informasi-Skripsi\system\CodeIgniter.php on line 824 and exactly 1 expected
#0 C:\Users\User\KULIAH\PKL\Sistem-Informasi-Skripsi\system\CodeIgniter.php(824): App\Controllers\Admin->delete_akun()
#1 C:\Users\User\KULIAH\PKL\Sistem-Informasi-Skripsi\system\CodeIgniter.php(410): CodeIgniter\CodeIgniter->runController(Object(App\Controllers\Admin))
#2 C:\Users\User\KULIAH\PKL\Sistem-Informasi-Skripsi\system\CodeIgniter.php(318): CodeIgniter\CodeIgniter->handleRequest(NULL, Object(Config\Cache), false)
#3 C:\Users\User\KULIAH\PKL\Sistem-Informasi-Skripsi\public\index.php(37): CodeIgniter\CodeIgniter->run()
#4 C:\Users\User\KULIAH\PKL\Sistem-Informasi-Skripsi\system\Commands\Server\rewrite.php(43): require_once('C:\\Users\\User\\K...')
#5 {main}
CRITICAL - 2022-01-19 06:30:49 --> Undefined array key "judul1"
#0 C:\Users\User\KULIAH\PKL\Sistem-Informasi-Skripsi\app\Views\r_admin\request_judul.php(25): CodeIgniter\Debug\Exceptions->errorHandler(2, 'Undefined array...', 'C:\\Users\\User\\K...', 25)
#1 C:\Users\User\KULIAH\PKL\Sistem-Informasi-Skripsi\system\View\View.php(214): include('C:\\Users\\User\\K...')
#2 C:\Users\User\KULIAH\PKL\Sistem-Informasi-Skripsi\system\View\View.php(217): CodeIgniter\View\View->CodeIgniter\View\{closure}()
#3 C:\Users\User\KULIAH\PKL\Sistem-Informasi-Skripsi\system\Common.php(1097): CodeIgniter\View\View->render('r_admin/request...', Array, true)
#4 C:\Users\User\KULIAH\PKL\Sistem-Informasi-Skripsi\app\Controllers\Admin.php(91): view('r_admin/request...', Array)
#5 C:\Users\User\KULIAH\PKL\Sistem-Informasi-Skripsi\system\CodeIgniter.php(824): App\Controllers\Admin->data_pengajuan_usul()
#6 C:\Users\User\KULIAH\PKL\Sistem-Informasi-Skripsi\system\CodeIgniter.php(410): CodeIgniter\CodeIgniter->runController(Object(App\Controllers\Admin))
#7 C:\Users\User\KULIAH\PKL\Sistem-Informasi-Skripsi\system\CodeIgniter.php(318): CodeIgniter\CodeIgniter->handleRequest(NULL, Object(Config\Cache), false)
#8 C:\Users\User\KULIAH\PKL\Sistem-Informasi-Skripsi\public\index.php(37): CodeIgniter\CodeIgniter->run()
#9 C:\Users\User\KULIAH\PKL\Sistem-Informasi-Skripsi\system\Commands\Server\rewrite.php(43): require_once('C:\\Users\\User\\K...')
#10 {main}
CRITICAL - 2022-01-19 06:31:55 --> Undefined array key "judul1"
#0 C:\Users\User\KULIAH\PKL\Sistem-Informasi-Skripsi\app\Views\r_admin\request_judul.php(25): CodeIgniter\Debug\Exceptions->errorHandler(2, 'Undefined array...', 'C:\\Users\\User\\K...', 25)
#1 C:\Users\User\KULIAH\PKL\Sistem-Informasi-Skripsi\system\View\View.php(214): include('C:\\Users\\User\\K...')
#2 C:\Users\User\KULIAH\PKL\Sistem-Informasi-Skripsi\system\View\View.php(217): CodeIgniter\View\View->CodeIgniter\View\{closure}()
#3 C:\Users\User\KULIAH\PKL\Sistem-Informasi-Skripsi\system\Common.php(1097): CodeIgniter\View\View->render('r_admin/request...', Array, true)
#4 C:\Users\User\KULIAH\PKL\Sistem-Informasi-Skripsi\app\Controllers\Admin.php(91): view('r_admin/request...', Array)
#5 C:\Users\User\KULIAH\PKL\Sistem-Informasi-Skripsi\system\CodeIgniter.php(824): App\Controllers\Admin->data_pengajuan_usul()
#6 C:\Users\User\KULIAH\PKL\Sistem-Informasi-Skripsi\system\CodeIgniter.php(410): CodeIgniter\CodeIgniter->runController(Object(App\Controllers\Admin))
#7 C:\Users\User\KULIAH\PKL\Sistem-Informasi-Skripsi\system\CodeIgniter.php(318): CodeIgniter\CodeIgniter->handleRequest(NULL, Object(Config\Cache), false)
#8 C:\Users\User\KULIAH\PKL\Sistem-Informasi-Skripsi\public\index.php(37): CodeIgniter\CodeIgniter->run()
#9 C:\Users\User\KULIAH\PKL\Sistem-Informasi-Skripsi\system\Commands\Server\rewrite.php(43): require_once('C:\\Users\\User\\K...')
#10 {main}
CRITICAL - 2022-01-19 06:31:59 --> Undefined array key "judul1"
#0 C:\Users\User\KULIAH\PKL\Sistem-Informasi-Skripsi\app\Views\r_admin\request_judul.php(25): CodeIgniter\Debug\Exceptions->errorHandler(2, 'Undefined array...', 'C:\\Users\\User\\K...', 25)
#1 C:\Users\User\KULIAH\PKL\Sistem-Informasi-Skripsi\system\View\View.php(214): include('C:\\Users\\User\\K...')
#2 C:\Users\User\KULIAH\PKL\Sistem-Informasi-Skripsi\system\View\View.php(217): CodeIgniter\View\View->CodeIgniter\View\{closure}()
#3 C:\Users\User\KULIAH\PKL\Sistem-Informasi-Skripsi\system\Common.php(1097): CodeIgniter\View\View->render('r_admin/request...', Array, true)
#4 C:\Users\User\KULIAH\PKL\Sistem-Informasi-Skripsi\app\Controllers\Admin.php(91): view('r_admin/request...', Array)
#5 C:\Users\User\KULIAH\PKL\Sistem-Informasi-Skripsi\system\CodeIgniter.php(824): App\Controllers\Admin->data_pengajuan_usul()
#6 C:\Users\User\KULIAH\PKL\Sistem-Informasi-Skripsi\system\CodeIgniter.php(410): CodeIgniter\CodeIgniter->runController(Object(App\Controllers\Admin))
#7 C:\Users\User\KULIAH\PKL\Sistem-Informasi-Skripsi\system\CodeIgniter.php(318): CodeIgniter\CodeIgniter->handleRequest(NULL, Object(Config\Cache), false)
#8 C:\Users\User\KULIAH\PKL\Sistem-Informasi-Skripsi\public\index.php(37): CodeIgniter\CodeIgniter->run()
#9 C:\Users\User\KULIAH\PKL\Sistem-Informasi-Skripsi\system\Commands\Server\rewrite.php(43): require_once('C:\\Users\\User\\K...')
#10 {main}
ERROR - 2022-01-19 06:42:12 --> Duplicate entry '' for key 'PRIMARY'
CRITICAL - 2022-01-19 06:42:12 --> Duplicate entry '' for key 'PRIMARY'
#0 C:\Users\User\KULIAH\PKL\Sistem-Informasi-Skripsi\system\Database\MySQLi\Connection.php(292): mysqli->query('INSERT INTO `da...', 0)
#1 C:\Users\User\KULIAH\PKL\Sistem-Informasi-Skripsi\system\Database\BaseConnection.php(670): CodeIgniter\Database\MySQLi\Connection->execute('INSERT INTO `da...')
#2 C:\Users\User\KULIAH\PKL\Sistem-Informasi-Skripsi\system\Database\BaseConnection.php(598): CodeIgniter\Database\BaseConnection->simpleQuery('INSERT INTO `da...')
#3 C:\Users\User\KULIAH\PKL\Sistem-Informasi-Skripsi\system\Database\BaseBuilder.php(1759): CodeIgniter\Database\BaseConnection->query('INSERT INTO `da...', Array, false)
#4 C:\Users\User\KULIAH\PKL\Sistem-Informasi-Skripsi\system\Model.php(239): CodeIgniter\Database\BaseBuilder->insert()
#5 C:\Users\User\KULIAH\PKL\Sistem-Informasi-Skripsi\system\BaseModel.php(738): CodeIgniter\Model->doInsert(Array)
#6 C:\Users\User\KULIAH\PKL\Sistem-Informasi-Skripsi\system\Model.php(620): CodeIgniter\BaseModel->insert(Array, true)
#7 C:\Users\User\KULIAH\PKL\Sistem-Informasi-Skripsi\app\Controllers\Admin.php(123): CodeIgniter\Model->insert(Array)
#8 C:\Users\User\KULIAH\PKL\Sistem-Informasi-Skripsi\system\CodeIgniter.php(824): App\Controllers\Admin->terima_usul('1282')
#9 C:\Users\User\KULIAH\PKL\Sistem-Informasi-Skripsi\system\CodeIgniter.php(410): CodeIgniter\CodeIgniter->runController(Object(App\Controllers\Admin))
#10 C:\Users\User\KULIAH\PKL\Sistem-Informasi-Skripsi\system\CodeIgniter.php(318): CodeIgniter\CodeIgniter->handleRequest(NULL, Object(Config\Cache), false)
#11 C:\Users\User\KULIAH\PKL\Sistem-Informasi-Skripsi\public\index.php(37): CodeIgniter\CodeIgniter->run()
#12 C:\Users\User\KULIAH\PKL\Sistem-Informasi-Skripsi\system\Commands\Server\rewrite.php(43): require_once('C:\\Users\\User\\K...')
#13 {main}
CRITICAL - 2022-01-19 06:50:53 --> Undefined array key "judul1"
#0 C:\Users\User\KULIAH\PKL\Sistem-Informasi-Skripsi\app\Views\r_admin\data_skripsi.php(23): CodeIgniter\Debug\Exceptions->errorHandler(2, 'Undefined array...', 'C:\\Users\\User\\K...', 23)
#1 C:\Users\User\KULIAH\PKL\Sistem-Informasi-Skripsi\system\View\View.php(214): include('C:\\Users\\User\\K...')
#2 C:\Users\User\KULIAH\PKL\Sistem-Informasi-Skripsi\system\View\View.php(217): CodeIgniter\View\View->CodeIgniter\View\{closure}()
#3 C:\Users\User\KULIAH\PKL\Sistem-Informasi-Skripsi\system\Common.php(1097): CodeIgniter\View\View->render('r_admin/data_sk...', Array, true)
#4 C:\Users\User\KULIAH\PKL\Sistem-Informasi-Skripsi\app\Controllers\Admin.php(140): view('r_admin/data_sk...', Array)
#5 C:\Users\User\KULIAH\PKL\Sistem-Informasi-Skripsi\system\CodeIgniter.php(824): App\Controllers\Admin->data_skripsi()
#6 C:\Users\User\KULIAH\PKL\Sistem-Informasi-Skripsi\system\CodeIgniter.php(410): CodeIgniter\CodeIgniter->runController(Object(App\Controllers\Admin))
#7 C:\Users\User\KULIAH\PKL\Sistem-Informasi-Skripsi\system\CodeIgniter.php(318): CodeIgniter\CodeIgniter->handleRequest(NULL, Object(Config\Cache), false)
#8 C:\Users\User\KULIAH\PKL\Sistem-Informasi-Skripsi\public\index.php(37): CodeIgniter\CodeIgniter->run()
#9 C:\Users\User\KULIAH\PKL\Sistem-Informasi-Skripsi\system\Commands\Server\rewrite.php(43): require_once('C:\\Users\\User\\K...')
#10 {main}
CRITICAL - 2022-01-19 07:08:57 --> Object of class stdClass could not be converted to string
#0 C:\Users\User\KULIAH\PKL\Sistem-Informasi-Skripsi\system\Database\Query.php(324): implode(',', Array)
#1 C:\Users\User\KULIAH\PKL\Sistem-Informasi-Skripsi\system\Database\Query.php(304): CodeIgniter\Database\Query->matchNamedBinds('INSERT INTO `da...', Array)
#2 C:\Users\User\KULIAH\PKL\Sistem-Informasi-Skripsi\system\Database\Query.php(150): CodeIgniter\Database\Query->compileBinds()
#3 C:\Users\User\KULIAH\PKL\Sistem-Informasi-Skripsi\system\Database\BaseConnection.php(598): CodeIgniter\Database\Query->getQuery()
#4 C:\Users\User\KULIAH\PKL\Sistem-Informasi-Skripsi\system\Database\BaseBuilder.php(1759): CodeIgniter\Database\BaseConnection->query('INSERT INTO `da...', Array, false)
#5 C:\Users\User\KULIAH\PKL\Sistem-Informasi-Skripsi\system\Model.php(239): CodeIgniter\Database\BaseBuilder->insert()
#6 C:\Users\User\KULIAH\PKL\Sistem-Informasi-Skripsi\system\BaseModel.php(738): CodeIgniter\Model->doInsert(Array)
#7 C:\Users\User\KULIAH\PKL\Sistem-Informasi-Skripsi\system\Model.php(620): CodeIgniter\BaseModel->insert(Array, true)
#8 C:\Users\User\KULIAH\PKL\Sistem-Informasi-Skripsi\app\Controllers\Admin.php(108): CodeIgniter\Model->insert(Array)
#9 C:\Users\User\KULIAH\PKL\Sistem-Informasi-Skripsi\system\CodeIgniter.php(824): App\Controllers\Admin->terima_judul('1')
#10 C:\Users\User\KULIAH\PKL\Sistem-Informasi-Skripsi\system\CodeIgniter.php(410): CodeIgniter\CodeIgniter->runController(Object(App\Controllers\Admin))
#11 C:\Users\User\KULIAH\PKL\Sistem-Informasi-Skripsi\system\CodeIgniter.php(318): CodeIgniter\CodeIgniter->handleRequest(NULL, Object(Config\Cache), false)
#12 C:\Users\User\KULIAH\PKL\Sistem-Informasi-Skripsi\public\index.php(37): CodeIgniter\CodeIgniter->run()
#13 C:\Users\User\KULIAH\PKL\Sistem-Informasi-Skripsi\system\Commands\Server\rewrite.php(43): require_once('C:\\Users\\User\\K...')
#14 {main}
CRITICAL - 2022-01-19 07:10:54 --> Object of class stdClass could not be converted to string
#0 C:\Users\User\KULIAH\PKL\Sistem-Informasi-Skripsi\system\Database\Query.php(324): implode(',', Array)
#1 C:\Users\User\KULIAH\PKL\Sistem-Informasi-Skripsi\system\Database\Query.php(304): CodeIgniter\Database\Query->matchNamedBinds('INSERT INTO `da...', Array)
#2 C:\Users\User\KULIAH\PKL\Sistem-Informasi-Skripsi\system\Database\Query.php(150): CodeIgniter\Database\Query->compileBinds()
#3 C:\Users\User\KULIAH\PKL\Sistem-Informasi-Skripsi\system\Database\BaseConnection.php(598): CodeIgniter\Database\Query->getQuery()
#4 C:\Users\User\KULIAH\PKL\Sistem-Informasi-Skripsi\system\Database\BaseBuilder.php(1759): CodeIgniter\Database\BaseConnection->query('INSERT INTO `da...', Array, false)
#5 C:\Users\User\KULIAH\PKL\Sistem-Informasi-Skripsi\system\Model.php(239): CodeIgniter\Database\BaseBuilder->insert()
#6 C:\Users\User\KULIAH\PKL\Sistem-Informasi-Skripsi\system\BaseModel.php(738): CodeIgniter\Model->doInsert(Array)
#7 C:\Users\User\KULIAH\PKL\Sistem-Informasi-Skripsi\system\Model.php(620): CodeIgniter\BaseModel->insert(Array, true)
#8 C:\Users\User\KULIAH\PKL\Sistem-Informasi-Skripsi\app\Controllers\Admin.php(108): CodeIgniter\Model->insert(Array)
#9 C:\Users\User\KULIAH\PKL\Sistem-Informasi-Skripsi\system\CodeIgniter.php(824): App\Controllers\Admin->terima_judul('1')
#10 C:\Users\User\KULIAH\PKL\Sistem-Informasi-Skripsi\system\CodeIgniter.php(410): CodeIgniter\CodeIgniter->runController(Object(App\Controllers\Admin))
#11 C:\Users\User\KULIAH\PKL\Sistem-Informasi-Skripsi\system\CodeIgniter.php(318): CodeIgniter\CodeIgniter->handleRequest(NULL, Object(Config\Cache), false)
#12 C:\Users\User\KULIAH\PKL\Sistem-Informasi-Skripsi\public\index.php(37): CodeIgniter\CodeIgniter->run()
#13 C:\Users\User\KULIAH\PKL\Sistem-Informasi-Skripsi\system\Commands\Server\rewrite.php(43): require_once('C:\\Users\\User\\K...')
#14 {main}
CRITICAL - 2022-01-19 07:10:58 --> Object of class stdClass could not be converted to string
#0 C:\Users\User\KULIAH\PKL\Sistem-Informasi-Skripsi\system\Database\Query.php(324): implode(',', Array)
#1 C:\Users\User\KULIAH\PKL\Sistem-Informasi-Skripsi\system\Database\Query.php(304): CodeIgniter\Database\Query->matchNamedBinds('INSERT INTO `da...', Array)
#2 C:\Users\User\KULIAH\PKL\Sistem-Informasi-Skripsi\system\Database\Query.php(150): CodeIgniter\Database\Query->compileBinds()
#3 C:\Users\User\KULIAH\PKL\Sistem-Informasi-Skripsi\system\Database\BaseConnection.php(598): CodeIgniter\Database\Query->getQuery()
#4 C:\Users\User\KULIAH\PKL\Sistem-Informasi-Skripsi\system\Database\BaseBuilder.php(1759): CodeIgniter\Database\BaseConnection->query('INSERT INTO `da...', Array, false)
#5 C:\Users\User\KULIAH\PKL\Sistem-Informasi-Skripsi\system\Model.php(239): CodeIgniter\Database\BaseBuilder->insert()
#6 C:\Users\User\KULIAH\PKL\Sistem-Informasi-Skripsi\system\BaseModel.php(738): CodeIgniter\Model->doInsert(Array)
#7 C:\Users\User\KULIAH\PKL\Sistem-Informasi-Skripsi\system\Model.php(620): CodeIgniter\BaseModel->insert(Array, true)
#8 C:\Users\User\KULIAH\PKL\Sistem-Informasi-Skripsi\app\Controllers\Admin.php(108): CodeIgniter\Model->insert(Array)
#9 C:\Users\User\KULIAH\PKL\Sistem-Informasi-Skripsi\system\CodeIgniter.php(824): App\Controllers\Admin->terima_judul('1')
#10 C:\Users\User\KULIAH\PKL\Sistem-Informasi-Skripsi\system\CodeIgniter.php(410): CodeIgniter\CodeIgniter->runController(Object(App\Controllers\Admin))
#11 C:\Users\User\KULIAH\PKL\Sistem-Informasi-Skripsi\system\CodeIgniter.php(318): CodeIgniter\CodeIgniter->handleRequest(NULL, Object(Config\Cache), false)
#12 C:\Users\User\KULIAH\PKL\Sistem-Informasi-Skripsi\public\index.php(37): CodeIgniter\CodeIgniter->run()
#13 C:\Users\User\KULIAH\PKL\Sistem-Informasi-Skripsi\system\Commands\Server\rewrite.php(43): require_once('C:\\Users\\User\\K...')
#14 {main}
CRITICAL - 2022-01-19 07:14:42 --> CodeIgniter\Model::insert(): Argument #2 ($returnID) must be of type bool, array given, called in C:\Users\User\KULIAH\PKL\Sistem-Informasi-Skripsi\app\Controllers\Admin.php on line 108
#0 C:\Users\User\KULIAH\PKL\Sistem-Informasi-Skripsi\app\Controllers\Admin.php(108): CodeIgniter\Model->insert(Array, Array)
#1 C:\Users\User\KULIAH\PKL\Sistem-Informasi-Skripsi\system\CodeIgniter.php(824): App\Controllers\Admin->terima_judul('1')
#2 C:\Users\User\KULIAH\PKL\Sistem-Informasi-Skripsi\system\CodeIgniter.php(410): CodeIgniter\CodeIgniter->runController(Object(App\Controllers\Admin))
#3 C:\Users\User\KULIAH\PKL\Sistem-Informasi-Skripsi\system\CodeIgniter.php(318): CodeIgniter\CodeIgniter->handleRequest(NULL, Object(Config\Cache), false)
#4 C:\Users\User\KULIAH\PKL\Sistem-Informasi-Skripsi\public\index.php(37): CodeIgniter\CodeIgniter->run()
#5 C:\Users\User\KULIAH\PKL\Sistem-Informasi-Skripsi\system\Commands\Server\rewrite.php(43): require_once('C:\\Users\\User\\K...')
#6 {main}
CRITICAL - 2022-01-19 07:15:00 --> Object of class stdClass could not be converted to string
#0 C:\Users\User\KULIAH\PKL\Sistem-Informasi-Skripsi\system\Database\Query.php(324): implode(',', Array)
#1 C:\Users\User\KULIAH\PKL\Sistem-Informasi-Skripsi\system\Database\Query.php(304): CodeIgniter\Database\Query->matchNamedBinds('INSERT INTO `da...', Array)
#2 C:\Users\User\KULIAH\PKL\Sistem-Informasi-Skripsi\system\Database\Query.php(150): CodeIgniter\Database\Query->compileBinds()
#3 C:\Users\User\KULIAH\PKL\Sistem-Informasi-Skripsi\system\Database\BaseConnection.php(598): CodeIgniter\Database\Query->getQuery()
#4 C:\Users\User\KULIAH\PKL\Sistem-Informasi-Skripsi\system\Database\BaseBuilder.php(1759): CodeIgniter\Database\BaseConnection->query('INSERT INTO `da...', Array, false)
#5 C:\Users\User\KULIAH\PKL\Sistem-Informasi-Skripsi\system\Model.php(239): CodeIgniter\Database\BaseBuilder->insert()
#6 C:\Users\User\KULIAH\PKL\Sistem-Informasi-Skripsi\system\BaseModel.php(738): CodeIgniter\Model->doInsert(Array)
#7 C:\Users\User\KULIAH\PKL\Sistem-Informasi-Skripsi\system\Model.php(620): CodeIgniter\BaseModel->insert(Array, true)
#8 C:\Users\User\KULIAH\PKL\Sistem-Informasi-Skripsi\app\Controllers\Admin.php(108): CodeIgniter\Model->insert(Array)
#9 C:\Users\User\KULIAH\PKL\Sistem-Informasi-Skripsi\system\CodeIgniter.php(824): App\Controllers\Admin->terima_judul('1')
#10 C:\Users\User\KULIAH\PKL\Sistem-Informasi-Skripsi\system\CodeIgniter.php(410): CodeIgniter\CodeIgniter->runController(Object(App\Controllers\Admin))
#11 C:\Users\User\KULIAH\PKL\Sistem-Informasi-Skripsi\system\CodeIgniter.php(318): CodeIgniter\CodeIgniter->handleRequest(NULL, Object(Config\Cache), false)
#12 C:\Users\User\KULIAH\PKL\Sistem-Informasi-Skripsi\public\index.php(37): CodeIgniter\CodeIgniter->run()
#13 C:\Users\User\KULIAH\PKL\Sistem-Informasi-Skripsi\system\Commands\Server\rewrite.php(43): require_once('C:\\Users\\User\\K...')
#14 {main}
ERROR - 2022-01-19 07:17:28 --> Duplicate entry '1' for key 'PRIMARY'
CRITICAL - 2022-01-19 07:17:28 --> Duplicate entry '1' for key 'PRIMARY'
#0 C:\Users\User\KULIAH\PKL\Sistem-Informasi-Skripsi\system\Database\MySQLi\Connection.php(292): mysqli->query('INSERT INTO `da...', 0)
#1 C:\Users\User\KULIAH\PKL\Sistem-Informasi-Skripsi\system\Database\BaseConnection.php(670): CodeIgniter\Database\MySQLi\Connection->execute('INSERT INTO `da...')
#2 C:\Users\User\KULIAH\PKL\Sistem-Informasi-Skripsi\system\Database\BaseConnection.php(598): CodeIgniter\Database\BaseConnection->simpleQuery('INSERT INTO `da...')
#3 C:\Users\User\KULIAH\PKL\Sistem-Informasi-Skripsi\system\Database\BaseBuilder.php(1759): CodeIgniter\Database\BaseConnection->query('INSERT INTO `da...', Array, false)
#4 C:\Users\User\KULIAH\PKL\Sistem-Informasi-Skripsi\system\Model.php(239): CodeIgniter\Database\BaseBuilder->insert()
#5 C:\Users\User\KULIAH\PKL\Sistem-Informasi-Skripsi\system\BaseModel.php(738): CodeIgniter\Model->doInsert(Array)
#6 C:\Users\User\KULIAH\PKL\Sistem-Informasi-Skripsi\system\Model.php(620): CodeIgniter\BaseModel->insert(Array, true)
#7 C:\Users\User\KULIAH\PKL\Sistem-Informasi-Skripsi\app\Controllers\Admin.php(108): CodeIgniter\Model->insert(Array)
#8 C:\Users\User\KULIAH\PKL\Sistem-Informasi-Skripsi\system\CodeIgniter.php(824): App\Controllers\Admin->terima_judul('1')
#9 C:\Users\User\KULIAH\PKL\Sistem-Informasi-Skripsi\system\CodeIgniter.php(410): CodeIgniter\CodeIgniter->runController(Object(App\Controllers\Admin))
#10 C:\Users\User\KULIAH\PKL\Sistem-Informasi-Skripsi\system\CodeIgniter.php(318): CodeIgniter\CodeIgniter->handleRequest(NULL, Object(Config\Cache), false)
#11 C:\Users\User\KULIAH\PKL\Sistem-Informasi-Skripsi\public\index.php(37): CodeIgniter\CodeIgniter->run()
#12 C:\Users\User\KULIAH\PKL\Sistem-Informasi-Skripsi\system\Commands\Server\rewrite.php(43): require_once('C:\\Users\\User\\K...')
#13 {main}
