CRITICAL - 2022-02-04 21:47:49 --> Undefined property: App\Controllers\Mahasiswa::$M_data_pengajuan_usul
#0 C:\Users\User\KULIAH\PKL\Sistem-Informasi-Skripsi\app\Controllers\Mahasiswa.php(188): CodeIgniter\Debug\Exceptions->errorHandler(8, 'Undefined prope...', 'C:\\Users\\User\\K...', 188, Array)
#1 C:\Users\User\KULIAH\PKL\Sistem-Informasi-Skripsi\system\CodeIgniter.php(824): App\Controllers\Mahasiswa->tambah_pengajuan_usul()
#2 C:\Users\User\KULIAH\PKL\Sistem-Informasi-Skripsi\system\CodeIgniter.php(410): CodeIgniter\CodeIgniter->runController(Object(App\Controllers\Mahasiswa))
#3 C:\Users\User\KULIAH\PKL\Sistem-Informasi-Skripsi\system\CodeIgniter.php(318): CodeIgniter\CodeIgniter->handleRequest(NULL, Object(Config\Cache), false)
#4 C:\Users\User\KULIAH\PKL\Sistem-Informasi-Skripsi\public\index.php(37): CodeIgniter\CodeIgniter->run()
#5 C:\Users\User\KULIAH\PKL\Sistem-Informasi-Skripsi\system\Commands\Server\rewrite.php(43): require_once('C:\\Users\\User\\K...')
#6 {main}
CRITICAL - 2022-02-04 21:48:09 --> Undefined property: App\Controllers\Cetakan::$M_surat_pengajuan_usul
#0 C:\Users\User\KULIAH\PKL\Sistem-Informasi-Skripsi\app\Controllers\Cetakan.php(36): CodeIgniter\Debug\Exceptions->errorHandler(8, 'Undefined prope...', 'C:\\Users\\User\\K...', 36, Array)
#1 C:\Users\User\KULIAH\PKL\Sistem-Informasi-Skripsi\system\CodeIgniter.php(824): App\Controllers\Cetakan->surat_pengajuan_usul('1')
#2 C:\Users\User\KULIAH\PKL\Sistem-Informasi-Skripsi\system\CodeIgniter.php(410): CodeIgniter\CodeIgniter->runController(Object(App\Controllers\Cetakan))
#3 C:\Users\User\KULIAH\PKL\Sistem-Informasi-Skripsi\system\CodeIgniter.php(318): CodeIgniter\CodeIgniter->handleRequest(NULL, Object(Config\Cache), false)
#4 C:\Users\User\KULIAH\PKL\Sistem-Informasi-Skripsi\public\index.php(37): CodeIgniter\CodeIgniter->run()
#5 C:\Users\User\KULIAH\PKL\Sistem-Informasi-Skripsi\system\Commands\Server\rewrite.php(43): require_once('C:\\Users\\User\\K...')
#6 {main}
CRITICAL - 2022-02-04 21:48:54 --> Undefined property: App\Controllers\Cetakan::$M_surat_pengajuan_usul
#0 C:\Users\User\KULIAH\PKL\Sistem-Informasi-Skripsi\app\Controllers\Cetakan.php(36): CodeIgniter\Debug\Exceptions->errorHandler(8, 'Undefined prope...', 'C:\\Users\\User\\K...', 36, Array)
#1 C:\Users\User\KULIAH\PKL\Sistem-Informasi-Skripsi\system\CodeIgniter.php(824): App\Controllers\Cetakan->surat_pengajuan_usul('1')
#2 C:\Users\User\KULIAH\PKL\Sistem-Informasi-Skripsi\system\CodeIgniter.php(410): CodeIgniter\CodeIgniter->runController(Object(App\Controllers\Cetakan))
#3 C:\Users\User\KULIAH\PKL\Sistem-Informasi-Skripsi\system\CodeIgniter.php(318): CodeIgniter\CodeIgniter->handleRequest(NULL, Object(Config\Cache), false)
#4 C:\Users\User\KULIAH\PKL\Sistem-Informasi-Skripsi\public\index.php(37): CodeIgniter\CodeIgniter->run()
#5 C:\Users\User\KULIAH\PKL\Sistem-Informasi-Skripsi\system\Commands\Server\rewrite.php(43): require_once('C:\\Users\\User\\K...')
#6 {main}
ERROR - 2022-02-04 21:51:45 --> Duplicate entry '1917051025' for key 'PRIMARY'
CRITICAL - 2022-02-04 21:51:45 --> Duplicate entry '1917051025' for key 'PRIMARY'
#0 C:\Users\User\KULIAH\PKL\Sistem-Informasi-Skripsi\system\Database\MySQLi\Connection.php(292): mysqli->query('INSERT INTO `da...', 0)
#1 C:\Users\User\KULIAH\PKL\Sistem-Informasi-Skripsi\system\Database\BaseConnection.php(670): CodeIgniter\Database\MySQLi\Connection->execute('INSERT INTO `da...')
#2 C:\Users\User\KULIAH\PKL\Sistem-Informasi-Skripsi\system\Database\BaseConnection.php(598): CodeIgniter\Database\BaseConnection->simpleQuery('INSERT INTO `da...')
#3 C:\Users\User\KULIAH\PKL\Sistem-Informasi-Skripsi\system\Database\BaseBuilder.php(1759): CodeIgniter\Database\BaseConnection->query('INSERT INTO `da...', Array, false)
#4 C:\Users\User\KULIAH\PKL\Sistem-Informasi-Skripsi\system\Model.php(239): CodeIgniter\Database\BaseBuilder->insert()
#5 C:\Users\User\KULIAH\PKL\Sistem-Informasi-Skripsi\system\BaseModel.php(738): CodeIgniter\Model->doInsert(Array)
#6 C:\Users\User\KULIAH\PKL\Sistem-Informasi-Skripsi\system\Model.php(620): CodeIgniter\BaseModel->insert(Array, true)
#7 C:\Users\User\KULIAH\PKL\Sistem-Informasi-Skripsi\app\Controllers\Mahasiswa.php(188): CodeIgniter\Model->insert(Array)
#8 C:\Users\User\KULIAH\PKL\Sistem-Informasi-Skripsi\system\CodeIgniter.php(824): App\Controllers\Mahasiswa->tambah_pengajuan_usul()
#9 C:\Users\User\KULIAH\PKL\Sistem-Informasi-Skripsi\system\CodeIgniter.php(410): CodeIgniter\CodeIgniter->runController(Object(App\Controllers\Mahasiswa))
#10 C:\Users\User\KULIAH\PKL\Sistem-Informasi-Skripsi\system\CodeIgniter.php(318): CodeIgniter\CodeIgniter->handleRequest(NULL, Object(Config\Cache), false)
#11 C:\Users\User\KULIAH\PKL\Sistem-Informasi-Skripsi\public\index.php(37): CodeIgniter\CodeIgniter->run()
#12 C:\Users\User\KULIAH\PKL\Sistem-Informasi-Skripsi\system\Commands\Server\rewrite.php(43): require_once('C:\\Users\\User\\K...')
#13 {main}
ERROR - 2022-02-04 21:53:34 --> Duplicate entry '1917051022' for key 'PRIMARY'
CRITICAL - 2022-02-04 21:53:34 --> Duplicate entry '1917051022' for key 'PRIMARY'
#0 C:\Users\User\KULIAH\PKL\Sistem-Informasi-Skripsi\system\Database\MySQLi\Connection.php(292): mysqli->query('INSERT INTO `da...', 0)
#1 C:\Users\User\KULIAH\PKL\Sistem-Informasi-Skripsi\system\Database\BaseConnection.php(670): CodeIgniter\Database\MySQLi\Connection->execute('INSERT INTO `da...')
#2 C:\Users\User\KULIAH\PKL\Sistem-Informasi-Skripsi\system\Database\BaseConnection.php(598): CodeIgniter\Database\BaseConnection->simpleQuery('INSERT INTO `da...')
#3 C:\Users\User\KULIAH\PKL\Sistem-Informasi-Skripsi\system\Database\BaseBuilder.php(1759): CodeIgniter\Database\BaseConnection->query('INSERT INTO `da...', Array, false)
#4 C:\Users\User\KULIAH\PKL\Sistem-Informasi-Skripsi\system\Model.php(239): CodeIgniter\Database\BaseBuilder->insert()
#5 C:\Users\User\KULIAH\PKL\Sistem-Informasi-Skripsi\system\BaseModel.php(738): CodeIgniter\Model->doInsert(Array)
#6 C:\Users\User\KULIAH\PKL\Sistem-Informasi-Skripsi\system\Model.php(620): CodeIgniter\BaseModel->insert(Array, true)
#7 C:\Users\User\KULIAH\PKL\Sistem-Informasi-Skripsi\app\Controllers\Mahasiswa.php(188): CodeIgniter\Model->insert(Array)
#8 C:\Users\User\KULIAH\PKL\Sistem-Informasi-Skripsi\system\CodeIgniter.php(824): App\Controllers\Mahasiswa->tambah_pengajuan_usul()
#9 C:\Users\User\KULIAH\PKL\Sistem-Informasi-Skripsi\system\CodeIgniter.php(410): CodeIgniter\CodeIgniter->runController(Object(App\Controllers\Mahasiswa))
#10 C:\Users\User\KULIAH\PKL\Sistem-Informasi-Skripsi\system\CodeIgniter.php(318): CodeIgniter\CodeIgniter->handleRequest(NULL, Object(Config\Cache), false)
#11 C:\Users\User\KULIAH\PKL\Sistem-Informasi-Skripsi\public\index.php(37): CodeIgniter\CodeIgniter->run()
#12 C:\Users\User\KULIAH\PKL\Sistem-Informasi-Skripsi\system\Commands\Server\rewrite.php(43): require_once('C:\\Users\\User\\K...')
#13 {main}
CRITICAL - 2022-02-04 21:54:28 --> Undefined index: no_surat
#0 C:\Users\User\KULIAH\PKL\Sistem-Informasi-Skripsi\app\Controllers\Mahasiswa.php(191): CodeIgniter\Debug\Exceptions->errorHandler(8, 'Undefined index...', 'C:\\Users\\User\\K...', 191, Array)
#1 C:\Users\User\KULIAH\PKL\Sistem-Informasi-Skripsi\system\CodeIgniter.php(824): App\Controllers\Mahasiswa->tambah_pengajuan_usul()
#2 C:\Users\User\KULIAH\PKL\Sistem-Informasi-Skripsi\system\CodeIgniter.php(410): CodeIgniter\CodeIgniter->runController(Object(App\Controllers\Mahasiswa))
#3 C:\Users\User\KULIAH\PKL\Sistem-Informasi-Skripsi\system\CodeIgniter.php(318): CodeIgniter\CodeIgniter->handleRequest(NULL, Object(Config\Cache), false)
#4 C:\Users\User\KULIAH\PKL\Sistem-Informasi-Skripsi\public\index.php(37): CodeIgniter\CodeIgniter->run()
#5 C:\Users\User\KULIAH\PKL\Sistem-Informasi-Skripsi\system\Commands\Server\rewrite.php(43): require_once('C:\\Users\\User\\K...')
#6 {main}
ERROR - 2022-02-04 21:54:39 --> Duplicate entry '1917051027' for key 'PRIMARY'
CRITICAL - 2022-02-04 21:54:39 --> Duplicate entry '1917051027' for key 'PRIMARY'
#0 C:\Users\User\KULIAH\PKL\Sistem-Informasi-Skripsi\system\Database\MySQLi\Connection.php(292): mysqli->query('INSERT INTO `da...', 0)
#1 C:\Users\User\KULIAH\PKL\Sistem-Informasi-Skripsi\system\Database\BaseConnection.php(670): CodeIgniter\Database\MySQLi\Connection->execute('INSERT INTO `da...')
#2 C:\Users\User\KULIAH\PKL\Sistem-Informasi-Skripsi\system\Database\BaseConnection.php(598): CodeIgniter\Database\BaseConnection->simpleQuery('INSERT INTO `da...')
#3 C:\Users\User\KULIAH\PKL\Sistem-Informasi-Skripsi\system\Database\BaseBuilder.php(1759): CodeIgniter\Database\BaseConnection->query('INSERT INTO `da...', Array, false)
#4 C:\Users\User\KULIAH\PKL\Sistem-Informasi-Skripsi\system\Model.php(239): CodeIgniter\Database\BaseBuilder->insert()
#5 C:\Users\User\KULIAH\PKL\Sistem-Informasi-Skripsi\system\BaseModel.php(738): CodeIgniter\Model->doInsert(Array)
#6 C:\Users\User\KULIAH\PKL\Sistem-Informasi-Skripsi\system\Model.php(620): CodeIgniter\BaseModel->insert(Array, true)
#7 C:\Users\User\KULIAH\PKL\Sistem-Informasi-Skripsi\app\Controllers\Mahasiswa.php(188): CodeIgniter\Model->insert(Array)
#8 C:\Users\User\KULIAH\PKL\Sistem-Informasi-Skripsi\system\CodeIgniter.php(824): App\Controllers\Mahasiswa->tambah_pengajuan_usul()
#9 C:\Users\User\KULIAH\PKL\Sistem-Informasi-Skripsi\system\CodeIgniter.php(410): CodeIgniter\CodeIgniter->runController(Object(App\Controllers\Mahasiswa))
#10 C:\Users\User\KULIAH\PKL\Sistem-Informasi-Skripsi\system\CodeIgniter.php(318): CodeIgniter\CodeIgniter->handleRequest(NULL, Object(Config\Cache), false)
#11 C:\Users\User\KULIAH\PKL\Sistem-Informasi-Skripsi\public\index.php(37): CodeIgniter\CodeIgniter->run()
#12 C:\Users\User\KULIAH\PKL\Sistem-Informasi-Skripsi\system\Commands\Server\rewrite.php(43): require_once('C:\\Users\\User\\K...')
#13 {main}
CRITICAL - 2022-02-04 21:54:46 --> Argument 2 passed to view() must be of the type array, null given, called in C:\Users\User\KULIAH\PKL\Sistem-Informasi-Skripsi\app\Controllers\Cetakan.php on line 45
#0 C:\Users\User\KULIAH\PKL\Sistem-Informasi-Skripsi\app\Controllers\Cetakan.php(45): view('mpdf/doc_pengaj...', NULL)
#1 C:\Users\User\KULIAH\PKL\Sistem-Informasi-Skripsi\system\CodeIgniter.php(824): App\Controllers\Cetakan->surat_pengajuan_usul('1917051029')
#2 C:\Users\User\KULIAH\PKL\Sistem-Informasi-Skripsi\system\CodeIgniter.php(410): CodeIgniter\CodeIgniter->runController(Object(App\Controllers\Cetakan))
#3 C:\Users\User\KULIAH\PKL\Sistem-Informasi-Skripsi\system\CodeIgniter.php(318): CodeIgniter\CodeIgniter->handleRequest(NULL, Object(Config\Cache), false)
#4 C:\Users\User\KULIAH\PKL\Sistem-Informasi-Skripsi\public\index.php(37): CodeIgniter\CodeIgniter->run()
#5 C:\Users\User\KULIAH\PKL\Sistem-Informasi-Skripsi\system\Commands\Server\rewrite.php(43): require_once('C:\\Users\\User\\K...')
#6 {main}
CRITICAL - 2022-02-04 21:57:50 --> Argument 2 passed to view() must be of the type array, null given, called in C:\Users\User\KULIAH\PKL\Sistem-Informasi-Skripsi\app\Controllers\Cetakan.php on line 45
#0 C:\Users\User\KULIAH\PKL\Sistem-Informasi-Skripsi\app\Controllers\Cetakan.php(45): view('mpdf/doc_pengaj...', NULL)
#1 C:\Users\User\KULIAH\PKL\Sistem-Informasi-Skripsi\system\CodeIgniter.php(824): App\Controllers\Cetakan->surat_pengajuan_usul('1917051029')
#2 C:\Users\User\KULIAH\PKL\Sistem-Informasi-Skripsi\system\CodeIgniter.php(410): CodeIgniter\CodeIgniter->runController(Object(App\Controllers\Cetakan))
#3 C:\Users\User\KULIAH\PKL\Sistem-Informasi-Skripsi\system\CodeIgniter.php(318): CodeIgniter\CodeIgniter->handleRequest(NULL, Object(Config\Cache), false)
#4 C:\Users\User\KULIAH\PKL\Sistem-Informasi-Skripsi\public\index.php(37): CodeIgniter\CodeIgniter->run()
#5 C:\Users\User\KULIAH\PKL\Sistem-Informasi-Skripsi\system\Commands\Server\rewrite.php(43): require_once('C:\\Users\\User\\K...')
#6 {main}
CRITICAL - 2022-02-04 21:57:56 --> Too few arguments to function App\Controllers\Cetakan::surat_pengajuan_usul(), 0 passed in C:\Users\User\KULIAH\PKL\Sistem-Informasi-Skripsi\system\CodeIgniter.php on line 824 and exactly 1 expected
#0 C:\Users\User\KULIAH\PKL\Sistem-Informasi-Skripsi\system\CodeIgniter.php(824): App\Controllers\Cetakan->surat_pengajuan_usul()
#1 C:\Users\User\KULIAH\PKL\Sistem-Informasi-Skripsi\system\CodeIgniter.php(410): CodeIgniter\CodeIgniter->runController(Object(App\Controllers\Cetakan))
#2 C:\Users\User\KULIAH\PKL\Sistem-Informasi-Skripsi\system\CodeIgniter.php(318): CodeIgniter\CodeIgniter->handleRequest(NULL, Object(Config\Cache), false)
#3 C:\Users\User\KULIAH\PKL\Sistem-Informasi-Skripsi\public\index.php(37): CodeIgniter\CodeIgniter->run()
#4 C:\Users\User\KULIAH\PKL\Sistem-Informasi-Skripsi\system\Commands\Server\rewrite.php(43): require_once('C:\\Users\\User\\K...')
#5 {main}
CRITICAL - 2022-02-04 22:02:14 --> Undefined index: no_surat
#0 C:\Users\User\KULIAH\PKL\Sistem-Informasi-Skripsi\app\Controllers\Mahasiswa.php(193): CodeIgniter\Debug\Exceptions->errorHandler(8, 'Undefined index...', 'C:\\Users\\User\\K...', 193, Array)
#1 C:\Users\User\KULIAH\PKL\Sistem-Informasi-Skripsi\system\CodeIgniter.php(824): App\Controllers\Mahasiswa->tambah_pengajuan_usul()
#2 C:\Users\User\KULIAH\PKL\Sistem-Informasi-Skripsi\system\CodeIgniter.php(410): CodeIgniter\CodeIgniter->runController(Object(App\Controllers\Mahasiswa))
#3 C:\Users\User\KULIAH\PKL\Sistem-Informasi-Skripsi\system\CodeIgniter.php(318): CodeIgniter\CodeIgniter->handleRequest(NULL, Object(Config\Cache), false)
#4 C:\Users\User\KULIAH\PKL\Sistem-Informasi-Skripsi\public\index.php(37): CodeIgniter\CodeIgniter->run()
#5 C:\Users\User\KULIAH\PKL\Sistem-Informasi-Skripsi\system\Commands\Server\rewrite.php(43): require_once('C:\\Users\\User\\K...')
#6 {main}
CRITICAL - 2022-02-04 22:05:37 --> Object of class CodeIgniter\Database\MySQLi\Result could not be converted to string
#0 C:\Users\User\KULIAH\PKL\Sistem-Informasi-Skripsi\system\CodeIgniter.php(824): App\Controllers\Mahasiswa->tambah_pengajuan_usul()
#1 C:\Users\User\KULIAH\PKL\Sistem-Informasi-Skripsi\system\CodeIgniter.php(410): CodeIgniter\CodeIgniter->runController(Object(App\Controllers\Mahasiswa))
#2 C:\Users\User\KULIAH\PKL\Sistem-Informasi-Skripsi\system\CodeIgniter.php(318): CodeIgniter\CodeIgniter->handleRequest(NULL, Object(Config\Cache), false)
#3 C:\Users\User\KULIAH\PKL\Sistem-Informasi-Skripsi\public\index.php(37): CodeIgniter\CodeIgniter->run()
#4 C:\Users\User\KULIAH\PKL\Sistem-Informasi-Skripsi\system\Commands\Server\rewrite.php(43): require_once('C:\\Users\\User\\K...')
#5 {main}
ERROR - 2022-02-04 22:06:59 --> Duplicate entry '1917051032' for key 'PRIMARY'
CRITICAL - 2022-02-04 22:06:59 --> Duplicate entry '1917051032' for key 'PRIMARY'
#0 C:\Users\User\KULIAH\PKL\Sistem-Informasi-Skripsi\system\Database\MySQLi\Connection.php(292): mysqli->query('INSERT INTO `da...', 0)
#1 C:\Users\User\KULIAH\PKL\Sistem-Informasi-Skripsi\system\Database\BaseConnection.php(670): CodeIgniter\Database\MySQLi\Connection->execute('INSERT INTO `da...')
#2 C:\Users\User\KULIAH\PKL\Sistem-Informasi-Skripsi\system\Database\BaseConnection.php(598): CodeIgniter\Database\BaseConnection->simpleQuery('INSERT INTO `da...')
#3 C:\Users\User\KULIAH\PKL\Sistem-Informasi-Skripsi\system\Database\BaseBuilder.php(1759): CodeIgniter\Database\BaseConnection->query('INSERT INTO `da...', Array, false)
#4 C:\Users\User\KULIAH\PKL\Sistem-Informasi-Skripsi\system\Model.php(239): CodeIgniter\Database\BaseBuilder->insert()
#5 C:\Users\User\KULIAH\PKL\Sistem-Informasi-Skripsi\system\BaseModel.php(738): CodeIgniter\Model->doInsert(Array)
#6 C:\Users\User\KULIAH\PKL\Sistem-Informasi-Skripsi\system\Model.php(620): CodeIgniter\BaseModel->insert(Array, true)
#7 C:\Users\User\KULIAH\PKL\Sistem-Informasi-Skripsi\app\Controllers\Mahasiswa.php(189): CodeIgniter\Model->insert(Array)
#8 C:\Users\User\KULIAH\PKL\Sistem-Informasi-Skripsi\system\CodeIgniter.php(824): App\Controllers\Mahasiswa->tambah_pengajuan_usul()
#9 C:\Users\User\KULIAH\PKL\Sistem-Informasi-Skripsi\system\CodeIgniter.php(410): CodeIgniter\CodeIgniter->runController(Object(App\Controllers\Mahasiswa))
#10 C:\Users\User\KULIAH\PKL\Sistem-Informasi-Skripsi\system\CodeIgniter.php(318): CodeIgniter\CodeIgniter->handleRequest(NULL, Object(Config\Cache), false)
#11 C:\Users\User\KULIAH\PKL\Sistem-Informasi-Skripsi\public\index.php(37): CodeIgniter\CodeIgniter->run()
#12 C:\Users\User\KULIAH\PKL\Sistem-Informasi-Skripsi\system\Commands\Server\rewrite.php(43): require_once('C:\\Users\\User\\K...')
#13 {main}
CRITICAL - 2022-02-04 22:07:04 --> Object of class CodeIgniter\Database\MySQLi\Result could not be converted to string
#0 C:\Users\User\KULIAH\PKL\Sistem-Informasi-Skripsi\system\CodeIgniter.php(824): App\Controllers\Mahasiswa->tambah_pengajuan_usul()
#1 C:\Users\User\KULIAH\PKL\Sistem-Informasi-Skripsi\system\CodeIgniter.php(410): CodeIgniter\CodeIgniter->runController(Object(App\Controllers\Mahasiswa))
#2 C:\Users\User\KULIAH\PKL\Sistem-Informasi-Skripsi\system\CodeIgniter.php(318): CodeIgniter\CodeIgniter->handleRequest(NULL, Object(Config\Cache), false)
#3 C:\Users\User\KULIAH\PKL\Sistem-Informasi-Skripsi\public\index.php(37): CodeIgniter\CodeIgniter->run()
#4 C:\Users\User\KULIAH\PKL\Sistem-Informasi-Skripsi\system\Commands\Server\rewrite.php(43): require_once('C:\\Users\\User\\K...')
#5 {main}
ERROR - 2022-02-04 22:08:57 --> Duplicate entry '1917051035' for key 'PRIMARY'
CRITICAL - 2022-02-04 22:08:57 --> Duplicate entry '1917051035' for key 'PRIMARY'
#0 C:\Users\User\KULIAH\PKL\Sistem-Informasi-Skripsi\system\Database\MySQLi\Connection.php(292): mysqli->query('INSERT INTO `da...', 0)
#1 C:\Users\User\KULIAH\PKL\Sistem-Informasi-Skripsi\system\Database\BaseConnection.php(670): CodeIgniter\Database\MySQLi\Connection->execute('INSERT INTO `da...')
#2 C:\Users\User\KULIAH\PKL\Sistem-Informasi-Skripsi\system\Database\BaseConnection.php(598): CodeIgniter\Database\BaseConnection->simpleQuery('INSERT INTO `da...')
#3 C:\Users\User\KULIAH\PKL\Sistem-Informasi-Skripsi\system\Database\BaseBuilder.php(1759): CodeIgniter\Database\BaseConnection->query('INSERT INTO `da...', Array, false)
#4 C:\Users\User\KULIAH\PKL\Sistem-Informasi-Skripsi\system\Model.php(239): CodeIgniter\Database\BaseBuilder->insert()
#5 C:\Users\User\KULIAH\PKL\Sistem-Informasi-Skripsi\system\BaseModel.php(738): CodeIgniter\Model->doInsert(Array)
#6 C:\Users\User\KULIAH\PKL\Sistem-Informasi-Skripsi\system\Model.php(620): CodeIgniter\BaseModel->insert(Array, true)
#7 C:\Users\User\KULIAH\PKL\Sistem-Informasi-Skripsi\app\Controllers\Mahasiswa.php(189): CodeIgniter\Model->insert(Array)
#8 C:\Users\User\KULIAH\PKL\Sistem-Informasi-Skripsi\system\CodeIgniter.php(824): App\Controllers\Mahasiswa->tambah_pengajuan_usul()
#9 C:\Users\User\KULIAH\PKL\Sistem-Informasi-Skripsi\system\CodeIgniter.php(410): CodeIgniter\CodeIgniter->runController(Object(App\Controllers\Mahasiswa))
#10 C:\Users\User\KULIAH\PKL\Sistem-Informasi-Skripsi\system\CodeIgniter.php(318): CodeIgniter\CodeIgniter->handleRequest(NULL, Object(Config\Cache), false)
#11 C:\Users\User\KULIAH\PKL\Sistem-Informasi-Skripsi\public\index.php(37): CodeIgniter\CodeIgniter->run()
#12 C:\Users\User\KULIAH\PKL\Sistem-Informasi-Skripsi\system\Commands\Server\rewrite.php(43): require_once('C:\\Users\\User\\K...')
#13 {main}
CRITICAL - 2022-02-04 22:09:00 --> Array to string conversion
#0 C:\Users\User\KULIAH\PKL\Sistem-Informasi-Skripsi\app\Controllers\Mahasiswa.php(195): CodeIgniter\Debug\Exceptions->errorHandler(8, 'Array to string...', 'C:\\Users\\User\\K...', 195, Array)
#1 C:\Users\User\KULIAH\PKL\Sistem-Informasi-Skripsi\system\CodeIgniter.php(824): App\Controllers\Mahasiswa->tambah_pengajuan_usul()
#2 C:\Users\User\KULIAH\PKL\Sistem-Informasi-Skripsi\system\CodeIgniter.php(410): CodeIgniter\CodeIgniter->runController(Object(App\Controllers\Mahasiswa))
#3 C:\Users\User\KULIAH\PKL\Sistem-Informasi-Skripsi\system\CodeIgniter.php(318): CodeIgniter\CodeIgniter->handleRequest(NULL, Object(Config\Cache), false)
#4 C:\Users\User\KULIAH\PKL\Sistem-Informasi-Skripsi\public\index.php(37): CodeIgniter\CodeIgniter->run()
#5 C:\Users\User\KULIAH\PKL\Sistem-Informasi-Skripsi\system\Commands\Server\rewrite.php(43): require_once('C:\\Users\\User\\K...')
#6 {main}
CRITICAL - 2022-02-04 22:09:22 --> Call to undefined method CodeIgniter\Database\MySQLi\Result::getResultString()
#0 C:\Users\User\KULIAH\PKL\Sistem-Informasi-Skripsi\system\CodeIgniter.php(824): App\Controllers\Mahasiswa->tambah_pengajuan_usul()
#1 C:\Users\User\KULIAH\PKL\Sistem-Informasi-Skripsi\system\CodeIgniter.php(410): CodeIgniter\CodeIgniter->runController(Object(App\Controllers\Mahasiswa))
#2 C:\Users\User\KULIAH\PKL\Sistem-Informasi-Skripsi\system\CodeIgniter.php(318): CodeIgniter\CodeIgniter->handleRequest(NULL, Object(Config\Cache), false)
#3 C:\Users\User\KULIAH\PKL\Sistem-Informasi-Skripsi\public\index.php(37): CodeIgniter\CodeIgniter->run()
#4 C:\Users\User\KULIAH\PKL\Sistem-Informasi-Skripsi\system\Commands\Server\rewrite.php(43): require_once('C:\\Users\\User\\K...')
#5 {main}
CRITICAL - 2022-02-04 22:19:48 --> Undefined index: no_surat
#0 C:\Users\User\KULIAH\PKL\Sistem-Informasi-Skripsi\app\Controllers\Mahasiswa.php(195): CodeIgniter\Debug\Exceptions->errorHandler(8, 'Undefined index...', 'C:\\Users\\User\\K...', 195, Array)
#1 C:\Users\User\KULIAH\PKL\Sistem-Informasi-Skripsi\system\CodeIgniter.php(824): App\Controllers\Mahasiswa->tambah_pengajuan_usul()
#2 C:\Users\User\KULIAH\PKL\Sistem-Informasi-Skripsi\system\CodeIgniter.php(410): CodeIgniter\CodeIgniter->runController(Object(App\Controllers\Mahasiswa))
#3 C:\Users\User\KULIAH\PKL\Sistem-Informasi-Skripsi\system\CodeIgniter.php(318): CodeIgniter\CodeIgniter->handleRequest(NULL, Object(Config\Cache), false)
#4 C:\Users\User\KULIAH\PKL\Sistem-Informasi-Skripsi\public\index.php(37): CodeIgniter\CodeIgniter->run()
#5 C:\Users\User\KULIAH\PKL\Sistem-Informasi-Skripsi\system\Commands\Server\rewrite.php(43): require_once('C:\\Users\\User\\K...')
#6 {main}
ERROR - 2022-02-04 22:20:02 --> Duplicate entry '191705103' for key 'PRIMARY'
CRITICAL - 2022-02-04 22:20:02 --> Duplicate entry '191705103' for key 'PRIMARY'
#0 C:\Users\User\KULIAH\PKL\Sistem-Informasi-Skripsi\system\Database\MySQLi\Connection.php(292): mysqli->query('INSERT INTO `da...', 0)
#1 C:\Users\User\KULIAH\PKL\Sistem-Informasi-Skripsi\system\Database\BaseConnection.php(670): CodeIgniter\Database\MySQLi\Connection->execute('INSERT INTO `da...')
#2 C:\Users\User\KULIAH\PKL\Sistem-Informasi-Skripsi\system\Database\BaseConnection.php(598): CodeIgniter\Database\BaseConnection->simpleQuery('INSERT INTO `da...')
#3 C:\Users\User\KULIAH\PKL\Sistem-Informasi-Skripsi\system\Database\BaseBuilder.php(1759): CodeIgniter\Database\BaseConnection->query('INSERT INTO `da...', Array, false)
#4 C:\Users\User\KULIAH\PKL\Sistem-Informasi-Skripsi\system\Model.php(239): CodeIgniter\Database\BaseBuilder->insert()
#5 C:\Users\User\KULIAH\PKL\Sistem-Informasi-Skripsi\system\BaseModel.php(738): CodeIgniter\Model->doInsert(Array)
#6 C:\Users\User\KULIAH\PKL\Sistem-Informasi-Skripsi\system\Model.php(620): CodeIgniter\BaseModel->insert(Array, true)
#7 C:\Users\User\KULIAH\PKL\Sistem-Informasi-Skripsi\app\Controllers\Mahasiswa.php(189): CodeIgniter\Model->insert(Array)
#8 C:\Users\User\KULIAH\PKL\Sistem-Informasi-Skripsi\system\CodeIgniter.php(824): App\Controllers\Mahasiswa->tambah_pengajuan_usul()
#9 C:\Users\User\KULIAH\PKL\Sistem-Informasi-Skripsi\system\CodeIgniter.php(410): CodeIgniter\CodeIgniter->runController(Object(App\Controllers\Mahasiswa))
#10 C:\Users\User\KULIAH\PKL\Sistem-Informasi-Skripsi\system\CodeIgniter.php(318): CodeIgniter\CodeIgniter->handleRequest(NULL, Object(Config\Cache), false)
#11 C:\Users\User\KULIAH\PKL\Sistem-Informasi-Skripsi\public\index.php(37): CodeIgniter\CodeIgniter->run()
#12 C:\Users\User\KULIAH\PKL\Sistem-Informasi-Skripsi\system\Commands\Server\rewrite.php(43): require_once('C:\\Users\\User\\K...')
#13 {main}
ERROR - 2022-02-04 22:20:06 --> Duplicate entry '1917051032' for key 'PRIMARY'
CRITICAL - 2022-02-04 22:20:06 --> Duplicate entry '1917051032' for key 'PRIMARY'
#0 C:\Users\User\KULIAH\PKL\Sistem-Informasi-Skripsi\system\Database\MySQLi\Connection.php(292): mysqli->query('INSERT INTO `da...', 0)
#1 C:\Users\User\KULIAH\PKL\Sistem-Informasi-Skripsi\system\Database\BaseConnection.php(670): CodeIgniter\Database\MySQLi\Connection->execute('INSERT INTO `da...')
#2 C:\Users\User\KULIAH\PKL\Sistem-Informasi-Skripsi\system\Database\BaseConnection.php(598): CodeIgniter\Database\BaseConnection->simpleQuery('INSERT INTO `da...')
#3 C:\Users\User\KULIAH\PKL\Sistem-Informasi-Skripsi\system\Database\BaseBuilder.php(1759): CodeIgniter\Database\BaseConnection->query('INSERT INTO `da...', Array, false)
#4 C:\Users\User\KULIAH\PKL\Sistem-Informasi-Skripsi\system\Model.php(239): CodeIgniter\Database\BaseBuilder->insert()
#5 C:\Users\User\KULIAH\PKL\Sistem-Informasi-Skripsi\system\BaseModel.php(738): CodeIgniter\Model->doInsert(Array)
#6 C:\Users\User\KULIAH\PKL\Sistem-Informasi-Skripsi\system\Model.php(620): CodeIgniter\BaseModel->insert(Array, true)
#7 C:\Users\User\KULIAH\PKL\Sistem-Informasi-Skripsi\app\Controllers\Mahasiswa.php(189): CodeIgniter\Model->insert(Array)
#8 C:\Users\User\KULIAH\PKL\Sistem-Informasi-Skripsi\system\CodeIgniter.php(824): App\Controllers\Mahasiswa->tambah_pengajuan_usul()
#9 C:\Users\User\KULIAH\PKL\Sistem-Informasi-Skripsi\system\CodeIgniter.php(410): CodeIgniter\CodeIgniter->runController(Object(App\Controllers\Mahasiswa))
#10 C:\Users\User\KULIAH\PKL\Sistem-Informasi-Skripsi\system\CodeIgniter.php(318): CodeIgniter\CodeIgniter->handleRequest(NULL, Object(Config\Cache), false)
#11 C:\Users\User\KULIAH\PKL\Sistem-Informasi-Skripsi\public\index.php(37): CodeIgniter\CodeIgniter->run()
#12 C:\Users\User\KULIAH\PKL\Sistem-Informasi-Skripsi\system\Commands\Server\rewrite.php(43): require_once('C:\\Users\\User\\K...')
#13 {main}
CRITICAL - 2022-02-04 22:20:12 --> Array to string conversion
#0 C:\Users\User\KULIAH\PKL\Sistem-Informasi-Skripsi\app\Controllers\Mahasiswa.php(195): CodeIgniter\Debug\Exceptions->errorHandler(8, 'Array to string...', 'C:\\Users\\User\\K...', 195, Array)
#1 C:\Users\User\KULIAH\PKL\Sistem-Informasi-Skripsi\system\CodeIgniter.php(824): App\Controllers\Mahasiswa->tambah_pengajuan_usul()
#2 C:\Users\User\KULIAH\PKL\Sistem-Informasi-Skripsi\system\CodeIgniter.php(410): CodeIgniter\CodeIgniter->runController(Object(App\Controllers\Mahasiswa))
#3 C:\Users\User\KULIAH\PKL\Sistem-Informasi-Skripsi\system\CodeIgniter.php(318): CodeIgniter\CodeIgniter->handleRequest(NULL, Object(Config\Cache), false)
#4 C:\Users\User\KULIAH\PKL\Sistem-Informasi-Skripsi\public\index.php(37): CodeIgniter\CodeIgniter->run()
#5 C:\Users\User\KULIAH\PKL\Sistem-Informasi-Skripsi\system\Commands\Server\rewrite.php(43): require_once('C:\\Users\\User\\K...')
#6 {main}
CRITICAL - 2022-02-04 22:20:52 --> Object of class CodeIgniter\Database\MySQLi\Result could not be converted to string
#0 C:\Users\User\KULIAH\PKL\Sistem-Informasi-Skripsi\system\CodeIgniter.php(824): App\Controllers\Mahasiswa->tambah_pengajuan_usul()
#1 C:\Users\User\KULIAH\PKL\Sistem-Informasi-Skripsi\system\CodeIgniter.php(410): CodeIgniter\CodeIgniter->runController(Object(App\Controllers\Mahasiswa))
#2 C:\Users\User\KULIAH\PKL\Sistem-Informasi-Skripsi\system\CodeIgniter.php(318): CodeIgniter\CodeIgniter->handleRequest(NULL, Object(Config\Cache), false)
#3 C:\Users\User\KULIAH\PKL\Sistem-Informasi-Skripsi\public\index.php(37): CodeIgniter\CodeIgniter->run()
#4 C:\Users\User\KULIAH\PKL\Sistem-Informasi-Skripsi\system\Commands\Server\rewrite.php(43): require_once('C:\\Users\\User\\K...')
#5 {main}
ERROR - 2022-02-04 22:21:52 --> Duplicate entry '1917051035' for key 'PRIMARY'
CRITICAL - 2022-02-04 22:21:52 --> Duplicate entry '1917051035' for key 'PRIMARY'
#0 C:\Users\User\KULIAH\PKL\Sistem-Informasi-Skripsi\system\Database\MySQLi\Connection.php(292): mysqli->query('INSERT INTO `da...', 0)
#1 C:\Users\User\KULIAH\PKL\Sistem-Informasi-Skripsi\system\Database\BaseConnection.php(670): CodeIgniter\Database\MySQLi\Connection->execute('INSERT INTO `da...')
#2 C:\Users\User\KULIAH\PKL\Sistem-Informasi-Skripsi\system\Database\BaseConnection.php(598): CodeIgniter\Database\BaseConnection->simpleQuery('INSERT INTO `da...')
#3 C:\Users\User\KULIAH\PKL\Sistem-Informasi-Skripsi\system\Database\BaseBuilder.php(1759): CodeIgniter\Database\BaseConnection->query('INSERT INTO `da...', Array, false)
#4 C:\Users\User\KULIAH\PKL\Sistem-Informasi-Skripsi\system\Model.php(239): CodeIgniter\Database\BaseBuilder->insert()
#5 C:\Users\User\KULIAH\PKL\Sistem-Informasi-Skripsi\system\BaseModel.php(738): CodeIgniter\Model->doInsert(Array)
#6 C:\Users\User\KULIAH\PKL\Sistem-Informasi-Skripsi\system\Model.php(620): CodeIgniter\BaseModel->insert(Array, true)
#7 C:\Users\User\KULIAH\PKL\Sistem-Informasi-Skripsi\app\Controllers\Mahasiswa.php(189): CodeIgniter\Model->insert(Array)
#8 C:\Users\User\KULIAH\PKL\Sistem-Informasi-Skripsi\system\CodeIgniter.php(824): App\Controllers\Mahasiswa->tambah_pengajuan_usul()
#9 C:\Users\User\KULIAH\PKL\Sistem-Informasi-Skripsi\system\CodeIgniter.php(410): CodeIgniter\CodeIgniter->runController(Object(App\Controllers\Mahasiswa))
#10 C:\Users\User\KULIAH\PKL\Sistem-Informasi-Skripsi\system\CodeIgniter.php(318): CodeIgniter\CodeIgniter->handleRequest(NULL, Object(Config\Cache), false)
#11 C:\Users\User\KULIAH\PKL\Sistem-Informasi-Skripsi\public\index.php(37): CodeIgniter\CodeIgniter->run()
#12 C:\Users\User\KULIAH\PKL\Sistem-Informasi-Skripsi\system\Commands\Server\rewrite.php(43): require_once('C:\\Users\\User\\K...')
#13 {main}
CRITICAL - 2022-02-04 22:21:58 --> Call to undefined method CodeIgniter\Database\MySQLi\Result::fetch_assoc()
#0 C:\Users\User\KULIAH\PKL\Sistem-Informasi-Skripsi\system\CodeIgniter.php(824): App\Controllers\Mahasiswa->tambah_pengajuan_usul()
#1 C:\Users\User\KULIAH\PKL\Sistem-Informasi-Skripsi\system\CodeIgniter.php(410): CodeIgniter\CodeIgniter->runController(Object(App\Controllers\Mahasiswa))
#2 C:\Users\User\KULIAH\PKL\Sistem-Informasi-Skripsi\system\CodeIgniter.php(318): CodeIgniter\CodeIgniter->handleRequest(NULL, Object(Config\Cache), false)
#3 C:\Users\User\KULIAH\PKL\Sistem-Informasi-Skripsi\public\index.php(37): CodeIgniter\CodeIgniter->run()
#4 C:\Users\User\KULIAH\PKL\Sistem-Informasi-Skripsi\system\Commands\Server\rewrite.php(43): require_once('C:\\Users\\User\\K...')
#5 {main}
CRITICAL - 2022-02-04 22:40:23 --> Argument 1 passed to CodeIgniter\Database\BaseBuilder::get() must be of the type int or null, string given, called in C:\Users\User\KULIAH\PKL\Sistem-Informasi-Skripsi\system\Model.php on line 723
#0 C:\Users\User\KULIAH\PKL\Sistem-Informasi-Skripsi\system\Model.php(723): CodeIgniter\Database\BaseBuilder->get('no_surat')
#1 C:\Users\User\KULIAH\PKL\Sistem-Informasi-Skripsi\app\Controllers\Mahasiswa.php(192): CodeIgniter\Model->__call('get', Array)
#2 C:\Users\User\KULIAH\PKL\Sistem-Informasi-Skripsi\system\CodeIgniter.php(824): App\Controllers\Mahasiswa->tambah_pengajuan_usul()
#3 C:\Users\User\KULIAH\PKL\Sistem-Informasi-Skripsi\system\CodeIgniter.php(410): CodeIgniter\CodeIgniter->runController(Object(App\Controllers\Mahasiswa))
#4 C:\Users\User\KULIAH\PKL\Sistem-Informasi-Skripsi\system\CodeIgniter.php(318): CodeIgniter\CodeIgniter->handleRequest(NULL, Object(Config\Cache), false)
#5 C:\Users\User\KULIAH\PKL\Sistem-Informasi-Skripsi\public\index.php(37): CodeIgniter\CodeIgniter->run()
#6 C:\Users\User\KULIAH\PKL\Sistem-Informasi-Skripsi\system\Commands\Server\rewrite.php(43): require_once('C:\\Users\\User\\K...')
#7 {main}
ERROR - 2022-02-04 22:40:53 --> Duplicate entry '1917051012' for key 'PRIMARY'
CRITICAL - 2022-02-04 22:40:53 --> Duplicate entry '1917051012' for key 'PRIMARY'
#0 C:\Users\User\KULIAH\PKL\Sistem-Informasi-Skripsi\system\Database\MySQLi\Connection.php(292): mysqli->query('INSERT INTO `da...', 0)
#1 C:\Users\User\KULIAH\PKL\Sistem-Informasi-Skripsi\system\Database\BaseConnection.php(670): CodeIgniter\Database\MySQLi\Connection->execute('INSERT INTO `da...')
#2 C:\Users\User\KULIAH\PKL\Sistem-Informasi-Skripsi\system\Database\BaseConnection.php(598): CodeIgniter\Database\BaseConnection->simpleQuery('INSERT INTO `da...')
#3 C:\Users\User\KULIAH\PKL\Sistem-Informasi-Skripsi\system\Database\BaseBuilder.php(1759): CodeIgniter\Database\BaseConnection->query('INSERT INTO `da...', Array, false)
#4 C:\Users\User\KULIAH\PKL\Sistem-Informasi-Skripsi\system\Model.php(239): CodeIgniter\Database\BaseBuilder->insert()
#5 C:\Users\User\KULIAH\PKL\Sistem-Informasi-Skripsi\system\BaseModel.php(738): CodeIgniter\Model->doInsert(Array)
#6 C:\Users\User\KULIAH\PKL\Sistem-Informasi-Skripsi\system\Model.php(620): CodeIgniter\BaseModel->insert(Array, true)
#7 C:\Users\User\KULIAH\PKL\Sistem-Informasi-Skripsi\app\Controllers\Mahasiswa.php(189): CodeIgniter\Model->insert(Array)
#8 C:\Users\User\KULIAH\PKL\Sistem-Informasi-Skripsi\system\CodeIgniter.php(824): App\Controllers\Mahasiswa->tambah_pengajuan_usul()
#9 C:\Users\User\KULIAH\PKL\Sistem-Informasi-Skripsi\system\CodeIgniter.php(410): CodeIgniter\CodeIgniter->runController(Object(App\Controllers\Mahasiswa))
#10 C:\Users\User\KULIAH\PKL\Sistem-Informasi-Skripsi\system\CodeIgniter.php(318): CodeIgniter\CodeIgniter->handleRequest(NULL, Object(Config\Cache), false)
#11 C:\Users\User\KULIAH\PKL\Sistem-Informasi-Skripsi\public\index.php(37): CodeIgniter\CodeIgniter->run()
#12 C:\Users\User\KULIAH\PKL\Sistem-Informasi-Skripsi\system\Commands\Server\rewrite.php(43): require_once('C:\\Users\\User\\K...')
#13 {main}
CRITICAL - 2022-02-04 22:40:56 --> Object of class App\Models\M_surat_pengajuan_usul could not be converted to string
#0 C:\Users\User\KULIAH\PKL\Sistem-Informasi-Skripsi\system\CodeIgniter.php(824): App\Controllers\Mahasiswa->tambah_pengajuan_usul()
#1 C:\Users\User\KULIAH\PKL\Sistem-Informasi-Skripsi\system\CodeIgniter.php(410): CodeIgniter\CodeIgniter->runController(Object(App\Controllers\Mahasiswa))
#2 C:\Users\User\KULIAH\PKL\Sistem-Informasi-Skripsi\system\CodeIgniter.php(318): CodeIgniter\CodeIgniter->handleRequest(NULL, Object(Config\Cache), false)
#3 C:\Users\User\KULIAH\PKL\Sistem-Informasi-Skripsi\public\index.php(37): CodeIgniter\CodeIgniter->run()
#4 C:\Users\User\KULIAH\PKL\Sistem-Informasi-Skripsi\system\Commands\Server\rewrite.php(43): require_once('C:\\Users\\User\\K...')
#5 {main}
CRITICAL - 2022-02-04 23:00:20 --> Undefined index: no_surat
#0 C:\Users\User\KULIAH\PKL\Sistem-Informasi-Skripsi\app\Views\r_admin\data_surat_judul.php(41): CodeIgniter\Debug\Exceptions->errorHandler(8, 'Undefined index...', 'C:\\Users\\User\\K...', 41, Array)
#1 C:\Users\User\KULIAH\PKL\Sistem-Informasi-Skripsi\system\View\View.php(214): include('C:\\Users\\User\\K...')
#2 C:\Users\User\KULIAH\PKL\Sistem-Informasi-Skripsi\system\View\View.php(217): CodeIgniter\View\View->CodeIgniter\View\{closure}()
#3 C:\Users\User\KULIAH\PKL\Sistem-Informasi-Skripsi\system\Common.php(1097): CodeIgniter\View\View->render('r_admin/data_su...', Array, true)
#4 C:\Users\User\KULIAH\PKL\Sistem-Informasi-Skripsi\app\Controllers\Admin.php(447): view('r_admin/data_su...', Array)
#5 C:\Users\User\KULIAH\PKL\Sistem-Informasi-Skripsi\system\CodeIgniter.php(824): App\Controllers\Admin->data_surat_judul()
#6 C:\Users\User\KULIAH\PKL\Sistem-Informasi-Skripsi\system\CodeIgniter.php(410): CodeIgniter\CodeIgniter->runController(Object(App\Controllers\Admin))
#7 C:\Users\User\KULIAH\PKL\Sistem-Informasi-Skripsi\system\CodeIgniter.php(318): CodeIgniter\CodeIgniter->handleRequest(NULL, Object(Config\Cache), false)
#8 C:\Users\User\KULIAH\PKL\Sistem-Informasi-Skripsi\public\index.php(37): CodeIgniter\CodeIgniter->run()
#9 C:\Users\User\KULIAH\PKL\Sistem-Informasi-Skripsi\system\Commands\Server\rewrite.php(43): require_once('C:\\Users\\User\\K...')
#10 {main}
