CRITICAL - 2022-09-22 14:32:19 --> Undefined variable: dosen
#0 C:\xampp\htdocs\siabinila_core\app\Views\r_mahasiswa\FormulirAkademik\form_studi_terbimbing.php(43): CodeIgniter\Debug\Exceptions->errorHandler(8, 'Undefined varia...', 'C:\\xampp\\htdocs...', 43, Array)
#1 C:\xampp\htdocs\siabinila_core\system\View\View.php(214): include('C:\\xampp\\htdocs...')
#2 C:\xampp\htdocs\siabinila_core\system\View\View.php(217): CodeIgniter\View\View->CodeIgniter\View\{closure}()
#3 C:\xampp\htdocs\siabinila_core\system\Common.php(1097): CodeIgniter\View\View->render('r_mahasiswa/For...', Array, true)
#4 C:\xampp\htdocs\siabinila_core\app\Controllers\Mahasiswa.php(330): view('r_mahasiswa/For...')
#5 C:\xampp\htdocs\siabinila_core\system\CodeIgniter.php(826): App\Controllers\Mahasiswa->form_studi_terbimbing()
#6 C:\xampp\htdocs\siabinila_core\system\CodeIgniter.php(412): CodeIgniter\CodeIgniter->runController(Object(App\Controllers\Mahasiswa))
#7 C:\xampp\htdocs\siabinila_core\system\CodeIgniter.php(320): CodeIgniter\CodeIgniter->handleRequest(NULL, Object(Config\Cache), false)
#8 C:\xampp\htdocs\siabinila_core\public\index.php(37): CodeIgniter\CodeIgniter->run()
#9 C:\xampp\htdocs\siabinila_core\system\Commands\Server\rewrite.php(43): require_once('C:\\xampp\\htdocs...')
#10 {main}
CRITICAL - 2022-09-22 14:47:20 --> Undefined variable: jk
#0 C:\xampp\htdocs\siabinila_core\app\Views\mpdf\surat_pindah_studi_internal.php(65): CodeIgniter\Debug\Exceptions->errorHandler(8, 'Undefined varia...', 'C:\\xampp\\htdocs...', 65, Array)
#1 C:\xampp\htdocs\siabinila_core\system\View\View.php(214): include('C:\\xampp\\htdocs...')
#2 C:\xampp\htdocs\siabinila_core\system\View\View.php(217): CodeIgniter\View\View->CodeIgniter\View\{closure}()
#3 C:\xampp\htdocs\siabinila_core\system\Common.php(1097): CodeIgniter\View\View->render('mpdf/surat_pind...', Array, true)
#4 C:\xampp\htdocs\siabinila_core\app\Controllers\Cetakan.php(749): view('mpdf/surat_pind...', Array)
#5 C:\xampp\htdocs\siabinila_core\system\CodeIgniter.php(826): App\Controllers\Cetakan->surat_studi_terbimbing()
#6 C:\xampp\htdocs\siabinila_core\system\CodeIgniter.php(412): CodeIgniter\CodeIgniter->runController(Object(App\Controllers\Cetakan))
#7 C:\xampp\htdocs\siabinila_core\system\CodeIgniter.php(320): CodeIgniter\CodeIgniter->handleRequest(NULL, Object(Config\Cache), false)
#8 C:\xampp\htdocs\siabinila_core\public\index.php(37): CodeIgniter\CodeIgniter->run()
#9 C:\xampp\htdocs\siabinila_core\system\Commands\Server\rewrite.php(43): require_once('C:\\xampp\\htdocs...')
#10 {main}
CRITICAL - 2022-09-22 14:48:34 --> Object of class stdClass could not be converted to string
#0 C:\xampp\htdocs\siabinila_core\system\View\View.php(214): include()
#1 C:\xampp\htdocs\siabinila_core\system\View\View.php(217): CodeIgniter\View\View->CodeIgniter\View\{closure}()
#2 C:\xampp\htdocs\siabinila_core\system\Common.php(1097): CodeIgniter\View\View->render('mpdf/surat_stud...', Array, true)
#3 C:\xampp\htdocs\siabinila_core\app\Controllers\Cetakan.php(749): view('mpdf/surat_stud...', Array)
#4 C:\xampp\htdocs\siabinila_core\system\CodeIgniter.php(826): App\Controllers\Cetakan->surat_studi_terbimbing()
#5 C:\xampp\htdocs\siabinila_core\system\CodeIgniter.php(412): CodeIgniter\CodeIgniter->runController(Object(App\Controllers\Cetakan))
#6 C:\xampp\htdocs\siabinila_core\system\CodeIgniter.php(320): CodeIgniter\CodeIgniter->handleRequest(NULL, Object(Config\Cache), false)
#7 C:\xampp\htdocs\siabinila_core\public\index.php(37): CodeIgniter\CodeIgniter->run()
#8 C:\xampp\htdocs\siabinila_core\system\Commands\Server\rewrite.php(43): require_once('C:\\xampp\\htdocs...')
#9 {main}
CRITICAL - 2022-09-22 14:50:15 --> Undefined offset: 0
#0 C:\xampp\htdocs\siabinila_core\vendor\mpdf\mpdf\src\Tag\Tr.php(16): CodeIgniter\Debug\Exceptions->errorHandler(8, 'Undefined offse...', 'C:\\xampp\\htdocs...', 16, Array)
#1 C:\xampp\htdocs\siabinila_core\vendor\mpdf\mpdf\src\Tag.php(240): Mpdf\Tag\Tr->open(Array, Array, 299)
#2 C:\xampp\htdocs\siabinila_core\vendor\mpdf\mpdf\src\Mpdf.php(13812): Mpdf\Tag->OpenTag('TR', Array, Array, 299)
#3 C:\xampp\htdocs\siabinila_core\app\Views\mpdf\surat_studi_terbimbing.php(428): Mpdf\Mpdf->WriteHTML(' <div class="te...')
#4 C:\xampp\htdocs\siabinila_core\system\View\View.php(214): include('C:\\xampp\\htdocs...')
#5 C:\xampp\htdocs\siabinila_core\system\View\View.php(217): CodeIgniter\View\View->CodeIgniter\View\{closure}()
#6 C:\xampp\htdocs\siabinila_core\system\Common.php(1097): CodeIgniter\View\View->render('mpdf/surat_stud...', Array, true)
#7 C:\xampp\htdocs\siabinila_core\app\Controllers\Cetakan.php(749): view('mpdf/surat_stud...', Array)
#8 C:\xampp\htdocs\siabinila_core\system\CodeIgniter.php(826): App\Controllers\Cetakan->surat_studi_terbimbing()
#9 C:\xampp\htdocs\siabinila_core\system\CodeIgniter.php(412): CodeIgniter\CodeIgniter->runController(Object(App\Controllers\Cetakan))
#10 C:\xampp\htdocs\siabinila_core\system\CodeIgniter.php(320): CodeIgniter\CodeIgniter->handleRequest(NULL, Object(Config\Cache), false)
#11 C:\xampp\htdocs\siabinila_core\public\index.php(37): CodeIgniter\CodeIgniter->run()
#12 C:\xampp\htdocs\siabinila_core\system\Commands\Server\rewrite.php(43): require_once('C:\\xampp\\htdocs...')
#13 {main}
CRITICAL - 2022-09-22 14:51:24 --> Undefined offset: 0
#0 C:\xampp\htdocs\siabinila_core\vendor\mpdf\mpdf\src\Tag\Tr.php(16): CodeIgniter\Debug\Exceptions->errorHandler(8, 'Undefined offse...', 'C:\\xampp\\htdocs...', 16, Array)
#1 C:\xampp\htdocs\siabinila_core\vendor\mpdf\mpdf\src\Tag.php(240): Mpdf\Tag\Tr->open(Array, Array, 299)
#2 C:\xampp\htdocs\siabinila_core\vendor\mpdf\mpdf\src\Mpdf.php(13812): Mpdf\Tag->OpenTag('TR', Array, Array, 299)
#3 C:\xampp\htdocs\siabinila_core\app\Views\mpdf\surat_studi_terbimbing.php(428): Mpdf\Mpdf->WriteHTML(' <div class="te...')
#4 C:\xampp\htdocs\siabinila_core\system\View\View.php(214): include('C:\\xampp\\htdocs...')
#5 C:\xampp\htdocs\siabinila_core\system\View\View.php(217): CodeIgniter\View\View->CodeIgniter\View\{closure}()
#6 C:\xampp\htdocs\siabinila_core\system\Common.php(1097): CodeIgniter\View\View->render('mpdf/surat_stud...', Array, true)
#7 C:\xampp\htdocs\siabinila_core\app\Controllers\Cetakan.php(749): view('mpdf/surat_stud...', Array)
#8 C:\xampp\htdocs\siabinila_core\system\CodeIgniter.php(826): App\Controllers\Cetakan->surat_studi_terbimbing()
#9 C:\xampp\htdocs\siabinila_core\system\CodeIgniter.php(412): CodeIgniter\CodeIgniter->runController(Object(App\Controllers\Cetakan))
#10 C:\xampp\htdocs\siabinila_core\system\CodeIgniter.php(320): CodeIgniter\CodeIgniter->handleRequest(NULL, Object(Config\Cache), false)
#11 C:\xampp\htdocs\siabinila_core\public\index.php(37): CodeIgniter\CodeIgniter->run()
#12 C:\xampp\htdocs\siabinila_core\system\Commands\Server\rewrite.php(43): require_once('C:\\xampp\\htdocs...')
#13 {main}
CRITICAL - 2022-09-22 15:01:19 --> Undefined offset: 0
#0 C:\xampp\htdocs\siabinila_core\vendor\mpdf\mpdf\src\Tag\Tr.php(16): CodeIgniter\Debug\Exceptions->errorHandler(8, 'Undefined offse...', 'C:\\xampp\\htdocs...', 16, Array)
#1 C:\xampp\htdocs\siabinila_core\vendor\mpdf\mpdf\src\Tag.php(240): Mpdf\Tag\Tr->open(Array, Array, 299)
#2 C:\xampp\htdocs\siabinila_core\vendor\mpdf\mpdf\src\Mpdf.php(13812): Mpdf\Tag->OpenTag('TR', Array, Array, 299)
#3 C:\xampp\htdocs\siabinila_core\app\Views\mpdf\surat_studi_terbimbing.php(428): Mpdf\Mpdf->WriteHTML(' <div class="te...')
#4 C:\xampp\htdocs\siabinila_core\system\View\View.php(214): include('C:\\xampp\\htdocs...')
#5 C:\xampp\htdocs\siabinila_core\system\View\View.php(217): CodeIgniter\View\View->CodeIgniter\View\{closure}()
#6 C:\xampp\htdocs\siabinila_core\system\Common.php(1097): CodeIgniter\View\View->render('mpdf/surat_stud...', Array, true)
#7 C:\xampp\htdocs\siabinila_core\app\Controllers\Cetakan.php(746): view('mpdf/surat_stud...', Array)
#8 C:\xampp\htdocs\siabinila_core\system\CodeIgniter.php(826): App\Controllers\Cetakan->surat_studi_terbimbing()
#9 C:\xampp\htdocs\siabinila_core\system\CodeIgniter.php(412): CodeIgniter\CodeIgniter->runController(Object(App\Controllers\Cetakan))
#10 C:\xampp\htdocs\siabinila_core\system\CodeIgniter.php(320): CodeIgniter\CodeIgniter->handleRequest(NULL, Object(Config\Cache), false)
#11 C:\xampp\htdocs\siabinila_core\public\index.php(37): CodeIgniter\CodeIgniter->run()
#12 C:\xampp\htdocs\siabinila_core\system\Commands\Server\rewrite.php(43): require_once('C:\\xampp\\htdocs...')
#13 {main}
CRITICAL - 2022-09-22 15:08:46 --> Cannot use object of type stdClass as array
#0 C:\xampp\htdocs\siabinila_core\system\View\View.php(214): include()
#1 C:\xampp\htdocs\siabinila_core\system\View\View.php(217): CodeIgniter\View\View->CodeIgniter\View\{closure}()
#2 C:\xampp\htdocs\siabinila_core\system\Common.php(1097): CodeIgniter\View\View->render('mpdf/surat_stud...', Array, true)
#3 C:\xampp\htdocs\siabinila_core\app\Controllers\Cetakan.php(746): view('mpdf/surat_stud...', Array)
#4 C:\xampp\htdocs\siabinila_core\system\CodeIgniter.php(826): App\Controllers\Cetakan->surat_studi_terbimbing()
#5 C:\xampp\htdocs\siabinila_core\system\CodeIgniter.php(412): CodeIgniter\CodeIgniter->runController(Object(App\Controllers\Cetakan))
#6 C:\xampp\htdocs\siabinila_core\system\CodeIgniter.php(320): CodeIgniter\CodeIgniter->handleRequest(NULL, Object(Config\Cache), false)
#7 C:\xampp\htdocs\siabinila_core\public\index.php(37): CodeIgniter\CodeIgniter->run()
#8 C:\xampp\htdocs\siabinila_core\system\Commands\Server\rewrite.php(43): require_once('C:\\xampp\\htdocs...')
#9 {main}
CRITICAL - 2022-09-22 15:09:45 --> Undefined offset: 0
#0 C:\xampp\htdocs\siabinila_core\vendor\mpdf\mpdf\src\Tag\Tr.php(16): CodeIgniter\Debug\Exceptions->errorHandler(8, 'Undefined offse...', 'C:\\xampp\\htdocs...', 16, Array)
#1 C:\xampp\htdocs\siabinila_core\vendor\mpdf\mpdf\src\Tag.php(240): Mpdf\Tag\Tr->open(Array, Array, 299)
#2 C:\xampp\htdocs\siabinila_core\vendor\mpdf\mpdf\src\Mpdf.php(13812): Mpdf\Tag->OpenTag('TR', Array, Array, 299)
#3 C:\xampp\htdocs\siabinila_core\app\Views\mpdf\surat_studi_terbimbing.php(428): Mpdf\Mpdf->WriteHTML(' <div class="te...')
#4 C:\xampp\htdocs\siabinila_core\system\View\View.php(214): include('C:\\xampp\\htdocs...')
#5 C:\xampp\htdocs\siabinila_core\system\View\View.php(217): CodeIgniter\View\View->CodeIgniter\View\{closure}()
#6 C:\xampp\htdocs\siabinila_core\system\Common.php(1097): CodeIgniter\View\View->render('mpdf/surat_stud...', Array, true)
#7 C:\xampp\htdocs\siabinila_core\app\Controllers\Cetakan.php(746): view('mpdf/surat_stud...', Array)
#8 C:\xampp\htdocs\siabinila_core\system\CodeIgniter.php(826): App\Controllers\Cetakan->surat_studi_terbimbing()
#9 C:\xampp\htdocs\siabinila_core\system\CodeIgniter.php(412): CodeIgniter\CodeIgniter->runController(Object(App\Controllers\Cetakan))
#10 C:\xampp\htdocs\siabinila_core\system\CodeIgniter.php(320): CodeIgniter\CodeIgniter->handleRequest(NULL, Object(Config\Cache), false)
#11 C:\xampp\htdocs\siabinila_core\public\index.php(37): CodeIgniter\CodeIgniter->run()
#12 C:\xampp\htdocs\siabinila_core\system\Commands\Server\rewrite.php(43): require_once('C:\\xampp\\htdocs...')
#13 {main}
CRITICAL - 2022-09-22 15:12:06 --> Undefined offset: 0
#0 C:\xampp\htdocs\siabinila_core\vendor\mpdf\mpdf\src\Tag\Tr.php(16): CodeIgniter\Debug\Exceptions->errorHandler(8, 'Undefined offse...', 'C:\\xampp\\htdocs...', 16, Array)
#1 C:\xampp\htdocs\siabinila_core\vendor\mpdf\mpdf\src\Tag.php(240): Mpdf\Tag\Tr->open(Array, Array, 299)
#2 C:\xampp\htdocs\siabinila_core\vendor\mpdf\mpdf\src\Mpdf.php(13812): Mpdf\Tag->OpenTag('TR', Array, Array, 299)
#3 C:\xampp\htdocs\siabinila_core\app\Views\mpdf\surat_studi_terbimbing.php(428): Mpdf\Mpdf->WriteHTML(' <div class="te...')
#4 C:\xampp\htdocs\siabinila_core\system\View\View.php(214): include('C:\\xampp\\htdocs...')
#5 C:\xampp\htdocs\siabinila_core\system\View\View.php(217): CodeIgniter\View\View->CodeIgniter\View\{closure}()
#6 C:\xampp\htdocs\siabinila_core\system\Common.php(1097): CodeIgniter\View\View->render('mpdf/surat_stud...', Array, true)
#7 C:\xampp\htdocs\siabinila_core\app\Controllers\Cetakan.php(734): view('mpdf/surat_stud...', Array)
#8 C:\xampp\htdocs\siabinila_core\system\CodeIgniter.php(826): App\Controllers\Cetakan->surat_studi_terbimbing()
#9 C:\xampp\htdocs\siabinila_core\system\CodeIgniter.php(412): CodeIgniter\CodeIgniter->runController(Object(App\Controllers\Cetakan))
#10 C:\xampp\htdocs\siabinila_core\system\CodeIgniter.php(320): CodeIgniter\CodeIgniter->handleRequest(NULL, Object(Config\Cache), false)
#11 C:\xampp\htdocs\siabinila_core\public\index.php(37): CodeIgniter\CodeIgniter->run()
#12 C:\xampp\htdocs\siabinila_core\system\Commands\Server\rewrite.php(43): require_once('C:\\xampp\\htdocs...')
#13 {main}
CRITICAL - 2022-09-22 15:15:51 --> Undefined offset: 0
#0 C:\xampp\htdocs\siabinila_core\vendor\mpdf\mpdf\src\Tag\Tr.php(16): CodeIgniter\Debug\Exceptions->errorHandler(8, 'Undefined offse...', 'C:\\xampp\\htdocs...', 16, Array)
#1 C:\xampp\htdocs\siabinila_core\vendor\mpdf\mpdf\src\Tag.php(240): Mpdf\Tag\Tr->open(Array, Array, 299)
#2 C:\xampp\htdocs\siabinila_core\vendor\mpdf\mpdf\src\Mpdf.php(13812): Mpdf\Tag->OpenTag('TR', Array, Array, 299)
#3 C:\xampp\htdocs\siabinila_core\app\Views\mpdf\surat_studi_terbimbing.php(428): Mpdf\Mpdf->WriteHTML(' <div class="te...')
#4 C:\xampp\htdocs\siabinila_core\system\View\View.php(214): include('C:\\xampp\\htdocs...')
#5 C:\xampp\htdocs\siabinila_core\system\View\View.php(217): CodeIgniter\View\View->CodeIgniter\View\{closure}()
#6 C:\xampp\htdocs\siabinila_core\system\Common.php(1097): CodeIgniter\View\View->render('mpdf/surat_stud...', Array, true)
#7 C:\xampp\htdocs\siabinila_core\app\Controllers\Cetakan.php(734): view('mpdf/surat_stud...', Array)
#8 C:\xampp\htdocs\siabinila_core\system\CodeIgniter.php(826): App\Controllers\Cetakan->surat_studi_terbimbing()
#9 C:\xampp\htdocs\siabinila_core\system\CodeIgniter.php(412): CodeIgniter\CodeIgniter->runController(Object(App\Controllers\Cetakan))
#10 C:\xampp\htdocs\siabinila_core\system\CodeIgniter.php(320): CodeIgniter\CodeIgniter->handleRequest(NULL, Object(Config\Cache), false)
#11 C:\xampp\htdocs\siabinila_core\public\index.php(37): CodeIgniter\CodeIgniter->run()
#12 C:\xampp\htdocs\siabinila_core\system\Commands\Server\rewrite.php(43): require_once('C:\\xampp\\htdocs...')
#13 {main}
CRITICAL - 2022-09-22 15:39:40 --> Undefined offset: 0
#0 C:\xampp\htdocs\siabinila_core\vendor\mpdf\mpdf\src\Tag\Tr.php(16): CodeIgniter\Debug\Exceptions->errorHandler(8, 'Undefined offse...', 'C:\\xampp\\htdocs...', 16, Array)
#1 C:\xampp\htdocs\siabinila_core\vendor\mpdf\mpdf\src\Tag.php(240): Mpdf\Tag\Tr->open(Array, Array, 299)
#2 C:\xampp\htdocs\siabinila_core\vendor\mpdf\mpdf\src\Mpdf.php(13812): Mpdf\Tag->OpenTag('TR', Array, Array, 299)
#3 C:\xampp\htdocs\siabinila_core\app\Views\mpdf\surat_studi_terbimbing.php(428): Mpdf\Mpdf->WriteHTML(' <div class="te...')
#4 C:\xampp\htdocs\siabinila_core\system\View\View.php(214): include('C:\\xampp\\htdocs...')
#5 C:\xampp\htdocs\siabinila_core\system\View\View.php(217): CodeIgniter\View\View->CodeIgniter\View\{closure}()
#6 C:\xampp\htdocs\siabinila_core\system\Common.php(1097): CodeIgniter\View\View->render('mpdf/surat_stud...', Array, true)
#7 C:\xampp\htdocs\siabinila_core\app\Controllers\Cetakan.php(734): view('mpdf/surat_stud...', Array)
#8 C:\xampp\htdocs\siabinila_core\system\CodeIgniter.php(826): App\Controllers\Cetakan->surat_studi_terbimbing()
#9 C:\xampp\htdocs\siabinila_core\system\CodeIgniter.php(412): CodeIgniter\CodeIgniter->runController(Object(App\Controllers\Cetakan))
#10 C:\xampp\htdocs\siabinila_core\system\CodeIgniter.php(320): CodeIgniter\CodeIgniter->handleRequest(NULL, Object(Config\Cache), false)
#11 C:\xampp\htdocs\siabinila_core\public\index.php(37): CodeIgniter\CodeIgniter->run()
#12 C:\xampp\htdocs\siabinila_core\system\Commands\Server\rewrite.php(43): require_once('C:\\xampp\\htdocs...')
#13 {main}
CRITICAL - 2022-09-22 15:43:40 --> Undefined offset: 0
#0 C:\xampp\htdocs\siabinila_core\vendor\mpdf\mpdf\src\Tag\Tr.php(16): CodeIgniter\Debug\Exceptions->errorHandler(8, 'Undefined offse...', 'C:\\xampp\\htdocs...', 16, Array)
#1 C:\xampp\htdocs\siabinila_core\vendor\mpdf\mpdf\src\Tag.php(240): Mpdf\Tag\Tr->open(Array, Array, 299)
#2 C:\xampp\htdocs\siabinila_core\vendor\mpdf\mpdf\src\Mpdf.php(13812): Mpdf\Tag->OpenTag('TR', Array, Array, 299)
#3 C:\xampp\htdocs\siabinila_core\app\Views\mpdf\surat_studi_terbimbing.php(428): Mpdf\Mpdf->WriteHTML(' <div class="te...')
#4 C:\xampp\htdocs\siabinila_core\system\View\View.php(214): include('C:\\xampp\\htdocs...')
#5 C:\xampp\htdocs\siabinila_core\system\View\View.php(217): CodeIgniter\View\View->CodeIgniter\View\{closure}()
#6 C:\xampp\htdocs\siabinila_core\system\Common.php(1097): CodeIgniter\View\View->render('mpdf/surat_stud...', Array, true)
#7 C:\xampp\htdocs\siabinila_core\app\Controllers\Cetakan.php(734): view('mpdf/surat_stud...', Array)
#8 C:\xampp\htdocs\siabinila_core\system\CodeIgniter.php(826): App\Controllers\Cetakan->surat_studi_terbimbing()
#9 C:\xampp\htdocs\siabinila_core\system\CodeIgniter.php(412): CodeIgniter\CodeIgniter->runController(Object(App\Controllers\Cetakan))
#10 C:\xampp\htdocs\siabinila_core\system\CodeIgniter.php(320): CodeIgniter\CodeIgniter->handleRequest(NULL, Object(Config\Cache), false)
#11 C:\xampp\htdocs\siabinila_core\public\index.php(37): CodeIgniter\CodeIgniter->run()
#12 C:\xampp\htdocs\siabinila_core\system\Commands\Server\rewrite.php(43): require_once('C:\\xampp\\htdocs...')
#13 {main}
CRITICAL - 2022-09-22 15:44:21 --> Undefined offset: 0
#0 C:\xampp\htdocs\siabinila_core\vendor\mpdf\mpdf\src\Tag\Tr.php(16): CodeIgniter\Debug\Exceptions->errorHandler(8, 'Undefined offse...', 'C:\\xampp\\htdocs...', 16, Array)
#1 C:\xampp\htdocs\siabinila_core\vendor\mpdf\mpdf\src\Tag.php(240): Mpdf\Tag\Tr->open(Array, Array, 299)
#2 C:\xampp\htdocs\siabinila_core\vendor\mpdf\mpdf\src\Mpdf.php(13812): Mpdf\Tag->OpenTag('TR', Array, Array, 299)
#3 C:\xampp\htdocs\siabinila_core\app\Views\mpdf\surat_studi_terbimbing.php(428): Mpdf\Mpdf->WriteHTML(' <div class="te...')
#4 C:\xampp\htdocs\siabinila_core\system\View\View.php(214): include('C:\\xampp\\htdocs...')
#5 C:\xampp\htdocs\siabinila_core\system\View\View.php(217): CodeIgniter\View\View->CodeIgniter\View\{closure}()
#6 C:\xampp\htdocs\siabinila_core\system\Common.php(1097): CodeIgniter\View\View->render('mpdf/surat_stud...', Array, true)
#7 C:\xampp\htdocs\siabinila_core\app\Controllers\Cetakan.php(734): view('mpdf/surat_stud...', Array)
#8 C:\xampp\htdocs\siabinila_core\system\CodeIgniter.php(826): App\Controllers\Cetakan->surat_studi_terbimbing()
#9 C:\xampp\htdocs\siabinila_core\system\CodeIgniter.php(412): CodeIgniter\CodeIgniter->runController(Object(App\Controllers\Cetakan))
#10 C:\xampp\htdocs\siabinila_core\system\CodeIgniter.php(320): CodeIgniter\CodeIgniter->handleRequest(NULL, Object(Config\Cache), false)
#11 C:\xampp\htdocs\siabinila_core\public\index.php(37): CodeIgniter\CodeIgniter->run()
#12 C:\xampp\htdocs\siabinila_core\system\Commands\Server\rewrite.php(43): require_once('C:\\xampp\\htdocs...')
#13 {main}
