CRITICAL - 2022-08-21 21:47:49 --> defaultt is not a valid database connection group.
#0 /home/u1603686/siabinila_core/system/Model.php(97): CodeIgniter\Database\Config::connect('defaultt')
#1 /home/u1603686/siabinila_core/app/Controllers/Login.php(13): CodeIgniter\Model->__construct()
#2 /home/u1603686/siabinila_core/system/CodeIgniter.php(803): App\Controllers\Login->__construct()
#3 /home/u1603686/siabinila_core/system/CodeIgniter.php(403): CodeIgniter\CodeIgniter->createController()
#4 /home/u1603686/siabinila_core/system/CodeIgniter.php(320): CodeIgniter\CodeIgniter->handleRequest(NULL, Object(Config\Cache), false)
#5 /home/u1603686/public_html/index.php(37): CodeIgniter\CodeIgniter->run()
#6 {main}
CRITICAL - 2022-08-21 21:52:35 --> defaultt is not a valid database connection group.
#0 /home/u1603686/siabinila_core/system/Model.php(97): CodeIgniter\Database\Config::connect('defaultt')
#1 /home/u1603686/siabinila_core/app/Controllers/Login.php(13): CodeIgniter\Model->__construct()
#2 /home/u1603686/siabinila_core/system/CodeIgniter.php(803): App\Controllers\Login->__construct()
#3 /home/u1603686/siabinila_core/system/CodeIgniter.php(403): CodeIgniter\CodeIgniter->createController()
#4 /home/u1603686/siabinila_core/system/CodeIgniter.php(320): CodeIgniter\CodeIgniter->handleRequest(NULL, Object(Config\Cache), false)
#5 /home/u1603686/public_html/index.php(37): CodeIgniter\CodeIgniter->run()
#6 {main}
CRITICAL - 2022-08-21 21:52:42 --> defaultt is not a valid database connection group.
#0 /home/u1603686/siabinila_core/system/Model.php(97): CodeIgniter\Database\Config::connect('defaultt')
#1 /home/u1603686/siabinila_core/app/Controllers/Login.php(13): CodeIgniter\Model->__construct()
#2 /home/u1603686/siabinila_core/system/CodeIgniter.php(803): App\Controllers\Login->__construct()
#3 /home/u1603686/siabinila_core/system/CodeIgniter.php(403): CodeIgniter\CodeIgniter->createController()
#4 /home/u1603686/siabinila_core/system/CodeIgniter.php(320): CodeIgniter\CodeIgniter->handleRequest(NULL, Object(Config\Cache), false)
#5 /home/u1603686/public_html/index.php(37): CodeIgniter\CodeIgniter->run()
#6 {main}
CRITICAL - 2022-08-21 21:53:35 --> defaultt is not a valid database connection group.
#0 /home/u1603686/siabinila_core/system/Model.php(97): CodeIgniter\Database\Config::connect('defaultt')
#1 /home/u1603686/siabinila_core/app/Controllers/Login.php(13): CodeIgniter\Model->__construct()
#2 /home/u1603686/siabinila_core/system/CodeIgniter.php(803): App\Controllers\Login->__construct()
#3 /home/u1603686/siabinila_core/system/CodeIgniter.php(403): CodeIgniter\CodeIgniter->createController()
#4 /home/u1603686/siabinila_core/system/CodeIgniter.php(320): CodeIgniter\CodeIgniter->handleRequest(NULL, Object(Config\Cache), false)
#5 /home/u1603686/public_html/index.php(37): CodeIgniter\CodeIgniter->run()
#6 {main}
CRITICAL - 2022-08-21 21:53:51 --> defaultt is not a valid database connection group.
#0 /home/u1603686/siabinila_core/system/Model.php(97): CodeIgniter\Database\Config::connect('defaultt')
#1 /home/u1603686/siabinila_core/app/Controllers/Login.php(13): CodeIgniter\Model->__construct()
#2 /home/u1603686/siabinila_core/system/CodeIgniter.php(803): App\Controllers\Login->__construct()
#3 /home/u1603686/siabinila_core/system/CodeIgniter.php(403): CodeIgniter\CodeIgniter->createController()
#4 /home/u1603686/siabinila_core/system/CodeIgniter.php(320): CodeIgniter\CodeIgniter->handleRequest(NULL, Object(Config\Cache), false)
#5 /home/u1603686/public_html/index.php(37): CodeIgniter\CodeIgniter->run()
#6 {main}
CRITICAL - 2022-08-21 21:53:53 --> defaultt is not a valid database connection group.
#0 /home/u1603686/siabinila_core/system/Model.php(97): CodeIgniter\Database\Config::connect('defaultt')
#1 /home/u1603686/siabinila_core/app/Controllers/Login.php(13): CodeIgniter\Model->__construct()
#2 /home/u1603686/siabinila_core/system/CodeIgniter.php(803): App\Controllers\Login->__construct()
#3 /home/u1603686/siabinila_core/system/CodeIgniter.php(403): CodeIgniter\CodeIgniter->createController()
#4 /home/u1603686/siabinila_core/system/CodeIgniter.php(320): CodeIgniter\CodeIgniter->handleRequest(NULL, Object(Config\Cache), false)
#5 /home/u1603686/public_html/index.php(37): CodeIgniter\CodeIgniter->run()
#6 {main}
CRITICAL - 2022-08-21 21:53:54 --> defaultt is not a valid database connection group.
#0 /home/u1603686/siabinila_core/system/Model.php(97): CodeIgniter\Database\Config::connect('defaultt')
#1 /home/u1603686/siabinila_core/app/Controllers/Login.php(13): CodeIgniter\Model->__construct()
#2 /home/u1603686/siabinila_core/system/CodeIgniter.php(803): App\Controllers\Login->__construct()
#3 /home/u1603686/siabinila_core/system/CodeIgniter.php(403): CodeIgniter\CodeIgniter->createController()
#4 /home/u1603686/siabinila_core/system/CodeIgniter.php(320): CodeIgniter\CodeIgniter->handleRequest(NULL, Object(Config\Cache), false)
#5 /home/u1603686/public_html/index.php(37): CodeIgniter\CodeIgniter->run()
#6 {main}
CRITICAL - 2022-08-21 21:53:56 --> defaultt is not a valid database connection group.
#0 /home/u1603686/siabinila_core/system/Model.php(97): CodeIgniter\Database\Config::connect('defaultt')
#1 /home/u1603686/siabinila_core/app/Controllers/Login.php(13): CodeIgniter\Model->__construct()
#2 /home/u1603686/siabinila_core/system/CodeIgniter.php(803): App\Controllers\Login->__construct()
#3 /home/u1603686/siabinila_core/system/CodeIgniter.php(403): CodeIgniter\CodeIgniter->createController()
#4 /home/u1603686/siabinila_core/system/CodeIgniter.php(320): CodeIgniter\CodeIgniter->handleRequest(NULL, Object(Config\Cache), false)
#5 /home/u1603686/public_html/index.php(37): CodeIgniter\CodeIgniter->run()
#6 {main}
CRITICAL - 2022-08-21 21:54:18 --> defaultt is not a valid database connection group.
#0 /home/u1603686/siabinila_core/system/Model.php(97): CodeIgniter\Database\Config::connect('defaultt')
#1 /home/u1603686/siabinila_core/app/Controllers/Login.php(13): CodeIgniter\Model->__construct()
#2 /home/u1603686/siabinila_core/system/CodeIgniter.php(803): App\Controllers\Login->__construct()
#3 /home/u1603686/siabinila_core/system/CodeIgniter.php(403): CodeIgniter\CodeIgniter->createController()
#4 /home/u1603686/siabinila_core/system/CodeIgniter.php(320): CodeIgniter\CodeIgniter->handleRequest(NULL, Object(Config\Cache), false)
#5 /home/u1603686/public_html/index.php(37): CodeIgniter\CodeIgniter->run()
#6 {main}
