CRITICAL - 2022-01-25 19:02:21 --> Undefined variable: data
#0 C:\Users\ACER\OneDrive\Dokumen\PKL\Sistem-Informasi-Skripsi\app\Views\v_register.php(51): CodeIgniter\Debug\Exceptions->errorHandler(8, 'Undefined varia...', 'C:\\Users\\ACER\\O...', 51, Array)
#1 C:\Users\ACER\OneDrive\Dokumen\PKL\Sistem-Informasi-Skripsi\system\View\View.php(214): include('C:\\Users\\ACER\\O...')
#2 C:\Users\ACER\OneDrive\Dokumen\PKL\Sistem-Informasi-Skripsi\system\View\View.php(217): CodeIgniter\View\View->CodeIgniter\View\{closure}()
#3 C:\Users\ACER\OneDrive\Dokumen\PKL\Sistem-Informasi-Skripsi\system\Common.php(1097): CodeIgniter\View\View->render('v_register', Array, true)
#4 C:\Users\ACER\OneDrive\Dokumen\PKL\Sistem-Informasi-Skripsi\app\Controllers\Login.php(76): view('v_register')
#5 C:\Users\ACER\OneDrive\Dokumen\PKL\Sistem-Informasi-Skripsi\system\CodeIgniter.php(824): App\Controllers\Login->register()
#6 C:\Users\ACER\OneDrive\Dokumen\PKL\Sistem-Informasi-Skripsi\system\CodeIgniter.php(410): CodeIgniter\CodeIgniter->runController(Object(App\Controllers\Login))
#7 C:\Users\ACER\OneDrive\Dokumen\PKL\Sistem-Informasi-Skripsi\system\CodeIgniter.php(318): CodeIgniter\CodeIgniter->handleRequest(NULL, Object(Config\Cache), false)
#8 C:\Users\ACER\OneDrive\Dokumen\PKL\Sistem-Informasi-Skripsi\public\index.php(37): CodeIgniter\CodeIgniter->run()
#9 C:\Users\ACER\OneDrive\Dokumen\PKL\Sistem-Informasi-Skripsi\system\Commands\Server\rewrite.php(43): require_once('C:\\Users\\ACER\\O...')
#10 {main}
CRITICAL - 2022-01-25 20:41:11 --> Undefined index: admin_password
#0 C:\Users\ACER\OneDrive\Dokumen\PKL\Sistem-Informasi-Skripsi\app\Controllers\Login.php(34): CodeIgniter\Debug\Exceptions->errorHandler(8, 'Undefined index...', 'C:\\Users\\ACER\\O...', 34, Array)
#1 C:\Users\ACER\OneDrive\Dokumen\PKL\Sistem-Informasi-Skripsi\system\CodeIgniter.php(824): App\Controllers\Login->index()
#2 C:\Users\ACER\OneDrive\Dokumen\PKL\Sistem-Informasi-Skripsi\system\CodeIgniter.php(410): CodeIgniter\CodeIgniter->runController(Object(App\Controllers\Login))
#3 C:\Users\ACER\OneDrive\Dokumen\PKL\Sistem-Informasi-Skripsi\system\CodeIgniter.php(318): CodeIgniter\CodeIgniter->handleRequest(NULL, Object(Config\Cache), false)
#4 C:\Users\ACER\OneDrive\Dokumen\PKL\Sistem-Informasi-Skripsi\public\index.php(37): CodeIgniter\CodeIgniter->run()
#5 C:\Users\ACER\OneDrive\Dokumen\PKL\Sistem-Informasi-Skripsi\system\Commands\Server\rewrite.php(43): require_once('C:\\Users\\ACER\\O...')
#6 {main}
ERROR - 2022-01-25 21:06:01 --> Duplicate entry '0' for key 'PRIMARY'
CRITICAL - 2022-01-25 21:06:01 --> Duplicate entry '0' for key 'PRIMARY'
#0 C:\Users\ACER\OneDrive\Dokumen\PKL\Sistem-Informasi-Skripsi\system\Database\MySQLi\Connection.php(292): mysqli->query('INSERT INTO `pr...', 0)
#1 C:\Users\ACER\OneDrive\Dokumen\PKL\Sistem-Informasi-Skripsi\system\Database\BaseConnection.php(670): CodeIgniter\Database\MySQLi\Connection->execute('INSERT INTO `pr...')
#2 C:\Users\ACER\OneDrive\Dokumen\PKL\Sistem-Informasi-Skripsi\system\Database\BaseConnection.php(598): CodeIgniter\Database\BaseConnection->simpleQuery('INSERT INTO `pr...')
#3 C:\Users\ACER\OneDrive\Dokumen\PKL\Sistem-Informasi-Skripsi\system\Database\BaseBuilder.php(1759): CodeIgniter\Database\BaseConnection->query('INSERT INTO `pr...', Array, false)
#4 C:\Users\ACER\OneDrive\Dokumen\PKL\Sistem-Informasi-Skripsi\system\Model.php(239): CodeIgniter\Database\BaseBuilder->insert()
#5 C:\Users\ACER\OneDrive\Dokumen\PKL\Sistem-Informasi-Skripsi\system\BaseModel.php(738): CodeIgniter\Model->doInsert(Array)
#6 C:\Users\ACER\OneDrive\Dokumen\PKL\Sistem-Informasi-Skripsi\system\Model.php(620): CodeIgniter\BaseModel->insert(Array, true)
#7 C:\Users\ACER\OneDrive\Dokumen\PKL\Sistem-Informasi-Skripsi\app\Controllers\Admin.php(210): CodeIgniter\Model->insert(Array)
#8 C:\Users\ACER\OneDrive\Dokumen\PKL\Sistem-Informasi-Skripsi\system\CodeIgniter.php(824): App\Controllers\Admin->tambah_akun('adminadsd')
#9 C:\Users\ACER\OneDrive\Dokumen\PKL\Sistem-Informasi-Skripsi\system\CodeIgniter.php(410): CodeIgniter\CodeIgniter->runController(Object(App\Controllers\Admin))
#10 C:\Users\ACER\OneDrive\Dokumen\PKL\Sistem-Informasi-Skripsi\system\CodeIgniter.php(318): CodeIgniter\CodeIgniter->handleRequest(NULL, Object(Config\Cache), false)
#11 C:\Users\ACER\OneDrive\Dokumen\PKL\Sistem-Informasi-Skripsi\public\index.php(37): CodeIgniter\CodeIgniter->run()
#12 C:\Users\ACER\OneDrive\Dokumen\PKL\Sistem-Informasi-Skripsi\system\Commands\Server\rewrite.php(43): require_once('C:\\Users\\ACER\\O...')
#13 {main}
ERROR - 2022-01-25 21:07:48 --> Duplicate entry '0' for key 'PRIMARY'
CRITICAL - 2022-01-25 21:07:48 --> Duplicate entry '0' for key 'PRIMARY'
#0 C:\Users\ACER\OneDrive\Dokumen\PKL\Sistem-Informasi-Skripsi\system\Database\MySQLi\Connection.php(292): mysqli->query('INSERT INTO `pr...', 0)
#1 C:\Users\ACER\OneDrive\Dokumen\PKL\Sistem-Informasi-Skripsi\system\Database\BaseConnection.php(670): CodeIgniter\Database\MySQLi\Connection->execute('INSERT INTO `pr...')
#2 C:\Users\ACER\OneDrive\Dokumen\PKL\Sistem-Informasi-Skripsi\system\Database\BaseConnection.php(598): CodeIgniter\Database\BaseConnection->simpleQuery('INSERT INTO `pr...')
#3 C:\Users\ACER\OneDrive\Dokumen\PKL\Sistem-Informasi-Skripsi\system\Database\BaseBuilder.php(1759): CodeIgniter\Database\BaseConnection->query('INSERT INTO `pr...', Array, false)
#4 C:\Users\ACER\OneDrive\Dokumen\PKL\Sistem-Informasi-Skripsi\system\Model.php(239): CodeIgniter\Database\BaseBuilder->insert()
#5 C:\Users\ACER\OneDrive\Dokumen\PKL\Sistem-Informasi-Skripsi\system\BaseModel.php(738): CodeIgniter\Model->doInsert(Array)
#6 C:\Users\ACER\OneDrive\Dokumen\PKL\Sistem-Informasi-Skripsi\system\Model.php(620): CodeIgniter\BaseModel->insert(Array, true)
#7 C:\Users\ACER\OneDrive\Dokumen\PKL\Sistem-Informasi-Skripsi\app\Controllers\Admin.php(210): CodeIgniter\Model->insert(Array)
#8 C:\Users\ACER\OneDrive\Dokumen\PKL\Sistem-Informasi-Skripsi\system\CodeIgniter.php(824): App\Controllers\Admin->tambah_akun('1917051028')
#9 C:\Users\ACER\OneDrive\Dokumen\PKL\Sistem-Informasi-Skripsi\system\CodeIgniter.php(410): CodeIgniter\CodeIgniter->runController(Object(App\Controllers\Admin))
#10 C:\Users\ACER\OneDrive\Dokumen\PKL\Sistem-Informasi-Skripsi\system\CodeIgniter.php(318): CodeIgniter\CodeIgniter->handleRequest(NULL, Object(Config\Cache), false)
#11 C:\Users\ACER\OneDrive\Dokumen\PKL\Sistem-Informasi-Skripsi\public\index.php(37): CodeIgniter\CodeIgniter->run()
#12 C:\Users\ACER\OneDrive\Dokumen\PKL\Sistem-Informasi-Skripsi\system\Commands\Server\rewrite.php(43): require_once('C:\\Users\\ACER\\O...')
#13 {main}
CRITICAL - 2022-01-25 21:15:38 --> Trying to get property 'user' of non-object
#0 C:\Users\ACER\OneDrive\Dokumen\PKL\Sistem-Informasi-Skripsi\app\Controllers\Admin.php(210): CodeIgniter\Debug\Exceptions->errorHandler(8, 'Trying to get p...', 'C:\\Users\\ACER\\O...', 210, Array)
#1 C:\Users\ACER\OneDrive\Dokumen\PKL\Sistem-Informasi-Skripsi\system\CodeIgniter.php(824): App\Controllers\Admin->tambah_akun('1917051028')
#2 C:\Users\ACER\OneDrive\Dokumen\PKL\Sistem-Informasi-Skripsi\system\CodeIgniter.php(410): CodeIgniter\CodeIgniter->runController(Object(App\Controllers\Admin))
#3 C:\Users\ACER\OneDrive\Dokumen\PKL\Sistem-Informasi-Skripsi\system\CodeIgniter.php(318): CodeIgniter\CodeIgniter->handleRequest(NULL, Object(Config\Cache), false)
#4 C:\Users\ACER\OneDrive\Dokumen\PKL\Sistem-Informasi-Skripsi\public\index.php(37): CodeIgniter\CodeIgniter->run()
#5 C:\Users\ACER\OneDrive\Dokumen\PKL\Sistem-Informasi-Skripsi\system\Commands\Server\rewrite.php(43): require_once('C:\\Users\\ACER\\O...')
#6 {main}
ERROR - 2022-01-25 21:16:47 --> Duplicate entry '1917051028' for key 'PRIMARY'
CRITICAL - 2022-01-25 21:16:47 --> Duplicate entry '1917051028' for key 'PRIMARY'
#0 C:\Users\ACER\OneDrive\Dokumen\PKL\Sistem-Informasi-Skripsi\system\Database\MySQLi\Connection.php(292): mysqli->query('INSERT INTO `ak...', 0)
#1 C:\Users\ACER\OneDrive\Dokumen\PKL\Sistem-Informasi-Skripsi\system\Database\BaseConnection.php(670): CodeIgniter\Database\MySQLi\Connection->execute('INSERT INTO `ak...')
#2 C:\Users\ACER\OneDrive\Dokumen\PKL\Sistem-Informasi-Skripsi\system\Database\BaseConnection.php(598): CodeIgniter\Database\BaseConnection->simpleQuery('INSERT INTO `ak...')
#3 C:\Users\ACER\OneDrive\Dokumen\PKL\Sistem-Informasi-Skripsi\system\Database\BaseBuilder.php(1759): CodeIgniter\Database\BaseConnection->query('INSERT INTO `ak...', Array, false)
#4 C:\Users\ACER\OneDrive\Dokumen\PKL\Sistem-Informasi-Skripsi\system\Model.php(239): CodeIgniter\Database\BaseBuilder->insert()
#5 C:\Users\ACER\OneDrive\Dokumen\PKL\Sistem-Informasi-Skripsi\system\BaseModel.php(738): CodeIgniter\Model->doInsert(Array)
#6 C:\Users\ACER\OneDrive\Dokumen\PKL\Sistem-Informasi-Skripsi\system\Model.php(620): CodeIgniter\BaseModel->insert(Array, true)
#7 C:\Users\ACER\OneDrive\Dokumen\PKL\Sistem-Informasi-Skripsi\app\Controllers\Admin.php(212): CodeIgniter\Model->insert(Array)
#8 C:\Users\ACER\OneDrive\Dokumen\PKL\Sistem-Informasi-Skripsi\system\CodeIgniter.php(824): App\Controllers\Admin->tambah_akun('1917051028')
#9 C:\Users\ACER\OneDrive\Dokumen\PKL\Sistem-Informasi-Skripsi\system\CodeIgniter.php(410): CodeIgniter\CodeIgniter->runController(Object(App\Controllers\Admin))
#10 C:\Users\ACER\OneDrive\Dokumen\PKL\Sistem-Informasi-Skripsi\system\CodeIgniter.php(318): CodeIgniter\CodeIgniter->handleRequest(NULL, Object(Config\Cache), false)
#11 C:\Users\ACER\OneDrive\Dokumen\PKL\Sistem-Informasi-Skripsi\public\index.php(37): CodeIgniter\CodeIgniter->run()
#12 C:\Users\ACER\OneDrive\Dokumen\PKL\Sistem-Informasi-Skripsi\system\Commands\Server\rewrite.php(43): require_once('C:\\Users\\ACER\\O...')
#13 {main}
CRITICAL - 2022-01-25 22:10:41 --> syntax error, unexpected end of file, expecting elseif (T_ELSEIF) or else (T_ELSE) or endif (T_ENDIF)
#0 C:\Users\ACER\OneDrive\Dokumen\PKL\Sistem-Informasi-Skripsi\system\View\View.php(217): CodeIgniter\View\View->CodeIgniter\View\{closure}()
#1 C:\Users\ACER\OneDrive\Dokumen\PKL\Sistem-Informasi-Skripsi\system\Common.php(1097): CodeIgniter\View\View->render('r_mahasiswa/v_m...', Array, true)
#2 C:\Users\ACER\OneDrive\Dokumen\PKL\Sistem-Informasi-Skripsi\app\Controllers\Mahasiswa.php(35): view('r_mahasiswa/v_m...')
#3 C:\Users\ACER\OneDrive\Dokumen\PKL\Sistem-Informasi-Skripsi\system\CodeIgniter.php(824): App\Controllers\Mahasiswa->index()
#4 C:\Users\ACER\OneDrive\Dokumen\PKL\Sistem-Informasi-Skripsi\system\CodeIgniter.php(410): CodeIgniter\CodeIgniter->runController(Object(App\Controllers\Mahasiswa))
#5 C:\Users\ACER\OneDrive\Dokumen\PKL\Sistem-Informasi-Skripsi\system\CodeIgniter.php(318): CodeIgniter\CodeIgniter->handleRequest(NULL, Object(Config\Cache), false)
#6 C:\Users\ACER\OneDrive\Dokumen\PKL\Sistem-Informasi-Skripsi\public\index.php(37): CodeIgniter\CodeIgniter->run()
#7 C:\Users\ACER\OneDrive\Dokumen\PKL\Sistem-Informasi-Skripsi\system\Commands\Server\rewrite.php(43): require_once('C:\\Users\\ACER\\O...')
#8 {main}
