CRITICAL - 2022-01-06 00:00:42 --> Undefined variable: waktu
#0 C:\Users\ACER\OneDrive\Dokumen\A_WebProgramming\SIAKAD Admin Bisnis\app\Views\r_mahasiswa\v_mahasiswa.php(11): CodeIgniter\Debug\Exceptions->errorHandler(8, 'Undefined varia...', 'C:\\Users\\ACER\\O...', 11, Array)
#1 C:\Users\ACER\OneDrive\Dokumen\A_WebProgramming\SIAKAD Admin Bisnis\system\View\View.php(214): include('C:\\Users\\ACER\\O...')
#2 C:\Users\ACER\OneDrive\Dokumen\A_WebProgramming\SIAKAD Admin Bisnis\system\View\View.php(217): CodeIgniter\View\View->CodeIgniter\View\{closure}()
#3 C:\Users\ACER\OneDrive\Dokumen\A_WebProgramming\SIAKAD Admin Bisnis\system\Common.php(1097): CodeIgniter\View\View->render('r_mahasiswa/v_m...', Array, true)
#4 C:\Users\ACER\OneDrive\Dokumen\A_WebProgramming\SIAKAD Admin Bisnis\app\Controllers\Mahasiswa.php(13): view('r_mahasiswa/v_m...')
#5 C:\Users\ACER\OneDrive\Dokumen\A_WebProgramming\SIAKAD Admin Bisnis\system\CodeIgniter.php(824): App\Controllers\Mahasiswa->index()
#6 C:\Users\ACER\OneDrive\Dokumen\A_WebProgramming\SIAKAD Admin Bisnis\system\CodeIgniter.php(410): CodeIgniter\CodeIgniter->runController(Object(App\Controllers\Mahasiswa))
#7 C:\Users\ACER\OneDrive\Dokumen\A_WebProgramming\SIAKAD Admin Bisnis\system\CodeIgniter.php(318): CodeIgniter\CodeIgniter->handleRequest(NULL, Object(Config\Cache), false)
#8 C:\Users\ACER\OneDrive\Dokumen\A_WebProgramming\SIAKAD Admin Bisnis\public\index.php(37): CodeIgniter\CodeIgniter->run()
#9 C:\Users\ACER\OneDrive\Dokumen\A_WebProgramming\SIAKAD Admin Bisnis\system\Commands\Server\rewrite.php(43): require_once('C:\\Users\\ACER\\O...')
#10 {main}
CRITICAL - 2022-01-06 00:01:05 --> Undefined variable: _SESSION
#0 C:\Users\ACER\OneDrive\Dokumen\A_WebProgramming\SIAKAD Admin Bisnis\app\Views\r_mahasiswa\v_mahasiswa.php(11): CodeIgniter\Debug\Exceptions->errorHandler(8, 'Undefined varia...', 'C:\\Users\\ACER\\O...', 11, Array)
#1 C:\Users\ACER\OneDrive\Dokumen\A_WebProgramming\SIAKAD Admin Bisnis\system\View\View.php(214): include('C:\\Users\\ACER\\O...')
#2 C:\Users\ACER\OneDrive\Dokumen\A_WebProgramming\SIAKAD Admin Bisnis\system\View\View.php(217): CodeIgniter\View\View->CodeIgniter\View\{closure}()
#3 C:\Users\ACER\OneDrive\Dokumen\A_WebProgramming\SIAKAD Admin Bisnis\system\Common.php(1097): CodeIgniter\View\View->render('r_mahasiswa/v_m...', Array, true)
#4 C:\Users\ACER\OneDrive\Dokumen\A_WebProgramming\SIAKAD Admin Bisnis\app\Controllers\Mahasiswa.php(13): view('r_mahasiswa/v_m...')
#5 C:\Users\ACER\OneDrive\Dokumen\A_WebProgramming\SIAKAD Admin Bisnis\system\CodeIgniter.php(824): App\Controllers\Mahasiswa->index()
#6 C:\Users\ACER\OneDrive\Dokumen\A_WebProgramming\SIAKAD Admin Bisnis\system\CodeIgniter.php(410): CodeIgniter\CodeIgniter->runController(Object(App\Controllers\Mahasiswa))
#7 C:\Users\ACER\OneDrive\Dokumen\A_WebProgramming\SIAKAD Admin Bisnis\system\CodeIgniter.php(318): CodeIgniter\CodeIgniter->handleRequest(NULL, Object(Config\Cache), false)
#8 C:\Users\ACER\OneDrive\Dokumen\A_WebProgramming\SIAKAD Admin Bisnis\public\index.php(37): CodeIgniter\CodeIgniter->run()
#9 C:\Users\ACER\OneDrive\Dokumen\A_WebProgramming\SIAKAD Admin Bisnis\system\Commands\Server\rewrite.php(43): require_once('C:\\Users\\ACER\\O...')
#10 {main}
CRITICAL - 2022-01-06 00:01:18 --> Undefined variable: _SESSION
#0 C:\Users\ACER\OneDrive\Dokumen\A_WebProgramming\SIAKAD Admin Bisnis\app\Views\r_mahasiswa\v_mahasiswa.php(11): CodeIgniter\Debug\Exceptions->errorHandler(8, 'Undefined varia...', 'C:\\Users\\ACER\\O...', 11, Array)
#1 C:\Users\ACER\OneDrive\Dokumen\A_WebProgramming\SIAKAD Admin Bisnis\system\View\View.php(214): include('C:\\Users\\ACER\\O...')
#2 C:\Users\ACER\OneDrive\Dokumen\A_WebProgramming\SIAKAD Admin Bisnis\system\View\View.php(217): CodeIgniter\View\View->CodeIgniter\View\{closure}()
#3 C:\Users\ACER\OneDrive\Dokumen\A_WebProgramming\SIAKAD Admin Bisnis\system\Common.php(1097): CodeIgniter\View\View->render('r_mahasiswa/v_m...', Array, true)
#4 C:\Users\ACER\OneDrive\Dokumen\A_WebProgramming\SIAKAD Admin Bisnis\app\Controllers\Mahasiswa.php(13): view('r_mahasiswa/v_m...')
#5 C:\Users\ACER\OneDrive\Dokumen\A_WebProgramming\SIAKAD Admin Bisnis\system\CodeIgniter.php(824): App\Controllers\Mahasiswa->index()
#6 C:\Users\ACER\OneDrive\Dokumen\A_WebProgramming\SIAKAD Admin Bisnis\system\CodeIgniter.php(410): CodeIgniter\CodeIgniter->runController(Object(App\Controllers\Mahasiswa))
#7 C:\Users\ACER\OneDrive\Dokumen\A_WebProgramming\SIAKAD Admin Bisnis\system\CodeIgniter.php(318): CodeIgniter\CodeIgniter->handleRequest(NULL, Object(Config\Cache), false)
#8 C:\Users\ACER\OneDrive\Dokumen\A_WebProgramming\SIAKAD Admin Bisnis\public\index.php(37): CodeIgniter\CodeIgniter->run()
#9 C:\Users\ACER\OneDrive\Dokumen\A_WebProgramming\SIAKAD Admin Bisnis\system\Commands\Server\rewrite.php(43): require_once('C:\\Users\\ACER\\O...')
#10 {main}
CRITICAL - 2022-01-06 00:01:28 --> Undefined variable: _SESSION
#0 C:\Users\ACER\OneDrive\Dokumen\A_WebProgramming\SIAKAD Admin Bisnis\app\Views\r_mahasiswa\v_mahasiswa.php(11): CodeIgniter\Debug\Exceptions->errorHandler(8, 'Undefined varia...', 'C:\\Users\\ACER\\O...', 11, Array)
#1 C:\Users\ACER\OneDrive\Dokumen\A_WebProgramming\SIAKAD Admin Bisnis\system\View\View.php(214): include('C:\\Users\\ACER\\O...')
#2 C:\Users\ACER\OneDrive\Dokumen\A_WebProgramming\SIAKAD Admin Bisnis\system\View\View.php(217): CodeIgniter\View\View->CodeIgniter\View\{closure}()
#3 C:\Users\ACER\OneDrive\Dokumen\A_WebProgramming\SIAKAD Admin Bisnis\system\Common.php(1097): CodeIgniter\View\View->render('r_mahasiswa/v_m...', Array, true)
#4 C:\Users\ACER\OneDrive\Dokumen\A_WebProgramming\SIAKAD Admin Bisnis\app\Controllers\Mahasiswa.php(13): view('r_mahasiswa/v_m...')
#5 C:\Users\ACER\OneDrive\Dokumen\A_WebProgramming\SIAKAD Admin Bisnis\system\CodeIgniter.php(824): App\Controllers\Mahasiswa->index()
#6 C:\Users\ACER\OneDrive\Dokumen\A_WebProgramming\SIAKAD Admin Bisnis\system\CodeIgniter.php(410): CodeIgniter\CodeIgniter->runController(Object(App\Controllers\Mahasiswa))
#7 C:\Users\ACER\OneDrive\Dokumen\A_WebProgramming\SIAKAD Admin Bisnis\system\CodeIgniter.php(318): CodeIgniter\CodeIgniter->handleRequest(NULL, Object(Config\Cache), false)
#8 C:\Users\ACER\OneDrive\Dokumen\A_WebProgramming\SIAKAD Admin Bisnis\public\index.php(37): CodeIgniter\CodeIgniter->run()
#9 C:\Users\ACER\OneDrive\Dokumen\A_WebProgramming\SIAKAD Admin Bisnis\system\Commands\Server\rewrite.php(43): require_once('C:\\Users\\ACER\\O...')
#10 {main}
CRITICAL - 2022-01-06 00:02:13 --> Undefined variable: _SESSION
#0 C:\Users\ACER\OneDrive\Dokumen\A_WebProgramming\SIAKAD Admin Bisnis\app\Views\r_mahasiswa\v_mahasiswa.php(11): CodeIgniter\Debug\Exceptions->errorHandler(8, 'Undefined varia...', 'C:\\Users\\ACER\\O...', 11, Array)
#1 C:\Users\ACER\OneDrive\Dokumen\A_WebProgramming\SIAKAD Admin Bisnis\system\View\View.php(214): include('C:\\Users\\ACER\\O...')
#2 C:\Users\ACER\OneDrive\Dokumen\A_WebProgramming\SIAKAD Admin Bisnis\system\View\View.php(217): CodeIgniter\View\View->CodeIgniter\View\{closure}()
#3 C:\Users\ACER\OneDrive\Dokumen\A_WebProgramming\SIAKAD Admin Bisnis\system\Common.php(1097): CodeIgniter\View\View->render('r_mahasiswa/v_m...', Array, true)
#4 C:\Users\ACER\OneDrive\Dokumen\A_WebProgramming\SIAKAD Admin Bisnis\app\Controllers\Mahasiswa.php(13): view('r_mahasiswa/v_m...')
#5 C:\Users\ACER\OneDrive\Dokumen\A_WebProgramming\SIAKAD Admin Bisnis\system\CodeIgniter.php(824): App\Controllers\Mahasiswa->index()
#6 C:\Users\ACER\OneDrive\Dokumen\A_WebProgramming\SIAKAD Admin Bisnis\system\CodeIgniter.php(410): CodeIgniter\CodeIgniter->runController(Object(App\Controllers\Mahasiswa))
#7 C:\Users\ACER\OneDrive\Dokumen\A_WebProgramming\SIAKAD Admin Bisnis\system\CodeIgniter.php(318): CodeIgniter\CodeIgniter->handleRequest(NULL, Object(Config\Cache), false)
#8 C:\Users\ACER\OneDrive\Dokumen\A_WebProgramming\SIAKAD Admin Bisnis\public\index.php(37): CodeIgniter\CodeIgniter->run()
#9 C:\Users\ACER\OneDrive\Dokumen\A_WebProgramming\SIAKAD Admin Bisnis\system\Commands\Server\rewrite.php(43): require_once('C:\\Users\\ACER\\O...')
#10 {main}
CRITICAL - 2022-01-06 00:46:07 --> Class 'App\Controllers\M_data_pengajuan_judul' not found
#0 C:\Users\ACER\OneDrive\Dokumen\A_WebProgramming\SIAKAD Admin Bisnis\system\CodeIgniter.php(801): App\Controllers\Mahasiswa->__construct()
#1 C:\Users\ACER\OneDrive\Dokumen\A_WebProgramming\SIAKAD Admin Bisnis\system\CodeIgniter.php(401): CodeIgniter\CodeIgniter->createController()
#2 C:\Users\ACER\OneDrive\Dokumen\A_WebProgramming\SIAKAD Admin Bisnis\system\CodeIgniter.php(318): CodeIgniter\CodeIgniter->handleRequest(NULL, Object(Config\Cache), false)
#3 C:\Users\ACER\OneDrive\Dokumen\A_WebProgramming\SIAKAD Admin Bisnis\public\index.php(37): CodeIgniter\CodeIgniter->run()
#4 C:\Users\ACER\OneDrive\Dokumen\A_WebProgramming\SIAKAD Admin Bisnis\system\Commands\Server\rewrite.php(43): require_once('C:\\Users\\ACER\\O...')
#5 {main}
CRITICAL - 2022-01-06 00:46:38 --> Class 'App\Controllers\M_data_pengajuan_judul' not found
#0 C:\Users\ACER\OneDrive\Dokumen\A_WebProgramming\SIAKAD Admin Bisnis\system\CodeIgniter.php(801): App\Controllers\Mahasiswa->__construct()
#1 C:\Users\ACER\OneDrive\Dokumen\A_WebProgramming\SIAKAD Admin Bisnis\system\CodeIgniter.php(401): CodeIgniter\CodeIgniter->createController()
#2 C:\Users\ACER\OneDrive\Dokumen\A_WebProgramming\SIAKAD Admin Bisnis\system\CodeIgniter.php(318): CodeIgniter\CodeIgniter->handleRequest(NULL, Object(Config\Cache), false)
#3 C:\Users\ACER\OneDrive\Dokumen\A_WebProgramming\SIAKAD Admin Bisnis\public\index.php(37): CodeIgniter\CodeIgniter->run()
#4 C:\Users\ACER\OneDrive\Dokumen\A_WebProgramming\SIAKAD Admin Bisnis\system\Commands\Server\rewrite.php(43): require_once('C:\\Users\\ACER\\O...')
#5 {main}
CRITICAL - 2022-01-06 00:46:39 --> Class 'App\Controllers\M_data_pengajuan_judul' not found
#0 C:\Users\ACER\OneDrive\Dokumen\A_WebProgramming\SIAKAD Admin Bisnis\system\CodeIgniter.php(801): App\Controllers\Mahasiswa->__construct()
#1 C:\Users\ACER\OneDrive\Dokumen\A_WebProgramming\SIAKAD Admin Bisnis\system\CodeIgniter.php(401): CodeIgniter\CodeIgniter->createController()
#2 C:\Users\ACER\OneDrive\Dokumen\A_WebProgramming\SIAKAD Admin Bisnis\system\CodeIgniter.php(318): CodeIgniter\CodeIgniter->handleRequest(NULL, Object(Config\Cache), false)
#3 C:\Users\ACER\OneDrive\Dokumen\A_WebProgramming\SIAKAD Admin Bisnis\public\index.php(37): CodeIgniter\CodeIgniter->run()
#4 C:\Users\ACER\OneDrive\Dokumen\A_WebProgramming\SIAKAD Admin Bisnis\system\Commands\Server\rewrite.php(43): require_once('C:\\Users\\ACER\\O...')
#5 {main}
CRITICAL - 2022-01-06 00:46:41 --> Class 'App\Controllers\M_data_pengajuan_judul' not found
#0 C:\Users\ACER\OneDrive\Dokumen\A_WebProgramming\SIAKAD Admin Bisnis\system\CodeIgniter.php(801): App\Controllers\Mahasiswa->__construct()
#1 C:\Users\ACER\OneDrive\Dokumen\A_WebProgramming\SIAKAD Admin Bisnis\system\CodeIgniter.php(401): CodeIgniter\CodeIgniter->createController()
#2 C:\Users\ACER\OneDrive\Dokumen\A_WebProgramming\SIAKAD Admin Bisnis\system\CodeIgniter.php(318): CodeIgniter\CodeIgniter->handleRequest(NULL, Object(Config\Cache), false)
#3 C:\Users\ACER\OneDrive\Dokumen\A_WebProgramming\SIAKAD Admin Bisnis\public\index.php(37): CodeIgniter\CodeIgniter->run()
#4 C:\Users\ACER\OneDrive\Dokumen\A_WebProgramming\SIAKAD Admin Bisnis\system\Commands\Server\rewrite.php(43): require_once('C:\\Users\\ACER\\O...')
#5 {main}
CRITICAL - 2022-01-06 00:46:43 --> Class 'App\Controllers\M_data_pengajuan_judul' not found
#0 C:\Users\ACER\OneDrive\Dokumen\A_WebProgramming\SIAKAD Admin Bisnis\system\CodeIgniter.php(801): App\Controllers\Mahasiswa->__construct()
#1 C:\Users\ACER\OneDrive\Dokumen\A_WebProgramming\SIAKAD Admin Bisnis\system\CodeIgniter.php(401): CodeIgniter\CodeIgniter->createController()
#2 C:\Users\ACER\OneDrive\Dokumen\A_WebProgramming\SIAKAD Admin Bisnis\system\CodeIgniter.php(318): CodeIgniter\CodeIgniter->handleRequest(NULL, Object(Config\Cache), false)
#3 C:\Users\ACER\OneDrive\Dokumen\A_WebProgramming\SIAKAD Admin Bisnis\public\index.php(37): CodeIgniter\CodeIgniter->run()
#4 C:\Users\ACER\OneDrive\Dokumen\A_WebProgramming\SIAKAD Admin Bisnis\system\Commands\Server\rewrite.php(43): require_once('C:\\Users\\ACER\\O...')
#5 {main}
CRITICAL - 2022-01-06 00:46:48 --> Class 'App\Controllers\M_data_pengajuan_judul' not found
#0 C:\Users\ACER\OneDrive\Dokumen\A_WebProgramming\SIAKAD Admin Bisnis\system\CodeIgniter.php(801): App\Controllers\Mahasiswa->__construct()
#1 C:\Users\ACER\OneDrive\Dokumen\A_WebProgramming\SIAKAD Admin Bisnis\system\CodeIgniter.php(401): CodeIgniter\CodeIgniter->createController()
#2 C:\Users\ACER\OneDrive\Dokumen\A_WebProgramming\SIAKAD Admin Bisnis\system\CodeIgniter.php(318): CodeIgniter\CodeIgniter->handleRequest(NULL, Object(Config\Cache), false)
#3 C:\Users\ACER\OneDrive\Dokumen\A_WebProgramming\SIAKAD Admin Bisnis\public\index.php(37): CodeIgniter\CodeIgniter->run()
#4 C:\Users\ACER\OneDrive\Dokumen\A_WebProgramming\SIAKAD Admin Bisnis\system\Commands\Server\rewrite.php(43): require_once('C:\\Users\\ACER\\O...')
#5 {main}
CRITICAL - 2022-01-06 00:51:12 --> Use of undefined constant data_pengajuan_judul - assumed 'data_pengajuan_judul' (this will throw an Error in a future version of PHP)
#0 C:\Users\ACER\OneDrive\Dokumen\A_WebProgramming\SIAKAD Admin Bisnis\app\Controllers\Mahasiswa.php(11): CodeIgniter\Debug\Exceptions->errorHandler(2, 'Use of undefine...', 'C:\\Users\\ACER\\O...', 11, Array)
#1 C:\Users\ACER\OneDrive\Dokumen\A_WebProgramming\SIAKAD Admin Bisnis\system\CodeIgniter.php(801): App\Controllers\Mahasiswa->__construct()
#2 C:\Users\ACER\OneDrive\Dokumen\A_WebProgramming\SIAKAD Admin Bisnis\system\CodeIgniter.php(401): CodeIgniter\CodeIgniter->createController()
#3 C:\Users\ACER\OneDrive\Dokumen\A_WebProgramming\SIAKAD Admin Bisnis\system\CodeIgniter.php(318): CodeIgniter\CodeIgniter->handleRequest(NULL, Object(Config\Cache), false)
#4 C:\Users\ACER\OneDrive\Dokumen\A_WebProgramming\SIAKAD Admin Bisnis\public\index.php(37): CodeIgniter\CodeIgniter->run()
#5 C:\Users\ACER\OneDrive\Dokumen\A_WebProgramming\SIAKAD Admin Bisnis\system\Commands\Server\rewrite.php(43): require_once('C:\\Users\\ACER\\O...')
#6 {main}
CRITICAL - 2022-01-06 00:52:19 --> Use of undefined constant data_pengajuan_judul - assumed 'data_pengajuan_judul' (this will throw an Error in a future version of PHP)
#0 C:\Users\ACER\OneDrive\Dokumen\A_WebProgramming\SIAKAD Admin Bisnis\app\Controllers\Mahasiswa.php(11): CodeIgniter\Debug\Exceptions->errorHandler(2, 'Use of undefine...', 'C:\\Users\\ACER\\O...', 11, Array)
#1 C:\Users\ACER\OneDrive\Dokumen\A_WebProgramming\SIAKAD Admin Bisnis\system\CodeIgniter.php(801): App\Controllers\Mahasiswa->__construct()
#2 C:\Users\ACER\OneDrive\Dokumen\A_WebProgramming\SIAKAD Admin Bisnis\system\CodeIgniter.php(401): CodeIgniter\CodeIgniter->createController()
#3 C:\Users\ACER\OneDrive\Dokumen\A_WebProgramming\SIAKAD Admin Bisnis\system\CodeIgniter.php(318): CodeIgniter\CodeIgniter->handleRequest(NULL, Object(Config\Cache), false)
#4 C:\Users\ACER\OneDrive\Dokumen\A_WebProgramming\SIAKAD Admin Bisnis\public\index.php(37): CodeIgniter\CodeIgniter->run()
#5 C:\Users\ACER\OneDrive\Dokumen\A_WebProgramming\SIAKAD Admin Bisnis\system\Commands\Server\rewrite.php(43): require_once('C:\\Users\\ACER\\O...')
#6 {main}
CRITICAL - 2022-01-06 00:53:31 --> Class 'App\Controllers\M_DPJ' not found
#0 C:\Users\ACER\OneDrive\Dokumen\A_WebProgramming\SIAKAD Admin Bisnis\system\CodeIgniter.php(801): App\Controllers\Mahasiswa->__construct()
#1 C:\Users\ACER\OneDrive\Dokumen\A_WebProgramming\SIAKAD Admin Bisnis\system\CodeIgniter.php(401): CodeIgniter\CodeIgniter->createController()
#2 C:\Users\ACER\OneDrive\Dokumen\A_WebProgramming\SIAKAD Admin Bisnis\system\CodeIgniter.php(318): CodeIgniter\CodeIgniter->handleRequest(NULL, Object(Config\Cache), false)
#3 C:\Users\ACER\OneDrive\Dokumen\A_WebProgramming\SIAKAD Admin Bisnis\public\index.php(37): CodeIgniter\CodeIgniter->run()
#4 C:\Users\ACER\OneDrive\Dokumen\A_WebProgramming\SIAKAD Admin Bisnis\system\Commands\Server\rewrite.php(43): require_once('C:\\Users\\ACER\\O...')
#5 {main}
CRITICAL - 2022-01-06 00:54:14 --> Use of undefined constant data_pengajuan_judul - assumed 'data_pengajuan_judul' (this will throw an Error in a future version of PHP)
#0 C:\Users\ACER\OneDrive\Dokumen\A_WebProgramming\SIAKAD Admin Bisnis\app\Controllers\Mahasiswa.php(11): CodeIgniter\Debug\Exceptions->errorHandler(2, 'Use of undefine...', 'C:\\Users\\ACER\\O...', 11, Array)
#1 C:\Users\ACER\OneDrive\Dokumen\A_WebProgramming\SIAKAD Admin Bisnis\system\CodeIgniter.php(801): App\Controllers\Mahasiswa->__construct()
#2 C:\Users\ACER\OneDrive\Dokumen\A_WebProgramming\SIAKAD Admin Bisnis\system\CodeIgniter.php(401): CodeIgniter\CodeIgniter->createController()
#3 C:\Users\ACER\OneDrive\Dokumen\A_WebProgramming\SIAKAD Admin Bisnis\system\CodeIgniter.php(318): CodeIgniter\CodeIgniter->handleRequest(NULL, Object(Config\Cache), false)
#4 C:\Users\ACER\OneDrive\Dokumen\A_WebProgramming\SIAKAD Admin Bisnis\public\index.php(37): CodeIgniter\CodeIgniter->run()
#5 C:\Users\ACER\OneDrive\Dokumen\A_WebProgramming\SIAKAD Admin Bisnis\system\Commands\Server\rewrite.php(43): require_once('C:\\Users\\ACER\\O...')
#6 {main}
CRITICAL - 2022-01-06 00:54:59 --> Class 'App\Controllers\M_DPJ' not found
#0 C:\Users\ACER\OneDrive\Dokumen\A_WebProgramming\SIAKAD Admin Bisnis\system\CodeIgniter.php(801): App\Controllers\Mahasiswa->__construct()
#1 C:\Users\ACER\OneDrive\Dokumen\A_WebProgramming\SIAKAD Admin Bisnis\system\CodeIgniter.php(401): CodeIgniter\CodeIgniter->createController()
#2 C:\Users\ACER\OneDrive\Dokumen\A_WebProgramming\SIAKAD Admin Bisnis\system\CodeIgniter.php(318): CodeIgniter\CodeIgniter->handleRequest(NULL, Object(Config\Cache), false)
#3 C:\Users\ACER\OneDrive\Dokumen\A_WebProgramming\SIAKAD Admin Bisnis\public\index.php(37): CodeIgniter\CodeIgniter->run()
#4 C:\Users\ACER\OneDrive\Dokumen\A_WebProgramming\SIAKAD Admin Bisnis\system\Commands\Server\rewrite.php(43): require_once('C:\\Users\\ACER\\O...')
#5 {main}
CRITICAL - 2022-01-06 00:55:12 --> Class 'App\Controllers\M_DPJ' not found
#0 C:\Users\ACER\OneDrive\Dokumen\A_WebProgramming\SIAKAD Admin Bisnis\system\CodeIgniter.php(801): App\Controllers\Mahasiswa->__construct()
#1 C:\Users\ACER\OneDrive\Dokumen\A_WebProgramming\SIAKAD Admin Bisnis\system\CodeIgniter.php(401): CodeIgniter\CodeIgniter->createController()
#2 C:\Users\ACER\OneDrive\Dokumen\A_WebProgramming\SIAKAD Admin Bisnis\system\CodeIgniter.php(318): CodeIgniter\CodeIgniter->handleRequest(NULL, Object(Config\Cache), false)
#3 C:\Users\ACER\OneDrive\Dokumen\A_WebProgramming\SIAKAD Admin Bisnis\public\index.php(37): CodeIgniter\CodeIgniter->run()
#4 C:\Users\ACER\OneDrive\Dokumen\A_WebProgramming\SIAKAD Admin Bisnis\system\Commands\Server\rewrite.php(43): require_once('C:\\Users\\ACER\\O...')
#5 {main}
CRITICAL - 2022-01-06 00:55:12 --> Class 'App\Controllers\M_DPJ' not found
#0 C:\Users\ACER\OneDrive\Dokumen\A_WebProgramming\SIAKAD Admin Bisnis\system\CodeIgniter.php(801): App\Controllers\Mahasiswa->__construct()
#1 C:\Users\ACER\OneDrive\Dokumen\A_WebProgramming\SIAKAD Admin Bisnis\system\CodeIgniter.php(401): CodeIgniter\CodeIgniter->createController()
#2 C:\Users\ACER\OneDrive\Dokumen\A_WebProgramming\SIAKAD Admin Bisnis\system\CodeIgniter.php(318): CodeIgniter\CodeIgniter->handleRequest(NULL, Object(Config\Cache), false)
#3 C:\Users\ACER\OneDrive\Dokumen\A_WebProgramming\SIAKAD Admin Bisnis\public\index.php(37): CodeIgniter\CodeIgniter->run()
#4 C:\Users\ACER\OneDrive\Dokumen\A_WebProgramming\SIAKAD Admin Bisnis\system\Commands\Server\rewrite.php(43): require_once('C:\\Users\\ACER\\O...')
#5 {main}
CRITICAL - 2022-01-06 00:55:13 --> Class 'App\Controllers\M_DPJ' not found
#0 C:\Users\ACER\OneDrive\Dokumen\A_WebProgramming\SIAKAD Admin Bisnis\system\CodeIgniter.php(801): App\Controllers\Mahasiswa->__construct()
#1 C:\Users\ACER\OneDrive\Dokumen\A_WebProgramming\SIAKAD Admin Bisnis\system\CodeIgniter.php(401): CodeIgniter\CodeIgniter->createController()
#2 C:\Users\ACER\OneDrive\Dokumen\A_WebProgramming\SIAKAD Admin Bisnis\system\CodeIgniter.php(318): CodeIgniter\CodeIgniter->handleRequest(NULL, Object(Config\Cache), false)
#3 C:\Users\ACER\OneDrive\Dokumen\A_WebProgramming\SIAKAD Admin Bisnis\public\index.php(37): CodeIgniter\CodeIgniter->run()
#4 C:\Users\ACER\OneDrive\Dokumen\A_WebProgramming\SIAKAD Admin Bisnis\system\Commands\Server\rewrite.php(43): require_once('C:\\Users\\ACER\\O...')
#5 {main}
CRITICAL - 2022-01-06 00:55:13 --> Class 'App\Controllers\M_DPJ' not found
#0 C:\Users\ACER\OneDrive\Dokumen\A_WebProgramming\SIAKAD Admin Bisnis\system\CodeIgniter.php(801): App\Controllers\Mahasiswa->__construct()
#1 C:\Users\ACER\OneDrive\Dokumen\A_WebProgramming\SIAKAD Admin Bisnis\system\CodeIgniter.php(401): CodeIgniter\CodeIgniter->createController()
#2 C:\Users\ACER\OneDrive\Dokumen\A_WebProgramming\SIAKAD Admin Bisnis\system\CodeIgniter.php(318): CodeIgniter\CodeIgniter->handleRequest(NULL, Object(Config\Cache), false)
#3 C:\Users\ACER\OneDrive\Dokumen\A_WebProgramming\SIAKAD Admin Bisnis\public\index.php(37): CodeIgniter\CodeIgniter->run()
#4 C:\Users\ACER\OneDrive\Dokumen\A_WebProgramming\SIAKAD Admin Bisnis\system\Commands\Server\rewrite.php(43): require_once('C:\\Users\\ACER\\O...')
#5 {main}
CRITICAL - 2022-01-06 00:55:28 --> Use of undefined constant data_pengajuan_judul - assumed 'data_pengajuan_judul' (this will throw an Error in a future version of PHP)
#0 C:\Users\ACER\OneDrive\Dokumen\A_WebProgramming\SIAKAD Admin Bisnis\app\Controllers\Mahasiswa.php(11): CodeIgniter\Debug\Exceptions->errorHandler(2, 'Use of undefine...', 'C:\\Users\\ACER\\O...', 11, Array)
#1 C:\Users\ACER\OneDrive\Dokumen\A_WebProgramming\SIAKAD Admin Bisnis\system\CodeIgniter.php(801): App\Controllers\Mahasiswa->__construct()
#2 C:\Users\ACER\OneDrive\Dokumen\A_WebProgramming\SIAKAD Admin Bisnis\system\CodeIgniter.php(401): CodeIgniter\CodeIgniter->createController()
#3 C:\Users\ACER\OneDrive\Dokumen\A_WebProgramming\SIAKAD Admin Bisnis\system\CodeIgniter.php(318): CodeIgniter\CodeIgniter->handleRequest(NULL, Object(Config\Cache), false)
#4 C:\Users\ACER\OneDrive\Dokumen\A_WebProgramming\SIAKAD Admin Bisnis\public\index.php(37): CodeIgniter\CodeIgniter->run()
#5 C:\Users\ACER\OneDrive\Dokumen\A_WebProgramming\SIAKAD Admin Bisnis\system\Commands\Server\rewrite.php(43): require_once('C:\\Users\\ACER\\O...')
#6 {main}
CRITICAL - 2022-01-06 00:56:42 --> Use of undefined constant data_pengajuan_judul - assumed 'data_pengajuan_judul' (this will throw an Error in a future version of PHP)
#0 C:\Users\ACER\OneDrive\Dokumen\A_WebProgramming\SIAKAD Admin Bisnis\app\Controllers\Mahasiswa.php(11): CodeIgniter\Debug\Exceptions->errorHandler(2, 'Use of undefine...', 'C:\\Users\\ACER\\O...', 11, Array)
#1 C:\Users\ACER\OneDrive\Dokumen\A_WebProgramming\SIAKAD Admin Bisnis\system\CodeIgniter.php(801): App\Controllers\Mahasiswa->__construct()
#2 C:\Users\ACER\OneDrive\Dokumen\A_WebProgramming\SIAKAD Admin Bisnis\system\CodeIgniter.php(401): CodeIgniter\CodeIgniter->createController()
#3 C:\Users\ACER\OneDrive\Dokumen\A_WebProgramming\SIAKAD Admin Bisnis\system\CodeIgniter.php(318): CodeIgniter\CodeIgniter->handleRequest(NULL, Object(Config\Cache), false)
#4 C:\Users\ACER\OneDrive\Dokumen\A_WebProgramming\SIAKAD Admin Bisnis\public\index.php(37): CodeIgniter\CodeIgniter->run()
#5 C:\Users\ACER\OneDrive\Dokumen\A_WebProgramming\SIAKAD Admin Bisnis\system\Commands\Server\rewrite.php(43): require_once('C:\\Users\\ACER\\O...')
#6 {main}
CRITICAL - 2022-01-06 00:57:46 --> Use of undefined constant data_pengajuan_judul - assumed 'data_pengajuan_judul' (this will throw an Error in a future version of PHP)
#0 C:\Users\ACER\OneDrive\Dokumen\A_WebProgramming\SIAKAD Admin Bisnis\app\Controllers\Mahasiswa.php(12): CodeIgniter\Debug\Exceptions->errorHandler(2, 'Use of undefine...', 'C:\\Users\\ACER\\O...', 12, Array)
#1 C:\Users\ACER\OneDrive\Dokumen\A_WebProgramming\SIAKAD Admin Bisnis\system\CodeIgniter.php(801): App\Controllers\Mahasiswa->__construct()
#2 C:\Users\ACER\OneDrive\Dokumen\A_WebProgramming\SIAKAD Admin Bisnis\system\CodeIgniter.php(401): CodeIgniter\CodeIgniter->createController()
#3 C:\Users\ACER\OneDrive\Dokumen\A_WebProgramming\SIAKAD Admin Bisnis\system\CodeIgniter.php(318): CodeIgniter\CodeIgniter->handleRequest(NULL, Object(Config\Cache), false)
#4 C:\Users\ACER\OneDrive\Dokumen\A_WebProgramming\SIAKAD Admin Bisnis\public\index.php(37): CodeIgniter\CodeIgniter->run()
#5 C:\Users\ACER\OneDrive\Dokumen\A_WebProgramming\SIAKAD Admin Bisnis\system\Commands\Server\rewrite.php(43): require_once('C:\\Users\\ACER\\O...')
#6 {main}
CRITICAL - 2022-01-06 00:58:14 --> Use of undefined constant data_pengajuan_judul - assumed 'data_pengajuan_judul' (this will throw an Error in a future version of PHP)
#0 C:\Users\ACER\OneDrive\Dokumen\A_WebProgramming\SIAKAD Admin Bisnis\app\Controllers\Mahasiswa.php(12): CodeIgniter\Debug\Exceptions->errorHandler(2, 'Use of undefine...', 'C:\\Users\\ACER\\O...', 12, Array)
#1 C:\Users\ACER\OneDrive\Dokumen\A_WebProgramming\SIAKAD Admin Bisnis\system\CodeIgniter.php(801): App\Controllers\Mahasiswa->__construct()
#2 C:\Users\ACER\OneDrive\Dokumen\A_WebProgramming\SIAKAD Admin Bisnis\system\CodeIgniter.php(401): CodeIgniter\CodeIgniter->createController()
#3 C:\Users\ACER\OneDrive\Dokumen\A_WebProgramming\SIAKAD Admin Bisnis\system\CodeIgniter.php(318): CodeIgniter\CodeIgniter->handleRequest(NULL, Object(Config\Cache), false)
#4 C:\Users\ACER\OneDrive\Dokumen\A_WebProgramming\SIAKAD Admin Bisnis\public\index.php(37): CodeIgniter\CodeIgniter->run()
#5 C:\Users\ACER\OneDrive\Dokumen\A_WebProgramming\SIAKAD Admin Bisnis\system\Commands\Server\rewrite.php(43): require_once('C:\\Users\\ACER\\O...')
#6 {main}
CRITICAL - 2022-01-06 01:00:10 --> Use of undefined constant data_pengajuan_judul - assumed 'data_pengajuan_judul' (this will throw an Error in a future version of PHP)
#0 C:\Users\ACER\OneDrive\Dokumen\A_WebProgramming\SIAKAD Admin Bisnis\app\Controllers\Mahasiswa.php(12): CodeIgniter\Debug\Exceptions->errorHandler(2, 'Use of undefine...', 'C:\\Users\\ACER\\O...', 12, Array)
#1 C:\Users\ACER\OneDrive\Dokumen\A_WebProgramming\SIAKAD Admin Bisnis\system\CodeIgniter.php(801): App\Controllers\Mahasiswa->__construct()
#2 C:\Users\ACER\OneDrive\Dokumen\A_WebProgramming\SIAKAD Admin Bisnis\system\CodeIgniter.php(401): CodeIgniter\CodeIgniter->createController()
#3 C:\Users\ACER\OneDrive\Dokumen\A_WebProgramming\SIAKAD Admin Bisnis\system\CodeIgniter.php(318): CodeIgniter\CodeIgniter->handleRequest(NULL, Object(Config\Cache), false)
#4 C:\Users\ACER\OneDrive\Dokumen\A_WebProgramming\SIAKAD Admin Bisnis\public\index.php(37): CodeIgniter\CodeIgniter->run()
#5 C:\Users\ACER\OneDrive\Dokumen\A_WebProgramming\SIAKAD Admin Bisnis\system\Commands\Server\rewrite.php(43): require_once('C:\\Users\\ACER\\O...')
#6 {main}
CRITICAL - 2022-01-06 01:01:38 --> Use of undefined constant data_pengajuan_judul - assumed 'data_pengajuan_judul' (this will throw an Error in a future version of PHP)
#0 C:\Users\ACER\OneDrive\Dokumen\A_WebProgramming\SIAKAD Admin Bisnis\app\Controllers\Mahasiswa.php(12): CodeIgniter\Debug\Exceptions->errorHandler(2, 'Use of undefine...', 'C:\\Users\\ACER\\O...', 12, Array)
#1 C:\Users\ACER\OneDrive\Dokumen\A_WebProgramming\SIAKAD Admin Bisnis\system\CodeIgniter.php(801): App\Controllers\Mahasiswa->__construct()
#2 C:\Users\ACER\OneDrive\Dokumen\A_WebProgramming\SIAKAD Admin Bisnis\system\CodeIgniter.php(401): CodeIgniter\CodeIgniter->createController()
#3 C:\Users\ACER\OneDrive\Dokumen\A_WebProgramming\SIAKAD Admin Bisnis\system\CodeIgniter.php(318): CodeIgniter\CodeIgniter->handleRequest(NULL, Object(Config\Cache), false)
#4 C:\Users\ACER\OneDrive\Dokumen\A_WebProgramming\SIAKAD Admin Bisnis\public\index.php(37): CodeIgniter\CodeIgniter->run()
#5 C:\Users\ACER\OneDrive\Dokumen\A_WebProgramming\SIAKAD Admin Bisnis\system\Commands\Server\rewrite.php(43): require_once('C:\\Users\\ACER\\O...')
#6 {main}
CRITICAL - 2022-01-06 01:06:30 --> Use of undefined constant data_pengajuan_judul - assumed 'data_pengajuan_judul' (this will throw an Error in a future version of PHP)
#0 C:\Users\ACER\OneDrive\Dokumen\A_WebProgramming\SIAKAD Admin Bisnis\app\Controllers\Mahasiswa.php(12): CodeIgniter\Debug\Exceptions->errorHandler(2, 'Use of undefine...', 'C:\\Users\\ACER\\O...', 12, Array)
#1 C:\Users\ACER\OneDrive\Dokumen\A_WebProgramming\SIAKAD Admin Bisnis\system\CodeIgniter.php(801): App\Controllers\Mahasiswa->__construct()
#2 C:\Users\ACER\OneDrive\Dokumen\A_WebProgramming\SIAKAD Admin Bisnis\system\CodeIgniter.php(401): CodeIgniter\CodeIgniter->createController()
#3 C:\Users\ACER\OneDrive\Dokumen\A_WebProgramming\SIAKAD Admin Bisnis\system\CodeIgniter.php(318): CodeIgniter\CodeIgniter->handleRequest(NULL, Object(Config\Cache), false)
#4 C:\Users\ACER\OneDrive\Dokumen\A_WebProgramming\SIAKAD Admin Bisnis\public\index.php(37): CodeIgniter\CodeIgniter->run()
#5 C:\Users\ACER\OneDrive\Dokumen\A_WebProgramming\SIAKAD Admin Bisnis\system\Commands\Server\rewrite.php(43): require_once('C:\\Users\\ACER\\O...')
#6 {main}
CRITICAL - 2022-01-06 01:07:05 --> Use of undefined constant data_pengajuan_judul - assumed 'data_pengajuan_judul' (this will throw an Error in a future version of PHP)
#0 C:\Users\ACER\OneDrive\Dokumen\A_WebProgramming\SIAKAD Admin Bisnis\app\Controllers\Dosen.php(13): CodeIgniter\Debug\Exceptions->errorHandler(2, 'Use of undefine...', 'C:\\Users\\ACER\\O...', 13, Array)
#1 C:\Users\ACER\OneDrive\Dokumen\A_WebProgramming\SIAKAD Admin Bisnis\system\CodeIgniter.php(801): App\Controllers\Dosen->__construct()
#2 C:\Users\ACER\OneDrive\Dokumen\A_WebProgramming\SIAKAD Admin Bisnis\system\CodeIgniter.php(401): CodeIgniter\CodeIgniter->createController()
#3 C:\Users\ACER\OneDrive\Dokumen\A_WebProgramming\SIAKAD Admin Bisnis\system\CodeIgniter.php(318): CodeIgniter\CodeIgniter->handleRequest(NULL, Object(Config\Cache), false)
#4 C:\Users\ACER\OneDrive\Dokumen\A_WebProgramming\SIAKAD Admin Bisnis\public\index.php(37): CodeIgniter\CodeIgniter->run()
#5 C:\Users\ACER\OneDrive\Dokumen\A_WebProgramming\SIAKAD Admin Bisnis\system\Commands\Server\rewrite.php(43): require_once('C:\\Users\\ACER\\O...')
#6 {main}
CRITICAL - 2022-01-06 01:27:26 --> Undefined variable: data1
#0 C:\Users\ACER\OneDrive\Dokumen\A_WebProgramming\SIAKAD Admin Bisnis\app\Views\r_dosen\v_dosen.php(19): CodeIgniter\Debug\Exceptions->errorHandler(8, 'Undefined varia...', 'C:\\Users\\ACER\\O...', 19, Array)
#1 C:\Users\ACER\OneDrive\Dokumen\A_WebProgramming\SIAKAD Admin Bisnis\system\View\View.php(214): include('C:\\Users\\ACER\\O...')
#2 C:\Users\ACER\OneDrive\Dokumen\A_WebProgramming\SIAKAD Admin Bisnis\system\View\View.php(217): CodeIgniter\View\View->CodeIgniter\View\{closure}()
#3 C:\Users\ACER\OneDrive\Dokumen\A_WebProgramming\SIAKAD Admin Bisnis\system\Common.php(1097): CodeIgniter\View\View->render('r_dosen/v_dosen', Array, true)
#4 C:\Users\ACER\OneDrive\Dokumen\A_WebProgramming\SIAKAD Admin Bisnis\app\Controllers\Dosen.php(23): view('r_dosen/v_dosen', Array)
#5 C:\Users\ACER\OneDrive\Dokumen\A_WebProgramming\SIAKAD Admin Bisnis\system\CodeIgniter.php(824): App\Controllers\Dosen->index()
#6 C:\Users\ACER\OneDrive\Dokumen\A_WebProgramming\SIAKAD Admin Bisnis\system\CodeIgniter.php(410): CodeIgniter\CodeIgniter->runController(Object(App\Controllers\Dosen))
#7 C:\Users\ACER\OneDrive\Dokumen\A_WebProgramming\SIAKAD Admin Bisnis\system\CodeIgniter.php(318): CodeIgniter\CodeIgniter->handleRequest(NULL, Object(Config\Cache), false)
#8 C:\Users\ACER\OneDrive\Dokumen\A_WebProgramming\SIAKAD Admin Bisnis\public\index.php(37): CodeIgniter\CodeIgniter->run()
#9 C:\Users\ACER\OneDrive\Dokumen\A_WebProgramming\SIAKAD Admin Bisnis\system\Commands\Server\rewrite.php(43): require_once('C:\\Users\\ACER\\O...')
#10 {main}
CRITICAL - 2022-01-06 01:30:13 --> Undefined variable: title
#0 C:\Users\ACER\OneDrive\Dokumen\A_WebProgramming\SIAKAD Admin Bisnis\app\Views\layouts\header.php(17): CodeIgniter\Debug\Exceptions->errorHandler(8, 'Undefined varia...', 'C:\\Users\\ACER\\O...', 17, Array)
#1 C:\Users\ACER\OneDrive\Dokumen\A_WebProgramming\SIAKAD Admin Bisnis\system\View\View.php(214): include('C:\\Users\\ACER\\O...')
#2 C:\Users\ACER\OneDrive\Dokumen\A_WebProgramming\SIAKAD Admin Bisnis\system\View\View.php(217): CodeIgniter\View\View->CodeIgniter\View\{closure}()
#3 C:\Users\ACER\OneDrive\Dokumen\A_WebProgramming\SIAKAD Admin Bisnis\system\Common.php(1097): CodeIgniter\View\View->render('layouts/header', Array, true)
#4 C:\Users\ACER\OneDrive\Dokumen\A_WebProgramming\SIAKAD Admin Bisnis\app\Controllers\Dosen.php(20): view('layouts/header')
#5 C:\Users\ACER\OneDrive\Dokumen\A_WebProgramming\SIAKAD Admin Bisnis\system\CodeIgniter.php(824): App\Controllers\Dosen->index()
#6 C:\Users\ACER\OneDrive\Dokumen\A_WebProgramming\SIAKAD Admin Bisnis\system\CodeIgniter.php(410): CodeIgniter\CodeIgniter->runController(Object(App\Controllers\Dosen))
#7 C:\Users\ACER\OneDrive\Dokumen\A_WebProgramming\SIAKAD Admin Bisnis\system\CodeIgniter.php(318): CodeIgniter\CodeIgniter->handleRequest(NULL, Object(Config\Cache), false)
#8 C:\Users\ACER\OneDrive\Dokumen\A_WebProgramming\SIAKAD Admin Bisnis\public\index.php(37): CodeIgniter\CodeIgniter->run()
#9 C:\Users\ACER\OneDrive\Dokumen\A_WebProgramming\SIAKAD Admin Bisnis\system\Commands\Server\rewrite.php(43): require_once('C:\\Users\\ACER\\O...')
#10 {main}
CRITICAL - 2022-01-06 01:31:05 --> Undefined variable: data1
#0 C:\Users\ACER\OneDrive\Dokumen\A_WebProgramming\SIAKAD Admin Bisnis\app\Views\r_dosen\v_dosen.php(19): CodeIgniter\Debug\Exceptions->errorHandler(8, 'Undefined varia...', 'C:\\Users\\ACER\\O...', 19, Array)
#1 C:\Users\ACER\OneDrive\Dokumen\A_WebProgramming\SIAKAD Admin Bisnis\system\View\View.php(214): include('C:\\Users\\ACER\\O...')
#2 C:\Users\ACER\OneDrive\Dokumen\A_WebProgramming\SIAKAD Admin Bisnis\system\View\View.php(217): CodeIgniter\View\View->CodeIgniter\View\{closure}()
#3 C:\Users\ACER\OneDrive\Dokumen\A_WebProgramming\SIAKAD Admin Bisnis\system\Common.php(1097): CodeIgniter\View\View->render('r_dosen/v_dosen', Array, true)
#4 C:\Users\ACER\OneDrive\Dokumen\A_WebProgramming\SIAKAD Admin Bisnis\app\Controllers\Dosen.php(24): view('r_dosen/v_dosen', Array)
#5 C:\Users\ACER\OneDrive\Dokumen\A_WebProgramming\SIAKAD Admin Bisnis\system\CodeIgniter.php(824): App\Controllers\Dosen->index()
#6 C:\Users\ACER\OneDrive\Dokumen\A_WebProgramming\SIAKAD Admin Bisnis\system\CodeIgniter.php(410): CodeIgniter\CodeIgniter->runController(Object(App\Controllers\Dosen))
#7 C:\Users\ACER\OneDrive\Dokumen\A_WebProgramming\SIAKAD Admin Bisnis\system\CodeIgniter.php(318): CodeIgniter\CodeIgniter->handleRequest(NULL, Object(Config\Cache), false)
#8 C:\Users\ACER\OneDrive\Dokumen\A_WebProgramming\SIAKAD Admin Bisnis\public\index.php(37): CodeIgniter\CodeIgniter->run()
#9 C:\Users\ACER\OneDrive\Dokumen\A_WebProgramming\SIAKAD Admin Bisnis\system\Commands\Server\rewrite.php(43): require_once('C:\\Users\\ACER\\O...')
#10 {main}
CRITICAL - 2022-01-06 01:31:32 --> Undefined variable: data1
#0 C:\Users\ACER\OneDrive\Dokumen\A_WebProgramming\SIAKAD Admin Bisnis\app\Views\r_dosen\v_dosen.php(19): CodeIgniter\Debug\Exceptions->errorHandler(8, 'Undefined varia...', 'C:\\Users\\ACER\\O...', 19, Array)
#1 C:\Users\ACER\OneDrive\Dokumen\A_WebProgramming\SIAKAD Admin Bisnis\system\View\View.php(214): include('C:\\Users\\ACER\\O...')
#2 C:\Users\ACER\OneDrive\Dokumen\A_WebProgramming\SIAKAD Admin Bisnis\system\View\View.php(217): CodeIgniter\View\View->CodeIgniter\View\{closure}()
#3 C:\Users\ACER\OneDrive\Dokumen\A_WebProgramming\SIAKAD Admin Bisnis\system\Common.php(1097): CodeIgniter\View\View->render('r_dosen/v_dosen', Array, true)
#4 C:\Users\ACER\OneDrive\Dokumen\A_WebProgramming\SIAKAD Admin Bisnis\app\Controllers\Dosen.php(24): view('r_dosen/v_dosen', Array)
#5 C:\Users\ACER\OneDrive\Dokumen\A_WebProgramming\SIAKAD Admin Bisnis\system\CodeIgniter.php(824): App\Controllers\Dosen->index()
#6 C:\Users\ACER\OneDrive\Dokumen\A_WebProgramming\SIAKAD Admin Bisnis\system\CodeIgniter.php(410): CodeIgniter\CodeIgniter->runController(Object(App\Controllers\Dosen))
#7 C:\Users\ACER\OneDrive\Dokumen\A_WebProgramming\SIAKAD Admin Bisnis\system\CodeIgniter.php(318): CodeIgniter\CodeIgniter->handleRequest(NULL, Object(Config\Cache), false)
#8 C:\Users\ACER\OneDrive\Dokumen\A_WebProgramming\SIAKAD Admin Bisnis\public\index.php(37): CodeIgniter\CodeIgniter->run()
#9 C:\Users\ACER\OneDrive\Dokumen\A_WebProgramming\SIAKAD Admin Bisnis\system\Commands\Server\rewrite.php(43): require_once('C:\\Users\\ACER\\O...')
#10 {main}
CRITICAL - 2022-01-06 01:31:33 --> Undefined variable: data1
#0 C:\Users\ACER\OneDrive\Dokumen\A_WebProgramming\SIAKAD Admin Bisnis\app\Views\r_dosen\v_dosen.php(19): CodeIgniter\Debug\Exceptions->errorHandler(8, 'Undefined varia...', 'C:\\Users\\ACER\\O...', 19, Array)
#1 C:\Users\ACER\OneDrive\Dokumen\A_WebProgramming\SIAKAD Admin Bisnis\system\View\View.php(214): include('C:\\Users\\ACER\\O...')
#2 C:\Users\ACER\OneDrive\Dokumen\A_WebProgramming\SIAKAD Admin Bisnis\system\View\View.php(217): CodeIgniter\View\View->CodeIgniter\View\{closure}()
#3 C:\Users\ACER\OneDrive\Dokumen\A_WebProgramming\SIAKAD Admin Bisnis\system\Common.php(1097): CodeIgniter\View\View->render('r_dosen/v_dosen', Array, true)
#4 C:\Users\ACER\OneDrive\Dokumen\A_WebProgramming\SIAKAD Admin Bisnis\app\Controllers\Dosen.php(24): view('r_dosen/v_dosen', Array)
#5 C:\Users\ACER\OneDrive\Dokumen\A_WebProgramming\SIAKAD Admin Bisnis\system\CodeIgniter.php(824): App\Controllers\Dosen->index()
#6 C:\Users\ACER\OneDrive\Dokumen\A_WebProgramming\SIAKAD Admin Bisnis\system\CodeIgniter.php(410): CodeIgniter\CodeIgniter->runController(Object(App\Controllers\Dosen))
#7 C:\Users\ACER\OneDrive\Dokumen\A_WebProgramming\SIAKAD Admin Bisnis\system\CodeIgniter.php(318): CodeIgniter\CodeIgniter->handleRequest(NULL, Object(Config\Cache), false)
#8 C:\Users\ACER\OneDrive\Dokumen\A_WebProgramming\SIAKAD Admin Bisnis\public\index.php(37): CodeIgniter\CodeIgniter->run()
#9 C:\Users\ACER\OneDrive\Dokumen\A_WebProgramming\SIAKAD Admin Bisnis\system\Commands\Server\rewrite.php(43): require_once('C:\\Users\\ACER\\O...')
#10 {main}
CRITICAL - 2022-01-06 01:36:13 --> Undefined variable: data1
#0 C:\Users\ACER\OneDrive\Dokumen\A_WebProgramming\SIAKAD Admin Bisnis\app\Views\r_dosen\v_dosen.php(15): CodeIgniter\Debug\Exceptions->errorHandler(8, 'Undefined varia...', 'C:\\Users\\ACER\\O...', 15, Array)
#1 C:\Users\ACER\OneDrive\Dokumen\A_WebProgramming\SIAKAD Admin Bisnis\system\View\View.php(214): include('C:\\Users\\ACER\\O...')
#2 C:\Users\ACER\OneDrive\Dokumen\A_WebProgramming\SIAKAD Admin Bisnis\system\View\View.php(217): CodeIgniter\View\View->CodeIgniter\View\{closure}()
#3 C:\Users\ACER\OneDrive\Dokumen\A_WebProgramming\SIAKAD Admin Bisnis\system\Common.php(1097): CodeIgniter\View\View->render('r_dosen/v_dosen', Array, true)
#4 C:\Users\ACER\OneDrive\Dokumen\A_WebProgramming\SIAKAD Admin Bisnis\app\Controllers\Dosen.php(25): view('r_dosen/v_dosen', Array)
#5 C:\Users\ACER\OneDrive\Dokumen\A_WebProgramming\SIAKAD Admin Bisnis\system\CodeIgniter.php(824): App\Controllers\Dosen->index()
#6 C:\Users\ACER\OneDrive\Dokumen\A_WebProgramming\SIAKAD Admin Bisnis\system\CodeIgniter.php(410): CodeIgniter\CodeIgniter->runController(Object(App\Controllers\Dosen))
#7 C:\Users\ACER\OneDrive\Dokumen\A_WebProgramming\SIAKAD Admin Bisnis\system\CodeIgniter.php(318): CodeIgniter\CodeIgniter->handleRequest(NULL, Object(Config\Cache), false)
#8 C:\Users\ACER\OneDrive\Dokumen\A_WebProgramming\SIAKAD Admin Bisnis\public\index.php(37): CodeIgniter\CodeIgniter->run()
#9 C:\Users\ACER\OneDrive\Dokumen\A_WebProgramming\SIAKAD Admin Bisnis\system\Commands\Server\rewrite.php(43): require_once('C:\\Users\\ACER\\O...')
#10 {main}
CRITICAL - 2022-01-06 06:09:31 --> Invalid file: v_register.php
#0 C:\Users\ACER\OneDrive\Dokumen\A_WebProgramming\SIAKAD Admin Bisnis\system\View\View.php(198): CodeIgniter\Exceptions\FrameworkException::forInvalidFile('v_register.php')
#1 C:\Users\ACER\OneDrive\Dokumen\A_WebProgramming\SIAKAD Admin Bisnis\system\Common.php(1097): CodeIgniter\View\View->render('v_register', Array, true)
#2 C:\Users\ACER\OneDrive\Dokumen\A_WebProgramming\SIAKAD Admin Bisnis\app\Controllers\Login.php(66): view('v_register')
#3 C:\Users\ACER\OneDrive\Dokumen\A_WebProgramming\SIAKAD Admin Bisnis\system\CodeIgniter.php(824): App\Controllers\Login->register()
#4 C:\Users\ACER\OneDrive\Dokumen\A_WebProgramming\SIAKAD Admin Bisnis\system\CodeIgniter.php(410): CodeIgniter\CodeIgniter->runController(Object(App\Controllers\Login))
#5 C:\Users\ACER\OneDrive\Dokumen\A_WebProgramming\SIAKAD Admin Bisnis\system\CodeIgniter.php(318): CodeIgniter\CodeIgniter->handleRequest(NULL, Object(Config\Cache), false)
#6 C:\Users\ACER\OneDrive\Dokumen\A_WebProgramming\SIAKAD Admin Bisnis\public\index.php(37): CodeIgniter\CodeIgniter->run()
#7 C:\Users\ACER\OneDrive\Dokumen\A_WebProgramming\SIAKAD Admin Bisnis\system\Commands\Server\rewrite.php(43): require_once('C:\\Users\\ACER\\O...')
#8 {main}
CRITICAL - 2022-01-06 06:33:04 --> Undefined variable: data
#0 C:\Users\ACER\OneDrive\Dokumen\A_WebProgramming\SIAKAD Admin Bisnis\app\Views\r_admin\v_admin.php(16): CodeIgniter\Debug\Exceptions->errorHandler(8, 'Undefined varia...', 'C:\\Users\\ACER\\O...', 16, Array)
#1 C:\Users\ACER\OneDrive\Dokumen\A_WebProgramming\SIAKAD Admin Bisnis\system\View\View.php(214): include('C:\\Users\\ACER\\O...')
#2 C:\Users\ACER\OneDrive\Dokumen\A_WebProgramming\SIAKAD Admin Bisnis\system\View\View.php(217): CodeIgniter\View\View->CodeIgniter\View\{closure}()
#3 C:\Users\ACER\OneDrive\Dokumen\A_WebProgramming\SIAKAD Admin Bisnis\system\Common.php(1097): CodeIgniter\View\View->render('r_admin/v_admin', Array, true)
#4 C:\Users\ACER\OneDrive\Dokumen\A_WebProgramming\SIAKAD Admin Bisnis\app\Controllers\Admin.php(14): view('r_admin/v_admin')
#5 C:\Users\ACER\OneDrive\Dokumen\A_WebProgramming\SIAKAD Admin Bisnis\system\CodeIgniter.php(824): App\Controllers\Admin->index()
#6 C:\Users\ACER\OneDrive\Dokumen\A_WebProgramming\SIAKAD Admin Bisnis\system\CodeIgniter.php(410): CodeIgniter\CodeIgniter->runController(Object(App\Controllers\Admin))
#7 C:\Users\ACER\OneDrive\Dokumen\A_WebProgramming\SIAKAD Admin Bisnis\system\CodeIgniter.php(318): CodeIgniter\CodeIgniter->handleRequest(NULL, Object(Config\Cache), false)
#8 C:\Users\ACER\OneDrive\Dokumen\A_WebProgramming\SIAKAD Admin Bisnis\public\index.php(37): CodeIgniter\CodeIgniter->run()
#9 C:\Users\ACER\OneDrive\Dokumen\A_WebProgramming\SIAKAD Admin Bisnis\system\Commands\Server\rewrite.php(43): require_once('C:\\Users\\ACER\\O...')
#10 {main}
CRITICAL - 2022-01-06 07:21:54 --> Too few arguments to function App\Controllers\Dosen::terima(), 0 passed in C:\Users\ACER\OneDrive\Dokumen\A_WebProgramming\SIAKAD Admin Bisnis\system\CodeIgniter.php on line 824 and exactly 1 expected
#0 C:\Users\ACER\OneDrive\Dokumen\A_WebProgramming\SIAKAD Admin Bisnis\system\CodeIgniter.php(824): App\Controllers\Dosen->terima()
#1 C:\Users\ACER\OneDrive\Dokumen\A_WebProgramming\SIAKAD Admin Bisnis\system\CodeIgniter.php(410): CodeIgniter\CodeIgniter->runController(Object(App\Controllers\Dosen))
#2 C:\Users\ACER\OneDrive\Dokumen\A_WebProgramming\SIAKAD Admin Bisnis\system\CodeIgniter.php(318): CodeIgniter\CodeIgniter->handleRequest(NULL, Object(Config\Cache), false)
#3 C:\Users\ACER\OneDrive\Dokumen\A_WebProgramming\SIAKAD Admin Bisnis\public\index.php(37): CodeIgniter\CodeIgniter->run()
#4 C:\Users\ACER\OneDrive\Dokumen\A_WebProgramming\SIAKAD Admin Bisnis\system\Commands\Server\rewrite.php(43): require_once('C:\\Users\\ACER\\O...')
#5 {main}
CRITICAL - 2022-01-06 07:23:36 --> Undefined index: laptop_id
#0 C:\Users\ACER\OneDrive\Dokumen\A_WebProgramming\SIAKAD Admin Bisnis\app\Views\r_dosen\v_dosen.php(23): CodeIgniter\Debug\Exceptions->errorHandler(8, 'Undefined index...', 'C:\\Users\\ACER\\O...', 23, Array)
#1 C:\Users\ACER\OneDrive\Dokumen\A_WebProgramming\SIAKAD Admin Bisnis\system\View\View.php(214): include('C:\\Users\\ACER\\O...')
#2 C:\Users\ACER\OneDrive\Dokumen\A_WebProgramming\SIAKAD Admin Bisnis\system\View\View.php(217): CodeIgniter\View\View->CodeIgniter\View\{closure}()
#3 C:\Users\ACER\OneDrive\Dokumen\A_WebProgramming\SIAKAD Admin Bisnis\system\Common.php(1097): CodeIgniter\View\View->render('r_dosen/v_dosen', Array, true)
#4 C:\Users\ACER\OneDrive\Dokumen\A_WebProgramming\SIAKAD Admin Bisnis\app\Controllers\Dosen.php(30): view('r_dosen/v_dosen', Array)
#5 C:\Users\ACER\OneDrive\Dokumen\A_WebProgramming\SIAKAD Admin Bisnis\system\CodeIgniter.php(824): App\Controllers\Dosen->index()
#6 C:\Users\ACER\OneDrive\Dokumen\A_WebProgramming\SIAKAD Admin Bisnis\system\CodeIgniter.php(410): CodeIgniter\CodeIgniter->runController(Object(App\Controllers\Dosen))
#7 C:\Users\ACER\OneDrive\Dokumen\A_WebProgramming\SIAKAD Admin Bisnis\system\CodeIgniter.php(318): CodeIgniter\CodeIgniter->handleRequest(NULL, Object(Config\Cache), false)
#8 C:\Users\ACER\OneDrive\Dokumen\A_WebProgramming\SIAKAD Admin Bisnis\public\index.php(37): CodeIgniter\CodeIgniter->run()
#9 C:\Users\ACER\OneDrive\Dokumen\A_WebProgramming\SIAKAD Admin Bisnis\system\Commands\Server\rewrite.php(43): require_once('C:\\Users\\ACER\\O...')
#10 {main}
CRITICAL - 2022-01-06 07:26:32 --> Undefined property: App\Controllers\Dosen::$M_register
#0 C:\Users\ACER\OneDrive\Dokumen\A_WebProgramming\SIAKAD Admin Bisnis\app\Controllers\Dosen.php(38): CodeIgniter\Debug\Exceptions->errorHandler(8, 'Undefined prope...', 'C:\\Users\\ACER\\O...', 38, Array)
#1 C:\Users\ACER\OneDrive\Dokumen\A_WebProgramming\SIAKAD Admin Bisnis\system\CodeIgniter.php(824): App\Controllers\Dosen->terima('19191919')
#2 C:\Users\ACER\OneDrive\Dokumen\A_WebProgramming\SIAKAD Admin Bisnis\system\CodeIgniter.php(410): CodeIgniter\CodeIgniter->runController(Object(App\Controllers\Dosen))
#3 C:\Users\ACER\OneDrive\Dokumen\A_WebProgramming\SIAKAD Admin Bisnis\system\CodeIgniter.php(318): CodeIgniter\CodeIgniter->handleRequest(NULL, Object(Config\Cache), false)
#4 C:\Users\ACER\OneDrive\Dokumen\A_WebProgramming\SIAKAD Admin Bisnis\public\index.php(37): CodeIgniter\CodeIgniter->run()
#5 C:\Users\ACER\OneDrive\Dokumen\A_WebProgramming\SIAKAD Admin Bisnis\system\Commands\Server\rewrite.php(43): require_once('C:\\Users\\ACER\\O...')
#6 {main}
ERROR - 2022-01-06 07:36:26 --> Duplicate entry '19191919' for key 'PRIMARY'
CRITICAL - 2022-01-06 07:36:26 --> Duplicate entry '19191919' for key 'PRIMARY'
#0 C:\Users\ACER\OneDrive\Dokumen\A_WebProgramming\SIAKAD Admin Bisnis\system\Database\MySQLi\Connection.php(292): mysqli->query('INSERT INTO `da...', 0)
#1 C:\Users\ACER\OneDrive\Dokumen\A_WebProgramming\SIAKAD Admin Bisnis\system\Database\BaseConnection.php(670): CodeIgniter\Database\MySQLi\Connection->execute('INSERT INTO `da...')
#2 C:\Users\ACER\OneDrive\Dokumen\A_WebProgramming\SIAKAD Admin Bisnis\system\Database\BaseConnection.php(598): CodeIgniter\Database\BaseConnection->simpleQuery('INSERT INTO `da...')
#3 C:\Users\ACER\OneDrive\Dokumen\A_WebProgramming\SIAKAD Admin Bisnis\system\Database\BaseBuilder.php(1759): CodeIgniter\Database\BaseConnection->query('INSERT INTO `da...', Array, false)
#4 C:\Users\ACER\OneDrive\Dokumen\A_WebProgramming\SIAKAD Admin Bisnis\system\Model.php(239): CodeIgniter\Database\BaseBuilder->insert()
#5 C:\Users\ACER\OneDrive\Dokumen\A_WebProgramming\SIAKAD Admin Bisnis\system\BaseModel.php(738): CodeIgniter\Model->doInsert(Array)
#6 C:\Users\ACER\OneDrive\Dokumen\A_WebProgramming\SIAKAD Admin Bisnis\system\Model.php(620): CodeIgniter\BaseModel->insert(Array, true)
#7 C:\Users\ACER\OneDrive\Dokumen\A_WebProgramming\SIAKAD Admin Bisnis\app\Controllers\Dosen.php(38): CodeIgniter\Model->insert(Array)
#8 C:\Users\ACER\OneDrive\Dokumen\A_WebProgramming\SIAKAD Admin Bisnis\system\CodeIgniter.php(824): App\Controllers\Dosen->terima('19191919')
#9 C:\Users\ACER\OneDrive\Dokumen\A_WebProgramming\SIAKAD Admin Bisnis\system\CodeIgniter.php(410): CodeIgniter\CodeIgniter->runController(Object(App\Controllers\Dosen))
#10 C:\Users\ACER\OneDrive\Dokumen\A_WebProgramming\SIAKAD Admin Bisnis\system\CodeIgniter.php(318): CodeIgniter\CodeIgniter->handleRequest(NULL, Object(Config\Cache), false)
#11 C:\Users\ACER\OneDrive\Dokumen\A_WebProgramming\SIAKAD Admin Bisnis\public\index.php(37): CodeIgniter\CodeIgniter->run()
#12 C:\Users\ACER\OneDrive\Dokumen\A_WebProgramming\SIAKAD Admin Bisnis\system\Commands\Server\rewrite.php(43): require_once('C:\\Users\\ACER\\O...')
#13 {main}
CRITICAL - 2022-01-06 07:36:53 --> There is no data to update.
#0 C:\Users\ACER\OneDrive\Dokumen\A_WebProgramming\SIAKAD Admin Bisnis\system\BaseModel.php(1574): CodeIgniter\Database\Exceptions\DataException::forEmptyDataset('update')
#1 C:\Users\ACER\OneDrive\Dokumen\A_WebProgramming\SIAKAD Admin Bisnis\system\BaseModel.php(832): CodeIgniter\BaseModel->transformDataToArray(NULL, 'update')
#2 C:\Users\ACER\OneDrive\Dokumen\A_WebProgramming\SIAKAD Admin Bisnis\system\Model.php(646): CodeIgniter\BaseModel->update(Array, NULL)
#3 C:\Users\ACER\OneDrive\Dokumen\A_WebProgramming\SIAKAD Admin Bisnis\app\Controllers\Dosen.php(38): CodeIgniter\Model->update(Array)
#4 C:\Users\ACER\OneDrive\Dokumen\A_WebProgramming\SIAKAD Admin Bisnis\system\CodeIgniter.php(824): App\Controllers\Dosen->terima('19191919')
#5 C:\Users\ACER\OneDrive\Dokumen\A_WebProgramming\SIAKAD Admin Bisnis\system\CodeIgniter.php(410): CodeIgniter\CodeIgniter->runController(Object(App\Controllers\Dosen))
#6 C:\Users\ACER\OneDrive\Dokumen\A_WebProgramming\SIAKAD Admin Bisnis\system\CodeIgniter.php(318): CodeIgniter\CodeIgniter->handleRequest(NULL, Object(Config\Cache), false)
#7 C:\Users\ACER\OneDrive\Dokumen\A_WebProgramming\SIAKAD Admin Bisnis\public\index.php(37): CodeIgniter\CodeIgniter->run()
#8 C:\Users\ACER\OneDrive\Dokumen\A_WebProgramming\SIAKAD Admin Bisnis\system\Commands\Server\rewrite.php(43): require_once('C:\\Users\\ACER\\O...')
#9 {main}
ERROR - 2022-01-06 07:39:56 --> Duplicate entry '1917051015' for key 'PRIMARY'
CRITICAL - 2022-01-06 07:39:56 --> Duplicate entry '1917051015' for key 'PRIMARY'
#0 C:\Users\ACER\OneDrive\Dokumen\A_WebProgramming\SIAKAD Admin Bisnis\system\Database\MySQLi\Connection.php(292): mysqli->query('INSERT INTO `da...', 0)
#1 C:\Users\ACER\OneDrive\Dokumen\A_WebProgramming\SIAKAD Admin Bisnis\system\Database\BaseConnection.php(670): CodeIgniter\Database\MySQLi\Connection->execute('INSERT INTO `da...')
#2 C:\Users\ACER\OneDrive\Dokumen\A_WebProgramming\SIAKAD Admin Bisnis\system\Database\BaseConnection.php(598): CodeIgniter\Database\BaseConnection->simpleQuery('INSERT INTO `da...')
#3 C:\Users\ACER\OneDrive\Dokumen\A_WebProgramming\SIAKAD Admin Bisnis\system\Database\BaseBuilder.php(1759): CodeIgniter\Database\BaseConnection->query('INSERT INTO `da...', Array, false)
#4 C:\Users\ACER\OneDrive\Dokumen\A_WebProgramming\SIAKAD Admin Bisnis\system\Model.php(239): CodeIgniter\Database\BaseBuilder->insert()
#5 C:\Users\ACER\OneDrive\Dokumen\A_WebProgramming\SIAKAD Admin Bisnis\system\BaseModel.php(738): CodeIgniter\Model->doInsert(Array)
#6 C:\Users\ACER\OneDrive\Dokumen\A_WebProgramming\SIAKAD Admin Bisnis\system\Model.php(620): CodeIgniter\BaseModel->insert(Array, true)
#7 C:\Users\ACER\OneDrive\Dokumen\A_WebProgramming\SIAKAD Admin Bisnis\app\Controllers\Dosen.php(38): CodeIgniter\Model->insert(Array)
#8 C:\Users\ACER\OneDrive\Dokumen\A_WebProgramming\SIAKAD Admin Bisnis\system\CodeIgniter.php(824): App\Controllers\Dosen->terima('1917051015')
#9 C:\Users\ACER\OneDrive\Dokumen\A_WebProgramming\SIAKAD Admin Bisnis\system\CodeIgniter.php(410): CodeIgniter\CodeIgniter->runController(Object(App\Controllers\Dosen))
#10 C:\Users\ACER\OneDrive\Dokumen\A_WebProgramming\SIAKAD Admin Bisnis\system\CodeIgniter.php(318): CodeIgniter\CodeIgniter->handleRequest(NULL, Object(Config\Cache), false)
#11 C:\Users\ACER\OneDrive\Dokumen\A_WebProgramming\SIAKAD Admin Bisnis\public\index.php(37): CodeIgniter\CodeIgniter->run()
#12 C:\Users\ACER\OneDrive\Dokumen\A_WebProgramming\SIAKAD Admin Bisnis\system\Commands\Server\rewrite.php(43): require_once('C:\\Users\\ACER\\O...')
#13 {main}
CRITICAL - 2022-01-06 07:53:22 --> Undefined index: nama
#0 C:\Users\ACER\OneDrive\Dokumen\A_WebProgramming\SIAKAD Admin Bisnis\app\Views\r_dosen\v_dosen.php(22): CodeIgniter\Debug\Exceptions->errorHandler(8, 'Undefined index...', 'C:\\Users\\ACER\\O...', 22, Array)
#1 C:\Users\ACER\OneDrive\Dokumen\A_WebProgramming\SIAKAD Admin Bisnis\system\View\View.php(214): include('C:\\Users\\ACER\\O...')
#2 C:\Users\ACER\OneDrive\Dokumen\A_WebProgramming\SIAKAD Admin Bisnis\system\View\View.php(217): CodeIgniter\View\View->CodeIgniter\View\{closure}()
#3 C:\Users\ACER\OneDrive\Dokumen\A_WebProgramming\SIAKAD Admin Bisnis\system\Common.php(1097): CodeIgniter\View\View->render('r_dosen/v_dosen', Array, true)
#4 C:\Users\ACER\OneDrive\Dokumen\A_WebProgramming\SIAKAD Admin Bisnis\app\Controllers\Dosen.php(30): view('r_dosen/v_dosen', Array)
#5 C:\Users\ACER\OneDrive\Dokumen\A_WebProgramming\SIAKAD Admin Bisnis\system\CodeIgniter.php(824): App\Controllers\Dosen->index()
#6 C:\Users\ACER\OneDrive\Dokumen\A_WebProgramming\SIAKAD Admin Bisnis\system\CodeIgniter.php(410): CodeIgniter\CodeIgniter->runController(Object(App\Controllers\Dosen))
#7 C:\Users\ACER\OneDrive\Dokumen\A_WebProgramming\SIAKAD Admin Bisnis\system\CodeIgniter.php(318): CodeIgniter\CodeIgniter->handleRequest(NULL, Object(Config\Cache), false)
#8 C:\Users\ACER\OneDrive\Dokumen\A_WebProgramming\SIAKAD Admin Bisnis\public\index.php(37): CodeIgniter\CodeIgniter->run()
#9 C:\Users\ACER\OneDrive\Dokumen\A_WebProgramming\SIAKAD Admin Bisnis\system\Commands\Server\rewrite.php(43): require_once('C:\\Users\\ACER\\O...')
#10 {main}
