CRITICAL - 2022-02-07 10:18:45 --> Array to string conversion
#0 C:\Users\ACER\OneDrive\Dokumen\PKL\Sistem-Informasi-Skripsi\app\Views\r_dosen\v_dosen.php(45): CodeIgniter\Debug\Exceptions->errorHandler(8, 'Array to string...', 'C:\\Users\\ACER\\O...', 45, Array)
#1 C:\Users\ACER\OneDrive\Dokumen\PKL\Sistem-Informasi-Skripsi\system\View\View.php(214): include('C:\\Users\\ACER\\O...')
#2 C:\Users\ACER\OneDrive\Dokumen\PKL\Sistem-Informasi-Skripsi\system\View\View.php(217): CodeIgniter\View\View->CodeIgniter\View\{closure}()
#3 C:\Users\ACER\OneDrive\Dokumen\PKL\Sistem-Informasi-Skripsi\system\Common.php(1097): CodeIgniter\View\View->render('r_dosen/v_dosen', Array, true)
#4 C:\Users\ACER\OneDrive\Dokumen\PKL\Sistem-Informasi-Skripsi\app\Controllers\Dosen.php(44): view('r_dosen/v_dosen', Array)
#5 C:\Users\ACER\OneDrive\Dokumen\PKL\Sistem-Informasi-Skripsi\system\CodeIgniter.php(824): App\Controllers\Dosen->index()
#6 C:\Users\ACER\OneDrive\Dokumen\PKL\Sistem-Informasi-Skripsi\system\CodeIgniter.php(410): CodeIgniter\CodeIgniter->runController(Object(App\Controllers\Dosen))
#7 C:\Users\ACER\OneDrive\Dokumen\PKL\Sistem-Informasi-Skripsi\system\CodeIgniter.php(318): CodeIgniter\CodeIgniter->handleRequest(NULL, Object(Config\Cache), false)
#8 C:\Users\ACER\OneDrive\Dokumen\PKL\Sistem-Informasi-Skripsi\public\index.php(37): CodeIgniter\CodeIgniter->run()
#9 C:\Users\ACER\OneDrive\Dokumen\PKL\Sistem-Informasi-Skripsi\system\Commands\Server\rewrite.php(43): require_once('C:\\Users\\ACER\\O...')
#10 {main}
CRITICAL - 2022-02-07 01:01:47 --> Trying to access array offset on value of type null
#0 C:\Users\User\KULIAH\PKL\Sistem-Informasi-Skripsi\app\Controllers\Cetakan.php(31): CodeIgniter\Debug\Exceptions->errorHandler(8, 'Trying to acces...', 'C:\\Users\\User\\K...', 31, Array)
#1 C:\Users\User\KULIAH\PKL\Sistem-Informasi-Skripsi\system\CodeIgniter.php(824): App\Controllers\Cetakan->surat_pengajuan_judul('0')
#2 C:\Users\User\KULIAH\PKL\Sistem-Informasi-Skripsi\system\CodeIgniter.php(410): CodeIgniter\CodeIgniter->runController(Object(App\Controllers\Cetakan))
#3 C:\Users\User\KULIAH\PKL\Sistem-Informasi-Skripsi\system\CodeIgniter.php(318): CodeIgniter\CodeIgniter->handleRequest(NULL, Object(Config\Cache), false)
#4 C:\Users\User\KULIAH\PKL\Sistem-Informasi-Skripsi\public\index.php(37): CodeIgniter\CodeIgniter->run()
#5 C:\Users\User\KULIAH\PKL\Sistem-Informasi-Skripsi\system\Commands\Server\rewrite.php(43): require_once('C:\\Users\\User\\K...')
#6 {main}
CRITICAL - 2022-02-07 01:02:51 --> Trying to access array offset on value of type null
#0 C:\Users\User\KULIAH\PKL\Sistem-Informasi-Skripsi\app\Controllers\Cetakan.php(31): CodeIgniter\Debug\Exceptions->errorHandler(8, 'Trying to acces...', 'C:\\Users\\User\\K...', 31, Array)
#1 C:\Users\User\KULIAH\PKL\Sistem-Informasi-Skripsi\system\CodeIgniter.php(824): App\Controllers\Cetakan->surat_pengajuan_judul('0')
#2 C:\Users\User\KULIAH\PKL\Sistem-Informasi-Skripsi\system\CodeIgniter.php(410): CodeIgniter\CodeIgniter->runController(Object(App\Controllers\Cetakan))
#3 C:\Users\User\KULIAH\PKL\Sistem-Informasi-Skripsi\system\CodeIgniter.php(318): CodeIgniter\CodeIgniter->handleRequest(NULL, Object(Config\Cache), false)
#4 C:\Users\User\KULIAH\PKL\Sistem-Informasi-Skripsi\public\index.php(37): CodeIgniter\CodeIgniter->run()
#5 C:\Users\User\KULIAH\PKL\Sistem-Informasi-Skripsi\system\Commands\Server\rewrite.php(43): require_once('C:\\Users\\User\\K...')
#6 {main}
CRITICAL - 2022-02-07 01:31:03 --> Trying to access array offset on value of type null
#0 C:\Users\User\KULIAH\PKL\Sistem-Informasi-Skripsi\app\Controllers\Cetakan.php(31): CodeIgniter\Debug\Exceptions->errorHandler(8, 'Trying to acces...', 'C:\\Users\\User\\K...', 31, Array)
#1 C:\Users\User\KULIAH\PKL\Sistem-Informasi-Skripsi\system\CodeIgniter.php(824): App\Controllers\Cetakan->surat_pengajuan_judul('0')
#2 C:\Users\User\KULIAH\PKL\Sistem-Informasi-Skripsi\system\CodeIgniter.php(410): CodeIgniter\CodeIgniter->runController(Object(App\Controllers\Cetakan))
#3 C:\Users\User\KULIAH\PKL\Sistem-Informasi-Skripsi\system\CodeIgniter.php(318): CodeIgniter\CodeIgniter->handleRequest(NULL, Object(Config\Cache), false)
#4 C:\Users\User\KULIAH\PKL\Sistem-Informasi-Skripsi\public\index.php(37): CodeIgniter\CodeIgniter->run()
#5 C:\Users\User\KULIAH\PKL\Sistem-Informasi-Skripsi\system\Commands\Server\rewrite.php(43): require_once('C:\\Users\\User\\K...')
#6 {main}
