CRITICAL - 2022-01-27 00:01:44 --> fopen(public\logo.png): Failed to open stream: No such file or directory
#0 [internal function]: CodeIgniter\Debug\Exceptions->errorHandler(2, 'fopen(public\\lo...', 'C:\\Users\\User\\K...', 1277)
#1 C:\Users\User\KULIAH\PKL\Sistem-Informasi-Skripsi\app\Libraries\fpdf.php(1277): fopen('public\\logo.png', 'rb')
#2 C:\Users\User\KULIAH\PKL\Sistem-Informasi-Skripsi\app\Libraries\fpdf.php(905): FPDF->_parsepng('public\\logo.png')
#3 C:\Users\User\KULIAH\PKL\Sistem-Informasi-Skripsi\app\Libraries\fpdf.php(365): FPDF->Image('public\\logo.png', 10, 6, 30)
#4 C:\Users\User\KULIAH\PKL\Sistem-Informasi-Skripsi\app\Libraries\fpdf.php(336): FPDF->Header()
#5 C:\Users\User\KULIAH\PKL\Sistem-Informasi-Skripsi\app\Controllers\Cetak.php(16): FPDF->AddPage()
#6 C:\Users\User\KULIAH\PKL\Sistem-Informasi-Skripsi\system\CodeIgniter.php(824): App\Controllers\Cetak->index()
#7 C:\Users\User\KULIAH\PKL\Sistem-Informasi-Skripsi\system\CodeIgniter.php(410): CodeIgniter\CodeIgniter->runController(Object(App\Controllers\Cetak))
#8 C:\Users\User\KULIAH\PKL\Sistem-Informasi-Skripsi\system\CodeIgniter.php(318): CodeIgniter\CodeIgniter->handleRequest(NULL, Object(Config\Cache), false)
#9 C:\Users\User\KULIAH\PKL\Sistem-Informasi-Skripsi\public\index.php(37): CodeIgniter\CodeIgniter->run()
#10 C:\Users\User\KULIAH\PKL\Sistem-Informasi-Skripsi\system\Commands\Server\rewrite.php(43): require_once('C:\\Users\\User\\K...')
#11 {main}
CRITICAL - 2022-01-27 00:01:54 --> fopen(public/logo.png): Failed to open stream: No such file or directory
#0 [internal function]: CodeIgniter\Debug\Exceptions->errorHandler(2, 'fopen(public/lo...', 'C:\\Users\\User\\K...', 1277)
#1 C:\Users\User\KULIAH\PKL\Sistem-Informasi-Skripsi\app\Libraries\fpdf.php(1277): fopen('public/logo.png', 'rb')
#2 C:\Users\User\KULIAH\PKL\Sistem-Informasi-Skripsi\app\Libraries\fpdf.php(905): FPDF->_parsepng('public/logo.png')
#3 C:\Users\User\KULIAH\PKL\Sistem-Informasi-Skripsi\app\Libraries\fpdf.php(365): FPDF->Image('public/logo.png', 10, 6, 30)
#4 C:\Users\User\KULIAH\PKL\Sistem-Informasi-Skripsi\app\Libraries\fpdf.php(336): FPDF->Header()
#5 C:\Users\User\KULIAH\PKL\Sistem-Informasi-Skripsi\app\Controllers\Cetak.php(16): FPDF->AddPage()
#6 C:\Users\User\KULIAH\PKL\Sistem-Informasi-Skripsi\system\CodeIgniter.php(824): App\Controllers\Cetak->index()
#7 C:\Users\User\KULIAH\PKL\Sistem-Informasi-Skripsi\system\CodeIgniter.php(410): CodeIgniter\CodeIgniter->runController(Object(App\Controllers\Cetak))
#8 C:\Users\User\KULIAH\PKL\Sistem-Informasi-Skripsi\system\CodeIgniter.php(318): CodeIgniter\CodeIgniter->handleRequest(NULL, Object(Config\Cache), false)
#9 C:\Users\User\KULIAH\PKL\Sistem-Informasi-Skripsi\public\index.php(37): CodeIgniter\CodeIgniter->run()
#10 C:\Users\User\KULIAH\PKL\Sistem-Informasi-Skripsi\system\Commands\Server\rewrite.php(43): require_once('C:\\Users\\User\\K...')
#11 {main}
CRITICAL - 2022-01-27 00:03:13 --> fopen(https://upload.wikimedia.org/wikipedia/id/f/ff/Logo_UnivLampung.png): Failed to open stream: HTTP request failed! HTTP/1.1 403 Forbidden

#0 [internal function]: CodeIgniter\Debug\Exceptions->errorHandler(2, 'fopen(https://u...', 'C:\\Users\\User\\K...', 1277)
#1 C:\Users\User\KULIAH\PKL\Sistem-Informasi-Skripsi\app\Libraries\fpdf.php(1277): fopen('https://upload....', 'rb')
#2 C:\Users\User\KULIAH\PKL\Sistem-Informasi-Skripsi\app\Libraries\fpdf.php(905): FPDF->_parsepng('https://upload....')
#3 C:\Users\User\KULIAH\PKL\Sistem-Informasi-Skripsi\app\Libraries\fpdf.php(365): FPDF->Image('https://upload....', 10, 6, 30)
#4 C:\Users\User\KULIAH\PKL\Sistem-Informasi-Skripsi\app\Libraries\fpdf.php(336): FPDF->Header()
#5 C:\Users\User\KULIAH\PKL\Sistem-Informasi-Skripsi\app\Controllers\Cetak.php(16): FPDF->AddPage()
#6 C:\Users\User\KULIAH\PKL\Sistem-Informasi-Skripsi\system\CodeIgniter.php(824): App\Controllers\Cetak->index()
#7 C:\Users\User\KULIAH\PKL\Sistem-Informasi-Skripsi\system\CodeIgniter.php(410): CodeIgniter\CodeIgniter->runController(Object(App\Controllers\Cetak))
#8 C:\Users\User\KULIAH\PKL\Sistem-Informasi-Skripsi\system\CodeIgniter.php(318): CodeIgniter\CodeIgniter->handleRequest(NULL, Object(Config\Cache), false)
#9 C:\Users\User\KULIAH\PKL\Sistem-Informasi-Skripsi\public\index.php(37): CodeIgniter\CodeIgniter->run()
#10 C:\Users\User\KULIAH\PKL\Sistem-Informasi-Skripsi\system\Commands\Server\rewrite.php(43): require_once('C:\\Users\\User\\K...')
#11 {main}
CRITICAL - 2022-01-27 00:03:23 --> fopen(https://upload.wikimedia.org/wikipedia/id/f/ff/Logo_UnivLampung.png): Failed to open stream: HTTP request failed! HTTP/1.1 403 Forbidden

#0 [internal function]: CodeIgniter\Debug\Exceptions->errorHandler(2, 'fopen(https://u...', 'C:\\Users\\User\\K...', 1277)
#1 C:\Users\User\KULIAH\PKL\Sistem-Informasi-Skripsi\app\Libraries\fpdf.php(1277): fopen('https://upload....', 'rb')
#2 C:\Users\User\KULIAH\PKL\Sistem-Informasi-Skripsi\app\Libraries\fpdf.php(905): FPDF->_parsepng('https://upload....')
#3 C:\Users\User\KULIAH\PKL\Sistem-Informasi-Skripsi\app\Libraries\fpdf.php(365): FPDF->Image('https://upload....', 10, 6, 30)
#4 C:\Users\User\KULIAH\PKL\Sistem-Informasi-Skripsi\app\Libraries\fpdf.php(336): FPDF->Header()
#5 C:\Users\User\KULIAH\PKL\Sistem-Informasi-Skripsi\app\Controllers\Cetak.php(16): FPDF->AddPage()
#6 C:\Users\User\KULIAH\PKL\Sistem-Informasi-Skripsi\system\CodeIgniter.php(824): App\Controllers\Cetak->index()
#7 C:\Users\User\KULIAH\PKL\Sistem-Informasi-Skripsi\system\CodeIgniter.php(410): CodeIgniter\CodeIgniter->runController(Object(App\Controllers\Cetak))
#8 C:\Users\User\KULIAH\PKL\Sistem-Informasi-Skripsi\system\CodeIgniter.php(318): CodeIgniter\CodeIgniter->handleRequest(NULL, Object(Config\Cache), false)
#9 C:\Users\User\KULIAH\PKL\Sistem-Informasi-Skripsi\public\index.php(37): CodeIgniter\CodeIgniter->run()
#10 C:\Users\User\KULIAH\PKL\Sistem-Informasi-Skripsi\system\Commands\Server\rewrite.php(43): require_once('C:\\Users\\User\\K...')
#11 {main}
CRITICAL - 2022-01-27 00:04:00 --> fopen(public\logo.png): Failed to open stream: No such file or directory
#0 [internal function]: CodeIgniter\Debug\Exceptions->errorHandler(2, 'fopen(public\\lo...', 'C:\\Users\\User\\K...', 1277)
#1 C:\Users\User\KULIAH\PKL\Sistem-Informasi-Skripsi\app\Libraries\fpdf.php(1277): fopen('public\\logo.png', 'rb')
#2 C:\Users\User\KULIAH\PKL\Sistem-Informasi-Skripsi\app\Libraries\fpdf.php(905): FPDF->_parsepng('public\\logo.png')
#3 C:\Users\User\KULIAH\PKL\Sistem-Informasi-Skripsi\app\Libraries\fpdf.php(365): FPDF->Image('public\\logo.png', 10, 6, 30)
#4 C:\Users\User\KULIAH\PKL\Sistem-Informasi-Skripsi\app\Libraries\fpdf.php(336): FPDF->Header()
#5 C:\Users\User\KULIAH\PKL\Sistem-Informasi-Skripsi\app\Controllers\Cetak.php(16): FPDF->AddPage()
#6 C:\Users\User\KULIAH\PKL\Sistem-Informasi-Skripsi\system\CodeIgniter.php(824): App\Controllers\Cetak->index()
#7 C:\Users\User\KULIAH\PKL\Sistem-Informasi-Skripsi\system\CodeIgniter.php(410): CodeIgniter\CodeIgniter->runController(Object(App\Controllers\Cetak))
#8 C:\Users\User\KULIAH\PKL\Sistem-Informasi-Skripsi\system\CodeIgniter.php(318): CodeIgniter\CodeIgniter->handleRequest(NULL, Object(Config\Cache), false)
#9 C:\Users\User\KULIAH\PKL\Sistem-Informasi-Skripsi\public\index.php(37): CodeIgniter\CodeIgniter->run()
#10 C:\Users\User\KULIAH\PKL\Sistem-Informasi-Skripsi\system\Commands\Server\rewrite.php(43): require_once('C:\\Users\\User\\K...')
#11 {main}
CRITICAL - 2022-01-27 00:07:43 --> fopen(\public\logo.png): Failed to open stream: No such file or directory
#0 [internal function]: CodeIgniter\Debug\Exceptions->errorHandler(2, 'fopen(\\public\\l...', 'C:\\Users\\User\\K...', 1277)
#1 C:\Users\User\KULIAH\PKL\Sistem-Informasi-Skripsi\app\Libraries\fpdf.php(1277): fopen('\\public\\logo.pn...', 'rb')
#2 C:\Users\User\KULIAH\PKL\Sistem-Informasi-Skripsi\app\Libraries\fpdf.php(905): FPDF->_parsepng('\\public\\logo.pn...')
#3 C:\Users\User\KULIAH\PKL\Sistem-Informasi-Skripsi\app\Libraries\fpdf.php(365): FPDF->Image('\\public\\logo.pn...', 10, 6, 30)
#4 C:\Users\User\KULIAH\PKL\Sistem-Informasi-Skripsi\app\Libraries\fpdf.php(336): FPDF->Header()
#5 C:\Users\User\KULIAH\PKL\Sistem-Informasi-Skripsi\app\Controllers\Cetak.php(16): FPDF->AddPage()
#6 C:\Users\User\KULIAH\PKL\Sistem-Informasi-Skripsi\system\CodeIgniter.php(824): App\Controllers\Cetak->index()
#7 C:\Users\User\KULIAH\PKL\Sistem-Informasi-Skripsi\system\CodeIgniter.php(410): CodeIgniter\CodeIgniter->runController(Object(App\Controllers\Cetak))
#8 C:\Users\User\KULIAH\PKL\Sistem-Informasi-Skripsi\system\CodeIgniter.php(318): CodeIgniter\CodeIgniter->handleRequest(NULL, Object(Config\Cache), false)
#9 C:\Users\User\KULIAH\PKL\Sistem-Informasi-Skripsi\public\index.php(37): CodeIgniter\CodeIgniter->run()
#10 C:\Users\User\KULIAH\PKL\Sistem-Informasi-Skripsi\system\Commands\Server\rewrite.php(43): require_once('C:\\Users\\User\\K...')
#11 {main}
CRITICAL - 2022-01-27 00:08:00 --> fopen(/public/logo.png): Failed to open stream: No such file or directory
#0 [internal function]: CodeIgniter\Debug\Exceptions->errorHandler(2, 'fopen(/public/l...', 'C:\\Users\\User\\K...', 1277)
#1 C:\Users\User\KULIAH\PKL\Sistem-Informasi-Skripsi\app\Libraries\fpdf.php(1277): fopen('/public/logo.pn...', 'rb')
#2 C:\Users\User\KULIAH\PKL\Sistem-Informasi-Skripsi\app\Libraries\fpdf.php(905): FPDF->_parsepng('/public/logo.pn...')
#3 C:\Users\User\KULIAH\PKL\Sistem-Informasi-Skripsi\app\Libraries\fpdf.php(365): FPDF->Image('/public/logo.pn...', 10, 6, 30)
#4 C:\Users\User\KULIAH\PKL\Sistem-Informasi-Skripsi\app\Libraries\fpdf.php(336): FPDF->Header()
#5 C:\Users\User\KULIAH\PKL\Sistem-Informasi-Skripsi\app\Controllers\Cetak.php(16): FPDF->AddPage()
#6 C:\Users\User\KULIAH\PKL\Sistem-Informasi-Skripsi\system\CodeIgniter.php(824): App\Controllers\Cetak->index()
#7 C:\Users\User\KULIAH\PKL\Sistem-Informasi-Skripsi\system\CodeIgniter.php(410): CodeIgniter\CodeIgniter->runController(Object(App\Controllers\Cetak))
#8 C:\Users\User\KULIAH\PKL\Sistem-Informasi-Skripsi\system\CodeIgniter.php(318): CodeIgniter\CodeIgniter->handleRequest(NULL, Object(Config\Cache), false)
#9 C:\Users\User\KULIAH\PKL\Sistem-Informasi-Skripsi\public\index.php(37): CodeIgniter\CodeIgniter->run()
#10 C:\Users\User\KULIAH\PKL\Sistem-Informasi-Skripsi\system\Commands\Server\rewrite.php(43): require_once('C:\\Users\\User\\K...')
#11 {main}
CRITICAL - 2022-01-27 00:08:27 --> FPDF error: Interlacing not supported: C:\Users\User\KULIAH\PKL\Sistem-Informasi-Skripsi\public\logo.png
#0 C:\Users\User\KULIAH\PKL\Sistem-Informasi-Skripsi\app\Libraries\fpdf.php(1314): FPDF->Error('Interlacing not...')
#1 C:\Users\User\KULIAH\PKL\Sistem-Informasi-Skripsi\app\Libraries\fpdf.php(1280): FPDF->_parsepngstream(Resource id #111, 'C:\\Users\\User\\K...')
#2 C:\Users\User\KULIAH\PKL\Sistem-Informasi-Skripsi\app\Libraries\fpdf.php(905): FPDF->_parsepng('C:\\Users\\User\\K...')
#3 C:\Users\User\KULIAH\PKL\Sistem-Informasi-Skripsi\app\Libraries\fpdf.php(365): FPDF->Image('C:\\Users\\User\\K...', 10, 6, 30)
#4 C:\Users\User\KULIAH\PKL\Sistem-Informasi-Skripsi\app\Libraries\fpdf.php(336): FPDF->Header()
#5 C:\Users\User\KULIAH\PKL\Sistem-Informasi-Skripsi\app\Controllers\Cetak.php(16): FPDF->AddPage()
#6 C:\Users\User\KULIAH\PKL\Sistem-Informasi-Skripsi\system\CodeIgniter.php(824): App\Controllers\Cetak->index()
#7 C:\Users\User\KULIAH\PKL\Sistem-Informasi-Skripsi\system\CodeIgniter.php(410): CodeIgniter\CodeIgniter->runController(Object(App\Controllers\Cetak))
#8 C:\Users\User\KULIAH\PKL\Sistem-Informasi-Skripsi\system\CodeIgniter.php(318): CodeIgniter\CodeIgniter->handleRequest(NULL, Object(Config\Cache), false)
#9 C:\Users\User\KULIAH\PKL\Sistem-Informasi-Skripsi\public\index.php(37): CodeIgniter\CodeIgniter->run()
#10 C:\Users\User\KULIAH\PKL\Sistem-Informasi-Skripsi\system\Commands\Server\rewrite.php(43): require_once('C:\\Users\\User\\K...')
#11 {main}
CRITICAL - 2022-01-27 00:08:42 --> fopen(\public\logo.png): Failed to open stream: No such file or directory
#0 [internal function]: CodeIgniter\Debug\Exceptions->errorHandler(2, 'fopen(\\public\\l...', 'C:\\Users\\User\\K...', 1277)
#1 C:\Users\User\KULIAH\PKL\Sistem-Informasi-Skripsi\app\Libraries\fpdf.php(1277): fopen('\\public\\logo.pn...', 'rb')
#2 C:\Users\User\KULIAH\PKL\Sistem-Informasi-Skripsi\app\Libraries\fpdf.php(905): FPDF->_parsepng('\\public\\logo.pn...')
#3 C:\Users\User\KULIAH\PKL\Sistem-Informasi-Skripsi\app\Libraries\fpdf.php(365): FPDF->Image('\\public\\logo.pn...', 10, 6, 30)
#4 C:\Users\User\KULIAH\PKL\Sistem-Informasi-Skripsi\app\Libraries\fpdf.php(336): FPDF->Header()
#5 C:\Users\User\KULIAH\PKL\Sistem-Informasi-Skripsi\app\Controllers\Cetak.php(16): FPDF->AddPage()
#6 C:\Users\User\KULIAH\PKL\Sistem-Informasi-Skripsi\system\CodeIgniter.php(824): App\Controllers\Cetak->index()
#7 C:\Users\User\KULIAH\PKL\Sistem-Informasi-Skripsi\system\CodeIgniter.php(410): CodeIgniter\CodeIgniter->runController(Object(App\Controllers\Cetak))
#8 C:\Users\User\KULIAH\PKL\Sistem-Informasi-Skripsi\system\CodeIgniter.php(318): CodeIgniter\CodeIgniter->handleRequest(NULL, Object(Config\Cache), false)
#9 C:\Users\User\KULIAH\PKL\Sistem-Informasi-Skripsi\public\index.php(37): CodeIgniter\CodeIgniter->run()
#10 C:\Users\User\KULIAH\PKL\Sistem-Informasi-Skripsi\system\Commands\Server\rewrite.php(43): require_once('C:\\Users\\User\\K...')
#11 {main}
CRITICAL - 2022-01-27 00:08:50 --> fopen(public\logo.png): Failed to open stream: No such file or directory
#0 [internal function]: CodeIgniter\Debug\Exceptions->errorHandler(2, 'fopen(public\\lo...', 'C:\\Users\\User\\K...', 1277)
#1 C:\Users\User\KULIAH\PKL\Sistem-Informasi-Skripsi\app\Libraries\fpdf.php(1277): fopen('public\\logo.png', 'rb')
#2 C:\Users\User\KULIAH\PKL\Sistem-Informasi-Skripsi\app\Libraries\fpdf.php(905): FPDF->_parsepng('public\\logo.png')
#3 C:\Users\User\KULIAH\PKL\Sistem-Informasi-Skripsi\app\Libraries\fpdf.php(365): FPDF->Image('public\\logo.png', 10, 6, 30)
#4 C:\Users\User\KULIAH\PKL\Sistem-Informasi-Skripsi\app\Libraries\fpdf.php(336): FPDF->Header()
#5 C:\Users\User\KULIAH\PKL\Sistem-Informasi-Skripsi\app\Controllers\Cetak.php(16): FPDF->AddPage()
#6 C:\Users\User\KULIAH\PKL\Sistem-Informasi-Skripsi\system\CodeIgniter.php(824): App\Controllers\Cetak->index()
#7 C:\Users\User\KULIAH\PKL\Sistem-Informasi-Skripsi\system\CodeIgniter.php(410): CodeIgniter\CodeIgniter->runController(Object(App\Controllers\Cetak))
#8 C:\Users\User\KULIAH\PKL\Sistem-Informasi-Skripsi\system\CodeIgniter.php(318): CodeIgniter\CodeIgniter->handleRequest(NULL, Object(Config\Cache), false)
#9 C:\Users\User\KULIAH\PKL\Sistem-Informasi-Skripsi\public\index.php(37): CodeIgniter\CodeIgniter->run()
#10 C:\Users\User\KULIAH\PKL\Sistem-Informasi-Skripsi\system\Commands\Server\rewrite.php(43): require_once('C:\\Users\\User\\K...')
#11 {main}
CRITICAL - 2022-01-27 00:09:26 --> fopen(.\public\logo.png): Failed to open stream: No such file or directory
#0 [internal function]: CodeIgniter\Debug\Exceptions->errorHandler(2, 'fopen(.\\public\\...', 'C:\\Users\\User\\K...', 1277)
#1 C:\Users\User\KULIAH\PKL\Sistem-Informasi-Skripsi\app\Libraries\fpdf.php(1277): fopen('.\\public\\logo.p...', 'rb')
#2 C:\Users\User\KULIAH\PKL\Sistem-Informasi-Skripsi\app\Libraries\fpdf.php(905): FPDF->_parsepng('.\\public\\logo.p...')
#3 C:\Users\User\KULIAH\PKL\Sistem-Informasi-Skripsi\app\Libraries\fpdf.php(365): FPDF->Image('.\\public\\logo.p...', 10, 6, 30)
#4 C:\Users\User\KULIAH\PKL\Sistem-Informasi-Skripsi\app\Libraries\fpdf.php(336): FPDF->Header()
#5 C:\Users\User\KULIAH\PKL\Sistem-Informasi-Skripsi\app\Controllers\Cetak.php(16): FPDF->AddPage()
#6 C:\Users\User\KULIAH\PKL\Sistem-Informasi-Skripsi\system\CodeIgniter.php(824): App\Controllers\Cetak->index()
#7 C:\Users\User\KULIAH\PKL\Sistem-Informasi-Skripsi\system\CodeIgniter.php(410): CodeIgniter\CodeIgniter->runController(Object(App\Controllers\Cetak))
#8 C:\Users\User\KULIAH\PKL\Sistem-Informasi-Skripsi\system\CodeIgniter.php(318): CodeIgniter\CodeIgniter->handleRequest(NULL, Object(Config\Cache), false)
#9 C:\Users\User\KULIAH\PKL\Sistem-Informasi-Skripsi\public\index.php(37): CodeIgniter\CodeIgniter->run()
#10 C:\Users\User\KULIAH\PKL\Sistem-Informasi-Skripsi\system\Commands\Server\rewrite.php(43): require_once('C:\\Users\\User\\K...')
#11 {main}
CRITICAL - 2022-01-27 00:12:51 --> fopen(public\logo.png): Failed to open stream: No such file or directory
#0 [internal function]: CodeIgniter\Debug\Exceptions->errorHandler(2, 'fopen(public\\lo...', 'C:\\Users\\User\\K...', 1277)
#1 C:\Users\User\KULIAH\PKL\Sistem-Informasi-Skripsi\app\Libraries\fpdf.php(1277): fopen('public\\logo.png', 'rb')
#2 C:\Users\User\KULIAH\PKL\Sistem-Informasi-Skripsi\app\Libraries\fpdf.php(905): FPDF->_parsepng('public\\logo.png')
#3 C:\Users\User\KULIAH\PKL\Sistem-Informasi-Skripsi\app\Libraries\fpdf.php(365): FPDF->Image('public\\logo.png', 10, 6, 30)
#4 C:\Users\User\KULIAH\PKL\Sistem-Informasi-Skripsi\app\Libraries\fpdf.php(336): FPDF->Header()
#5 C:\Users\User\KULIAH\PKL\Sistem-Informasi-Skripsi\app\Controllers\Cetak.php(16): FPDF->AddPage()
#6 C:\Users\User\KULIAH\PKL\Sistem-Informasi-Skripsi\system\CodeIgniter.php(824): App\Controllers\Cetak->index()
#7 C:\Users\User\KULIAH\PKL\Sistem-Informasi-Skripsi\system\CodeIgniter.php(410): CodeIgniter\CodeIgniter->runController(Object(App\Controllers\Cetak))
#8 C:\Users\User\KULIAH\PKL\Sistem-Informasi-Skripsi\system\CodeIgniter.php(318): CodeIgniter\CodeIgniter->handleRequest(NULL, Object(Config\Cache), false)
#9 C:\Users\User\KULIAH\PKL\Sistem-Informasi-Skripsi\public\index.php(37): CodeIgniter\CodeIgniter->run()
#10 C:\Users\User\KULIAH\PKL\Sistem-Informasi-Skripsi\system\Commands\Server\rewrite.php(43): require_once('C:\\Users\\User\\K...')
#11 {main}
CRITICAL - 2022-01-27 00:13:57 --> fopen(public\assets\img\logo.png): Failed to open stream: No such file or directory
#0 [internal function]: CodeIgniter\Debug\Exceptions->errorHandler(2, 'fopen(public\\as...', 'C:\\Users\\User\\K...', 1277)
#1 C:\Users\User\KULIAH\PKL\Sistem-Informasi-Skripsi\app\Libraries\fpdf.php(1277): fopen('public\\assets\\i...', 'rb')
#2 C:\Users\User\KULIAH\PKL\Sistem-Informasi-Skripsi\app\Libraries\fpdf.php(905): FPDF->_parsepng('public\\assets\\i...')
#3 C:\Users\User\KULIAH\PKL\Sistem-Informasi-Skripsi\app\Libraries\fpdf.php(365): FPDF->Image('public\\assets\\i...', 10, 6, 30)
#4 C:\Users\User\KULIAH\PKL\Sistem-Informasi-Skripsi\app\Libraries\fpdf.php(336): FPDF->Header()
#5 C:\Users\User\KULIAH\PKL\Sistem-Informasi-Skripsi\app\Controllers\Cetak.php(16): FPDF->AddPage()
#6 C:\Users\User\KULIAH\PKL\Sistem-Informasi-Skripsi\system\CodeIgniter.php(824): App\Controllers\Cetak->index()
#7 C:\Users\User\KULIAH\PKL\Sistem-Informasi-Skripsi\system\CodeIgniter.php(410): CodeIgniter\CodeIgniter->runController(Object(App\Controllers\Cetak))
#8 C:\Users\User\KULIAH\PKL\Sistem-Informasi-Skripsi\system\CodeIgniter.php(318): CodeIgniter\CodeIgniter->handleRequest(NULL, Object(Config\Cache), false)
#9 C:\Users\User\KULIAH\PKL\Sistem-Informasi-Skripsi\public\index.php(37): CodeIgniter\CodeIgniter->run()
#10 C:\Users\User\KULIAH\PKL\Sistem-Informasi-Skripsi\system\Commands\Server\rewrite.php(43): require_once('C:\\Users\\User\\K...')
#11 {main}
CRITICAL - 2022-01-27 00:16:22 --> fopen(public\assets\img\logo): Failed to open stream: No such file or directory
#0 [internal function]: CodeIgniter\Debug\Exceptions->errorHandler(2, 'fopen(public\\as...', 'C:\\Users\\User\\K...', 1277)
#1 C:\Users\User\KULIAH\PKL\Sistem-Informasi-Skripsi\app\Libraries\fpdf.php(1277): fopen('public\\assets\\i...', 'rb')
#2 C:\Users\User\KULIAH\PKL\Sistem-Informasi-Skripsi\app\Libraries\fpdf.php(905): FPDF->_parsepng('public\\assets\\i...')
#3 C:\Users\User\KULIAH\PKL\Sistem-Informasi-Skripsi\app\Libraries\fpdf.php(365): FPDF->Image('public\\assets\\i...', 10, 6, 30)
#4 C:\Users\User\KULIAH\PKL\Sistem-Informasi-Skripsi\app\Libraries\fpdf.php(336): FPDF->Header()
#5 C:\Users\User\KULIAH\PKL\Sistem-Informasi-Skripsi\app\Controllers\Cetak.php(16): FPDF->AddPage()
#6 C:\Users\User\KULIAH\PKL\Sistem-Informasi-Skripsi\system\CodeIgniter.php(824): App\Controllers\Cetak->index()
#7 C:\Users\User\KULIAH\PKL\Sistem-Informasi-Skripsi\system\CodeIgniter.php(410): CodeIgniter\CodeIgniter->runController(Object(App\Controllers\Cetak))
#8 C:\Users\User\KULIAH\PKL\Sistem-Informasi-Skripsi\system\CodeIgniter.php(318): CodeIgniter\CodeIgniter->handleRequest(NULL, Object(Config\Cache), false)
#9 C:\Users\User\KULIAH\PKL\Sistem-Informasi-Skripsi\public\index.php(37): CodeIgniter\CodeIgniter->run()
#10 C:\Users\User\KULIAH\PKL\Sistem-Informasi-Skripsi\system\Commands\Server\rewrite.php(43): require_once('C:\\Users\\User\\K...')
#11 {main}
CRITICAL - 2022-01-27 00:16:23 --> fopen(public\assets\img\logo): Failed to open stream: No such file or directory
#0 [internal function]: CodeIgniter\Debug\Exceptions->errorHandler(2, 'fopen(public\\as...', 'C:\\Users\\User\\K...', 1277)
#1 C:\Users\User\KULIAH\PKL\Sistem-Informasi-Skripsi\app\Libraries\fpdf.php(1277): fopen('public\\assets\\i...', 'rb')
#2 C:\Users\User\KULIAH\PKL\Sistem-Informasi-Skripsi\app\Libraries\fpdf.php(905): FPDF->_parsepng('public\\assets\\i...')
#3 C:\Users\User\KULIAH\PKL\Sistem-Informasi-Skripsi\app\Libraries\fpdf.php(365): FPDF->Image('public\\assets\\i...', 10, 6, 30)
#4 C:\Users\User\KULIAH\PKL\Sistem-Informasi-Skripsi\app\Libraries\fpdf.php(336): FPDF->Header()
#5 C:\Users\User\KULIAH\PKL\Sistem-Informasi-Skripsi\app\Controllers\Cetak.php(16): FPDF->AddPage()
#6 C:\Users\User\KULIAH\PKL\Sistem-Informasi-Skripsi\system\CodeIgniter.php(824): App\Controllers\Cetak->index()
#7 C:\Users\User\KULIAH\PKL\Sistem-Informasi-Skripsi\system\CodeIgniter.php(410): CodeIgniter\CodeIgniter->runController(Object(App\Controllers\Cetak))
#8 C:\Users\User\KULIAH\PKL\Sistem-Informasi-Skripsi\system\CodeIgniter.php(318): CodeIgniter\CodeIgniter->handleRequest(NULL, Object(Config\Cache), false)
#9 C:\Users\User\KULIAH\PKL\Sistem-Informasi-Skripsi\public\index.php(37): CodeIgniter\CodeIgniter->run()
#10 C:\Users\User\KULIAH\PKL\Sistem-Informasi-Skripsi\system\Commands\Server\rewrite.php(43): require_once('C:\\Users\\User\\K...')
#11 {main}
CRITICAL - 2022-01-27 00:17:23 --> FPDF error: Image file has no extension and no type was specified: public\assets\img\logo
#0 C:\Users\User\KULIAH\PKL\Sistem-Informasi-Skripsi\app\Libraries\fpdf.php(896): FPDF->Error('Image file has ...')
#1 C:\Users\User\KULIAH\PKL\Sistem-Informasi-Skripsi\app\Libraries\fpdf.php(365): FPDF->Image('public\\assets\\i...', 10, 6, 30)
#2 C:\Users\User\KULIAH\PKL\Sistem-Informasi-Skripsi\app\Libraries\fpdf.php(336): FPDF->Header()
#3 C:\Users\User\KULIAH\PKL\Sistem-Informasi-Skripsi\app\Controllers\Cetak.php(16): FPDF->AddPage()
#4 C:\Users\User\KULIAH\PKL\Sistem-Informasi-Skripsi\system\CodeIgniter.php(824): App\Controllers\Cetak->index()
#5 C:\Users\User\KULIAH\PKL\Sistem-Informasi-Skripsi\system\CodeIgniter.php(410): CodeIgniter\CodeIgniter->runController(Object(App\Controllers\Cetak))
#6 C:\Users\User\KULIAH\PKL\Sistem-Informasi-Skripsi\system\CodeIgniter.php(318): CodeIgniter\CodeIgniter->handleRequest(NULL, Object(Config\Cache), false)
#7 C:\Users\User\KULIAH\PKL\Sistem-Informasi-Skripsi\public\index.php(37): CodeIgniter\CodeIgniter->run()
#8 C:\Users\User\KULIAH\PKL\Sistem-Informasi-Skripsi\system\Commands\Server\rewrite.php(43): require_once('C:\\Users\\User\\K...')
#9 {main}
CRITICAL - 2022-01-27 00:18:26 --> fopen(public\assets\img\logo): Failed to open stream: No such file or directory
#0 [internal function]: CodeIgniter\Debug\Exceptions->errorHandler(2, 'fopen(public\\as...', 'C:\\Users\\User\\K...', 1277)
#1 C:\Users\User\KULIAH\PKL\Sistem-Informasi-Skripsi\app\Libraries\fpdf.php(1277): fopen('public\\assets\\i...', 'rb')
#2 C:\Users\User\KULIAH\PKL\Sistem-Informasi-Skripsi\app\Libraries\fpdf.php(905): FPDF->_parsepng('public\\assets\\i...')
#3 C:\Users\User\KULIAH\PKL\Sistem-Informasi-Skripsi\app\Libraries\fpdf.php(365): FPDF->Image('public\\assets\\i...', 10, 6, 30, 30, 'png')
#4 C:\Users\User\KULIAH\PKL\Sistem-Informasi-Skripsi\app\Libraries\fpdf.php(336): FPDF->Header()
#5 C:\Users\User\KULIAH\PKL\Sistem-Informasi-Skripsi\app\Controllers\Cetak.php(16): FPDF->AddPage()
#6 C:\Users\User\KULIAH\PKL\Sistem-Informasi-Skripsi\system\CodeIgniter.php(824): App\Controllers\Cetak->index()
#7 C:\Users\User\KULIAH\PKL\Sistem-Informasi-Skripsi\system\CodeIgniter.php(410): CodeIgniter\CodeIgniter->runController(Object(App\Controllers\Cetak))
#8 C:\Users\User\KULIAH\PKL\Sistem-Informasi-Skripsi\system\CodeIgniter.php(318): CodeIgniter\CodeIgniter->handleRequest(NULL, Object(Config\Cache), false)
#9 C:\Users\User\KULIAH\PKL\Sistem-Informasi-Skripsi\public\index.php(37): CodeIgniter\CodeIgniter->run()
#10 C:\Users\User\KULIAH\PKL\Sistem-Informasi-Skripsi\system\Commands\Server\rewrite.php(43): require_once('C:\\Users\\User\\K...')
#11 {main}
CRITICAL - 2022-01-27 00:44:18 --> Unsupported operand types: string / float
#0 C:\Users\User\KULIAH\PKL\Sistem-Informasi-Skripsi\app\Controllers\Cetak.php(21): FPDF->SetFont('times', '', 'B', 12)
#1 C:\Users\User\KULIAH\PKL\Sistem-Informasi-Skripsi\system\CodeIgniter.php(824): App\Controllers\Cetak->index()
#2 C:\Users\User\KULIAH\PKL\Sistem-Informasi-Skripsi\system\CodeIgniter.php(410): CodeIgniter\CodeIgniter->runController(Object(App\Controllers\Cetak))
#3 C:\Users\User\KULIAH\PKL\Sistem-Informasi-Skripsi\system\CodeIgniter.php(318): CodeIgniter\CodeIgniter->handleRequest(NULL, Object(Config\Cache), false)
#4 C:\Users\User\KULIAH\PKL\Sistem-Informasi-Skripsi\public\index.php(37): CodeIgniter\CodeIgniter->run()
#5 C:\Users\User\KULIAH\PKL\Sistem-Informasi-Skripsi\system\Commands\Server\rewrite.php(43): require_once('C:\\Users\\User\\K...')
#6 {main}
CRITICAL - 2022-01-27 06:43:04 --> Too few arguments to function App\Controllers\Cetak::surat_pengajuan_judul(), 0 passed in C:\Users\User\KULIAH\PKL\Sistem-Informasi-Skripsi\system\CodeIgniter.php on line 824 and exactly 1 expected
#0 C:\Users\User\KULIAH\PKL\Sistem-Informasi-Skripsi\system\CodeIgniter.php(824): App\Controllers\Cetak->surat_pengajuan_judul()
#1 C:\Users\User\KULIAH\PKL\Sistem-Informasi-Skripsi\system\CodeIgniter.php(410): CodeIgniter\CodeIgniter->runController(Object(App\Controllers\Cetak))
#2 C:\Users\User\KULIAH\PKL\Sistem-Informasi-Skripsi\system\CodeIgniter.php(318): CodeIgniter\CodeIgniter->handleRequest(NULL, Object(Config\Cache), false)
#3 C:\Users\User\KULIAH\PKL\Sistem-Informasi-Skripsi\public\index.php(37): CodeIgniter\CodeIgniter->run()
#4 C:\Users\User\KULIAH\PKL\Sistem-Informasi-Skripsi\system\Commands\Server\rewrite.php(43): require_once('C:\\Users\\User\\K...')
#5 {main}
ERROR - 2022-01-27 06:46:34 --> Column 'prodi' cannot be null
CRITICAL - 2022-01-27 06:46:34 --> Column 'prodi' cannot be null
#0 C:\Users\User\KULIAH\PKL\Sistem-Informasi-Skripsi\system\Database\MySQLi\Connection.php(292): mysqli->query('INSERT INTO `su...', 0)
#1 C:\Users\User\KULIAH\PKL\Sistem-Informasi-Skripsi\system\Database\BaseConnection.php(670): CodeIgniter\Database\MySQLi\Connection->execute('INSERT INTO `su...')
#2 C:\Users\User\KULIAH\PKL\Sistem-Informasi-Skripsi\system\Database\BaseConnection.php(598): CodeIgniter\Database\BaseConnection->simpleQuery('INSERT INTO `su...')
#3 C:\Users\User\KULIAH\PKL\Sistem-Informasi-Skripsi\system\Database\BaseBuilder.php(1759): CodeIgniter\Database\BaseConnection->query('INSERT INTO `su...', Array, false)
#4 C:\Users\User\KULIAH\PKL\Sistem-Informasi-Skripsi\system\Model.php(239): CodeIgniter\Database\BaseBuilder->insert()
#5 C:\Users\User\KULIAH\PKL\Sistem-Informasi-Skripsi\system\BaseModel.php(738): CodeIgniter\Model->doInsert(Array)
#6 C:\Users\User\KULIAH\PKL\Sistem-Informasi-Skripsi\system\Model.php(620): CodeIgniter\BaseModel->insert(Array, true)
#7 C:\Users\User\KULIAH\PKL\Sistem-Informasi-Skripsi\app\Controllers\Mahasiswa.php(158): CodeIgniter\Model->insert(Array)
#8 C:\Users\User\KULIAH\PKL\Sistem-Informasi-Skripsi\system\CodeIgniter.php(824): App\Controllers\Mahasiswa->tambah_pengajuan_judul()
#9 C:\Users\User\KULIAH\PKL\Sistem-Informasi-Skripsi\system\CodeIgniter.php(410): CodeIgniter\CodeIgniter->runController(Object(App\Controllers\Mahasiswa))
#10 C:\Users\User\KULIAH\PKL\Sistem-Informasi-Skripsi\system\CodeIgniter.php(318): CodeIgniter\CodeIgniter->handleRequest(NULL, Object(Config\Cache), false)
#11 C:\Users\User\KULIAH\PKL\Sistem-Informasi-Skripsi\public\index.php(37): CodeIgniter\CodeIgniter->run()
#12 C:\Users\User\KULIAH\PKL\Sistem-Informasi-Skripsi\system\Commands\Server\rewrite.php(43): require_once('C:\\Users\\User\\K...')
#13 {main}
ERROR - 2022-01-27 07:02:27 --> Duplicate entry '123' for key 'PRIMARY'
CRITICAL - 2022-01-27 07:02:27 --> Duplicate entry '123' for key 'PRIMARY'
#0 C:\Users\User\KULIAH\PKL\Sistem-Informasi-Skripsi\system\Database\MySQLi\Connection.php(292): mysqli->query('INSERT INTO `su...', 0)
#1 C:\Users\User\KULIAH\PKL\Sistem-Informasi-Skripsi\system\Database\BaseConnection.php(670): CodeIgniter\Database\MySQLi\Connection->execute('INSERT INTO `su...')
#2 C:\Users\User\KULIAH\PKL\Sistem-Informasi-Skripsi\system\Database\BaseConnection.php(598): CodeIgniter\Database\BaseConnection->simpleQuery('INSERT INTO `su...')
#3 C:\Users\User\KULIAH\PKL\Sistem-Informasi-Skripsi\system\Database\BaseBuilder.php(1759): CodeIgniter\Database\BaseConnection->query('INSERT INTO `su...', Array, false)
#4 C:\Users\User\KULIAH\PKL\Sistem-Informasi-Skripsi\system\Model.php(239): CodeIgniter\Database\BaseBuilder->insert()
#5 C:\Users\User\KULIAH\PKL\Sistem-Informasi-Skripsi\system\BaseModel.php(738): CodeIgniter\Model->doInsert(Array)
#6 C:\Users\User\KULIAH\PKL\Sistem-Informasi-Skripsi\system\Model.php(620): CodeIgniter\BaseModel->insert(Array, true)
#7 C:\Users\User\KULIAH\PKL\Sistem-Informasi-Skripsi\app\Controllers\Mahasiswa.php(158): CodeIgniter\Model->insert(Array)
#8 C:\Users\User\KULIAH\PKL\Sistem-Informasi-Skripsi\system\CodeIgniter.php(824): App\Controllers\Mahasiswa->tambah_pengajuan_judul()
#9 C:\Users\User\KULIAH\PKL\Sistem-Informasi-Skripsi\system\CodeIgniter.php(410): CodeIgniter\CodeIgniter->runController(Object(App\Controllers\Mahasiswa))
#10 C:\Users\User\KULIAH\PKL\Sistem-Informasi-Skripsi\system\CodeIgniter.php(318): CodeIgniter\CodeIgniter->handleRequest(NULL, Object(Config\Cache), false)
#11 C:\Users\User\KULIAH\PKL\Sistem-Informasi-Skripsi\public\index.php(37): CodeIgniter\CodeIgniter->run()
#12 C:\Users\User\KULIAH\PKL\Sistem-Informasi-Skripsi\system\Commands\Server\rewrite.php(43): require_once('C:\\Users\\User\\K...')
#13 {main}
ERROR - 2022-01-27 07:27:01 --> Duplicate entry '123' for key 'PRIMARY'
CRITICAL - 2022-01-27 07:27:01 --> Duplicate entry '123' for key 'PRIMARY'
#0 C:\Users\User\KULIAH\PKL\Sistem-Informasi-Skripsi\system\Database\MySQLi\Connection.php(292): mysqli->query('INSERT INTO `su...', 0)
#1 C:\Users\User\KULIAH\PKL\Sistem-Informasi-Skripsi\system\Database\BaseConnection.php(670): CodeIgniter\Database\MySQLi\Connection->execute('INSERT INTO `su...')
#2 C:\Users\User\KULIAH\PKL\Sistem-Informasi-Skripsi\system\Database\BaseConnection.php(598): CodeIgniter\Database\BaseConnection->simpleQuery('INSERT INTO `su...')
#3 C:\Users\User\KULIAH\PKL\Sistem-Informasi-Skripsi\system\Database\BaseBuilder.php(1759): CodeIgniter\Database\BaseConnection->query('INSERT INTO `su...', Array, false)
#4 C:\Users\User\KULIAH\PKL\Sistem-Informasi-Skripsi\system\Model.php(239): CodeIgniter\Database\BaseBuilder->insert()
#5 C:\Users\User\KULIAH\PKL\Sistem-Informasi-Skripsi\system\BaseModel.php(738): CodeIgniter\Model->doInsert(Array)
#6 C:\Users\User\KULIAH\PKL\Sistem-Informasi-Skripsi\system\Model.php(620): CodeIgniter\BaseModel->insert(Array, true)
#7 C:\Users\User\KULIAH\PKL\Sistem-Informasi-Skripsi\app\Controllers\Mahasiswa.php(158): CodeIgniter\Model->insert(Array)
#8 C:\Users\User\KULIAH\PKL\Sistem-Informasi-Skripsi\system\CodeIgniter.php(824): App\Controllers\Mahasiswa->tambah_pengajuan_judul()
#9 C:\Users\User\KULIAH\PKL\Sistem-Informasi-Skripsi\system\CodeIgniter.php(410): CodeIgniter\CodeIgniter->runController(Object(App\Controllers\Mahasiswa))
#10 C:\Users\User\KULIAH\PKL\Sistem-Informasi-Skripsi\system\CodeIgniter.php(318): CodeIgniter\CodeIgniter->handleRequest(NULL, Object(Config\Cache), false)
#11 C:\Users\User\KULIAH\PKL\Sistem-Informasi-Skripsi\public\index.php(37): CodeIgniter\CodeIgniter->run()
#12 C:\Users\User\KULIAH\PKL\Sistem-Informasi-Skripsi\system\Commands\Server\rewrite.php(43): require_once('C:\\Users\\User\\K...')
#13 {main}
