CRITICAL - 2022-09-14 11:09:31 --> Array to string conversion
#0 C:\xampp\htdocs\siabinila_core\app\Views\mpdf\surat_permohonan_cuti.php(146): CodeIgniter\Debug\Exceptions->errorHandler(8, 'Array to string...', 'C:\\xampp\\htdocs...', 146, Array)
#1 C:\xampp\htdocs\siabinila_core\system\View\View.php(214): include('C:\\xampp\\htdocs...')
#2 C:\xampp\htdocs\siabinila_core\system\View\View.php(217): CodeIgniter\View\View->CodeIgniter\View\{closure}()
#3 C:\xampp\htdocs\siabinila_core\system\Common.php(1097): CodeIgniter\View\View->render('mpdf/surat_perm...', Array, true)
#4 C:\xampp\htdocs\siabinila_core\app\Controllers\Cetakan.php(391): view('mpdf/surat_perm...', Array)
#5 C:\xampp\htdocs\siabinila_core\system\CodeIgniter.php(826): App\Controllers\Cetakan->surat_permohonan_cuti()
#6 C:\xampp\htdocs\siabinila_core\system\CodeIgniter.php(412): CodeIgniter\CodeIgniter->runController(Object(App\Controllers\Cetakan))
#7 C:\xampp\htdocs\siabinila_core\system\CodeIgniter.php(320): CodeIgniter\CodeIgniter->handleRequest(NULL, Object(Config\Cache), false)
#8 C:\xampp\htdocs\siabinila_core\public\index.php(37): CodeIgniter\CodeIgniter->run()
#9 C:\xampp\htdocs\siabinila_core\system\Commands\Server\rewrite.php(43): require_once('C:\\xampp\\htdocs...')
#10 {main}
ERROR - 2022-09-14 11:10:13 --> You have an error in your SQL syntax; check the manual that corresponds to your MariaDB server version for the right syntax to use near 'Wulandari, S.A.B., M.Si' at line 1
CRITICAL - 2022-09-14 11:10:13 --> You have an error in your SQL syntax; check the manual that corresponds to your MariaDB server version for the right syntax to use near 'Wulandari, S.A.B., M.Si' at line 1
#0 C:\xampp\htdocs\siabinila_core\system\Database\MySQLi\Connection.php(292): mysqli->query('SELECT nip FROM...', 0)
#1 C:\xampp\htdocs\siabinila_core\system\Database\BaseConnection.php(670): CodeIgniter\Database\MySQLi\Connection->execute('SELECT nip FROM...')
#2 C:\xampp\htdocs\siabinila_core\system\Database\BaseConnection.php(598): CodeIgniter\Database\BaseConnection->simpleQuery('SELECT nip FROM...')
#3 C:\xampp\htdocs\siabinila_core\system\Model.php(721): CodeIgniter\Database\BaseConnection->query('SELECT nip FROM...')
#4 C:\xampp\htdocs\siabinila_core\app\Controllers\Cetakan.php(370): CodeIgniter\Model->__call('query', Array)
#5 C:\xampp\htdocs\siabinila_core\system\CodeIgniter.php(826): App\Controllers\Cetakan->surat_permohonan_cuti()
#6 C:\xampp\htdocs\siabinila_core\system\CodeIgniter.php(412): CodeIgniter\CodeIgniter->runController(Object(App\Controllers\Cetakan))
#7 C:\xampp\htdocs\siabinila_core\system\CodeIgniter.php(320): CodeIgniter\CodeIgniter->handleRequest(NULL, Object(Config\Cache), false)
#8 C:\xampp\htdocs\siabinila_core\public\index.php(37): CodeIgniter\CodeIgniter->run()
#9 C:\xampp\htdocs\siabinila_core\system\Commands\Server\rewrite.php(43): require_once('C:\\xampp\\htdocs...')
#10 {main}
ERROR - 2022-09-14 11:10:40 --> You have an error in your SQL syntax; check the manual that corresponds to your MariaDB server version for the right syntax to use near 'Wulandari, S.A.B., M.Si' at line 1
CRITICAL - 2022-09-14 11:10:40 --> You have an error in your SQL syntax; check the manual that corresponds to your MariaDB server version for the right syntax to use near 'Wulandari, S.A.B., M.Si' at line 1
#0 C:\xampp\htdocs\siabinila_core\system\Database\MySQLi\Connection.php(292): mysqli->query('SELECT nip FROM...', 0)
#1 C:\xampp\htdocs\siabinila_core\system\Database\BaseConnection.php(670): CodeIgniter\Database\MySQLi\Connection->execute('SELECT nip FROM...')
#2 C:\xampp\htdocs\siabinila_core\system\Database\BaseConnection.php(598): CodeIgniter\Database\BaseConnection->simpleQuery('SELECT nip FROM...')
#3 C:\xampp\htdocs\siabinila_core\system\Model.php(721): CodeIgniter\Database\BaseConnection->query('SELECT nip FROM...')
#4 C:\xampp\htdocs\siabinila_core\app\Controllers\Cetakan.php(370): CodeIgniter\Model->__call('query', Array)
#5 C:\xampp\htdocs\siabinila_core\system\CodeIgniter.php(826): App\Controllers\Cetakan->surat_permohonan_cuti()
#6 C:\xampp\htdocs\siabinila_core\system\CodeIgniter.php(412): CodeIgniter\CodeIgniter->runController(Object(App\Controllers\Cetakan))
#7 C:\xampp\htdocs\siabinila_core\system\CodeIgniter.php(320): CodeIgniter\CodeIgniter->handleRequest(NULL, Object(Config\Cache), false)
#8 C:\xampp\htdocs\siabinila_core\public\index.php(37): CodeIgniter\CodeIgniter->run()
#9 C:\xampp\htdocs\siabinila_core\system\Commands\Server\rewrite.php(43): require_once('C:\\xampp\\htdocs...')
#10 {main}
ERROR - 2022-09-14 11:11:45 --> You have an error in your SQL syntax; check the manual that corresponds to your MariaDB server version for the right syntax to use near 'Destalia, S.A.B., M.A.B' at line 1
CRITICAL - 2022-09-14 11:11:45 --> You have an error in your SQL syntax; check the manual that corresponds to your MariaDB server version for the right syntax to use near 'Destalia, S.A.B., M.A.B' at line 1
#0 C:\xampp\htdocs\siabinila_core\system\Database\MySQLi\Connection.php(292): mysqli->query('SELECT nip FROM...', 0)
#1 C:\xampp\htdocs\siabinila_core\system\Database\BaseConnection.php(670): CodeIgniter\Database\MySQLi\Connection->execute('SELECT nip FROM...')
#2 C:\xampp\htdocs\siabinila_core\system\Database\BaseConnection.php(598): CodeIgniter\Database\BaseConnection->simpleQuery('SELECT nip FROM...')
#3 C:\xampp\htdocs\siabinila_core\system\Model.php(721): CodeIgniter\Database\BaseConnection->query('SELECT nip FROM...')
#4 C:\xampp\htdocs\siabinila_core\app\Controllers\Cetakan.php(370): CodeIgniter\Model->__call('query', Array)
#5 C:\xampp\htdocs\siabinila_core\system\CodeIgniter.php(826): App\Controllers\Cetakan->surat_permohonan_cuti()
#6 C:\xampp\htdocs\siabinila_core\system\CodeIgniter.php(412): CodeIgniter\CodeIgniter->runController(Object(App\Controllers\Cetakan))
#7 C:\xampp\htdocs\siabinila_core\system\CodeIgniter.php(320): CodeIgniter\CodeIgniter->handleRequest(NULL, Object(Config\Cache), false)
#8 C:\xampp\htdocs\siabinila_core\public\index.php(37): CodeIgniter\CodeIgniter->run()
#9 C:\xampp\htdocs\siabinila_core\system\Commands\Server\rewrite.php(43): require_once('C:\\xampp\\htdocs...')
#10 {main}
ERROR - 2022-09-14 11:15:57 --> You have an error in your SQL syntax; check the manual that corresponds to your MariaDB server version for the right syntax to use near 'Destalia, S.A.B., M.A.B' at line 1
CRITICAL - 2022-09-14 11:15:57 --> You have an error in your SQL syntax; check the manual that corresponds to your MariaDB server version for the right syntax to use near 'Destalia, S.A.B., M.A.B' at line 1
#0 C:\xampp\htdocs\siabinila_core\system\Database\MySQLi\Connection.php(292): mysqli->query('SELECT nip FROM...', 0)
#1 C:\xampp\htdocs\siabinila_core\system\Database\BaseConnection.php(670): CodeIgniter\Database\MySQLi\Connection->execute('SELECT nip FROM...')
#2 C:\xampp\htdocs\siabinila_core\system\Database\BaseConnection.php(598): CodeIgniter\Database\BaseConnection->simpleQuery('SELECT nip FROM...')
#3 C:\xampp\htdocs\siabinila_core\system\Model.php(721): CodeIgniter\Database\BaseConnection->query('SELECT nip FROM...')
#4 C:\xampp\htdocs\siabinila_core\app\Controllers\Cetakan.php(370): CodeIgniter\Model->__call('query', Array)
#5 C:\xampp\htdocs\siabinila_core\system\CodeIgniter.php(826): App\Controllers\Cetakan->surat_permohonan_cuti()
#6 C:\xampp\htdocs\siabinila_core\system\CodeIgniter.php(412): CodeIgniter\CodeIgniter->runController(Object(App\Controllers\Cetakan))
#7 C:\xampp\htdocs\siabinila_core\system\CodeIgniter.php(320): CodeIgniter\CodeIgniter->handleRequest(NULL, Object(Config\Cache), false)
#8 C:\xampp\htdocs\siabinila_core\public\index.php(37): CodeIgniter\CodeIgniter->run()
#9 C:\xampp\htdocs\siabinila_core\system\Commands\Server\rewrite.php(43): require_once('C:\\xampp\\htdocs...')
#10 {main}
ERROR - 2022-09-14 11:17:42 --> You have an error in your SQL syntax; check the manual that corresponds to your MariaDB server version for the right syntax to use near '' at line 1
CRITICAL - 2022-09-14 11:17:42 --> You have an error in your SQL syntax; check the manual that corresponds to your MariaDB server version for the right syntax to use near '' at line 1
#0 C:\xampp\htdocs\siabinila_core\system\Database\MySQLi\Connection.php(292): mysqli->query('SELECT nip FROM...', 0)
#1 C:\xampp\htdocs\siabinila_core\system\Database\BaseConnection.php(670): CodeIgniter\Database\MySQLi\Connection->execute('SELECT nip FROM...')
#2 C:\xampp\htdocs\siabinila_core\system\Database\BaseConnection.php(598): CodeIgniter\Database\BaseConnection->simpleQuery('SELECT nip FROM...')
#3 C:\xampp\htdocs\siabinila_core\system\Model.php(721): CodeIgniter\Database\BaseConnection->query('SELECT nip FROM...')
#4 C:\xampp\htdocs\siabinila_core\app\Controllers\Cetakan.php(370): CodeIgniter\Model->__call('query', Array)
#5 C:\xampp\htdocs\siabinila_core\system\CodeIgniter.php(826): App\Controllers\Cetakan->surat_permohonan_cuti()
#6 C:\xampp\htdocs\siabinila_core\system\CodeIgniter.php(412): CodeIgniter\CodeIgniter->runController(Object(App\Controllers\Cetakan))
#7 C:\xampp\htdocs\siabinila_core\system\CodeIgniter.php(320): CodeIgniter\CodeIgniter->handleRequest(NULL, Object(Config\Cache), false)
#8 C:\xampp\htdocs\siabinila_core\public\index.php(37): CodeIgniter\CodeIgniter->run()
#9 C:\xampp\htdocs\siabinila_core\system\Commands\Server\rewrite.php(43): require_once('C:\\xampp\\htdocs...')
#10 {main}
CRITICAL - 2022-09-14 11:19:39 --> Array to string conversion
#0 C:\xampp\htdocs\siabinila_core\app\Views\mpdf\surat_permohonan_cuti.php(146): CodeIgniter\Debug\Exceptions->errorHandler(8, 'Array to string...', 'C:\\xampp\\htdocs...', 146, Array)
#1 C:\xampp\htdocs\siabinila_core\system\View\View.php(214): include('C:\\xampp\\htdocs...')
#2 C:\xampp\htdocs\siabinila_core\system\View\View.php(217): CodeIgniter\View\View->CodeIgniter\View\{closure}()
#3 C:\xampp\htdocs\siabinila_core\system\Common.php(1097): CodeIgniter\View\View->render('mpdf/surat_perm...', Array, true)
#4 C:\xampp\htdocs\siabinila_core\app\Controllers\Cetakan.php(391): view('mpdf/surat_perm...', Array)
#5 C:\xampp\htdocs\siabinila_core\system\CodeIgniter.php(826): App\Controllers\Cetakan->surat_permohonan_cuti()
#6 C:\xampp\htdocs\siabinila_core\system\CodeIgniter.php(412): CodeIgniter\CodeIgniter->runController(Object(App\Controllers\Cetakan))
#7 C:\xampp\htdocs\siabinila_core\system\CodeIgniter.php(320): CodeIgniter\CodeIgniter->handleRequest(NULL, Object(Config\Cache), false)
#8 C:\xampp\htdocs\siabinila_core\public\index.php(37): CodeIgniter\CodeIgniter->run()
#9 C:\xampp\htdocs\siabinila_core\system\Commands\Server\rewrite.php(43): require_once('C:\\xampp\\htdocs...')
#10 {main}
CRITICAL - 2022-09-14 11:20:02 --> Array to string conversion
#0 C:\xampp\htdocs\siabinila_core\app\Views\mpdf\surat_permohonan_cuti.php(146): CodeIgniter\Debug\Exceptions->errorHandler(8, 'Array to string...', 'C:\\xampp\\htdocs...', 146, Array)
#1 C:\xampp\htdocs\siabinila_core\system\View\View.php(214): include('C:\\xampp\\htdocs...')
#2 C:\xampp\htdocs\siabinila_core\system\View\View.php(217): CodeIgniter\View\View->CodeIgniter\View\{closure}()
#3 C:\xampp\htdocs\siabinila_core\system\Common.php(1097): CodeIgniter\View\View->render('mpdf/surat_perm...', Array, true)
#4 C:\xampp\htdocs\siabinila_core\app\Controllers\Cetakan.php(391): view('mpdf/surat_perm...', Array)
#5 C:\xampp\htdocs\siabinila_core\system\CodeIgniter.php(826): App\Controllers\Cetakan->surat_permohonan_cuti()
#6 C:\xampp\htdocs\siabinila_core\system\CodeIgniter.php(412): CodeIgniter\CodeIgniter->runController(Object(App\Controllers\Cetakan))
#7 C:\xampp\htdocs\siabinila_core\system\CodeIgniter.php(320): CodeIgniter\CodeIgniter->handleRequest(NULL, Object(Config\Cache), false)
#8 C:\xampp\htdocs\siabinila_core\public\index.php(37): CodeIgniter\CodeIgniter->run()
#9 C:\xampp\htdocs\siabinila_core\system\Commands\Server\rewrite.php(43): require_once('C:\\xampp\\htdocs...')
#10 {main}
CRITICAL - 2022-09-14 11:20:59 --> Array to string conversion
#0 C:\xampp\htdocs\siabinila_core\app\Views\mpdf\surat_permohonan_cuti.php(146): CodeIgniter\Debug\Exceptions->errorHandler(8, 'Array to string...', 'C:\\xampp\\htdocs...', 146, Array)
#1 C:\xampp\htdocs\siabinila_core\system\View\View.php(214): include('C:\\xampp\\htdocs...')
#2 C:\xampp\htdocs\siabinila_core\system\View\View.php(217): CodeIgniter\View\View->CodeIgniter\View\{closure}()
#3 C:\xampp\htdocs\siabinila_core\system\Common.php(1097): CodeIgniter\View\View->render('mpdf/surat_perm...', Array, true)
#4 C:\xampp\htdocs\siabinila_core\app\Controllers\Cetakan.php(391): view('mpdf/surat_perm...', Array)
#5 C:\xampp\htdocs\siabinila_core\system\CodeIgniter.php(826): App\Controllers\Cetakan->surat_permohonan_cuti()
#6 C:\xampp\htdocs\siabinila_core\system\CodeIgniter.php(412): CodeIgniter\CodeIgniter->runController(Object(App\Controllers\Cetakan))
#7 C:\xampp\htdocs\siabinila_core\system\CodeIgniter.php(320): CodeIgniter\CodeIgniter->handleRequest(NULL, Object(Config\Cache), false)
#8 C:\xampp\htdocs\siabinila_core\public\index.php(37): CodeIgniter\CodeIgniter->run()
#9 C:\xampp\htdocs\siabinila_core\system\Commands\Server\rewrite.php(43): require_once('C:\\xampp\\htdocs...')
#10 {main}
CRITICAL - 2022-09-14 11:21:31 --> Object of class CodeIgniter\Database\MySQLi\Result could not be converted to string
#0 C:\xampp\htdocs\siabinila_core\system\View\View.php(214): include()
#1 C:\xampp\htdocs\siabinila_core\system\View\View.php(217): CodeIgniter\View\View->CodeIgniter\View\{closure}()
#2 C:\xampp\htdocs\siabinila_core\system\Common.php(1097): CodeIgniter\View\View->render('mpdf/surat_perm...', Array, true)
#3 C:\xampp\htdocs\siabinila_core\app\Controllers\Cetakan.php(391): view('mpdf/surat_perm...', Array)
#4 C:\xampp\htdocs\siabinila_core\system\CodeIgniter.php(826): App\Controllers\Cetakan->surat_permohonan_cuti()
#5 C:\xampp\htdocs\siabinila_core\system\CodeIgniter.php(412): CodeIgniter\CodeIgniter->runController(Object(App\Controllers\Cetakan))
#6 C:\xampp\htdocs\siabinila_core\system\CodeIgniter.php(320): CodeIgniter\CodeIgniter->handleRequest(NULL, Object(Config\Cache), false)
#7 C:\xampp\htdocs\siabinila_core\public\index.php(37): CodeIgniter\CodeIgniter->run()
#8 C:\xampp\htdocs\siabinila_core\system\Commands\Server\rewrite.php(43): require_once('C:\\xampp\\htdocs...')
#9 {main}
CRITICAL - 2022-09-14 11:22:00 --> Call to undefined method CodeIgniter\Database\MySQLi\Result::getResultString()
#0 C:\xampp\htdocs\siabinila_core\system\CodeIgniter.php(826): App\Controllers\Cetakan->surat_permohonan_cuti()
#1 C:\xampp\htdocs\siabinila_core\system\CodeIgniter.php(412): CodeIgniter\CodeIgniter->runController(Object(App\Controllers\Cetakan))
#2 C:\xampp\htdocs\siabinila_core\system\CodeIgniter.php(320): CodeIgniter\CodeIgniter->handleRequest(NULL, Object(Config\Cache), false)
#3 C:\xampp\htdocs\siabinila_core\public\index.php(37): CodeIgniter\CodeIgniter->run()
#4 C:\xampp\htdocs\siabinila_core\system\Commands\Server\rewrite.php(43): require_once('C:\\xampp\\htdocs...')
#5 {main}
CRITICAL - 2022-09-14 11:24:00 --> mysqli_fetch_assoc() expects parameter 1 to be mysqli_result, array given
#0 [internal function]: CodeIgniter\Debug\Exceptions->errorHandler(2, 'mysqli_fetch_as...', 'C:\\xampp\\htdocs...', 371, Array)
#1 C:\xampp\htdocs\siabinila_core\app\Controllers\Cetakan.php(371): mysqli_fetch_assoc(Array)
#2 C:\xampp\htdocs\siabinila_core\system\CodeIgniter.php(826): App\Controllers\Cetakan->surat_permohonan_cuti()
#3 C:\xampp\htdocs\siabinila_core\system\CodeIgniter.php(412): CodeIgniter\CodeIgniter->runController(Object(App\Controllers\Cetakan))
#4 C:\xampp\htdocs\siabinila_core\system\CodeIgniter.php(320): CodeIgniter\CodeIgniter->handleRequest(NULL, Object(Config\Cache), false)
#5 C:\xampp\htdocs\siabinila_core\public\index.php(37): CodeIgniter\CodeIgniter->run()
#6 C:\xampp\htdocs\siabinila_core\system\Commands\Server\rewrite.php(43): require_once('C:\\xampp\\htdocs...')
#7 {main}
CRITICAL - 2022-09-14 11:24:24 --> mysqli_fetch_assoc() expects parameter 1 to be mysqli_result, array given
#0 [internal function]: CodeIgniter\Debug\Exceptions->errorHandler(2, 'mysqli_fetch_as...', 'C:\\xampp\\htdocs...', 371, Array)
#1 C:\xampp\htdocs\siabinila_core\app\Controllers\Cetakan.php(371): mysqli_fetch_assoc(Array)
#2 C:\xampp\htdocs\siabinila_core\system\CodeIgniter.php(826): App\Controllers\Cetakan->surat_permohonan_cuti()
#3 C:\xampp\htdocs\siabinila_core\system\CodeIgniter.php(412): CodeIgniter\CodeIgniter->runController(Object(App\Controllers\Cetakan))
#4 C:\xampp\htdocs\siabinila_core\system\CodeIgniter.php(320): CodeIgniter\CodeIgniter->handleRequest(NULL, Object(Config\Cache), false)
#5 C:\xampp\htdocs\siabinila_core\public\index.php(37): CodeIgniter\CodeIgniter->run()
#6 C:\xampp\htdocs\siabinila_core\system\Commands\Server\rewrite.php(43): require_once('C:\\xampp\\htdocs...')
#7 {main}
CRITICAL - 2022-09-14 11:25:03 --> Undefined offset: 0
#0 C:\xampp\htdocs\siabinila_core\app\Controllers\Cetakan.php(386): CodeIgniter\Debug\Exceptions->errorHandler(8, 'Undefined offse...', 'C:\\xampp\\htdocs...', 386, Array)
#1 C:\xampp\htdocs\siabinila_core\system\CodeIgniter.php(826): App\Controllers\Cetakan->surat_permohonan_cuti()
#2 C:\xampp\htdocs\siabinila_core\system\CodeIgniter.php(412): CodeIgniter\CodeIgniter->runController(Object(App\Controllers\Cetakan))
#3 C:\xampp\htdocs\siabinila_core\system\CodeIgniter.php(320): CodeIgniter\CodeIgniter->handleRequest(NULL, Object(Config\Cache), false)
#4 C:\xampp\htdocs\siabinila_core\public\index.php(37): CodeIgniter\CodeIgniter->run()
#5 C:\xampp\htdocs\siabinila_core\system\Commands\Server\rewrite.php(43): require_once('C:\\xampp\\htdocs...')
#6 {main}
CRITICAL - 2022-09-14 11:27:57 --> Undefined property: CodeIgniter\Database\MySQLi\Result::$nip
#0 C:\xampp\htdocs\siabinila_core\app\Controllers\Cetakan.php(386): CodeIgniter\Debug\Exceptions->errorHandler(8, 'Undefined prope...', 'C:\\xampp\\htdocs...', 386, Array)
#1 C:\xampp\htdocs\siabinila_core\system\CodeIgniter.php(826): App\Controllers\Cetakan->surat_permohonan_cuti()
#2 C:\xampp\htdocs\siabinila_core\system\CodeIgniter.php(412): CodeIgniter\CodeIgniter->runController(Object(App\Controllers\Cetakan))
#3 C:\xampp\htdocs\siabinila_core\system\CodeIgniter.php(320): CodeIgniter\CodeIgniter->handleRequest(NULL, Object(Config\Cache), false)
#4 C:\xampp\htdocs\siabinila_core\public\index.php(37): CodeIgniter\CodeIgniter->run()
#5 C:\xampp\htdocs\siabinila_core\system\Commands\Server\rewrite.php(43): require_once('C:\\xampp\\htdocs...')
#6 {main}
CRITICAL - 2022-09-14 11:28:27 --> Undefined index: nip
#0 C:\xampp\htdocs\siabinila_core\app\Controllers\Cetakan.php(386): CodeIgniter\Debug\Exceptions->errorHandler(8, 'Undefined index...', 'C:\\xampp\\htdocs...', 386, Array)
#1 C:\xampp\htdocs\siabinila_core\system\CodeIgniter.php(826): App\Controllers\Cetakan->surat_permohonan_cuti()
#2 C:\xampp\htdocs\siabinila_core\system\CodeIgniter.php(412): CodeIgniter\CodeIgniter->runController(Object(App\Controllers\Cetakan))
#3 C:\xampp\htdocs\siabinila_core\system\CodeIgniter.php(320): CodeIgniter\CodeIgniter->handleRequest(NULL, Object(Config\Cache), false)
#4 C:\xampp\htdocs\siabinila_core\public\index.php(37): CodeIgniter\CodeIgniter->run()
#5 C:\xampp\htdocs\siabinila_core\system\Commands\Server\rewrite.php(43): require_once('C:\\xampp\\htdocs...')
#6 {main}
CRITICAL - 2022-09-14 11:29:31 --> Undefined index: nip
#0 C:\xampp\htdocs\siabinila_core\app\Controllers\Cetakan.php(386): CodeIgniter\Debug\Exceptions->errorHandler(8, 'Undefined index...', 'C:\\xampp\\htdocs...', 386, Array)
#1 C:\xampp\htdocs\siabinila_core\system\CodeIgniter.php(826): App\Controllers\Cetakan->surat_permohonan_cuti()
#2 C:\xampp\htdocs\siabinila_core\system\CodeIgniter.php(412): CodeIgniter\CodeIgniter->runController(Object(App\Controllers\Cetakan))
#3 C:\xampp\htdocs\siabinila_core\system\CodeIgniter.php(320): CodeIgniter\CodeIgniter->handleRequest(NULL, Object(Config\Cache), false)
#4 C:\xampp\htdocs\siabinila_core\public\index.php(37): CodeIgniter\CodeIgniter->run()
#5 C:\xampp\htdocs\siabinila_core\system\Commands\Server\rewrite.php(43): require_once('C:\\xampp\\htdocs...')
#6 {main}
CRITICAL - 2022-09-14 11:30:07 --> Array to string conversion
#0 C:\xampp\htdocs\siabinila_core\app\Views\mpdf\surat_permohonan_cuti.php(146): CodeIgniter\Debug\Exceptions->errorHandler(8, 'Array to string...', 'C:\\xampp\\htdocs...', 146, Array)
#1 C:\xampp\htdocs\siabinila_core\system\View\View.php(214): include('C:\\xampp\\htdocs...')
#2 C:\xampp\htdocs\siabinila_core\system\View\View.php(217): CodeIgniter\View\View->CodeIgniter\View\{closure}()
#3 C:\xampp\htdocs\siabinila_core\system\Common.php(1097): CodeIgniter\View\View->render('mpdf/surat_perm...', Array, true)
#4 C:\xampp\htdocs\siabinila_core\app\Controllers\Cetakan.php(392): view('mpdf/surat_perm...', Array)
#5 C:\xampp\htdocs\siabinila_core\system\CodeIgniter.php(826): App\Controllers\Cetakan->surat_permohonan_cuti()
#6 C:\xampp\htdocs\siabinila_core\system\CodeIgniter.php(412): CodeIgniter\CodeIgniter->runController(Object(App\Controllers\Cetakan))
#7 C:\xampp\htdocs\siabinila_core\system\CodeIgniter.php(320): CodeIgniter\CodeIgniter->handleRequest(NULL, Object(Config\Cache), false)
#8 C:\xampp\htdocs\siabinila_core\public\index.php(37): CodeIgniter\CodeIgniter->run()
#9 C:\xampp\htdocs\siabinila_core\system\Commands\Server\rewrite.php(43): require_once('C:\\xampp\\htdocs...')
#10 {main}
CRITICAL - 2022-09-14 11:30:51 --> Call to undefined method CodeIgniter\Database\MySQLi\Result::get()
#0 C:\xampp\htdocs\siabinila_core\system\CodeIgniter.php(826): App\Controllers\Cetakan->surat_permohonan_cuti()
#1 C:\xampp\htdocs\siabinila_core\system\CodeIgniter.php(412): CodeIgniter\CodeIgniter->runController(Object(App\Controllers\Cetakan))
#2 C:\xampp\htdocs\siabinila_core\system\CodeIgniter.php(320): CodeIgniter\CodeIgniter->handleRequest(NULL, Object(Config\Cache), false)
#3 C:\xampp\htdocs\siabinila_core\public\index.php(37): CodeIgniter\CodeIgniter->run()
#4 C:\xampp\htdocs\siabinila_core\system\Commands\Server\rewrite.php(43): require_once('C:\\xampp\\htdocs...')
#5 {main}
CRITICAL - 2022-09-14 11:33:46 --> Undefined index: nip
#0 C:\xampp\htdocs\siabinila_core\app\Views\mpdf\surat_permohonan_cuti.php(146): CodeIgniter\Debug\Exceptions->errorHandler(8, 'Undefined index...', 'C:\\xampp\\htdocs...', 146, Array)
#1 C:\xampp\htdocs\siabinila_core\system\View\View.php(214): include('C:\\xampp\\htdocs...')
#2 C:\xampp\htdocs\siabinila_core\system\View\View.php(217): CodeIgniter\View\View->CodeIgniter\View\{closure}()
#3 C:\xampp\htdocs\siabinila_core\system\Common.php(1097): CodeIgniter\View\View->render('mpdf/surat_perm...', Array, true)
#4 C:\xampp\htdocs\siabinila_core\app\Controllers\Cetakan.php(392): view('mpdf/surat_perm...', Array)
#5 C:\xampp\htdocs\siabinila_core\system\CodeIgniter.php(826): App\Controllers\Cetakan->surat_permohonan_cuti()
#6 C:\xampp\htdocs\siabinila_core\system\CodeIgniter.php(412): CodeIgniter\CodeIgniter->runController(Object(App\Controllers\Cetakan))
#7 C:\xampp\htdocs\siabinila_core\system\CodeIgniter.php(320): CodeIgniter\CodeIgniter->handleRequest(NULL, Object(Config\Cache), false)
#8 C:\xampp\htdocs\siabinila_core\public\index.php(37): CodeIgniter\CodeIgniter->run()
#9 C:\xampp\htdocs\siabinila_core\system\Commands\Server\rewrite.php(43): require_once('C:\\xampp\\htdocs...')
#10 {main}
CRITICAL - 2022-09-14 11:34:04 --> Undefined offset: 0
#0 C:\xampp\htdocs\siabinila_core\app\Views\mpdf\surat_permohonan_cuti.php(146): CodeIgniter\Debug\Exceptions->errorHandler(8, 'Undefined offse...', 'C:\\xampp\\htdocs...', 146, Array)
#1 C:\xampp\htdocs\siabinila_core\system\View\View.php(214): include('C:\\xampp\\htdocs...')
#2 C:\xampp\htdocs\siabinila_core\system\View\View.php(217): CodeIgniter\View\View->CodeIgniter\View\{closure}()
#3 C:\xampp\htdocs\siabinila_core\system\Common.php(1097): CodeIgniter\View\View->render('mpdf/surat_perm...', Array, true)
#4 C:\xampp\htdocs\siabinila_core\app\Controllers\Cetakan.php(392): view('mpdf/surat_perm...', Array)
#5 C:\xampp\htdocs\siabinila_core\system\CodeIgniter.php(826): App\Controllers\Cetakan->surat_permohonan_cuti()
#6 C:\xampp\htdocs\siabinila_core\system\CodeIgniter.php(412): CodeIgniter\CodeIgniter->runController(Object(App\Controllers\Cetakan))
#7 C:\xampp\htdocs\siabinila_core\system\CodeIgniter.php(320): CodeIgniter\CodeIgniter->handleRequest(NULL, Object(Config\Cache), false)
#8 C:\xampp\htdocs\siabinila_core\public\index.php(37): CodeIgniter\CodeIgniter->run()
#9 C:\xampp\htdocs\siabinila_core\system\Commands\Server\rewrite.php(43): require_once('C:\\xampp\\htdocs...')
#10 {main}
CRITICAL - 2022-09-14 11:34:43 --> Undefined index: nip
#0 C:\xampp\htdocs\siabinila_core\app\Views\mpdf\surat_permohonan_cuti.php(146): CodeIgniter\Debug\Exceptions->errorHandler(8, 'Undefined index...', 'C:\\xampp\\htdocs...', 146, Array)
#1 C:\xampp\htdocs\siabinila_core\system\View\View.php(214): include('C:\\xampp\\htdocs...')
#2 C:\xampp\htdocs\siabinila_core\system\View\View.php(217): CodeIgniter\View\View->CodeIgniter\View\{closure}()
#3 C:\xampp\htdocs\siabinila_core\system\Common.php(1097): CodeIgniter\View\View->render('mpdf/surat_perm...', Array, true)
#4 C:\xampp\htdocs\siabinila_core\app\Controllers\Cetakan.php(392): view('mpdf/surat_perm...', Array)
#5 C:\xampp\htdocs\siabinila_core\system\CodeIgniter.php(826): App\Controllers\Cetakan->surat_permohonan_cuti()
#6 C:\xampp\htdocs\siabinila_core\system\CodeIgniter.php(412): CodeIgniter\CodeIgniter->runController(Object(App\Controllers\Cetakan))
#7 C:\xampp\htdocs\siabinila_core\system\CodeIgniter.php(320): CodeIgniter\CodeIgniter->handleRequest(NULL, Object(Config\Cache), false)
#8 C:\xampp\htdocs\siabinila_core\public\index.php(37): CodeIgniter\CodeIgniter->run()
#9 C:\xampp\htdocs\siabinila_core\system\Commands\Server\rewrite.php(43): require_once('C:\\xampp\\htdocs...')
#10 {main}
CRITICAL - 2022-09-14 11:39:43 --> Object of class stdClass could not be converted to string
#0 C:\xampp\htdocs\siabinila_core\system\View\View.php(214): include()
#1 C:\xampp\htdocs\siabinila_core\system\View\View.php(217): CodeIgniter\View\View->CodeIgniter\View\{closure}()
#2 C:\xampp\htdocs\siabinila_core\system\Common.php(1097): CodeIgniter\View\View->render('mpdf/surat_perm...', Array, true)
#3 C:\xampp\htdocs\siabinila_core\app\Controllers\Cetakan.php(392): view('mpdf/surat_perm...', Array)
#4 C:\xampp\htdocs\siabinila_core\system\CodeIgniter.php(826): App\Controllers\Cetakan->surat_permohonan_cuti()
#5 C:\xampp\htdocs\siabinila_core\system\CodeIgniter.php(412): CodeIgniter\CodeIgniter->runController(Object(App\Controllers\Cetakan))
#6 C:\xampp\htdocs\siabinila_core\system\CodeIgniter.php(320): CodeIgniter\CodeIgniter->handleRequest(NULL, Object(Config\Cache), false)
#7 C:\xampp\htdocs\siabinila_core\public\index.php(37): CodeIgniter\CodeIgniter->run()
#8 C:\xampp\htdocs\siabinila_core\system\Commands\Server\rewrite.php(43): require_once('C:\\xampp\\htdocs...')
#9 {main}
CRITICAL - 2022-09-14 11:40:09 --> Array to string conversion
#0 C:\xampp\htdocs\siabinila_core\app\Views\mpdf\surat_permohonan_cuti.php(146): CodeIgniter\Debug\Exceptions->errorHandler(8, 'Array to string...', 'C:\\xampp\\htdocs...', 146, Array)
#1 C:\xampp\htdocs\siabinila_core\system\View\View.php(214): include('C:\\xampp\\htdocs...')
#2 C:\xampp\htdocs\siabinila_core\system\View\View.php(217): CodeIgniter\View\View->CodeIgniter\View\{closure}()
#3 C:\xampp\htdocs\siabinila_core\system\Common.php(1097): CodeIgniter\View\View->render('mpdf/surat_perm...', Array, true)
#4 C:\xampp\htdocs\siabinila_core\app\Controllers\Cetakan.php(392): view('mpdf/surat_perm...', Array)
#5 C:\xampp\htdocs\siabinila_core\system\CodeIgniter.php(826): App\Controllers\Cetakan->surat_permohonan_cuti()
#6 C:\xampp\htdocs\siabinila_core\system\CodeIgniter.php(412): CodeIgniter\CodeIgniter->runController(Object(App\Controllers\Cetakan))
#7 C:\xampp\htdocs\siabinila_core\system\CodeIgniter.php(320): CodeIgniter\CodeIgniter->handleRequest(NULL, Object(Config\Cache), false)
#8 C:\xampp\htdocs\siabinila_core\public\index.php(37): CodeIgniter\CodeIgniter->run()
#9 C:\xampp\htdocs\siabinila_core\system\Commands\Server\rewrite.php(43): require_once('C:\\xampp\\htdocs...')
#10 {main}
CRITICAL - 2022-09-14 11:40:20 --> Call to undefined method CodeIgniter\Database\MySQLi\Result::getResultRow()
#0 C:\xampp\htdocs\siabinila_core\system\CodeIgniter.php(826): App\Controllers\Cetakan->surat_permohonan_cuti()
#1 C:\xampp\htdocs\siabinila_core\system\CodeIgniter.php(412): CodeIgniter\CodeIgniter->runController(Object(App\Controllers\Cetakan))
#2 C:\xampp\htdocs\siabinila_core\system\CodeIgniter.php(320): CodeIgniter\CodeIgniter->handleRequest(NULL, Object(Config\Cache), false)
#3 C:\xampp\htdocs\siabinila_core\public\index.php(37): CodeIgniter\CodeIgniter->run()
#4 C:\xampp\htdocs\siabinila_core\system\Commands\Server\rewrite.php(43): require_once('C:\\xampp\\htdocs...')
#5 {main}
CRITICAL - 2022-09-14 11:40:33 --> Array to string conversion
#0 C:\xampp\htdocs\siabinila_core\app\Views\mpdf\surat_permohonan_cuti.php(146): CodeIgniter\Debug\Exceptions->errorHandler(8, 'Array to string...', 'C:\\xampp\\htdocs...', 146, Array)
#1 C:\xampp\htdocs\siabinila_core\system\View\View.php(214): include('C:\\xampp\\htdocs...')
#2 C:\xampp\htdocs\siabinila_core\system\View\View.php(217): CodeIgniter\View\View->CodeIgniter\View\{closure}()
#3 C:\xampp\htdocs\siabinila_core\system\Common.php(1097): CodeIgniter\View\View->render('mpdf/surat_perm...', Array, true)
#4 C:\xampp\htdocs\siabinila_core\app\Controllers\Cetakan.php(392): view('mpdf/surat_perm...', Array)
#5 C:\xampp\htdocs\siabinila_core\system\CodeIgniter.php(826): App\Controllers\Cetakan->surat_permohonan_cuti()
#6 C:\xampp\htdocs\siabinila_core\system\CodeIgniter.php(412): CodeIgniter\CodeIgniter->runController(Object(App\Controllers\Cetakan))
#7 C:\xampp\htdocs\siabinila_core\system\CodeIgniter.php(320): CodeIgniter\CodeIgniter->handleRequest(NULL, Object(Config\Cache), false)
#8 C:\xampp\htdocs\siabinila_core\public\index.php(37): CodeIgniter\CodeIgniter->run()
#9 C:\xampp\htdocs\siabinila_core\system\Commands\Server\rewrite.php(43): require_once('C:\\xampp\\htdocs...')
#10 {main}
CRITICAL - 2022-09-14 11:41:02 --> Array to string conversion
#0 C:\xampp\htdocs\siabinila_core\app\Views\mpdf\surat_permohonan_cuti.php(146): CodeIgniter\Debug\Exceptions->errorHandler(8, 'Array to string...', 'C:\\xampp\\htdocs...', 146, Array)
#1 C:\xampp\htdocs\siabinila_core\system\View\View.php(214): include('C:\\xampp\\htdocs...')
#2 C:\xampp\htdocs\siabinila_core\system\View\View.php(217): CodeIgniter\View\View->CodeIgniter\View\{closure}()
#3 C:\xampp\htdocs\siabinila_core\system\Common.php(1097): CodeIgniter\View\View->render('mpdf/surat_perm...', Array, true)
#4 C:\xampp\htdocs\siabinila_core\app\Controllers\Cetakan.php(392): view('mpdf/surat_perm...', Array)
#5 C:\xampp\htdocs\siabinila_core\system\CodeIgniter.php(826): App\Controllers\Cetakan->surat_permohonan_cuti()
#6 C:\xampp\htdocs\siabinila_core\system\CodeIgniter.php(412): CodeIgniter\CodeIgniter->runController(Object(App\Controllers\Cetakan))
#7 C:\xampp\htdocs\siabinila_core\system\CodeIgniter.php(320): CodeIgniter\CodeIgniter->handleRequest(NULL, Object(Config\Cache), false)
#8 C:\xampp\htdocs\siabinila_core\public\index.php(37): CodeIgniter\CodeIgniter->run()
#9 C:\xampp\htdocs\siabinila_core\system\Commands\Server\rewrite.php(43): require_once('C:\\xampp\\htdocs...')
#10 {main}
CRITICAL - 2022-09-14 11:46:02 --> Array to string conversion
#0 C:\xampp\htdocs\siabinila_core\app\Views\mpdf\surat_permohonan_cuti.php(146): CodeIgniter\Debug\Exceptions->errorHandler(8, 'Array to string...', 'C:\\xampp\\htdocs...', 146, Array)
#1 C:\xampp\htdocs\siabinila_core\system\View\View.php(214): include('C:\\xampp\\htdocs...')
#2 C:\xampp\htdocs\siabinila_core\system\View\View.php(217): CodeIgniter\View\View->CodeIgniter\View\{closure}()
#3 C:\xampp\htdocs\siabinila_core\system\Common.php(1097): CodeIgniter\View\View->render('mpdf/surat_perm...', Array, true)
#4 C:\xampp\htdocs\siabinila_core\app\Controllers\Cetakan.php(392): view('mpdf/surat_perm...', Array)
#5 C:\xampp\htdocs\siabinila_core\system\CodeIgniter.php(826): App\Controllers\Cetakan->surat_permohonan_cuti()
#6 C:\xampp\htdocs\siabinila_core\system\CodeIgniter.php(412): CodeIgniter\CodeIgniter->runController(Object(App\Controllers\Cetakan))
#7 C:\xampp\htdocs\siabinila_core\system\CodeIgniter.php(320): CodeIgniter\CodeIgniter->handleRequest(NULL, Object(Config\Cache), false)
#8 C:\xampp\htdocs\siabinila_core\public\index.php(37): CodeIgniter\CodeIgniter->run()
#9 C:\xampp\htdocs\siabinila_core\system\Commands\Server\rewrite.php(43): require_once('C:\\xampp\\htdocs...')
#10 {main}
CRITICAL - 2022-09-14 11:47:10 --> Object of class stdClass could not be converted to string
#0 C:\xampp\htdocs\siabinila_core\system\View\View.php(214): include()
#1 C:\xampp\htdocs\siabinila_core\system\View\View.php(217): CodeIgniter\View\View->CodeIgniter\View\{closure}()
#2 C:\xampp\htdocs\siabinila_core\system\Common.php(1097): CodeIgniter\View\View->render('mpdf/surat_perm...', Array, true)
#3 C:\xampp\htdocs\siabinila_core\app\Controllers\Cetakan.php(392): view('mpdf/surat_perm...', Array)
#4 C:\xampp\htdocs\siabinila_core\system\CodeIgniter.php(826): App\Controllers\Cetakan->surat_permohonan_cuti()
#5 C:\xampp\htdocs\siabinila_core\system\CodeIgniter.php(412): CodeIgniter\CodeIgniter->runController(Object(App\Controllers\Cetakan))
#6 C:\xampp\htdocs\siabinila_core\system\CodeIgniter.php(320): CodeIgniter\CodeIgniter->handleRequest(NULL, Object(Config\Cache), false)
#7 C:\xampp\htdocs\siabinila_core\public\index.php(37): CodeIgniter\CodeIgniter->run()
#8 C:\xampp\htdocs\siabinila_core\system\Commands\Server\rewrite.php(43): require_once('C:\\xampp\\htdocs...')
#9 {main}
CRITICAL - 2022-09-14 12:09:26 --> Undefined variable: semester
#0 C:\xampp\htdocs\siabinila_core\app\Views\mpdf\surat_pembetulan_nilai.php(77): CodeIgniter\Debug\Exceptions->errorHandler(8, 'Undefined varia...', 'C:\\xampp\\htdocs...', 77, Array)
#1 C:\xampp\htdocs\siabinila_core\system\View\View.php(214): include('C:\\xampp\\htdocs...')
#2 C:\xampp\htdocs\siabinila_core\system\View\View.php(217): CodeIgniter\View\View->CodeIgniter\View\{closure}()
#3 C:\xampp\htdocs\siabinila_core\system\Common.php(1097): CodeIgniter\View\View->render('mpdf/surat_pemb...', Array, true)
#4 C:\xampp\htdocs\siabinila_core\app\Controllers\Cetakan.php(512): view('mpdf/surat_pemb...', Array)
#5 C:\xampp\htdocs\siabinila_core\system\CodeIgniter.php(826): App\Controllers\Cetakan->surat_pembetulan_nilai()
#6 C:\xampp\htdocs\siabinila_core\system\CodeIgniter.php(412): CodeIgniter\CodeIgniter->runController(Object(App\Controllers\Cetakan))
#7 C:\xampp\htdocs\siabinila_core\system\CodeIgniter.php(320): CodeIgniter\CodeIgniter->handleRequest(NULL, Object(Config\Cache), false)
#8 C:\xampp\htdocs\siabinila_core\public\index.php(37): CodeIgniter\CodeIgniter->run()
#9 C:\xampp\htdocs\siabinila_core\system\Commands\Server\rewrite.php(43): require_once('C:\\xampp\\htdocs...')
#10 {main}
CRITICAL - 2022-09-14 12:11:03 --> Undefined variable: ta
#0 C:\xampp\htdocs\siabinila_core\app\Views\mpdf\surat_pembetulan_nilai.php(77): CodeIgniter\Debug\Exceptions->errorHandler(8, 'Undefined varia...', 'C:\\xampp\\htdocs...', 77, Array)
#1 C:\xampp\htdocs\siabinila_core\system\View\View.php(214): include('C:\\xampp\\htdocs...')
#2 C:\xampp\htdocs\siabinila_core\system\View\View.php(217): CodeIgniter\View\View->CodeIgniter\View\{closure}()
#3 C:\xampp\htdocs\siabinila_core\system\Common.php(1097): CodeIgniter\View\View->render('mpdf/surat_pemb...', Array, true)
#4 C:\xampp\htdocs\siabinila_core\app\Controllers\Cetakan.php(513): view('mpdf/surat_pemb...', Array)
#5 C:\xampp\htdocs\siabinila_core\system\CodeIgniter.php(826): App\Controllers\Cetakan->surat_pembetulan_nilai()
#6 C:\xampp\htdocs\siabinila_core\system\CodeIgniter.php(412): CodeIgniter\CodeIgniter->runController(Object(App\Controllers\Cetakan))
#7 C:\xampp\htdocs\siabinila_core\system\CodeIgniter.php(320): CodeIgniter\CodeIgniter->handleRequest(NULL, Object(Config\Cache), false)
#8 C:\xampp\htdocs\siabinila_core\public\index.php(37): CodeIgniter\CodeIgniter->run()
#9 C:\xampp\htdocs\siabinila_core\system\Commands\Server\rewrite.php(43): require_once('C:\\xampp\\htdocs...')
#10 {main}
CRITICAL - 2022-09-14 12:11:55 --> Undefined variable: mk
#0 C:\xampp\htdocs\siabinila_core\app\Views\mpdf\surat_pembetulan_nilai.php(234): CodeIgniter\Debug\Exceptions->errorHandler(8, 'Undefined varia...', 'C:\\xampp\\htdocs...', 234, Array)
#1 C:\xampp\htdocs\siabinila_core\system\View\View.php(214): include('C:\\xampp\\htdocs...')
#2 C:\xampp\htdocs\siabinila_core\system\View\View.php(217): CodeIgniter\View\View->CodeIgniter\View\{closure}()
#3 C:\xampp\htdocs\siabinila_core\system\Common.php(1097): CodeIgniter\View\View->render('mpdf/surat_pemb...', Array, true)
#4 C:\xampp\htdocs\siabinila_core\app\Controllers\Cetakan.php(514): view('mpdf/surat_pemb...', Array)
#5 C:\xampp\htdocs\siabinila_core\system\CodeIgniter.php(826): App\Controllers\Cetakan->surat_pembetulan_nilai()
#6 C:\xampp\htdocs\siabinila_core\system\CodeIgniter.php(412): CodeIgniter\CodeIgniter->runController(Object(App\Controllers\Cetakan))
#7 C:\xampp\htdocs\siabinila_core\system\CodeIgniter.php(320): CodeIgniter\CodeIgniter->handleRequest(NULL, Object(Config\Cache), false)
#8 C:\xampp\htdocs\siabinila_core\public\index.php(37): CodeIgniter\CodeIgniter->run()
#9 C:\xampp\htdocs\siabinila_core\system\Commands\Server\rewrite.php(43): require_once('C:\\xampp\\htdocs...')
#10 {main}
CRITICAL - 2022-09-14 12:12:08 --> Undefined variable: mk
#0 C:\xampp\htdocs\siabinila_core\app\Views\mpdf\surat_pembetulan_nilai.php(234): CodeIgniter\Debug\Exceptions->errorHandler(8, 'Undefined varia...', 'C:\\xampp\\htdocs...', 234, Array)
#1 C:\xampp\htdocs\siabinila_core\system\View\View.php(214): include('C:\\xampp\\htdocs...')
#2 C:\xampp\htdocs\siabinila_core\system\View\View.php(217): CodeIgniter\View\View->CodeIgniter\View\{closure}()
#3 C:\xampp\htdocs\siabinila_core\system\Common.php(1097): CodeIgniter\View\View->render('mpdf/surat_pemb...', Array, true)
#4 C:\xampp\htdocs\siabinila_core\app\Controllers\Cetakan.php(514): view('mpdf/surat_pemb...', Array)
#5 C:\xampp\htdocs\siabinila_core\system\CodeIgniter.php(826): App\Controllers\Cetakan->surat_pembetulan_nilai()
#6 C:\xampp\htdocs\siabinila_core\system\CodeIgniter.php(412): CodeIgniter\CodeIgniter->runController(Object(App\Controllers\Cetakan))
#7 C:\xampp\htdocs\siabinila_core\system\CodeIgniter.php(320): CodeIgniter\CodeIgniter->handleRequest(NULL, Object(Config\Cache), false)
#8 C:\xampp\htdocs\siabinila_core\public\index.php(37): CodeIgniter\CodeIgniter->run()
#9 C:\xampp\htdocs\siabinila_core\system\Commands\Server\rewrite.php(43): require_once('C:\\xampp\\htdocs...')
#10 {main}
CRITICAL - 2022-09-14 12:28:24 --> Object of class stdClass could not be converted to string
#0 C:\xampp\htdocs\siabinila_core\system\View\View.php(214): include()
#1 C:\xampp\htdocs\siabinila_core\system\View\View.php(217): CodeIgniter\View\View->CodeIgniter\View\{closure}()
#2 C:\xampp\htdocs\siabinila_core\system\Common.php(1097): CodeIgniter\View\View->render('mpdf/surat_peng...', Array, true)
#3 C:\xampp\htdocs\siabinila_core\app\Controllers\Cetakan.php(490): view('mpdf/surat_peng...', Array)
#4 C:\xampp\htdocs\siabinila_core\system\CodeIgniter.php(826): App\Controllers\Cetakan->surat_penghapusan_mk()
#5 C:\xampp\htdocs\siabinila_core\system\CodeIgniter.php(412): CodeIgniter\CodeIgniter->runController(Object(App\Controllers\Cetakan))
#6 C:\xampp\htdocs\siabinila_core\system\CodeIgniter.php(320): CodeIgniter\CodeIgniter->handleRequest(NULL, Object(Config\Cache), false)
#7 C:\xampp\htdocs\siabinila_core\public\index.php(37): CodeIgniter\CodeIgniter->run()
#8 C:\xampp\htdocs\siabinila_core\system\Commands\Server\rewrite.php(43): require_once('C:\\xampp\\htdocs...')
#9 {main}
CRITICAL - 2022-09-14 12:58:24 --> Undefined variable: kop_surat
#0 C:\xampp\htdocs\siabinila_core\app\Views\mpdf\surat_pembayaran_keterlambatan_ukt.php(112): CodeIgniter\Debug\Exceptions->errorHandler(8, 'Undefined varia...', 'C:\\xampp\\htdocs...', 112, Array)
#1 C:\xampp\htdocs\siabinila_core\system\View\View.php(214): include('C:\\xampp\\htdocs...')
#2 C:\xampp\htdocs\siabinila_core\system\View\View.php(217): CodeIgniter\View\View->CodeIgniter\View\{closure}()
#3 C:\xampp\htdocs\siabinila_core\system\Common.php(1097): CodeIgniter\View\View->render('mpdf/surat_pemb...', Array, true)
#4 C:\xampp\htdocs\siabinila_core\app\Controllers\Cetakan.php(243): view('mpdf/surat_pemb...', Array)
#5 C:\xampp\htdocs\siabinila_core\system\CodeIgniter.php(826): App\Controllers\Cetakan->surat_pembayaran_keterlambatan_ukt()
#6 C:\xampp\htdocs\siabinila_core\system\CodeIgniter.php(412): CodeIgniter\CodeIgniter->runController(Object(App\Controllers\Cetakan))
#7 C:\xampp\htdocs\siabinila_core\system\CodeIgniter.php(320): CodeIgniter\CodeIgniter->handleRequest(NULL, Object(Config\Cache), false)
#8 C:\xampp\htdocs\siabinila_core\public\index.php(37): CodeIgniter\CodeIgniter->run()
#9 C:\xampp\htdocs\siabinila_core\system\Commands\Server\rewrite.php(43): require_once('C:\\xampp\\htdocs...')
#10 {main}
CRITICAL - 2022-09-14 12:58:47 --> Undefined variable: kop_surat
#0 C:\xampp\htdocs\siabinila_core\app\Views\mpdf\surat_pembayaran_keterlambatan_ukt.php(112): CodeIgniter\Debug\Exceptions->errorHandler(8, 'Undefined varia...', 'C:\\xampp\\htdocs...', 112, Array)
#1 C:\xampp\htdocs\siabinila_core\system\View\View.php(214): include('C:\\xampp\\htdocs...')
#2 C:\xampp\htdocs\siabinila_core\system\View\View.php(217): CodeIgniter\View\View->CodeIgniter\View\{closure}()
#3 C:\xampp\htdocs\siabinila_core\system\Common.php(1097): CodeIgniter\View\View->render('mpdf/surat_pemb...', Array, true)
#4 C:\xampp\htdocs\siabinila_core\app\Controllers\Cetakan.php(243): view('mpdf/surat_pemb...', Array)
#5 C:\xampp\htdocs\siabinila_core\system\CodeIgniter.php(826): App\Controllers\Cetakan->surat_pembayaran_keterlambatan_ukt()
#6 C:\xampp\htdocs\siabinila_core\system\CodeIgniter.php(412): CodeIgniter\CodeIgniter->runController(Object(App\Controllers\Cetakan))
#7 C:\xampp\htdocs\siabinila_core\system\CodeIgniter.php(320): CodeIgniter\CodeIgniter->handleRequest(NULL, Object(Config\Cache), false)
#8 C:\xampp\htdocs\siabinila_core\public\index.php(37): CodeIgniter\CodeIgniter->run()
#9 C:\xampp\htdocs\siabinila_core\system\Commands\Server\rewrite.php(43): require_once('C:\\xampp\\htdocs...')
#10 {main}
