CRITICAL - 2022-01-16 02:46:48 --> Invalid file: r_mahasiswa/profil.php
#0 C:\Users\User\KULIAH\PKL\Sistem-Informasi-Skripsi\system\View\View.php(198): CodeIgniter\Exceptions\FrameworkException::forInvalidFile('r_mahasiswa/pro...')
#1 C:\Users\User\KULIAH\PKL\Sistem-Informasi-Skripsi\system\Common.php(1097): CodeIgniter\View\View->render('r_mahasiswa/pro...', Array, true)
#2 C:\Users\User\KULIAH\PKL\Sistem-Informasi-Skripsi\app\Controllers\Mahasiswa.php(33): view('r_mahasiswa/pro...')
#3 C:\Users\User\KULIAH\PKL\Sistem-Informasi-Skripsi\system\CodeIgniter.php(824): App\Controllers\Mahasiswa->profil()
#4 C:\Users\User\KULIAH\PKL\Sistem-Informasi-Skripsi\system\CodeIgniter.php(410): CodeIgniter\CodeIgniter->runController(Object(App\Controllers\Mahasiswa))
#5 C:\Users\User\KULIAH\PKL\Sistem-Informasi-Skripsi\system\CodeIgniter.php(318): CodeIgniter\CodeIgniter->handleRequest(NULL, Object(Config\Cache), false)
#6 C:\Users\User\KULIAH\PKL\Sistem-Informasi-Skripsi\public\index.php(37): CodeIgniter\CodeIgniter->run()
#7 C:\Users\User\KULIAH\PKL\Sistem-Informasi-Skripsi\system\Commands\Server\rewrite.php(43): require_once('C:\\Users\\User\\K...')
#8 {main}
CRITICAL - 2022-01-16 02:47:20 --> Invalid file: r_mahasiswa/profil.php
#0 C:\Users\User\KULIAH\PKL\Sistem-Informasi-Skripsi\system\View\View.php(198): CodeIgniter\Exceptions\FrameworkException::forInvalidFile('r_mahasiswa/pro...')
#1 C:\Users\User\KULIAH\PKL\Sistem-Informasi-Skripsi\system\Common.php(1097): CodeIgniter\View\View->render('r_mahasiswa/pro...', Array, true)
#2 C:\Users\User\KULIAH\PKL\Sistem-Informasi-Skripsi\app\Controllers\Mahasiswa.php(33): view('r_mahasiswa/pro...')
#3 C:\Users\User\KULIAH\PKL\Sistem-Informasi-Skripsi\system\CodeIgniter.php(824): App\Controllers\Mahasiswa->profil()
#4 C:\Users\User\KULIAH\PKL\Sistem-Informasi-Skripsi\system\CodeIgniter.php(410): CodeIgniter\CodeIgniter->runController(Object(App\Controllers\Mahasiswa))
#5 C:\Users\User\KULIAH\PKL\Sistem-Informasi-Skripsi\system\CodeIgniter.php(318): CodeIgniter\CodeIgniter->handleRequest(NULL, Object(Config\Cache), false)
#6 C:\Users\User\KULIAH\PKL\Sistem-Informasi-Skripsi\public\index.php(37): CodeIgniter\CodeIgniter->run()
#7 C:\Users\User\KULIAH\PKL\Sistem-Informasi-Skripsi\system\Commands\Server\rewrite.php(43): require_once('C:\\Users\\User\\K...')
#8 {main}
CRITICAL - 2022-01-16 02:47:25 --> Invalid file: r_mahasiswa/profil.php
#0 C:\Users\User\KULIAH\PKL\Sistem-Informasi-Skripsi\system\View\View.php(198): CodeIgniter\Exceptions\FrameworkException::forInvalidFile('r_mahasiswa/pro...')
#1 C:\Users\User\KULIAH\PKL\Sistem-Informasi-Skripsi\system\Common.php(1097): CodeIgniter\View\View->render('r_mahasiswa/pro...', Array, true)
#2 C:\Users\User\KULIAH\PKL\Sistem-Informasi-Skripsi\app\Controllers\Mahasiswa.php(33): view('r_mahasiswa/pro...')
#3 C:\Users\User\KULIAH\PKL\Sistem-Informasi-Skripsi\system\CodeIgniter.php(824): App\Controllers\Mahasiswa->profil()
#4 C:\Users\User\KULIAH\PKL\Sistem-Informasi-Skripsi\system\CodeIgniter.php(410): CodeIgniter\CodeIgniter->runController(Object(App\Controllers\Mahasiswa))
#5 C:\Users\User\KULIAH\PKL\Sistem-Informasi-Skripsi\system\CodeIgniter.php(318): CodeIgniter\CodeIgniter->handleRequest(NULL, Object(Config\Cache), false)
#6 C:\Users\User\KULIAH\PKL\Sistem-Informasi-Skripsi\public\index.php(37): CodeIgniter\CodeIgniter->run()
#7 C:\Users\User\KULIAH\PKL\Sistem-Informasi-Skripsi\system\Commands\Server\rewrite.php(43): require_once('C:\\Users\\User\\K...')
#8 {main}
CRITICAL - 2022-01-16 02:47:50 --> Undefined variable $data
#0 C:\Users\User\KULIAH\PKL\Sistem-Informasi-Skripsi\app\Views\r_mahasiswa\profil_mahasiswa.php(2): CodeIgniter\Debug\Exceptions->errorHandler(2, 'Undefined varia...', 'C:\\Users\\User\\K...', 2)
#1 C:\Users\User\KULIAH\PKL\Sistem-Informasi-Skripsi\system\View\View.php(214): include('C:\\Users\\User\\K...')
#2 C:\Users\User\KULIAH\PKL\Sistem-Informasi-Skripsi\system\View\View.php(217): CodeIgniter\View\View->CodeIgniter\View\{closure}()
#3 C:\Users\User\KULIAH\PKL\Sistem-Informasi-Skripsi\system\Common.php(1097): CodeIgniter\View\View->render('r_mahasiswa/pro...', Array, true)
#4 C:\Users\User\KULIAH\PKL\Sistem-Informasi-Skripsi\app\Controllers\Mahasiswa.php(33): view('r_mahasiswa/pro...')
#5 C:\Users\User\KULIAH\PKL\Sistem-Informasi-Skripsi\system\CodeIgniter.php(824): App\Controllers\Mahasiswa->profil()
#6 C:\Users\User\KULIAH\PKL\Sistem-Informasi-Skripsi\system\CodeIgniter.php(410): CodeIgniter\CodeIgniter->runController(Object(App\Controllers\Mahasiswa))
#7 C:\Users\User\KULIAH\PKL\Sistem-Informasi-Skripsi\system\CodeIgniter.php(318): CodeIgniter\CodeIgniter->handleRequest(NULL, Object(Config\Cache), false)
#8 C:\Users\User\KULIAH\PKL\Sistem-Informasi-Skripsi\public\index.php(37): CodeIgniter\CodeIgniter->run()
#9 C:\Users\User\KULIAH\PKL\Sistem-Informasi-Skripsi\system\Commands\Server\rewrite.php(43): require_once('C:\\Users\\User\\K...')
#10 {main}
CRITICAL - 2022-01-16 02:51:30 --> Undefined array key "user"
#0 C:\Users\User\KULIAH\PKL\Sistem-Informasi-Skripsi\app\Views\r_mahasiswa\profil_mahasiswa.php(2): CodeIgniter\Debug\Exceptions->errorHandler(2, 'Undefined array...', 'C:\\Users\\User\\K...', 2)
#1 C:\Users\User\KULIAH\PKL\Sistem-Informasi-Skripsi\system\View\View.php(214): include('C:\\Users\\User\\K...')
#2 C:\Users\User\KULIAH\PKL\Sistem-Informasi-Skripsi\system\View\View.php(217): CodeIgniter\View\View->CodeIgniter\View\{closure}()
#3 C:\Users\User\KULIAH\PKL\Sistem-Informasi-Skripsi\system\Common.php(1097): CodeIgniter\View\View->render('r_mahasiswa/pro...', Array, true)
#4 C:\Users\User\KULIAH\PKL\Sistem-Informasi-Skripsi\app\Controllers\Mahasiswa.php(37): view('r_mahasiswa/pro...', Array)
#5 C:\Users\User\KULIAH\PKL\Sistem-Informasi-Skripsi\system\CodeIgniter.php(824): App\Controllers\Mahasiswa->profil()
#6 C:\Users\User\KULIAH\PKL\Sistem-Informasi-Skripsi\system\CodeIgniter.php(410): CodeIgniter\CodeIgniter->runController(Object(App\Controllers\Mahasiswa))
#7 C:\Users\User\KULIAH\PKL\Sistem-Informasi-Skripsi\system\CodeIgniter.php(318): CodeIgniter\CodeIgniter->handleRequest(NULL, Object(Config\Cache), false)
#8 C:\Users\User\KULIAH\PKL\Sistem-Informasi-Skripsi\public\index.php(37): CodeIgniter\CodeIgniter->run()
#9 C:\Users\User\KULIAH\PKL\Sistem-Informasi-Skripsi\system\Commands\Server\rewrite.php(43): require_once('C:\\Users\\User\\K...')
#10 {main}
CRITICAL - 2022-01-16 02:53:45 --> Undefined array key "npm"
#0 C:\Users\User\KULIAH\PKL\Sistem-Informasi-Skripsi\app\Views\r_mahasiswa\profil_mahasiswa.php(2): CodeIgniter\Debug\Exceptions->errorHandler(2, 'Undefined array...', 'C:\\Users\\User\\K...', 2)
#1 C:\Users\User\KULIAH\PKL\Sistem-Informasi-Skripsi\system\View\View.php(214): include('C:\\Users\\User\\K...')
#2 C:\Users\User\KULIAH\PKL\Sistem-Informasi-Skripsi\system\View\View.php(217): CodeIgniter\View\View->CodeIgniter\View\{closure}()
#3 C:\Users\User\KULIAH\PKL\Sistem-Informasi-Skripsi\system\Common.php(1097): CodeIgniter\View\View->render('r_mahasiswa/pro...', Array, true)
#4 C:\Users\User\KULIAH\PKL\Sistem-Informasi-Skripsi\app\Controllers\Mahasiswa.php(37): view('r_mahasiswa/pro...', Array)
#5 C:\Users\User\KULIAH\PKL\Sistem-Informasi-Skripsi\system\CodeIgniter.php(824): App\Controllers\Mahasiswa->profil()
#6 C:\Users\User\KULIAH\PKL\Sistem-Informasi-Skripsi\system\CodeIgniter.php(410): CodeIgniter\CodeIgniter->runController(Object(App\Controllers\Mahasiswa))
#7 C:\Users\User\KULIAH\PKL\Sistem-Informasi-Skripsi\system\CodeIgniter.php(318): CodeIgniter\CodeIgniter->handleRequest(NULL, Object(Config\Cache), false)
#8 C:\Users\User\KULIAH\PKL\Sistem-Informasi-Skripsi\public\index.php(37): CodeIgniter\CodeIgniter->run()
#9 C:\Users\User\KULIAH\PKL\Sistem-Informasi-Skripsi\system\Commands\Server\rewrite.php(43): require_once('C:\\Users\\User\\K...')
#10 {main}
CRITICAL - 2022-01-16 02:53:59 --> Undefined array key "npm"
#0 C:\Users\User\KULIAH\PKL\Sistem-Informasi-Skripsi\app\Views\r_mahasiswa\profil_mahasiswa.php(2): CodeIgniter\Debug\Exceptions->errorHandler(2, 'Undefined array...', 'C:\\Users\\User\\K...', 2)
#1 C:\Users\User\KULIAH\PKL\Sistem-Informasi-Skripsi\system\View\View.php(214): include('C:\\Users\\User\\K...')
#2 C:\Users\User\KULIAH\PKL\Sistem-Informasi-Skripsi\system\View\View.php(217): CodeIgniter\View\View->CodeIgniter\View\{closure}()
#3 C:\Users\User\KULIAH\PKL\Sistem-Informasi-Skripsi\system\Common.php(1097): CodeIgniter\View\View->render('r_mahasiswa/pro...', Array, true)
#4 C:\Users\User\KULIAH\PKL\Sistem-Informasi-Skripsi\app\Controllers\Mahasiswa.php(37): view('r_mahasiswa/pro...', Array)
#5 C:\Users\User\KULIAH\PKL\Sistem-Informasi-Skripsi\system\CodeIgniter.php(824): App\Controllers\Mahasiswa->profil()
#6 C:\Users\User\KULIAH\PKL\Sistem-Informasi-Skripsi\system\CodeIgniter.php(410): CodeIgniter\CodeIgniter->runController(Object(App\Controllers\Mahasiswa))
#7 C:\Users\User\KULIAH\PKL\Sistem-Informasi-Skripsi\system\CodeIgniter.php(318): CodeIgniter\CodeIgniter->handleRequest(NULL, Object(Config\Cache), false)
#8 C:\Users\User\KULIAH\PKL\Sistem-Informasi-Skripsi\public\index.php(37): CodeIgniter\CodeIgniter->run()
#9 C:\Users\User\KULIAH\PKL\Sistem-Informasi-Skripsi\system\Commands\Server\rewrite.php(43): require_once('C:\\Users\\User\\K...')
#10 {main}
CRITICAL - 2022-01-16 02:54:03 --> Undefined array key "npm"
#0 C:\Users\User\KULIAH\PKL\Sistem-Informasi-Skripsi\app\Views\r_mahasiswa\profil_mahasiswa.php(2): CodeIgniter\Debug\Exceptions->errorHandler(2, 'Undefined array...', 'C:\\Users\\User\\K...', 2)
#1 C:\Users\User\KULIAH\PKL\Sistem-Informasi-Skripsi\system\View\View.php(214): include('C:\\Users\\User\\K...')
#2 C:\Users\User\KULIAH\PKL\Sistem-Informasi-Skripsi\system\View\View.php(217): CodeIgniter\View\View->CodeIgniter\View\{closure}()
#3 C:\Users\User\KULIAH\PKL\Sistem-Informasi-Skripsi\system\Common.php(1097): CodeIgniter\View\View->render('r_mahasiswa/pro...', Array, true)
#4 C:\Users\User\KULIAH\PKL\Sistem-Informasi-Skripsi\app\Controllers\Mahasiswa.php(37): view('r_mahasiswa/pro...', Array)
#5 C:\Users\User\KULIAH\PKL\Sistem-Informasi-Skripsi\system\CodeIgniter.php(824): App\Controllers\Mahasiswa->profil()
#6 C:\Users\User\KULIAH\PKL\Sistem-Informasi-Skripsi\system\CodeIgniter.php(410): CodeIgniter\CodeIgniter->runController(Object(App\Controllers\Mahasiswa))
#7 C:\Users\User\KULIAH\PKL\Sistem-Informasi-Skripsi\system\CodeIgniter.php(318): CodeIgniter\CodeIgniter->handleRequest(NULL, Object(Config\Cache), false)
#8 C:\Users\User\KULIAH\PKL\Sistem-Informasi-Skripsi\public\index.php(37): CodeIgniter\CodeIgniter->run()
#9 C:\Users\User\KULIAH\PKL\Sistem-Informasi-Skripsi\system\Commands\Server\rewrite.php(43): require_once('C:\\Users\\User\\K...')
#10 {main}
CRITICAL - 2022-01-16 02:54:04 --> Undefined array key "npm"
#0 C:\Users\User\KULIAH\PKL\Sistem-Informasi-Skripsi\app\Views\r_mahasiswa\profil_mahasiswa.php(2): CodeIgniter\Debug\Exceptions->errorHandler(2, 'Undefined array...', 'C:\\Users\\User\\K...', 2)
#1 C:\Users\User\KULIAH\PKL\Sistem-Informasi-Skripsi\system\View\View.php(214): include('C:\\Users\\User\\K...')
#2 C:\Users\User\KULIAH\PKL\Sistem-Informasi-Skripsi\system\View\View.php(217): CodeIgniter\View\View->CodeIgniter\View\{closure}()
#3 C:\Users\User\KULIAH\PKL\Sistem-Informasi-Skripsi\system\Common.php(1097): CodeIgniter\View\View->render('r_mahasiswa/pro...', Array, true)
#4 C:\Users\User\KULIAH\PKL\Sistem-Informasi-Skripsi\app\Controllers\Mahasiswa.php(37): view('r_mahasiswa/pro...', Array)
#5 C:\Users\User\KULIAH\PKL\Sistem-Informasi-Skripsi\system\CodeIgniter.php(824): App\Controllers\Mahasiswa->profil()
#6 C:\Users\User\KULIAH\PKL\Sistem-Informasi-Skripsi\system\CodeIgniter.php(410): CodeIgniter\CodeIgniter->runController(Object(App\Controllers\Mahasiswa))
#7 C:\Users\User\KULIAH\PKL\Sistem-Informasi-Skripsi\system\CodeIgniter.php(318): CodeIgniter\CodeIgniter->handleRequest(NULL, Object(Config\Cache), false)
#8 C:\Users\User\KULIAH\PKL\Sistem-Informasi-Skripsi\public\index.php(37): CodeIgniter\CodeIgniter->run()
#9 C:\Users\User\KULIAH\PKL\Sistem-Informasi-Skripsi\system\Commands\Server\rewrite.php(43): require_once('C:\\Users\\User\\K...')
#10 {main}
CRITICAL - 2022-01-16 02:54:06 --> Undefined array key "npm"
#0 C:\Users\User\KULIAH\PKL\Sistem-Informasi-Skripsi\app\Views\r_mahasiswa\profil_mahasiswa.php(2): CodeIgniter\Debug\Exceptions->errorHandler(2, 'Undefined array...', 'C:\\Users\\User\\K...', 2)
#1 C:\Users\User\KULIAH\PKL\Sistem-Informasi-Skripsi\system\View\View.php(214): include('C:\\Users\\User\\K...')
#2 C:\Users\User\KULIAH\PKL\Sistem-Informasi-Skripsi\system\View\View.php(217): CodeIgniter\View\View->CodeIgniter\View\{closure}()
#3 C:\Users\User\KULIAH\PKL\Sistem-Informasi-Skripsi\system\Common.php(1097): CodeIgniter\View\View->render('r_mahasiswa/pro...', Array, true)
#4 C:\Users\User\KULIAH\PKL\Sistem-Informasi-Skripsi\app\Controllers\Mahasiswa.php(37): view('r_mahasiswa/pro...', Array)
#5 C:\Users\User\KULIAH\PKL\Sistem-Informasi-Skripsi\system\CodeIgniter.php(824): App\Controllers\Mahasiswa->profil()
#6 C:\Users\User\KULIAH\PKL\Sistem-Informasi-Skripsi\system\CodeIgniter.php(410): CodeIgniter\CodeIgniter->runController(Object(App\Controllers\Mahasiswa))
#7 C:\Users\User\KULIAH\PKL\Sistem-Informasi-Skripsi\system\CodeIgniter.php(318): CodeIgniter\CodeIgniter->handleRequest(NULL, Object(Config\Cache), false)
#8 C:\Users\User\KULIAH\PKL\Sistem-Informasi-Skripsi\public\index.php(37): CodeIgniter\CodeIgniter->run()
#9 C:\Users\User\KULIAH\PKL\Sistem-Informasi-Skripsi\system\Commands\Server\rewrite.php(43): require_once('C:\\Users\\User\\K...')
#10 {main}
CRITICAL - 2022-01-16 03:29:22 --> syntax error, unexpected token ")"
#0 C:\Users\User\KULIAH\PKL\Sistem-Informasi-Skripsi\system\Autoloader\Autoloader.php(241): CodeIgniter\Autoloader\Autoloader->includeFile('C:\\Users\\User\\K...')
#1 C:\Users\User\KULIAH\PKL\Sistem-Informasi-Skripsi\system\Autoloader\Autoloader.php(219): CodeIgniter\Autoloader\Autoloader->loadInNamespace('App\\Controllers...')
#2 [internal function]: CodeIgniter\Autoloader\Autoloader->loadClass('App\\Controllers...')
#3 C:\Users\User\KULIAH\PKL\Sistem-Informasi-Skripsi\system\CodeIgniter.php(789): class_exists('\\App\\Controller...', true)
#4 C:\Users\User\KULIAH\PKL\Sistem-Informasi-Skripsi\system\CodeIgniter.php(397): CodeIgniter\CodeIgniter->startController()
#5 C:\Users\User\KULIAH\PKL\Sistem-Informasi-Skripsi\system\CodeIgniter.php(318): CodeIgniter\CodeIgniter->handleRequest(NULL, Object(Config\Cache), false)
#6 C:\Users\User\KULIAH\PKL\Sistem-Informasi-Skripsi\public\index.php(37): CodeIgniter\CodeIgniter->run()
#7 C:\Users\User\KULIAH\PKL\Sistem-Informasi-Skripsi\system\Commands\Server\rewrite.php(43): require_once('C:\\Users\\User\\K...')
#8 {main}
CRITICAL - 2022-01-16 03:32:13 --> Too few arguments to function App\Controllers\Dosen::terima(), 1 passed in C:\Users\User\KULIAH\PKL\Sistem-Informasi-Skripsi\system\CodeIgniter.php on line 824 and exactly 2 expected
#0 C:\Users\User\KULIAH\PKL\Sistem-Informasi-Skripsi\system\CodeIgniter.php(824): App\Controllers\Dosen->terima('1917051025egi')
#1 C:\Users\User\KULIAH\PKL\Sistem-Informasi-Skripsi\system\CodeIgniter.php(410): CodeIgniter\CodeIgniter->runController(Object(App\Controllers\Dosen))
#2 C:\Users\User\KULIAH\PKL\Sistem-Informasi-Skripsi\system\CodeIgniter.php(318): CodeIgniter\CodeIgniter->handleRequest(NULL, Object(Config\Cache), false)
#3 C:\Users\User\KULIAH\PKL\Sistem-Informasi-Skripsi\public\index.php(37): CodeIgniter\CodeIgniter->run()
#4 C:\Users\User\KULIAH\PKL\Sistem-Informasi-Skripsi\system\Commands\Server\rewrite.php(43): require_once('C:\\Users\\User\\K...')
#5 {main}
CRITICAL - 2022-01-16 03:33:08 --> There is no data to insert.
#0 C:\Users\User\KULIAH\PKL\Sistem-Informasi-Skripsi\system\BaseModel.php(718): CodeIgniter\Database\Exceptions\DataException::forEmptyDataset('insert')
#1 C:\Users\User\KULIAH\PKL\Sistem-Informasi-Skripsi\system\Model.php(620): CodeIgniter\BaseModel->insert(Array, true)
#2 C:\Users\User\KULIAH\PKL\Sistem-Informasi-Skripsi\app\Controllers\Dosen.php(73): CodeIgniter\Model->insert(Array)
#3 C:\Users\User\KULIAH\PKL\Sistem-Informasi-Skripsi\system\CodeIgniter.php(824): App\Controllers\Dosen->terima('1917051025egi')
#4 C:\Users\User\KULIAH\PKL\Sistem-Informasi-Skripsi\system\CodeIgniter.php(410): CodeIgniter\CodeIgniter->runController(Object(App\Controllers\Dosen))
#5 C:\Users\User\KULIAH\PKL\Sistem-Informasi-Skripsi\system\CodeIgniter.php(318): CodeIgniter\CodeIgniter->handleRequest(NULL, Object(Config\Cache), false)
#6 C:\Users\User\KULIAH\PKL\Sistem-Informasi-Skripsi\public\index.php(37): CodeIgniter\CodeIgniter->run()
#7 C:\Users\User\KULIAH\PKL\Sistem-Informasi-Skripsi\system\Commands\Server\rewrite.php(43): require_once('C:\\Users\\User\\K...')
#8 {main}
ERROR - 2022-01-16 03:33:21 --> Duplicate entry '1917051025' for key 'PRIMARY'
CRITICAL - 2022-01-16 03:33:21 --> Duplicate entry '1917051025' for key 'PRIMARY'
#0 C:\Users\User\KULIAH\PKL\Sistem-Informasi-Skripsi\system\Database\MySQLi\Connection.php(292): mysqli->query('INSERT INTO `da...', 0)
#1 C:\Users\User\KULIAH\PKL\Sistem-Informasi-Skripsi\system\Database\BaseConnection.php(670): CodeIgniter\Database\MySQLi\Connection->execute('INSERT INTO `da...')
#2 C:\Users\User\KULIAH\PKL\Sistem-Informasi-Skripsi\system\Database\BaseConnection.php(598): CodeIgniter\Database\BaseConnection->simpleQuery('INSERT INTO `da...')
#3 C:\Users\User\KULIAH\PKL\Sistem-Informasi-Skripsi\system\Database\BaseBuilder.php(1759): CodeIgniter\Database\BaseConnection->query('INSERT INTO `da...', Array, false)
#4 C:\Users\User\KULIAH\PKL\Sistem-Informasi-Skripsi\system\Model.php(239): CodeIgniter\Database\BaseBuilder->insert()
#5 C:\Users\User\KULIAH\PKL\Sistem-Informasi-Skripsi\system\BaseModel.php(738): CodeIgniter\Model->doInsert(Array)
#6 C:\Users\User\KULIAH\PKL\Sistem-Informasi-Skripsi\system\Model.php(620): CodeIgniter\BaseModel->insert(Array, true)
#7 C:\Users\User\KULIAH\PKL\Sistem-Informasi-Skripsi\app\Controllers\Dosen.php(73): CodeIgniter\Model->insert(Array)
#8 C:\Users\User\KULIAH\PKL\Sistem-Informasi-Skripsi\system\CodeIgniter.php(824): App\Controllers\Dosen->terima('1917051025egi')
#9 C:\Users\User\KULIAH\PKL\Sistem-Informasi-Skripsi\system\CodeIgniter.php(410): CodeIgniter\CodeIgniter->runController(Object(App\Controllers\Dosen))
#10 C:\Users\User\KULIAH\PKL\Sistem-Informasi-Skripsi\system\CodeIgniter.php(318): CodeIgniter\CodeIgniter->handleRequest(NULL, Object(Config\Cache), false)
#11 C:\Users\User\KULIAH\PKL\Sistem-Informasi-Skripsi\public\index.php(37): CodeIgniter\CodeIgniter->run()
#12 C:\Users\User\KULIAH\PKL\Sistem-Informasi-Skripsi\system\Commands\Server\rewrite.php(43): require_once('C:\\Users\\User\\K...')
#13 {main}
ERROR - 2022-01-16 03:33:42 --> Duplicate entry '1917051025' for key 'PRIMARY'
CRITICAL - 2022-01-16 03:33:42 --> Duplicate entry '1917051025' for key 'PRIMARY'
#0 C:\Users\User\KULIAH\PKL\Sistem-Informasi-Skripsi\system\Database\MySQLi\Connection.php(292): mysqli->query('INSERT INTO `da...', 0)
#1 C:\Users\User\KULIAH\PKL\Sistem-Informasi-Skripsi\system\Database\BaseConnection.php(670): CodeIgniter\Database\MySQLi\Connection->execute('INSERT INTO `da...')
#2 C:\Users\User\KULIAH\PKL\Sistem-Informasi-Skripsi\system\Database\BaseConnection.php(598): CodeIgniter\Database\BaseConnection->simpleQuery('INSERT INTO `da...')
#3 C:\Users\User\KULIAH\PKL\Sistem-Informasi-Skripsi\system\Database\BaseBuilder.php(1759): CodeIgniter\Database\BaseConnection->query('INSERT INTO `da...', Array, false)
#4 C:\Users\User\KULIAH\PKL\Sistem-Informasi-Skripsi\system\Model.php(239): CodeIgniter\Database\BaseBuilder->insert()
#5 C:\Users\User\KULIAH\PKL\Sistem-Informasi-Skripsi\system\BaseModel.php(738): CodeIgniter\Model->doInsert(Array)
#6 C:\Users\User\KULIAH\PKL\Sistem-Informasi-Skripsi\system\Model.php(620): CodeIgniter\BaseModel->insert(Array, true)
#7 C:\Users\User\KULIAH\PKL\Sistem-Informasi-Skripsi\app\Controllers\Dosen.php(73): CodeIgniter\Model->insert(Array)
#8 C:\Users\User\KULIAH\PKL\Sistem-Informasi-Skripsi\system\CodeIgniter.php(824): App\Controllers\Dosen->terima('1917051025')
#9 C:\Users\User\KULIAH\PKL\Sistem-Informasi-Skripsi\system\CodeIgniter.php(410): CodeIgniter\CodeIgniter->runController(Object(App\Controllers\Dosen))
#10 C:\Users\User\KULIAH\PKL\Sistem-Informasi-Skripsi\system\CodeIgniter.php(318): CodeIgniter\CodeIgniter->handleRequest(NULL, Object(Config\Cache), false)
#11 C:\Users\User\KULIAH\PKL\Sistem-Informasi-Skripsi\public\index.php(37): CodeIgniter\CodeIgniter->run()
#12 C:\Users\User\KULIAH\PKL\Sistem-Informasi-Skripsi\system\Commands\Server\rewrite.php(43): require_once('C:\\Users\\User\\K...')
#13 {main}
ERROR - 2022-01-16 18:45:09 --> Error connecting to the database: No connection could be made because the target machine actively refused it
CRITICAL - 2022-01-16 18:45:09 --> Unable to connect to the database.
Main connection [MySQLi]: No connection could be made because the target machine actively refused it
#0 C:\Users\User\KULIAH\PKL\Sistem-Informasi-Skripsi\system\Database\BaseConnection.php(577): CodeIgniter\Database\BaseConnection->initialize()
#1 C:\Users\User\KULIAH\PKL\Sistem-Informasi-Skripsi\system\Database\BaseBuilder.php(1443): CodeIgniter\Database\BaseConnection->query('SELECT *\nFROM `...', Array, false)
#2 C:\Users\User\KULIAH\PKL\Sistem-Informasi-Skripsi\system\Model.php(183): CodeIgniter\Database\BaseBuilder->get()
#3 C:\Users\User\KULIAH\PKL\Sistem-Informasi-Skripsi\system\BaseModel.php(584): CodeIgniter\Model->doFindAll(0, 0)
#4 C:\Users\User\KULIAH\PKL\Sistem-Informasi-Skripsi\app\Controllers\Dosen.php(51): CodeIgniter\BaseModel->findAll()
#5 C:\Users\User\KULIAH\PKL\Sistem-Informasi-Skripsi\system\CodeIgniter.php(824): App\Controllers\Dosen->data_skripsi()
#6 C:\Users\User\KULIAH\PKL\Sistem-Informasi-Skripsi\system\CodeIgniter.php(410): CodeIgniter\CodeIgniter->runController(Object(App\Controllers\Dosen))
#7 C:\Users\User\KULIAH\PKL\Sistem-Informasi-Skripsi\system\CodeIgniter.php(318): CodeIgniter\CodeIgniter->handleRequest(NULL, Object(Config\Cache), false)
#8 C:\Users\User\KULIAH\PKL\Sistem-Informasi-Skripsi\public\index.php(37): CodeIgniter\CodeIgniter->run()
#9 C:\Users\User\KULIAH\PKL\Sistem-Informasi-Skripsi\system\Commands\Server\rewrite.php(43): require_once('C:\\Users\\User\\K...')
#10 {main}
CRITICAL - 2022-01-16 19:28:02 --> Undefined array key "npm"
#0 C:\Users\User\KULIAH\PKL\Sistem-Informasi-Skripsi\app\Views\r_mahasiswa\profil_mahasiswa.php(10): CodeIgniter\Debug\Exceptions->errorHandler(2, 'Undefined array...', 'C:\\Users\\User\\K...', 10)
#1 C:\Users\User\KULIAH\PKL\Sistem-Informasi-Skripsi\system\View\View.php(214): include('C:\\Users\\User\\K...')
#2 C:\Users\User\KULIAH\PKL\Sistem-Informasi-Skripsi\system\View\View.php(217): CodeIgniter\View\View->CodeIgniter\View\{closure}()
#3 C:\Users\User\KULIAH\PKL\Sistem-Informasi-Skripsi\system\Common.php(1097): CodeIgniter\View\View->render('r_mahasiswa/pro...', Array, true)
#4 C:\Users\User\KULIAH\PKL\Sistem-Informasi-Skripsi\app\Controllers\Mahasiswa.php(37): view('r_mahasiswa/pro...', Array)
#5 C:\Users\User\KULIAH\PKL\Sistem-Informasi-Skripsi\system\CodeIgniter.php(824): App\Controllers\Mahasiswa->profil()
#6 C:\Users\User\KULIAH\PKL\Sistem-Informasi-Skripsi\system\CodeIgniter.php(410): CodeIgniter\CodeIgniter->runController(Object(App\Controllers\Mahasiswa))
#7 C:\Users\User\KULIAH\PKL\Sistem-Informasi-Skripsi\system\CodeIgniter.php(318): CodeIgniter\CodeIgniter->handleRequest(NULL, Object(Config\Cache), false)
#8 C:\Users\User\KULIAH\PKL\Sistem-Informasi-Skripsi\public\index.php(37): CodeIgniter\CodeIgniter->run()
#9 C:\Users\User\KULIAH\PKL\Sistem-Informasi-Skripsi\system\Commands\Server\rewrite.php(43): require_once('C:\\Users\\User\\K...')
#10 {main}
ERROR - 2022-01-16 19:32:56 --> Duplicate entry '1917051025' for key 'PRIMARY'
CRITICAL - 2022-01-16 19:32:56 --> Duplicate entry '1917051025' for key 'PRIMARY'
#0 C:\Users\User\KULIAH\PKL\Sistem-Informasi-Skripsi\system\Database\MySQLi\Connection.php(292): mysqli->query('INSERT INTO `da...', 0)
#1 C:\Users\User\KULIAH\PKL\Sistem-Informasi-Skripsi\system\Database\BaseConnection.php(670): CodeIgniter\Database\MySQLi\Connection->execute('INSERT INTO `da...')
#2 C:\Users\User\KULIAH\PKL\Sistem-Informasi-Skripsi\system\Database\BaseConnection.php(598): CodeIgniter\Database\BaseConnection->simpleQuery('INSERT INTO `da...')
#3 C:\Users\User\KULIAH\PKL\Sistem-Informasi-Skripsi\system\Database\BaseBuilder.php(1759): CodeIgniter\Database\BaseConnection->query('INSERT INTO `da...', Array, false)
#4 C:\Users\User\KULIAH\PKL\Sistem-Informasi-Skripsi\system\Model.php(239): CodeIgniter\Database\BaseBuilder->insert()
#5 C:\Users\User\KULIAH\PKL\Sistem-Informasi-Skripsi\system\BaseModel.php(738): CodeIgniter\Model->doInsert(Array)
#6 C:\Users\User\KULIAH\PKL\Sistem-Informasi-Skripsi\system\Model.php(620): CodeIgniter\BaseModel->insert(Array, true)
#7 C:\Users\User\KULIAH\PKL\Sistem-Informasi-Skripsi\app\Controllers\Mahasiswa.php(75): CodeIgniter\Model->insert(Array)
#8 C:\Users\User\KULIAH\PKL\Sistem-Informasi-Skripsi\system\CodeIgniter.php(824): App\Controllers\Mahasiswa->tambah()
#9 C:\Users\User\KULIAH\PKL\Sistem-Informasi-Skripsi\system\CodeIgniter.php(410): CodeIgniter\CodeIgniter->runController(Object(App\Controllers\Mahasiswa))
#10 C:\Users\User\KULIAH\PKL\Sistem-Informasi-Skripsi\system\CodeIgniter.php(318): CodeIgniter\CodeIgniter->handleRequest(NULL, Object(Config\Cache), false)
#11 C:\Users\User\KULIAH\PKL\Sistem-Informasi-Skripsi\public\index.php(37): CodeIgniter\CodeIgniter->run()
#12 C:\Users\User\KULIAH\PKL\Sistem-Informasi-Skripsi\system\Commands\Server\rewrite.php(43): require_once('C:\\Users\\User\\K...')
#13 {main}
CRITICAL - 2022-01-16 19:36:13 --> Undefined array key "judul"
#0 C:\Users\User\KULIAH\PKL\Sistem-Informasi-Skripsi\app\Views\r_dosen\request_judul.php(23): CodeIgniter\Debug\Exceptions->errorHandler(2, 'Undefined array...', 'C:\\Users\\User\\K...', 23)
#1 C:\Users\User\KULIAH\PKL\Sistem-Informasi-Skripsi\system\View\View.php(214): include('C:\\Users\\User\\K...')
#2 C:\Users\User\KULIAH\PKL\Sistem-Informasi-Skripsi\system\View\View.php(217): CodeIgniter\View\View->CodeIgniter\View\{closure}()
#3 C:\Users\User\KULIAH\PKL\Sistem-Informasi-Skripsi\system\Common.php(1097): CodeIgniter\View\View->render('r_dosen/request...', Array, true)
#4 C:\Users\User\KULIAH\PKL\Sistem-Informasi-Skripsi\app\Controllers\Dosen.php(44): view('r_dosen/request...', Array)
#5 C:\Users\User\KULIAH\PKL\Sistem-Informasi-Skripsi\system\CodeIgniter.php(824): App\Controllers\Dosen->data_pengajuan_judul()
#6 C:\Users\User\KULIAH\PKL\Sistem-Informasi-Skripsi\system\CodeIgniter.php(410): CodeIgniter\CodeIgniter->runController(Object(App\Controllers\Dosen))
#7 C:\Users\User\KULIAH\PKL\Sistem-Informasi-Skripsi\system\CodeIgniter.php(318): CodeIgniter\CodeIgniter->handleRequest(NULL, Object(Config\Cache), false)
#8 C:\Users\User\KULIAH\PKL\Sistem-Informasi-Skripsi\public\index.php(37): CodeIgniter\CodeIgniter->run()
#9 C:\Users\User\KULIAH\PKL\Sistem-Informasi-Skripsi\system\Commands\Server\rewrite.php(43): require_once('C:\\Users\\User\\K...')
#10 {main}
CRITICAL - 2022-01-16 19:37:05 --> Undefined array key "judul"
#0 C:\Users\User\KULIAH\PKL\Sistem-Informasi-Skripsi\app\Views\r_dosen\request_judul.php(23): CodeIgniter\Debug\Exceptions->errorHandler(2, 'Undefined array...', 'C:\\Users\\User\\K...', 23)
#1 C:\Users\User\KULIAH\PKL\Sistem-Informasi-Skripsi\system\View\View.php(214): include('C:\\Users\\User\\K...')
#2 C:\Users\User\KULIAH\PKL\Sistem-Informasi-Skripsi\system\View\View.php(217): CodeIgniter\View\View->CodeIgniter\View\{closure}()
#3 C:\Users\User\KULIAH\PKL\Sistem-Informasi-Skripsi\system\Common.php(1097): CodeIgniter\View\View->render('r_dosen/request...', Array, true)
#4 C:\Users\User\KULIAH\PKL\Sistem-Informasi-Skripsi\app\Controllers\Dosen.php(44): view('r_dosen/request...', Array)
#5 C:\Users\User\KULIAH\PKL\Sistem-Informasi-Skripsi\system\CodeIgniter.php(824): App\Controllers\Dosen->data_pengajuan_judul()
#6 C:\Users\User\KULIAH\PKL\Sistem-Informasi-Skripsi\system\CodeIgniter.php(410): CodeIgniter\CodeIgniter->runController(Object(App\Controllers\Dosen))
#7 C:\Users\User\KULIAH\PKL\Sistem-Informasi-Skripsi\system\CodeIgniter.php(318): CodeIgniter\CodeIgniter->handleRequest(NULL, Object(Config\Cache), false)
#8 C:\Users\User\KULIAH\PKL\Sistem-Informasi-Skripsi\public\index.php(37): CodeIgniter\CodeIgniter->run()
#9 C:\Users\User\KULIAH\PKL\Sistem-Informasi-Skripsi\system\Commands\Server\rewrite.php(43): require_once('C:\\Users\\User\\K...')
#10 {main}
CRITICAL - 2022-01-16 19:37:05 --> Undefined array key "judul"
#0 C:\Users\User\KULIAH\PKL\Sistem-Informasi-Skripsi\app\Views\r_dosen\request_judul.php(23): CodeIgniter\Debug\Exceptions->errorHandler(2, 'Undefined array...', 'C:\\Users\\User\\K...', 23)
#1 C:\Users\User\KULIAH\PKL\Sistem-Informasi-Skripsi\system\View\View.php(214): include('C:\\Users\\User\\K...')
#2 C:\Users\User\KULIAH\PKL\Sistem-Informasi-Skripsi\system\View\View.php(217): CodeIgniter\View\View->CodeIgniter\View\{closure}()
#3 C:\Users\User\KULIAH\PKL\Sistem-Informasi-Skripsi\system\Common.php(1097): CodeIgniter\View\View->render('r_dosen/request...', Array, true)
#4 C:\Users\User\KULIAH\PKL\Sistem-Informasi-Skripsi\app\Controllers\Dosen.php(44): view('r_dosen/request...', Array)
#5 C:\Users\User\KULIAH\PKL\Sistem-Informasi-Skripsi\system\CodeIgniter.php(824): App\Controllers\Dosen->data_pengajuan_judul()
#6 C:\Users\User\KULIAH\PKL\Sistem-Informasi-Skripsi\system\CodeIgniter.php(410): CodeIgniter\CodeIgniter->runController(Object(App\Controllers\Dosen))
#7 C:\Users\User\KULIAH\PKL\Sistem-Informasi-Skripsi\system\CodeIgniter.php(318): CodeIgniter\CodeIgniter->handleRequest(NULL, Object(Config\Cache), false)
#8 C:\Users\User\KULIAH\PKL\Sistem-Informasi-Skripsi\public\index.php(37): CodeIgniter\CodeIgniter->run()
#9 C:\Users\User\KULIAH\PKL\Sistem-Informasi-Skripsi\system\Commands\Server\rewrite.php(43): require_once('C:\\Users\\User\\K...')
#10 {main}
CRITICAL - 2022-01-16 19:37:16 --> syntax error, unexpected identifier "dospem1", expecting "]"
#0 C:\Users\User\KULIAH\PKL\Sistem-Informasi-Skripsi\system\View\View.php(217): CodeIgniter\View\View->CodeIgniter\View\{closure}()
#1 C:\Users\User\KULIAH\PKL\Sistem-Informasi-Skripsi\system\Common.php(1097): CodeIgniter\View\View->render('r_dosen/request...', Array, true)
#2 C:\Users\User\KULIAH\PKL\Sistem-Informasi-Skripsi\app\Controllers\Dosen.php(44): view('r_dosen/request...', Array)
#3 C:\Users\User\KULIAH\PKL\Sistem-Informasi-Skripsi\system\CodeIgniter.php(824): App\Controllers\Dosen->data_pengajuan_judul()
#4 C:\Users\User\KULIAH\PKL\Sistem-Informasi-Skripsi\system\CodeIgniter.php(410): CodeIgniter\CodeIgniter->runController(Object(App\Controllers\Dosen))
#5 C:\Users\User\KULIAH\PKL\Sistem-Informasi-Skripsi\system\CodeIgniter.php(318): CodeIgniter\CodeIgniter->handleRequest(NULL, Object(Config\Cache), false)
#6 C:\Users\User\KULIAH\PKL\Sistem-Informasi-Skripsi\public\index.php(37): CodeIgniter\CodeIgniter->run()
#7 C:\Users\User\KULIAH\PKL\Sistem-Informasi-Skripsi\system\Commands\Server\rewrite.php(43): require_once('C:\\Users\\User\\K...')
#8 {main}
CRITICAL - 2022-01-16 19:42:18 --> Undefined array key "judul1"
#0 C:\Users\User\KULIAH\PKL\Sistem-Informasi-Skripsi\app\Views\r_dosen\data_skripsi.php(23): CodeIgniter\Debug\Exceptions->errorHandler(2, 'Undefined array...', 'C:\\Users\\User\\K...', 23)
#1 C:\Users\User\KULIAH\PKL\Sistem-Informasi-Skripsi\system\View\View.php(214): include('C:\\Users\\User\\K...')
#2 C:\Users\User\KULIAH\PKL\Sistem-Informasi-Skripsi\system\View\View.php(217): CodeIgniter\View\View->CodeIgniter\View\{closure}()
#3 C:\Users\User\KULIAH\PKL\Sistem-Informasi-Skripsi\system\Common.php(1097): CodeIgniter\View\View->render('r_dosen/data_sk...', Array, true)
#4 C:\Users\User\KULIAH\PKL\Sistem-Informasi-Skripsi\app\Controllers\Dosen.php(59): view('r_dosen/data_sk...', Array)
#5 C:\Users\User\KULIAH\PKL\Sistem-Informasi-Skripsi\system\CodeIgniter.php(824): App\Controllers\Dosen->data_skripsi()
#6 C:\Users\User\KULIAH\PKL\Sistem-Informasi-Skripsi\system\CodeIgniter.php(410): CodeIgniter\CodeIgniter->runController(Object(App\Controllers\Dosen))
#7 C:\Users\User\KULIAH\PKL\Sistem-Informasi-Skripsi\system\CodeIgniter.php(318): CodeIgniter\CodeIgniter->handleRequest(NULL, Object(Config\Cache), false)
#8 C:\Users\User\KULIAH\PKL\Sistem-Informasi-Skripsi\public\index.php(37): CodeIgniter\CodeIgniter->run()
#9 C:\Users\User\KULIAH\PKL\Sistem-Informasi-Skripsi\system\Commands\Server\rewrite.php(43): require_once('C:\\Users\\User\\K...')
#10 {main}
CRITICAL - 2022-01-16 19:42:39 --> Undefined array key "judul1"
#0 C:\Users\User\KULIAH\PKL\Sistem-Informasi-Skripsi\app\Views\r_dosen\data_skripsi.php(23): CodeIgniter\Debug\Exceptions->errorHandler(2, 'Undefined array...', 'C:\\Users\\User\\K...', 23)
#1 C:\Users\User\KULIAH\PKL\Sistem-Informasi-Skripsi\system\View\View.php(214): include('C:\\Users\\User\\K...')
#2 C:\Users\User\KULIAH\PKL\Sistem-Informasi-Skripsi\system\View\View.php(217): CodeIgniter\View\View->CodeIgniter\View\{closure}()
#3 C:\Users\User\KULIAH\PKL\Sistem-Informasi-Skripsi\system\Common.php(1097): CodeIgniter\View\View->render('r_dosen/data_sk...', Array, true)
#4 C:\Users\User\KULIAH\PKL\Sistem-Informasi-Skripsi\app\Controllers\Dosen.php(59): view('r_dosen/data_sk...', Array)
#5 C:\Users\User\KULIAH\PKL\Sistem-Informasi-Skripsi\system\CodeIgniter.php(824): App\Controllers\Dosen->data_skripsi()
#6 C:\Users\User\KULIAH\PKL\Sistem-Informasi-Skripsi\system\CodeIgniter.php(410): CodeIgniter\CodeIgniter->runController(Object(App\Controllers\Dosen))
#7 C:\Users\User\KULIAH\PKL\Sistem-Informasi-Skripsi\system\CodeIgniter.php(318): CodeIgniter\CodeIgniter->handleRequest(NULL, Object(Config\Cache), false)
#8 C:\Users\User\KULIAH\PKL\Sistem-Informasi-Skripsi\public\index.php(37): CodeIgniter\CodeIgniter->run()
#9 C:\Users\User\KULIAH\PKL\Sistem-Informasi-Skripsi\system\Commands\Server\rewrite.php(43): require_once('C:\\Users\\User\\K...')
#10 {main}
CRITICAL - 2022-01-16 19:42:40 --> Undefined array key "judul1"
#0 C:\Users\User\KULIAH\PKL\Sistem-Informasi-Skripsi\app\Views\r_dosen\data_skripsi.php(23): CodeIgniter\Debug\Exceptions->errorHandler(2, 'Undefined array...', 'C:\\Users\\User\\K...', 23)
#1 C:\Users\User\KULIAH\PKL\Sistem-Informasi-Skripsi\system\View\View.php(214): include('C:\\Users\\User\\K...')
#2 C:\Users\User\KULIAH\PKL\Sistem-Informasi-Skripsi\system\View\View.php(217): CodeIgniter\View\View->CodeIgniter\View\{closure}()
#3 C:\Users\User\KULIAH\PKL\Sistem-Informasi-Skripsi\system\Common.php(1097): CodeIgniter\View\View->render('r_dosen/data_sk...', Array, true)
#4 C:\Users\User\KULIAH\PKL\Sistem-Informasi-Skripsi\app\Controllers\Dosen.php(59): view('r_dosen/data_sk...', Array)
#5 C:\Users\User\KULIAH\PKL\Sistem-Informasi-Skripsi\system\CodeIgniter.php(824): App\Controllers\Dosen->data_skripsi()
#6 C:\Users\User\KULIAH\PKL\Sistem-Informasi-Skripsi\system\CodeIgniter.php(410): CodeIgniter\CodeIgniter->runController(Object(App\Controllers\Dosen))
#7 C:\Users\User\KULIAH\PKL\Sistem-Informasi-Skripsi\system\CodeIgniter.php(318): CodeIgniter\CodeIgniter->handleRequest(NULL, Object(Config\Cache), false)
#8 C:\Users\User\KULIAH\PKL\Sistem-Informasi-Skripsi\public\index.php(37): CodeIgniter\CodeIgniter->run()
#9 C:\Users\User\KULIAH\PKL\Sistem-Informasi-Skripsi\system\Commands\Server\rewrite.php(43): require_once('C:\\Users\\User\\K...')
#10 {main}
CRITICAL - 2022-01-16 19:42:40 --> Undefined array key "judul1"
#0 C:\Users\User\KULIAH\PKL\Sistem-Informasi-Skripsi\app\Views\r_dosen\data_skripsi.php(23): CodeIgniter\Debug\Exceptions->errorHandler(2, 'Undefined array...', 'C:\\Users\\User\\K...', 23)
#1 C:\Users\User\KULIAH\PKL\Sistem-Informasi-Skripsi\system\View\View.php(214): include('C:\\Users\\User\\K...')
#2 C:\Users\User\KULIAH\PKL\Sistem-Informasi-Skripsi\system\View\View.php(217): CodeIgniter\View\View->CodeIgniter\View\{closure}()
#3 C:\Users\User\KULIAH\PKL\Sistem-Informasi-Skripsi\system\Common.php(1097): CodeIgniter\View\View->render('r_dosen/data_sk...', Array, true)
#4 C:\Users\User\KULIAH\PKL\Sistem-Informasi-Skripsi\app\Controllers\Dosen.php(59): view('r_dosen/data_sk...', Array)
#5 C:\Users\User\KULIAH\PKL\Sistem-Informasi-Skripsi\system\CodeIgniter.php(824): App\Controllers\Dosen->data_skripsi()
#6 C:\Users\User\KULIAH\PKL\Sistem-Informasi-Skripsi\system\CodeIgniter.php(410): CodeIgniter\CodeIgniter->runController(Object(App\Controllers\Dosen))
#7 C:\Users\User\KULIAH\PKL\Sistem-Informasi-Skripsi\system\CodeIgniter.php(318): CodeIgniter\CodeIgniter->handleRequest(NULL, Object(Config\Cache), false)
#8 C:\Users\User\KULIAH\PKL\Sistem-Informasi-Skripsi\public\index.php(37): CodeIgniter\CodeIgniter->run()
#9 C:\Users\User\KULIAH\PKL\Sistem-Informasi-Skripsi\system\Commands\Server\rewrite.php(43): require_once('C:\\Users\\User\\K...')
#10 {main}
CRITICAL - 2022-01-16 19:42:40 --> Undefined array key "judul1"
#0 C:\Users\User\KULIAH\PKL\Sistem-Informasi-Skripsi\app\Views\r_dosen\data_skripsi.php(23): CodeIgniter\Debug\Exceptions->errorHandler(2, 'Undefined array...', 'C:\\Users\\User\\K...', 23)
#1 C:\Users\User\KULIAH\PKL\Sistem-Informasi-Skripsi\system\View\View.php(214): include('C:\\Users\\User\\K...')
#2 C:\Users\User\KULIAH\PKL\Sistem-Informasi-Skripsi\system\View\View.php(217): CodeIgniter\View\View->CodeIgniter\View\{closure}()
#3 C:\Users\User\KULIAH\PKL\Sistem-Informasi-Skripsi\system\Common.php(1097): CodeIgniter\View\View->render('r_dosen/data_sk...', Array, true)
#4 C:\Users\User\KULIAH\PKL\Sistem-Informasi-Skripsi\app\Controllers\Dosen.php(59): view('r_dosen/data_sk...', Array)
#5 C:\Users\User\KULIAH\PKL\Sistem-Informasi-Skripsi\system\CodeIgniter.php(824): App\Controllers\Dosen->data_skripsi()
#6 C:\Users\User\KULIAH\PKL\Sistem-Informasi-Skripsi\system\CodeIgniter.php(410): CodeIgniter\CodeIgniter->runController(Object(App\Controllers\Dosen))
#7 C:\Users\User\KULIAH\PKL\Sistem-Informasi-Skripsi\system\CodeIgniter.php(318): CodeIgniter\CodeIgniter->handleRequest(NULL, Object(Config\Cache), false)
#8 C:\Users\User\KULIAH\PKL\Sistem-Informasi-Skripsi\public\index.php(37): CodeIgniter\CodeIgniter->run()
#9 C:\Users\User\KULIAH\PKL\Sistem-Informasi-Skripsi\system\Commands\Server\rewrite.php(43): require_once('C:\\Users\\User\\K...')
#10 {main}
CRITICAL - 2022-01-16 19:42:41 --> Undefined array key "judul1"
#0 C:\Users\User\KULIAH\PKL\Sistem-Informasi-Skripsi\app\Views\r_dosen\data_skripsi.php(23): CodeIgniter\Debug\Exceptions->errorHandler(2, 'Undefined array...', 'C:\\Users\\User\\K...', 23)
#1 C:\Users\User\KULIAH\PKL\Sistem-Informasi-Skripsi\system\View\View.php(214): include('C:\\Users\\User\\K...')
#2 C:\Users\User\KULIAH\PKL\Sistem-Informasi-Skripsi\system\View\View.php(217): CodeIgniter\View\View->CodeIgniter\View\{closure}()
#3 C:\Users\User\KULIAH\PKL\Sistem-Informasi-Skripsi\system\Common.php(1097): CodeIgniter\View\View->render('r_dosen/data_sk...', Array, true)
#4 C:\Users\User\KULIAH\PKL\Sistem-Informasi-Skripsi\app\Controllers\Dosen.php(59): view('r_dosen/data_sk...', Array)
#5 C:\Users\User\KULIAH\PKL\Sistem-Informasi-Skripsi\system\CodeIgniter.php(824): App\Controllers\Dosen->data_skripsi()
#6 C:\Users\User\KULIAH\PKL\Sistem-Informasi-Skripsi\system\CodeIgniter.php(410): CodeIgniter\CodeIgniter->runController(Object(App\Controllers\Dosen))
#7 C:\Users\User\KULIAH\PKL\Sistem-Informasi-Skripsi\system\CodeIgniter.php(318): CodeIgniter\CodeIgniter->handleRequest(NULL, Object(Config\Cache), false)
#8 C:\Users\User\KULIAH\PKL\Sistem-Informasi-Skripsi\public\index.php(37): CodeIgniter\CodeIgniter->run()
#9 C:\Users\User\KULIAH\PKL\Sistem-Informasi-Skripsi\system\Commands\Server\rewrite.php(43): require_once('C:\\Users\\User\\K...')
#10 {main}
CRITICAL - 2022-01-16 19:42:41 --> Undefined array key "judul1"
#0 C:\Users\User\KULIAH\PKL\Sistem-Informasi-Skripsi\app\Views\r_dosen\data_skripsi.php(23): CodeIgniter\Debug\Exceptions->errorHandler(2, 'Undefined array...', 'C:\\Users\\User\\K...', 23)
#1 C:\Users\User\KULIAH\PKL\Sistem-Informasi-Skripsi\system\View\View.php(214): include('C:\\Users\\User\\K...')
#2 C:\Users\User\KULIAH\PKL\Sistem-Informasi-Skripsi\system\View\View.php(217): CodeIgniter\View\View->CodeIgniter\View\{closure}()
#3 C:\Users\User\KULIAH\PKL\Sistem-Informasi-Skripsi\system\Common.php(1097): CodeIgniter\View\View->render('r_dosen/data_sk...', Array, true)
#4 C:\Users\User\KULIAH\PKL\Sistem-Informasi-Skripsi\app\Controllers\Dosen.php(59): view('r_dosen/data_sk...', Array)
#5 C:\Users\User\KULIAH\PKL\Sistem-Informasi-Skripsi\system\CodeIgniter.php(824): App\Controllers\Dosen->data_skripsi()
#6 C:\Users\User\KULIAH\PKL\Sistem-Informasi-Skripsi\system\CodeIgniter.php(410): CodeIgniter\CodeIgniter->runController(Object(App\Controllers\Dosen))
#7 C:\Users\User\KULIAH\PKL\Sistem-Informasi-Skripsi\system\CodeIgniter.php(318): CodeIgniter\CodeIgniter->handleRequest(NULL, Object(Config\Cache), false)
#8 C:\Users\User\KULIAH\PKL\Sistem-Informasi-Skripsi\public\index.php(37): CodeIgniter\CodeIgniter->run()
#9 C:\Users\User\KULIAH\PKL\Sistem-Informasi-Skripsi\system\Commands\Server\rewrite.php(43): require_once('C:\\Users\\User\\K...')
#10 {main}
CRITICAL - 2022-01-16 19:42:41 --> Undefined array key "judul1"
#0 C:\Users\User\KULIAH\PKL\Sistem-Informasi-Skripsi\app\Views\r_dosen\data_skripsi.php(23): CodeIgniter\Debug\Exceptions->errorHandler(2, 'Undefined array...', 'C:\\Users\\User\\K...', 23)
#1 C:\Users\User\KULIAH\PKL\Sistem-Informasi-Skripsi\system\View\View.php(214): include('C:\\Users\\User\\K...')
#2 C:\Users\User\KULIAH\PKL\Sistem-Informasi-Skripsi\system\View\View.php(217): CodeIgniter\View\View->CodeIgniter\View\{closure}()
#3 C:\Users\User\KULIAH\PKL\Sistem-Informasi-Skripsi\system\Common.php(1097): CodeIgniter\View\View->render('r_dosen/data_sk...', Array, true)
#4 C:\Users\User\KULIAH\PKL\Sistem-Informasi-Skripsi\app\Controllers\Dosen.php(59): view('r_dosen/data_sk...', Array)
#5 C:\Users\User\KULIAH\PKL\Sistem-Informasi-Skripsi\system\CodeIgniter.php(824): App\Controllers\Dosen->data_skripsi()
#6 C:\Users\User\KULIAH\PKL\Sistem-Informasi-Skripsi\system\CodeIgniter.php(410): CodeIgniter\CodeIgniter->runController(Object(App\Controllers\Dosen))
#7 C:\Users\User\KULIAH\PKL\Sistem-Informasi-Skripsi\system\CodeIgniter.php(318): CodeIgniter\CodeIgniter->handleRequest(NULL, Object(Config\Cache), false)
#8 C:\Users\User\KULIAH\PKL\Sistem-Informasi-Skripsi\public\index.php(37): CodeIgniter\CodeIgniter->run()
#9 C:\Users\User\KULIAH\PKL\Sistem-Informasi-Skripsi\system\Commands\Server\rewrite.php(43): require_once('C:\\Users\\User\\K...')
#10 {main}
CRITICAL - 2022-01-16 19:42:41 --> Undefined array key "judul1"
#0 C:\Users\User\KULIAH\PKL\Sistem-Informasi-Skripsi\app\Views\r_dosen\data_skripsi.php(23): CodeIgniter\Debug\Exceptions->errorHandler(2, 'Undefined array...', 'C:\\Users\\User\\K...', 23)
#1 C:\Users\User\KULIAH\PKL\Sistem-Informasi-Skripsi\system\View\View.php(214): include('C:\\Users\\User\\K...')
#2 C:\Users\User\KULIAH\PKL\Sistem-Informasi-Skripsi\system\View\View.php(217): CodeIgniter\View\View->CodeIgniter\View\{closure}()
#3 C:\Users\User\KULIAH\PKL\Sistem-Informasi-Skripsi\system\Common.php(1097): CodeIgniter\View\View->render('r_dosen/data_sk...', Array, true)
#4 C:\Users\User\KULIAH\PKL\Sistem-Informasi-Skripsi\app\Controllers\Dosen.php(59): view('r_dosen/data_sk...', Array)
#5 C:\Users\User\KULIAH\PKL\Sistem-Informasi-Skripsi\system\CodeIgniter.php(824): App\Controllers\Dosen->data_skripsi()
#6 C:\Users\User\KULIAH\PKL\Sistem-Informasi-Skripsi\system\CodeIgniter.php(410): CodeIgniter\CodeIgniter->runController(Object(App\Controllers\Dosen))
#7 C:\Users\User\KULIAH\PKL\Sistem-Informasi-Skripsi\system\CodeIgniter.php(318): CodeIgniter\CodeIgniter->handleRequest(NULL, Object(Config\Cache), false)
#8 C:\Users\User\KULIAH\PKL\Sistem-Informasi-Skripsi\public\index.php(37): CodeIgniter\CodeIgniter->run()
#9 C:\Users\User\KULIAH\PKL\Sistem-Informasi-Skripsi\system\Commands\Server\rewrite.php(43): require_once('C:\\Users\\User\\K...')
#10 {main}
CRITICAL - 2022-01-16 20:16:14 --> Request URI segment is out of range: 1
#0 C:\Users\User\KULIAH\PKL\Sistem-Informasi-Skripsi\system\HTTP\URI.php(529): CodeIgniter\HTTP\Exceptions\HTTPException::forURISegmentOutOfRange(1)
#1 C:\Users\User\KULIAH\PKL\Sistem-Informasi-Skripsi\app\Views\layouts\navbar.php(27): CodeIgniter\HTTP\URI->getSegment(1)
#2 C:\Users\User\KULIAH\PKL\Sistem-Informasi-Skripsi\system\View\View.php(214): include('C:\\Users\\User\\K...')
#3 C:\Users\User\KULIAH\PKL\Sistem-Informasi-Skripsi\system\View\View.php(217): CodeIgniter\View\View->CodeIgniter\View\{closure}()
#4 C:\Users\User\KULIAH\PKL\Sistem-Informasi-Skripsi\system\Common.php(1097): CodeIgniter\View\View->render('layouts/navbar', Array, true)
#5 C:\Users\User\KULIAH\PKL\Sistem-Informasi-Skripsi\app\Controllers\Home.php(13): view('layouts/navbar')
#6 C:\Users\User\KULIAH\PKL\Sistem-Informasi-Skripsi\system\CodeIgniter.php(824): App\Controllers\Home->index()
#7 C:\Users\User\KULIAH\PKL\Sistem-Informasi-Skripsi\system\CodeIgniter.php(410): CodeIgniter\CodeIgniter->runController(Object(App\Controllers\Home))
#8 C:\Users\User\KULIAH\PKL\Sistem-Informasi-Skripsi\system\CodeIgniter.php(318): CodeIgniter\CodeIgniter->handleRequest(NULL, Object(Config\Cache), false)
#9 C:\Users\User\KULIAH\PKL\Sistem-Informasi-Skripsi\public\index.php(37): CodeIgniter\CodeIgniter->run()
#10 C:\Users\User\KULIAH\PKL\Sistem-Informasi-Skripsi\system\Commands\Server\rewrite.php(43): require_once('C:\\Users\\User\\K...')
#11 {main}
CRITICAL - 2022-01-16 20:16:16 --> Invalid file: r_mahasiswa/form_pengajuan_judul.php
#0 C:\Users\User\KULIAH\PKL\Sistem-Informasi-Skripsi\system\View\View.php(198): CodeIgniter\Exceptions\FrameworkException::forInvalidFile('r_mahasiswa/for...')
#1 C:\Users\User\KULIAH\PKL\Sistem-Informasi-Skripsi\system\Common.php(1097): CodeIgniter\View\View->render('r_mahasiswa/for...', Array, true)
#2 C:\Users\User\KULIAH\PKL\Sistem-Informasi-Skripsi\app\Controllers\Mahasiswa.php(63): view('r_mahasiswa/for...')
#3 C:\Users\User\KULIAH\PKL\Sistem-Informasi-Skripsi\system\CodeIgniter.php(824): App\Controllers\Mahasiswa->form_pengajuan_judul()
#4 C:\Users\User\KULIAH\PKL\Sistem-Informasi-Skripsi\system\CodeIgniter.php(410): CodeIgniter\CodeIgniter->runController(Object(App\Controllers\Mahasiswa))
#5 C:\Users\User\KULIAH\PKL\Sistem-Informasi-Skripsi\system\CodeIgniter.php(318): CodeIgniter\CodeIgniter->handleRequest(NULL, Object(Config\Cache), false)
#6 C:\Users\User\KULIAH\PKL\Sistem-Informasi-Skripsi\public\index.php(37): CodeIgniter\CodeIgniter->run()
#7 C:\Users\User\KULIAH\PKL\Sistem-Informasi-Skripsi\system\Commands\Server\rewrite.php(43): require_once('C:\\Users\\User\\K...')
#8 {main}
CRITICAL - 2022-01-16 20:17:34 --> Request URI segment is out of range: 1
#0 C:\Users\User\KULIAH\PKL\Sistem-Informasi-Skripsi\system\HTTP\URI.php(529): CodeIgniter\HTTP\Exceptions\HTTPException::forURISegmentOutOfRange(1)
#1 C:\Users\User\KULIAH\PKL\Sistem-Informasi-Skripsi\app\Views\layouts\navbar.php(27): CodeIgniter\HTTP\URI->getSegment(1)
#2 C:\Users\User\KULIAH\PKL\Sistem-Informasi-Skripsi\system\View\View.php(214): include('C:\\Users\\User\\K...')
#3 C:\Users\User\KULIAH\PKL\Sistem-Informasi-Skripsi\system\View\View.php(217): CodeIgniter\View\View->CodeIgniter\View\{closure}()
#4 C:\Users\User\KULIAH\PKL\Sistem-Informasi-Skripsi\system\Common.php(1097): CodeIgniter\View\View->render('layouts/navbar', Array, true)
#5 C:\Users\User\KULIAH\PKL\Sistem-Informasi-Skripsi\app\Controllers\Home.php(13): view('layouts/navbar')
#6 C:\Users\User\KULIAH\PKL\Sistem-Informasi-Skripsi\system\CodeIgniter.php(824): App\Controllers\Home->index()
#7 C:\Users\User\KULIAH\PKL\Sistem-Informasi-Skripsi\system\CodeIgniter.php(410): CodeIgniter\CodeIgniter->runController(Object(App\Controllers\Home))
#8 C:\Users\User\KULIAH\PKL\Sistem-Informasi-Skripsi\system\CodeIgniter.php(318): CodeIgniter\CodeIgniter->handleRequest(NULL, Object(Config\Cache), false)
#9 C:\Users\User\KULIAH\PKL\Sistem-Informasi-Skripsi\public\index.php(37): CodeIgniter\CodeIgniter->run()
#10 C:\Users\User\KULIAH\PKL\Sistem-Informasi-Skripsi\system\Commands\Server\rewrite.php(43): require_once('C:\\Users\\User\\K...')
#11 {main}
CRITICAL - 2022-01-16 20:18:46 --> Invalid file: r_mahasiswa/form_pengajuan_judul.php
#0 C:\Users\User\KULIAH\PKL\Sistem-Informasi-Skripsi\system\View\View.php(198): CodeIgniter\Exceptions\FrameworkException::forInvalidFile('r_mahasiswa/for...')
#1 C:\Users\User\KULIAH\PKL\Sistem-Informasi-Skripsi\system\Common.php(1097): CodeIgniter\View\View->render('r_mahasiswa/for...', Array, true)
#2 C:\Users\User\KULIAH\PKL\Sistem-Informasi-Skripsi\app\Controllers\Mahasiswa.php(63): view('r_mahasiswa/for...')
#3 C:\Users\User\KULIAH\PKL\Sistem-Informasi-Skripsi\system\CodeIgniter.php(824): App\Controllers\Mahasiswa->form_pengajuan_judul()
#4 C:\Users\User\KULIAH\PKL\Sistem-Informasi-Skripsi\system\CodeIgniter.php(410): CodeIgniter\CodeIgniter->runController(Object(App\Controllers\Mahasiswa))
#5 C:\Users\User\KULIAH\PKL\Sistem-Informasi-Skripsi\system\CodeIgniter.php(318): CodeIgniter\CodeIgniter->handleRequest(NULL, Object(Config\Cache), false)
#6 C:\Users\User\KULIAH\PKL\Sistem-Informasi-Skripsi\public\index.php(37): CodeIgniter\CodeIgniter->run()
#7 C:\Users\User\KULIAH\PKL\Sistem-Informasi-Skripsi\system\Commands\Server\rewrite.php(43): require_once('C:\\Users\\User\\K...')
#8 {main}
CRITICAL - 2022-01-16 20:18:51 --> Invalid file: r_mahasiswa/form_pengajuan_judul.php
#0 C:\Users\User\KULIAH\PKL\Sistem-Informasi-Skripsi\system\View\View.php(198): CodeIgniter\Exceptions\FrameworkException::forInvalidFile('r_mahasiswa/for...')
#1 C:\Users\User\KULIAH\PKL\Sistem-Informasi-Skripsi\system\Common.php(1097): CodeIgniter\View\View->render('r_mahasiswa/for...', Array, true)
#2 C:\Users\User\KULIAH\PKL\Sistem-Informasi-Skripsi\app\Controllers\Mahasiswa.php(63): view('r_mahasiswa/for...')
#3 C:\Users\User\KULIAH\PKL\Sistem-Informasi-Skripsi\system\CodeIgniter.php(824): App\Controllers\Mahasiswa->form_pengajuan_judul()
#4 C:\Users\User\KULIAH\PKL\Sistem-Informasi-Skripsi\system\CodeIgniter.php(410): CodeIgniter\CodeIgniter->runController(Object(App\Controllers\Mahasiswa))
#5 C:\Users\User\KULIAH\PKL\Sistem-Informasi-Skripsi\system\CodeIgniter.php(318): CodeIgniter\CodeIgniter->handleRequest(NULL, Object(Config\Cache), false)
#6 C:\Users\User\KULIAH\PKL\Sistem-Informasi-Skripsi\public\index.php(37): CodeIgniter\CodeIgniter->run()
#7 C:\Users\User\KULIAH\PKL\Sistem-Informasi-Skripsi\system\Commands\Server\rewrite.php(43): require_once('C:\\Users\\User\\K...')
#8 {main}
CRITICAL - 2022-01-16 20:19:37 --> Invalid file: r_mahasiswa/form_pengajuan_judul.php
#0 C:\Users\User\KULIAH\PKL\Sistem-Informasi-Skripsi\system\View\View.php(198): CodeIgniter\Exceptions\FrameworkException::forInvalidFile('r_mahasiswa/for...')
#1 C:\Users\User\KULIAH\PKL\Sistem-Informasi-Skripsi\system\Common.php(1097): CodeIgniter\View\View->render('r_mahasiswa/for...', Array, true)
#2 C:\Users\User\KULIAH\PKL\Sistem-Informasi-Skripsi\app\Controllers\Mahasiswa.php(63): view('r_mahasiswa/for...')
#3 C:\Users\User\KULIAH\PKL\Sistem-Informasi-Skripsi\system\CodeIgniter.php(824): App\Controllers\Mahasiswa->form_pengajuan_judul()
#4 C:\Users\User\KULIAH\PKL\Sistem-Informasi-Skripsi\system\CodeIgniter.php(410): CodeIgniter\CodeIgniter->runController(Object(App\Controllers\Mahasiswa))
#5 C:\Users\User\KULIAH\PKL\Sistem-Informasi-Skripsi\system\CodeIgniter.php(318): CodeIgniter\CodeIgniter->handleRequest(NULL, Object(Config\Cache), false)
#6 C:\Users\User\KULIAH\PKL\Sistem-Informasi-Skripsi\public\index.php(37): CodeIgniter\CodeIgniter->run()
#7 C:\Users\User\KULIAH\PKL\Sistem-Informasi-Skripsi\system\Commands\Server\rewrite.php(43): require_once('C:\\Users\\User\\K...')
#8 {main}
ERROR - 2022-01-16 21:41:07 --> Duplicate entry '1917051025' for key 'PRIMARY'
CRITICAL - 2022-01-16 21:41:07 --> Duplicate entry '1917051025' for key 'PRIMARY'
#0 C:\Users\User\KULIAH\PKL\Sistem-Informasi-Skripsi\system\Database\MySQLi\Connection.php(292): mysqli->query('INSERT INTO `da...', 0)
#1 C:\Users\User\KULIAH\PKL\Sistem-Informasi-Skripsi\system\Database\BaseConnection.php(670): CodeIgniter\Database\MySQLi\Connection->execute('INSERT INTO `da...')
#2 C:\Users\User\KULIAH\PKL\Sistem-Informasi-Skripsi\system\Database\BaseConnection.php(598): CodeIgniter\Database\BaseConnection->simpleQuery('INSERT INTO `da...')
#3 C:\Users\User\KULIAH\PKL\Sistem-Informasi-Skripsi\system\Database\BaseBuilder.php(1759): CodeIgniter\Database\BaseConnection->query('INSERT INTO `da...', Array, false)
#4 C:\Users\User\KULIAH\PKL\Sistem-Informasi-Skripsi\system\Model.php(239): CodeIgniter\Database\BaseBuilder->insert()
#5 C:\Users\User\KULIAH\PKL\Sistem-Informasi-Skripsi\system\BaseModel.php(738): CodeIgniter\Model->doInsert(Array)
#6 C:\Users\User\KULIAH\PKL\Sistem-Informasi-Skripsi\system\Model.php(620): CodeIgniter\BaseModel->insert(Array, true)
#7 C:\Users\User\KULIAH\PKL\Sistem-Informasi-Skripsi\app\Controllers\Dosen.php(73): CodeIgniter\Model->insert(Array)
#8 C:\Users\User\KULIAH\PKL\Sistem-Informasi-Skripsi\system\CodeIgniter.php(824): App\Controllers\Dosen->terima('1917051025')
#9 C:\Users\User\KULIAH\PKL\Sistem-Informasi-Skripsi\system\CodeIgniter.php(410): CodeIgniter\CodeIgniter->runController(Object(App\Controllers\Dosen))
#10 C:\Users\User\KULIAH\PKL\Sistem-Informasi-Skripsi\system\CodeIgniter.php(318): CodeIgniter\CodeIgniter->handleRequest(NULL, Object(Config\Cache), false)
#11 C:\Users\User\KULIAH\PKL\Sistem-Informasi-Skripsi\public\index.php(37): CodeIgniter\CodeIgniter->run()
#12 C:\Users\User\KULIAH\PKL\Sistem-Informasi-Skripsi\system\Commands\Server\rewrite.php(43): require_once('C:\\Users\\User\\K...')
#13 {main}
