ERROR - 2022-07-15 17:03:21 --> Column 'jenis_kelamin' cannot be null
CRITICAL - 2022-07-15 17:03:21 --> Column 'jenis_kelamin' cannot be null
#0 /home/u1603686/siabinila_core/system/Database/MySQLi/Connection.php(292): mysqli->query('INSERT INTO `ak...', 0)
#1 /home/u1603686/siabinila_core/system/Database/BaseConnection.php(670): CodeIgniter\Database\MySQLi\Connection->execute('INSERT INTO `ak...')
#2 /home/u1603686/siabinila_core/system/Database/BaseConnection.php(598): CodeIgniter\Database\BaseConnection->simpleQuery('INSERT INTO `ak...')
#3 /home/u1603686/siabinila_core/system/Database/BaseBuilder.php(1759): CodeIgniter\Database\BaseConnection->query('INSERT INTO `ak...', Array, false)
#4 /home/u1603686/siabinila_core/system/Model.php(239): CodeIgniter\Database\BaseBuilder->insert()
#5 /home/u1603686/siabinila_core/system/BaseModel.php(738): CodeIgniter\Model->doInsert(Array)
#6 /home/u1603686/siabinila_core/system/Model.php(620): CodeIgniter\BaseModel->insert(Array, true)
#7 /home/u1603686/siabinila_core/app/Controllers/Login.php(108): CodeIgniter\Model->insert(Array)
#8 /home/u1603686/siabinila_core/system/CodeIgniter.php(826): App\Controllers\Login->add_register()
#9 /home/u1603686/siabinila_core/system/CodeIgniter.php(412): CodeIgniter\CodeIgniter->runController(Object(App\Controllers\Login))
#10 /home/u1603686/siabinila_core/system/CodeIgniter.php(320): CodeIgniter\CodeIgniter->handleRequest(NULL, Object(Config\Cache), false)
#11 /home/u1603686/public_html/index.php(37): CodeIgniter\CodeIgniter->run()
#12 {main}
CRITICAL - 2022-07-15 21:02:59 --> Undefined offset: 0
#0 /home/u1603686/siabinila_core/app/Views/r_admin/v_jurusan.php(24): CodeIgniter\Debug\Exceptions->errorHandler(8, 'Undefined offse...', '/home/u1603686/...', 24, Array)
#1 /home/u1603686/siabinila_core/system/View/View.php(214): include('/home/u1603686/...')
#2 /home/u1603686/siabinila_core/system/View/View.php(217): CodeIgniter\View\View->CodeIgniter\View\{closure}()
#3 /home/u1603686/siabinila_core/system/Common.php(1097): CodeIgniter\View\View->render('r_admin/v_jurus...', Array, true)
#4 /home/u1603686/siabinila_core/app/Controllers/Admin.php(85): view('r_admin/v_jurus...')
#5 /home/u1603686/siabinila_core/system/CodeIgniter.php(826): App\Controllers\Admin->data_jurusan()
#6 /home/u1603686/siabinila_core/system/CodeIgniter.php(412): CodeIgniter\CodeIgniter->runController(Object(App\Controllers\Admin))
#7 /home/u1603686/siabinila_core/system/CodeIgniter.php(320): CodeIgniter\CodeIgniter->handleRequest(NULL, Object(Config\Cache), false)
#8 /home/u1603686/public_html/index.php(37): CodeIgniter\CodeIgniter->run()
#9 {main}
