CRITICAL - 2022-02-23 06:09:35 --> Trying to access array offset on value of type null
#0 C:\Users\ACER\OneDrive\Dokumen\PKL\Sistem-Informasi-Skripsi\app\Controllers\Cetakan.php(79): CodeIgniter\Debug\Exceptions->errorHandler(8, 'Trying to acces...', 'C:\\Users\\ACER\\O...', 79, Array)
#1 C:\Users\ACER\OneDrive\Dokumen\PKL\Sistem-Informasi-Skripsi\system\CodeIgniter.php(824): App\Controllers\Cetakan->surat_pengajuan_usul('0')
#2 C:\Users\ACER\OneDrive\Dokumen\PKL\Sistem-Informasi-Skripsi\system\CodeIgniter.php(410): CodeIgniter\CodeIgniter->runController(Object(App\Controllers\Cetakan))
#3 C:\Users\ACER\OneDrive\Dokumen\PKL\Sistem-Informasi-Skripsi\system\CodeIgniter.php(318): CodeIgniter\CodeIgniter->handleRequest(NULL, Object(Config\Cache), false)
#4 C:\Users\ACER\OneDrive\Dokumen\PKL\Sistem-Informasi-Skripsi\public\index.php(37): CodeIgniter\CodeIgniter->run()
#5 C:\Users\ACER\OneDrive\Dokumen\PKL\Sistem-Informasi-Skripsi\system\Commands\Server\rewrite.php(43): require_once('C:\\Users\\ACER\\O...')
#6 {main}
CRITICAL - 2022-02-23 06:33:52 --> Trying to access array offset on value of type null
#0 C:\Users\ACER\OneDrive\Dokumen\PKL\Sistem-Informasi-Skripsi\app\Controllers\Cetakan.php(97): CodeIgniter\Debug\Exceptions->errorHandler(8, 'Trying to acces...', 'C:\\Users\\ACER\\O...', 97, Array)
#1 C:\Users\ACER\OneDrive\Dokumen\PKL\Sistem-Informasi-Skripsi\system\CodeIgniter.php(824): App\Controllers\Cetakan->surat_pengajuan_hasil('0')
#2 C:\Users\ACER\OneDrive\Dokumen\PKL\Sistem-Informasi-Skripsi\system\CodeIgniter.php(410): CodeIgniter\CodeIgniter->runController(Object(App\Controllers\Cetakan))
#3 C:\Users\ACER\OneDrive\Dokumen\PKL\Sistem-Informasi-Skripsi\system\CodeIgniter.php(318): CodeIgniter\CodeIgniter->handleRequest(NULL, Object(Config\Cache), false)
#4 C:\Users\ACER\OneDrive\Dokumen\PKL\Sistem-Informasi-Skripsi\public\index.php(37): CodeIgniter\CodeIgniter->run()
#5 C:\Users\ACER\OneDrive\Dokumen\PKL\Sistem-Informasi-Skripsi\system\Commands\Server\rewrite.php(43): require_once('C:\\Users\\ACER\\O...')
#6 {main}
ERROR - 2022-02-23 06:50:56 --> Duplicate entry '1917051015' for key 'PRIMARY'
CRITICAL - 2022-02-23 06:50:56 --> Duplicate entry '1917051015' for key 'PRIMARY'
#0 C:\Users\ACER\OneDrive\Dokumen\PKL\Sistem-Informasi-Skripsi\system\Database\MySQLi\Connection.php(292): mysqli->query('INSERT INTO `su...', 0)
#1 C:\Users\ACER\OneDrive\Dokumen\PKL\Sistem-Informasi-Skripsi\system\Database\BaseConnection.php(670): CodeIgniter\Database\MySQLi\Connection->execute('INSERT INTO `su...')
#2 C:\Users\ACER\OneDrive\Dokumen\PKL\Sistem-Informasi-Skripsi\system\Database\BaseConnection.php(598): CodeIgniter\Database\BaseConnection->simpleQuery('INSERT INTO `su...')
#3 C:\Users\ACER\OneDrive\Dokumen\PKL\Sistem-Informasi-Skripsi\system\Database\BaseBuilder.php(1759): CodeIgniter\Database\BaseConnection->query('INSERT INTO `su...', Array, false)
#4 C:\Users\ACER\OneDrive\Dokumen\PKL\Sistem-Informasi-Skripsi\system\Model.php(239): CodeIgniter\Database\BaseBuilder->insert()
#5 C:\Users\ACER\OneDrive\Dokumen\PKL\Sistem-Informasi-Skripsi\system\BaseModel.php(738): CodeIgniter\Model->doInsert(Array)
#6 C:\Users\ACER\OneDrive\Dokumen\PKL\Sistem-Informasi-Skripsi\system\Model.php(620): CodeIgniter\BaseModel->insert(Array, true)
#7 C:\Users\ACER\OneDrive\Dokumen\PKL\Sistem-Informasi-Skripsi\app\Controllers\Mahasiswa.php(500): CodeIgniter\Model->insert(Array)
#8 C:\Users\ACER\OneDrive\Dokumen\PKL\Sistem-Informasi-Skripsi\system\CodeIgniter.php(824): App\Controllers\Mahasiswa->tambah_pengajuan_usul('1917051015')
#9 C:\Users\ACER\OneDrive\Dokumen\PKL\Sistem-Informasi-Skripsi\system\CodeIgniter.php(410): CodeIgniter\CodeIgniter->runController(Object(App\Controllers\Mahasiswa))
#10 C:\Users\ACER\OneDrive\Dokumen\PKL\Sistem-Informasi-Skripsi\system\CodeIgniter.php(318): CodeIgniter\CodeIgniter->handleRequest(NULL, Object(Config\Cache), false)
#11 C:\Users\ACER\OneDrive\Dokumen\PKL\Sistem-Informasi-Skripsi\public\index.php(37): CodeIgniter\CodeIgniter->run()
#12 C:\Users\ACER\OneDrive\Dokumen\PKL\Sistem-Informasi-Skripsi\system\Commands\Server\rewrite.php(43): require_once('C:\\Users\\ACER\\O...')
#13 {main}
ERROR - 2022-02-23 06:51:53 --> Duplicate entry '1917051015' for key 'PRIMARY'
CRITICAL - 2022-02-23 06:51:53 --> Duplicate entry '1917051015' for key 'PRIMARY'
#0 C:\Users\ACER\OneDrive\Dokumen\PKL\Sistem-Informasi-Skripsi\system\Database\MySQLi\Connection.php(292): mysqli->query('INSERT INTO `su...', 0)
#1 C:\Users\ACER\OneDrive\Dokumen\PKL\Sistem-Informasi-Skripsi\system\Database\BaseConnection.php(670): CodeIgniter\Database\MySQLi\Connection->execute('INSERT INTO `su...')
#2 C:\Users\ACER\OneDrive\Dokumen\PKL\Sistem-Informasi-Skripsi\system\Database\BaseConnection.php(598): CodeIgniter\Database\BaseConnection->simpleQuery('INSERT INTO `su...')
#3 C:\Users\ACER\OneDrive\Dokumen\PKL\Sistem-Informasi-Skripsi\system\Database\BaseBuilder.php(1759): CodeIgniter\Database\BaseConnection->query('INSERT INTO `su...', Array, false)
#4 C:\Users\ACER\OneDrive\Dokumen\PKL\Sistem-Informasi-Skripsi\system\Model.php(239): CodeIgniter\Database\BaseBuilder->insert()
#5 C:\Users\ACER\OneDrive\Dokumen\PKL\Sistem-Informasi-Skripsi\system\BaseModel.php(738): CodeIgniter\Model->doInsert(Array)
#6 C:\Users\ACER\OneDrive\Dokumen\PKL\Sistem-Informasi-Skripsi\system\Model.php(620): CodeIgniter\BaseModel->insert(Array, true)
#7 C:\Users\ACER\OneDrive\Dokumen\PKL\Sistem-Informasi-Skripsi\app\Controllers\Mahasiswa.php(500): CodeIgniter\Model->insert(Array)
#8 C:\Users\ACER\OneDrive\Dokumen\PKL\Sistem-Informasi-Skripsi\system\CodeIgniter.php(824): App\Controllers\Mahasiswa->tambah_pengajuan_usul('1917051015')
#9 C:\Users\ACER\OneDrive\Dokumen\PKL\Sistem-Informasi-Skripsi\system\CodeIgniter.php(410): CodeIgniter\CodeIgniter->runController(Object(App\Controllers\Mahasiswa))
#10 C:\Users\ACER\OneDrive\Dokumen\PKL\Sistem-Informasi-Skripsi\system\CodeIgniter.php(318): CodeIgniter\CodeIgniter->handleRequest(NULL, Object(Config\Cache), false)
#11 C:\Users\ACER\OneDrive\Dokumen\PKL\Sistem-Informasi-Skripsi\public\index.php(37): CodeIgniter\CodeIgniter->run()
#12 C:\Users\ACER\OneDrive\Dokumen\PKL\Sistem-Informasi-Skripsi\system\Commands\Server\rewrite.php(43): require_once('C:\\Users\\ACER\\O...')
#13 {main}
CRITICAL - 2022-02-23 06:52:47 --> Undefined variable: npm
#0 C:\Users\ACER\OneDrive\Dokumen\PKL\Sistem-Informasi-Skripsi\app\Controllers\Mahasiswa.php(530): CodeIgniter\Debug\Exceptions->errorHandler(8, 'Undefined varia...', 'C:\\Users\\ACER\\O...', 530, Array)
#1 C:\Users\ACER\OneDrive\Dokumen\PKL\Sistem-Informasi-Skripsi\system\CodeIgniter.php(824): App\Controllers\Mahasiswa->tambah_pengajuan_hasil('1917051015')
#2 C:\Users\ACER\OneDrive\Dokumen\PKL\Sistem-Informasi-Skripsi\system\CodeIgniter.php(410): CodeIgniter\CodeIgniter->runController(Object(App\Controllers\Mahasiswa))
#3 C:\Users\ACER\OneDrive\Dokumen\PKL\Sistem-Informasi-Skripsi\system\CodeIgniter.php(318): CodeIgniter\CodeIgniter->handleRequest(NULL, Object(Config\Cache), false)
#4 C:\Users\ACER\OneDrive\Dokumen\PKL\Sistem-Informasi-Skripsi\public\index.php(37): CodeIgniter\CodeIgniter->run()
#5 C:\Users\ACER\OneDrive\Dokumen\PKL\Sistem-Informasi-Skripsi\system\Commands\Server\rewrite.php(43): require_once('C:\\Users\\ACER\\O...')
#6 {main}
CRITICAL - 2022-02-23 06:53:23 --> Undefined variable: data
#0 C:\Users\ACER\OneDrive\Dokumen\PKL\Sistem-Informasi-Skripsi\app\Controllers\Mahasiswa.php(534): CodeIgniter\Debug\Exceptions->errorHandler(8, 'Undefined varia...', 'C:\\Users\\ACER\\O...', 534, Array)
#1 C:\Users\ACER\OneDrive\Dokumen\PKL\Sistem-Informasi-Skripsi\system\CodeIgniter.php(824): App\Controllers\Mahasiswa->tambah_pengajuan_hasil('1917051015')
#2 C:\Users\ACER\OneDrive\Dokumen\PKL\Sistem-Informasi-Skripsi\system\CodeIgniter.php(410): CodeIgniter\CodeIgniter->runController(Object(App\Controllers\Mahasiswa))
#3 C:\Users\ACER\OneDrive\Dokumen\PKL\Sistem-Informasi-Skripsi\system\CodeIgniter.php(318): CodeIgniter\CodeIgniter->handleRequest(NULL, Object(Config\Cache), false)
#4 C:\Users\ACER\OneDrive\Dokumen\PKL\Sistem-Informasi-Skripsi\public\index.php(37): CodeIgniter\CodeIgniter->run()
#5 C:\Users\ACER\OneDrive\Dokumen\PKL\Sistem-Informasi-Skripsi\system\Commands\Server\rewrite.php(43): require_once('C:\\Users\\ACER\\O...')
#6 {main}
CRITICAL - 2022-02-23 07:12:53 --> Trying to access array offset on value of type null
#0 C:\Users\ACER\OneDrive\Dokumen\PKL\Sistem-Informasi-Skripsi\app\Controllers\Cetakan.php(115): CodeIgniter\Debug\Exceptions->errorHandler(8, 'Trying to acces...', 'C:\\Users\\ACER\\O...', 115, Array)
#1 C:\Users\ACER\OneDrive\Dokumen\PKL\Sistem-Informasi-Skripsi\system\CodeIgniter.php(824): App\Controllers\Cetakan->surat_pengajuan_kompre('2147483647')
#2 C:\Users\ACER\OneDrive\Dokumen\PKL\Sistem-Informasi-Skripsi\system\CodeIgniter.php(410): CodeIgniter\CodeIgniter->runController(Object(App\Controllers\Cetakan))
#3 C:\Users\ACER\OneDrive\Dokumen\PKL\Sistem-Informasi-Skripsi\system\CodeIgniter.php(318): CodeIgniter\CodeIgniter->handleRequest(NULL, Object(Config\Cache), false)
#4 C:\Users\ACER\OneDrive\Dokumen\PKL\Sistem-Informasi-Skripsi\public\index.php(37): CodeIgniter\CodeIgniter->run()
#5 C:\Users\ACER\OneDrive\Dokumen\PKL\Sistem-Informasi-Skripsi\system\Commands\Server\rewrite.php(43): require_once('C:\\Users\\ACER\\O...')
#6 {main}
CRITICAL - 2022-02-23 07:19:02 --> Undefined variable: jadwal1
#0 C:\Users\ACER\OneDrive\Dokumen\PKL\Sistem-Informasi-Skripsi\app\Views\r_mahasiswa\form_pengajuan_kompre.php(16): CodeIgniter\Debug\Exceptions->errorHandler(8, 'Undefined varia...', 'C:\\Users\\ACER\\O...', 16, Array)
#1 C:\Users\ACER\OneDrive\Dokumen\PKL\Sistem-Informasi-Skripsi\system\View\View.php(214): include('C:\\Users\\ACER\\O...')
#2 C:\Users\ACER\OneDrive\Dokumen\PKL\Sistem-Informasi-Skripsi\system\View\View.php(217): CodeIgniter\View\View->CodeIgniter\View\{closure}()
#3 C:\Users\ACER\OneDrive\Dokumen\PKL\Sistem-Informasi-Skripsi\system\Common.php(1097): CodeIgniter\View\View->render('r_mahasiswa/for...', Array, true)
#4 C:\Users\ACER\OneDrive\Dokumen\PKL\Sistem-Informasi-Skripsi\app\Controllers\Mahasiswa.php(192): view('r_mahasiswa/for...')
#5 C:\Users\ACER\OneDrive\Dokumen\PKL\Sistem-Informasi-Skripsi\system\CodeIgniter.php(824): App\Controllers\Mahasiswa->form_pengajuan_kompre()
#6 C:\Users\ACER\OneDrive\Dokumen\PKL\Sistem-Informasi-Skripsi\system\CodeIgniter.php(410): CodeIgniter\CodeIgniter->runController(Object(App\Controllers\Mahasiswa))
#7 C:\Users\ACER\OneDrive\Dokumen\PKL\Sistem-Informasi-Skripsi\system\CodeIgniter.php(318): CodeIgniter\CodeIgniter->handleRequest(NULL, Object(Config\Cache), false)
#8 C:\Users\ACER\OneDrive\Dokumen\PKL\Sistem-Informasi-Skripsi\public\index.php(37): CodeIgniter\CodeIgniter->run()
#9 C:\Users\ACER\OneDrive\Dokumen\PKL\Sistem-Informasi-Skripsi\system\Commands\Server\rewrite.php(43): require_once('C:\\Users\\ACER\\O...')
#10 {main}
CRITICAL - 2022-02-23 07:20:34 --> Undefined index: jam
#0 C:\Users\ACER\OneDrive\Dokumen\PKL\Sistem-Informasi-Skripsi\app\Views\r_mahasiswa\form_pengajuan_kompre.php(19): CodeIgniter\Debug\Exceptions->errorHandler(8, 'Undefined index...', 'C:\\Users\\ACER\\O...', 19, Array)
#1 C:\Users\ACER\OneDrive\Dokumen\PKL\Sistem-Informasi-Skripsi\system\View\View.php(214): include('C:\\Users\\ACER\\O...')
#2 C:\Users\ACER\OneDrive\Dokumen\PKL\Sistem-Informasi-Skripsi\system\View\View.php(217): CodeIgniter\View\View->CodeIgniter\View\{closure}()
#3 C:\Users\ACER\OneDrive\Dokumen\PKL\Sistem-Informasi-Skripsi\system\Common.php(1097): CodeIgniter\View\View->render('r_mahasiswa/for...', Array, true)
#4 C:\Users\ACER\OneDrive\Dokumen\PKL\Sistem-Informasi-Skripsi\app\Controllers\Mahasiswa.php(194): view('r_mahasiswa/for...')
#5 C:\Users\ACER\OneDrive\Dokumen\PKL\Sistem-Informasi-Skripsi\system\CodeIgniter.php(824): App\Controllers\Mahasiswa->form_pengajuan_kompre()
#6 C:\Users\ACER\OneDrive\Dokumen\PKL\Sistem-Informasi-Skripsi\system\CodeIgniter.php(410): CodeIgniter\CodeIgniter->runController(Object(App\Controllers\Mahasiswa))
#7 C:\Users\ACER\OneDrive\Dokumen\PKL\Sistem-Informasi-Skripsi\system\CodeIgniter.php(318): CodeIgniter\CodeIgniter->handleRequest(NULL, Object(Config\Cache), false)
#8 C:\Users\ACER\OneDrive\Dokumen\PKL\Sistem-Informasi-Skripsi\public\index.php(37): CodeIgniter\CodeIgniter->run()
#9 C:\Users\ACER\OneDrive\Dokumen\PKL\Sistem-Informasi-Skripsi\system\Commands\Server\rewrite.php(43): require_once('C:\\Users\\ACER\\O...')
#10 {main}
CRITICAL - 2022-02-23 07:26:33 --> Undefined property: App\Controllers\Mahasiswa::$M_ujian_skripsi
#0 C:\Users\ACER\OneDrive\Dokumen\PKL\Sistem-Informasi-Skripsi\app\Controllers\Mahasiswa.php(541): CodeIgniter\Debug\Exceptions->errorHandler(8, 'Undefined prope...', 'C:\\Users\\ACER\\O...', 541, Array)
#1 C:\Users\ACER\OneDrive\Dokumen\PKL\Sistem-Informasi-Skripsi\system\CodeIgniter.php(824): App\Controllers\Mahasiswa->tambah_pengajuan_kompre('1917051015')
#2 C:\Users\ACER\OneDrive\Dokumen\PKL\Sistem-Informasi-Skripsi\system\CodeIgniter.php(410): CodeIgniter\CodeIgniter->runController(Object(App\Controllers\Mahasiswa))
#3 C:\Users\ACER\OneDrive\Dokumen\PKL\Sistem-Informasi-Skripsi\system\CodeIgniter.php(318): CodeIgniter\CodeIgniter->handleRequest(NULL, Object(Config\Cache), false)
#4 C:\Users\ACER\OneDrive\Dokumen\PKL\Sistem-Informasi-Skripsi\public\index.php(37): CodeIgniter\CodeIgniter->run()
#5 C:\Users\ACER\OneDrive\Dokumen\PKL\Sistem-Informasi-Skripsi\system\Commands\Server\rewrite.php(43): require_once('C:\\Users\\ACER\\O...')
#6 {main}
CRITICAL - 2022-02-23 07:27:05 --> Undefined variable: npm
#0 C:\Users\ACER\OneDrive\Dokumen\PKL\Sistem-Informasi-Skripsi\app\Controllers\Mahasiswa.php(559): CodeIgniter\Debug\Exceptions->errorHandler(8, 'Undefined varia...', 'C:\\Users\\ACER\\O...', 559, Array)
#1 C:\Users\ACER\OneDrive\Dokumen\PKL\Sistem-Informasi-Skripsi\system\CodeIgniter.php(824): App\Controllers\Mahasiswa->tambah_pengajuan_kompre('1917051015')
#2 C:\Users\ACER\OneDrive\Dokumen\PKL\Sistem-Informasi-Skripsi\system\CodeIgniter.php(410): CodeIgniter\CodeIgniter->runController(Object(App\Controllers\Mahasiswa))
#3 C:\Users\ACER\OneDrive\Dokumen\PKL\Sistem-Informasi-Skripsi\system\CodeIgniter.php(318): CodeIgniter\CodeIgniter->handleRequest(NULL, Object(Config\Cache), false)
#4 C:\Users\ACER\OneDrive\Dokumen\PKL\Sistem-Informasi-Skripsi\public\index.php(37): CodeIgniter\CodeIgniter->run()
#5 C:\Users\ACER\OneDrive\Dokumen\PKL\Sistem-Informasi-Skripsi\system\Commands\Server\rewrite.php(43): require_once('C:\\Users\\ACER\\O...')
#6 {main}
CRITICAL - 2022-02-23 07:27:45 --> Undefined variable: npm
#0 C:\Users\ACER\OneDrive\Dokumen\PKL\Sistem-Informasi-Skripsi\app\Controllers\Mahasiswa.php(559): CodeIgniter\Debug\Exceptions->errorHandler(8, 'Undefined varia...', 'C:\\Users\\ACER\\O...', 559, Array)
#1 C:\Users\ACER\OneDrive\Dokumen\PKL\Sistem-Informasi-Skripsi\system\CodeIgniter.php(824): App\Controllers\Mahasiswa->tambah_pengajuan_kompre('1917051015')
#2 C:\Users\ACER\OneDrive\Dokumen\PKL\Sistem-Informasi-Skripsi\system\CodeIgniter.php(410): CodeIgniter\CodeIgniter->runController(Object(App\Controllers\Mahasiswa))
#3 C:\Users\ACER\OneDrive\Dokumen\PKL\Sistem-Informasi-Skripsi\system\CodeIgniter.php(318): CodeIgniter\CodeIgniter->handleRequest(NULL, Object(Config\Cache), false)
#4 C:\Users\ACER\OneDrive\Dokumen\PKL\Sistem-Informasi-Skripsi\public\index.php(37): CodeIgniter\CodeIgniter->run()
#5 C:\Users\ACER\OneDrive\Dokumen\PKL\Sistem-Informasi-Skripsi\system\Commands\Server\rewrite.php(43): require_once('C:\\Users\\ACER\\O...')
#6 {main}
