ERROR - 2022-01-10 01:30:10 --> Error connecting to the database: No connection could be made because the target machine actively refused it.

CRITICAL - 2022-01-10 01:30:10 --> Unable to connect to the database.
Main connection [MySQLi]: No connection could be made because the target machine actively refused it.

#0 C:\Users\ACER\OneDrive\Dokumen\A_WebProgramming\SIAKAD Admin Bisnis\system\Database\BaseConnection.php(577): CodeIgniter\Database\BaseConnection->initialize()
#1 C:\Users\ACER\OneDrive\Dokumen\A_WebProgramming\SIAKAD Admin Bisnis\system\Database\BaseBuilder.php(1443): CodeIgniter\Database\BaseConnection->query('SELECT *\nFROM `...', Array, false)
#2 C:\Users\ACER\OneDrive\Dokumen\A_WebProgramming\SIAKAD Admin Bisnis\system\Model.php(210): CodeIgniter\Database\BaseBuilder->get()
#3 C:\Users\ACER\OneDrive\Dokumen\A_WebProgramming\SIAKAD Admin Bisnis\system\BaseModel.php(622): CodeIgniter\Model->doFirst()
#4 C:\Users\ACER\OneDrive\Dokumen\A_WebProgramming\SIAKAD Admin Bisnis\app\Controllers\Login.php(28): CodeIgniter\BaseModel->first()
#5 C:\Users\ACER\OneDrive\Dokumen\A_WebProgramming\SIAKAD Admin Bisnis\system\CodeIgniter.php(824): App\Controllers\Login->index()
#6 C:\Users\ACER\OneDrive\Dokumen\A_WebProgramming\SIAKAD Admin Bisnis\system\CodeIgniter.php(410): CodeIgniter\CodeIgniter->runController(Object(App\Controllers\Login))
#7 C:\Users\ACER\OneDrive\Dokumen\A_WebProgramming\SIAKAD Admin Bisnis\system\CodeIgniter.php(318): CodeIgniter\CodeIgniter->handleRequest(NULL, Object(Config\Cache), false)
#8 C:\Users\ACER\OneDrive\Dokumen\A_WebProgramming\SIAKAD Admin Bisnis\public\index.php(37): CodeIgniter\CodeIgniter->run()
#9 C:\Users\ACER\OneDrive\Dokumen\A_WebProgramming\SIAKAD Admin Bisnis\system\Commands\Server\rewrite.php(43): require_once('C:\\Users\\ACER\\O...')
#10 {main}
CRITICAL - 2022-01-10 20:16:43 --> There is no data to insert.
#0 C:\Users\User\KULIAH\PKL\Sistem-Informasi-Skripsi\system\BaseModel.php(1574): CodeIgniter\Database\Exceptions\DataException::forEmptyDataset('insert')
#1 C:\Users\User\KULIAH\PKL\Sistem-Informasi-Skripsi\system\BaseModel.php(704): CodeIgniter\BaseModel->transformDataToArray(NULL, 'insert')
#2 C:\Users\User\KULIAH\PKL\Sistem-Informasi-Skripsi\system\Model.php(620): CodeIgniter\BaseModel->insert(NULL, true)
#3 C:\Users\User\KULIAH\PKL\Sistem-Informasi-Skripsi\app\Controllers\Dosen.php(39): CodeIgniter\Model->insert(NULL)
#4 C:\Users\User\KULIAH\PKL\Sistem-Informasi-Skripsi\system\CodeIgniter.php(824): App\Controllers\Dosen->terima('1917051025')
#5 C:\Users\User\KULIAH\PKL\Sistem-Informasi-Skripsi\system\CodeIgniter.php(410): CodeIgniter\CodeIgniter->runController(Object(App\Controllers\Dosen))
#6 C:\Users\User\KULIAH\PKL\Sistem-Informasi-Skripsi\system\CodeIgniter.php(318): CodeIgniter\CodeIgniter->handleRequest(NULL, Object(Config\Cache), false)
#7 C:\Users\User\KULIAH\PKL\Sistem-Informasi-Skripsi\public\index.php(37): CodeIgniter\CodeIgniter->run()
#8 C:\Users\User\KULIAH\PKL\Sistem-Informasi-Skripsi\system\Commands\Server\rewrite.php(43): require_once('C:\\Users\\User\\K...')
#9 {main}
CRITICAL - 2022-01-10 20:19:35 --> There is no data to insert.
#0 C:\Users\User\KULIAH\PKL\Sistem-Informasi-Skripsi\system\BaseModel.php(1574): CodeIgniter\Database\Exceptions\DataException::forEmptyDataset('insert')
#1 C:\Users\User\KULIAH\PKL\Sistem-Informasi-Skripsi\system\BaseModel.php(704): CodeIgniter\BaseModel->transformDataToArray(NULL, 'insert')
#2 C:\Users\User\KULIAH\PKL\Sistem-Informasi-Skripsi\system\Model.php(620): CodeIgniter\BaseModel->insert(NULL, true)
#3 C:\Users\User\KULIAH\PKL\Sistem-Informasi-Skripsi\app\Controllers\Dosen.php(39): CodeIgniter\Model->insert(NULL)
#4 C:\Users\User\KULIAH\PKL\Sistem-Informasi-Skripsi\system\CodeIgniter.php(824): App\Controllers\Dosen->terima('1917051025')
#5 C:\Users\User\KULIAH\PKL\Sistem-Informasi-Skripsi\system\CodeIgniter.php(410): CodeIgniter\CodeIgniter->runController(Object(App\Controllers\Dosen))
#6 C:\Users\User\KULIAH\PKL\Sistem-Informasi-Skripsi\system\CodeIgniter.php(318): CodeIgniter\CodeIgniter->handleRequest(NULL, Object(Config\Cache), false)
#7 C:\Users\User\KULIAH\PKL\Sistem-Informasi-Skripsi\public\index.php(37): CodeIgniter\CodeIgniter->run()
#8 C:\Users\User\KULIAH\PKL\Sistem-Informasi-Skripsi\system\Commands\Server\rewrite.php(43): require_once('C:\\Users\\User\\K...')
#9 {main}
CRITICAL - 2022-01-10 20:19:38 --> There is no data to insert.
#0 C:\Users\User\KULIAH\PKL\Sistem-Informasi-Skripsi\system\BaseModel.php(1574): CodeIgniter\Database\Exceptions\DataException::forEmptyDataset('insert')
#1 C:\Users\User\KULIAH\PKL\Sistem-Informasi-Skripsi\system\BaseModel.php(704): CodeIgniter\BaseModel->transformDataToArray(NULL, 'insert')
#2 C:\Users\User\KULIAH\PKL\Sistem-Informasi-Skripsi\system\Model.php(620): CodeIgniter\BaseModel->insert(NULL, true)
#3 C:\Users\User\KULIAH\PKL\Sistem-Informasi-Skripsi\app\Controllers\Dosen.php(39): CodeIgniter\Model->insert(NULL)
#4 C:\Users\User\KULIAH\PKL\Sistem-Informasi-Skripsi\system\CodeIgniter.php(824): App\Controllers\Dosen->terima('1917051025')
#5 C:\Users\User\KULIAH\PKL\Sistem-Informasi-Skripsi\system\CodeIgniter.php(410): CodeIgniter\CodeIgniter->runController(Object(App\Controllers\Dosen))
#6 C:\Users\User\KULIAH\PKL\Sistem-Informasi-Skripsi\system\CodeIgniter.php(318): CodeIgniter\CodeIgniter->handleRequest(NULL, Object(Config\Cache), false)
#7 C:\Users\User\KULIAH\PKL\Sistem-Informasi-Skripsi\public\index.php(37): CodeIgniter\CodeIgniter->run()
#8 C:\Users\User\KULIAH\PKL\Sistem-Informasi-Skripsi\system\Commands\Server\rewrite.php(43): require_once('C:\\Users\\User\\K...')
#9 {main}
CRITICAL - 2022-01-10 20:21:52 --> There is no data to insert.
#0 C:\Users\User\KULIAH\PKL\Sistem-Informasi-Skripsi\system\BaseModel.php(1574): CodeIgniter\Database\Exceptions\DataException::forEmptyDataset('insert')
#1 C:\Users\User\KULIAH\PKL\Sistem-Informasi-Skripsi\system\BaseModel.php(704): CodeIgniter\BaseModel->transformDataToArray(NULL, 'insert')
#2 C:\Users\User\KULIAH\PKL\Sistem-Informasi-Skripsi\system\Model.php(620): CodeIgniter\BaseModel->insert(NULL, true)
#3 C:\Users\User\KULIAH\PKL\Sistem-Informasi-Skripsi\app\Controllers\Dosen.php(39): CodeIgniter\Model->insert(NULL)
#4 C:\Users\User\KULIAH\PKL\Sistem-Informasi-Skripsi\system\CodeIgniter.php(824): App\Controllers\Dosen->terima('1917051025')
#5 C:\Users\User\KULIAH\PKL\Sistem-Informasi-Skripsi\system\CodeIgniter.php(410): CodeIgniter\CodeIgniter->runController(Object(App\Controllers\Dosen))
#6 C:\Users\User\KULIAH\PKL\Sistem-Informasi-Skripsi\system\CodeIgniter.php(318): CodeIgniter\CodeIgniter->handleRequest(NULL, Object(Config\Cache), false)
#7 C:\Users\User\KULIAH\PKL\Sistem-Informasi-Skripsi\public\index.php(37): CodeIgniter\CodeIgniter->run()
#8 C:\Users\User\KULIAH\PKL\Sistem-Informasi-Skripsi\system\Commands\Server\rewrite.php(43): require_once('C:\\Users\\User\\K...')
#9 {main}
ERROR - 2022-01-10 20:21:58 --> Unknown column 'akun.id' in 'where clause'
CRITICAL - 2022-01-10 20:21:58 --> Unknown column 'akun.id' in 'where clause'
#0 C:\Users\User\KULIAH\PKL\Sistem-Informasi-Skripsi\system\Database\MySQLi\Connection.php(292): mysqli->query('SELECT *\nFROM `...', 0)
#1 C:\Users\User\KULIAH\PKL\Sistem-Informasi-Skripsi\system\Database\BaseConnection.php(670): CodeIgniter\Database\MySQLi\Connection->execute('SELECT *\nFROM `...')
#2 C:\Users\User\KULIAH\PKL\Sistem-Informasi-Skripsi\system\Database\BaseConnection.php(598): CodeIgniter\Database\BaseConnection->simpleQuery('SELECT *\nFROM `...')
#3 C:\Users\User\KULIAH\PKL\Sistem-Informasi-Skripsi\system\Database\BaseBuilder.php(1443): CodeIgniter\Database\BaseConnection->query('SELECT *\nFROM `...', Array, false)
#4 C:\Users\User\KULIAH\PKL\Sistem-Informasi-Skripsi\system\Model.php(142): CodeIgniter\Database\BaseBuilder->get()
#5 C:\Users\User\KULIAH\PKL\Sistem-Informasi-Skripsi\system\BaseModel.php(523): CodeIgniter\Model->doFind(true, '1917051025')
#6 C:\Users\User\KULIAH\PKL\Sistem-Informasi-Skripsi\app\Controllers\Admin.php(33): CodeIgniter\BaseModel->find('1917051025')
#7 C:\Users\User\KULIAH\PKL\Sistem-Informasi-Skripsi\system\CodeIgniter.php(824): App\Controllers\Admin->tambah_akun('1917051025')
#8 C:\Users\User\KULIAH\PKL\Sistem-Informasi-Skripsi\system\CodeIgniter.php(410): CodeIgniter\CodeIgniter->runController(Object(App\Controllers\Admin))
#9 C:\Users\User\KULIAH\PKL\Sistem-Informasi-Skripsi\system\CodeIgniter.php(318): CodeIgniter\CodeIgniter->handleRequest(NULL, Object(Config\Cache), false)
#10 C:\Users\User\KULIAH\PKL\Sistem-Informasi-Skripsi\public\index.php(37): CodeIgniter\CodeIgniter->run()
#11 C:\Users\User\KULIAH\PKL\Sistem-Informasi-Skripsi\system\Commands\Server\rewrite.php(43): require_once('C:\\Users\\User\\K...')
#12 {main}
ERROR - 2022-01-10 20:23:12 --> Unknown column 'akun.id' in 'where clause'
CRITICAL - 2022-01-10 20:23:12 --> Unknown column 'akun.id' in 'where clause'
#0 C:\Users\User\KULIAH\PKL\Sistem-Informasi-Skripsi\system\Database\MySQLi\Connection.php(292): mysqli->query('SELECT *\nFROM `...', 0)
#1 C:\Users\User\KULIAH\PKL\Sistem-Informasi-Skripsi\system\Database\BaseConnection.php(670): CodeIgniter\Database\MySQLi\Connection->execute('SELECT *\nFROM `...')
#2 C:\Users\User\KULIAH\PKL\Sistem-Informasi-Skripsi\system\Database\BaseConnection.php(598): CodeIgniter\Database\BaseConnection->simpleQuery('SELECT *\nFROM `...')
#3 C:\Users\User\KULIAH\PKL\Sistem-Informasi-Skripsi\system\Database\BaseBuilder.php(1443): CodeIgniter\Database\BaseConnection->query('SELECT *\nFROM `...', Array, false)
#4 C:\Users\User\KULIAH\PKL\Sistem-Informasi-Skripsi\system\Model.php(142): CodeIgniter\Database\BaseBuilder->get()
#5 C:\Users\User\KULIAH\PKL\Sistem-Informasi-Skripsi\system\BaseModel.php(523): CodeIgniter\Model->doFind(true, 'fikri')
#6 C:\Users\User\KULIAH\PKL\Sistem-Informasi-Skripsi\app\Controllers\Admin.php(33): CodeIgniter\BaseModel->find('fikri')
#7 C:\Users\User\KULIAH\PKL\Sistem-Informasi-Skripsi\system\CodeIgniter.php(824): App\Controllers\Admin->tambah_akun('fikri')
#8 C:\Users\User\KULIAH\PKL\Sistem-Informasi-Skripsi\system\CodeIgniter.php(410): CodeIgniter\CodeIgniter->runController(Object(App\Controllers\Admin))
#9 C:\Users\User\KULIAH\PKL\Sistem-Informasi-Skripsi\system\CodeIgniter.php(318): CodeIgniter\CodeIgniter->handleRequest(NULL, Object(Config\Cache), false)
#10 C:\Users\User\KULIAH\PKL\Sistem-Informasi-Skripsi\public\index.php(37): CodeIgniter\CodeIgniter->run()
#11 C:\Users\User\KULIAH\PKL\Sistem-Informasi-Skripsi\system\Commands\Server\rewrite.php(43): require_once('C:\\Users\\User\\K...')
#12 {main}
CRITICAL - 2022-01-10 20:24:53 --> There is no data to insert.
#0 C:\Users\User\KULIAH\PKL\Sistem-Informasi-Skripsi\system\BaseModel.php(1574): CodeIgniter\Database\Exceptions\DataException::forEmptyDataset('insert')
#1 C:\Users\User\KULIAH\PKL\Sistem-Informasi-Skripsi\system\BaseModel.php(704): CodeIgniter\BaseModel->transformDataToArray(NULL, 'insert')
#2 C:\Users\User\KULIAH\PKL\Sistem-Informasi-Skripsi\system\Model.php(620): CodeIgniter\BaseModel->insert(NULL, true)
#3 C:\Users\User\KULIAH\PKL\Sistem-Informasi-Skripsi\app\Controllers\Admin.php(36): CodeIgniter\Model->insert(NULL)
#4 C:\Users\User\KULIAH\PKL\Sistem-Informasi-Skripsi\system\CodeIgniter.php(824): App\Controllers\Admin->tambah_akun('1917051025')
#5 C:\Users\User\KULIAH\PKL\Sistem-Informasi-Skripsi\system\CodeIgniter.php(410): CodeIgniter\CodeIgniter->runController(Object(App\Controllers\Admin))
#6 C:\Users\User\KULIAH\PKL\Sistem-Informasi-Skripsi\system\CodeIgniter.php(318): CodeIgniter\CodeIgniter->handleRequest(NULL, Object(Config\Cache), false)
#7 C:\Users\User\KULIAH\PKL\Sistem-Informasi-Skripsi\public\index.php(37): CodeIgniter\CodeIgniter->run()
#8 C:\Users\User\KULIAH\PKL\Sistem-Informasi-Skripsi\system\Commands\Server\rewrite.php(43): require_once('C:\\Users\\User\\K...')
#9 {main}
CRITICAL - 2022-01-10 20:27:43 --> There is no data to insert.
#0 C:\Users\User\KULIAH\PKL\Sistem-Informasi-Skripsi\system\BaseModel.php(1574): CodeIgniter\Database\Exceptions\DataException::forEmptyDataset('insert')
#1 C:\Users\User\KULIAH\PKL\Sistem-Informasi-Skripsi\system\BaseModel.php(704): CodeIgniter\BaseModel->transformDataToArray(NULL, 'insert')
#2 C:\Users\User\KULIAH\PKL\Sistem-Informasi-Skripsi\system\Model.php(620): CodeIgniter\BaseModel->insert(NULL, true)
#3 C:\Users\User\KULIAH\PKL\Sistem-Informasi-Skripsi\app\Controllers\Admin.php(36): CodeIgniter\Model->insert(NULL)
#4 C:\Users\User\KULIAH\PKL\Sistem-Informasi-Skripsi\system\CodeIgniter.php(824): App\Controllers\Admin->tambah_akun('1917051025')
#5 C:\Users\User\KULIAH\PKL\Sistem-Informasi-Skripsi\system\CodeIgniter.php(410): CodeIgniter\CodeIgniter->runController(Object(App\Controllers\Admin))
#6 C:\Users\User\KULIAH\PKL\Sistem-Informasi-Skripsi\system\CodeIgniter.php(318): CodeIgniter\CodeIgniter->handleRequest(NULL, Object(Config\Cache), false)
#7 C:\Users\User\KULIAH\PKL\Sistem-Informasi-Skripsi\public\index.php(37): CodeIgniter\CodeIgniter->run()
#8 C:\Users\User\KULIAH\PKL\Sistem-Informasi-Skripsi\system\Commands\Server\rewrite.php(43): require_once('C:\\Users\\User\\K...')
#9 {main}
CRITICAL - 2022-01-10 20:29:20 --> There is no data to insert.
#0 C:\Users\User\KULIAH\PKL\Sistem-Informasi-Skripsi\system\BaseModel.php(1574): CodeIgniter\Database\Exceptions\DataException::forEmptyDataset('insert')
#1 C:\Users\User\KULIAH\PKL\Sistem-Informasi-Skripsi\system\BaseModel.php(704): CodeIgniter\BaseModel->transformDataToArray(NULL, 'insert')
#2 C:\Users\User\KULIAH\PKL\Sistem-Informasi-Skripsi\system\Model.php(620): CodeIgniter\BaseModel->insert(NULL, true)
#3 C:\Users\User\KULIAH\PKL\Sistem-Informasi-Skripsi\app\Controllers\Admin.php(36): CodeIgniter\Model->insert(NULL)
#4 C:\Users\User\KULIAH\PKL\Sistem-Informasi-Skripsi\system\CodeIgniter.php(824): App\Controllers\Admin->tambah_akun('1917051025')
#5 C:\Users\User\KULIAH\PKL\Sistem-Informasi-Skripsi\system\CodeIgniter.php(410): CodeIgniter\CodeIgniter->runController(Object(App\Controllers\Admin))
#6 C:\Users\User\KULIAH\PKL\Sistem-Informasi-Skripsi\system\CodeIgniter.php(318): CodeIgniter\CodeIgniter->handleRequest(NULL, Object(Config\Cache), false)
#7 C:\Users\User\KULIAH\PKL\Sistem-Informasi-Skripsi\public\index.php(37): CodeIgniter\CodeIgniter->run()
#8 C:\Users\User\KULIAH\PKL\Sistem-Informasi-Skripsi\system\Commands\Server\rewrite.php(43): require_once('C:\\Users\\User\\K...')
#9 {main}
CRITICAL - 2022-01-10 22:27:17 --> Invalid file: v_login_admin.php
#0 C:\Users\User\KULIAH\PKL\Sistem-Informasi-Skripsi\system\View\View.php(198): CodeIgniter\Exceptions\FrameworkException::forInvalidFile('v_login_admin.p...')
#1 C:\Users\User\KULIAH\PKL\Sistem-Informasi-Skripsi\system\Common.php(1097): CodeIgniter\View\View->render('v_login_admin', Array, true)
#2 C:\Users\User\KULIAH\PKL\Sistem-Informasi-Skripsi\app\Controllers\LoginAdmin.php(52): view('v_login_admin')
#3 C:\Users\User\KULIAH\PKL\Sistem-Informasi-Skripsi\system\CodeIgniter.php(824): App\Controllers\LoginAdmin->index()
#4 C:\Users\User\KULIAH\PKL\Sistem-Informasi-Skripsi\system\CodeIgniter.php(410): CodeIgniter\CodeIgniter->runController(Object(App\Controllers\LoginAdmin))
#5 C:\Users\User\KULIAH\PKL\Sistem-Informasi-Skripsi\system\CodeIgniter.php(318): CodeIgniter\CodeIgniter->handleRequest(NULL, Object(Config\Cache), false)
#6 C:\Users\User\KULIAH\PKL\Sistem-Informasi-Skripsi\public\index.php(37): CodeIgniter\CodeIgniter->run()
#7 C:\Users\User\KULIAH\PKL\Sistem-Informasi-Skripsi\system\Commands\Server\rewrite.php(43): require_once('C:\\Users\\User\\K...')
#8 {main}
CRITICAL - 2022-01-10 23:29:13 --> Invalid file: v_login_admin.php
#0 C:\Users\User\KULIAH\PKL\Sistem-Informasi-Skripsi\system\View\View.php(198): CodeIgniter\Exceptions\FrameworkException::forInvalidFile('v_login_admin.p...')
#1 C:\Users\User\KULIAH\PKL\Sistem-Informasi-Skripsi\system\Common.php(1097): CodeIgniter\View\View->render('v_login_admin', Array, true)
#2 C:\Users\User\KULIAH\PKL\Sistem-Informasi-Skripsi\app\Controllers\LoginAdmin.php(52): view('v_login_admin')
#3 C:\Users\User\KULIAH\PKL\Sistem-Informasi-Skripsi\system\CodeIgniter.php(824): App\Controllers\LoginAdmin->index()
#4 C:\Users\User\KULIAH\PKL\Sistem-Informasi-Skripsi\system\CodeIgniter.php(410): CodeIgniter\CodeIgniter->runController(Object(App\Controllers\LoginAdmin))
#5 C:\Users\User\KULIAH\PKL\Sistem-Informasi-Skripsi\system\CodeIgniter.php(318): CodeIgniter\CodeIgniter->handleRequest(NULL, Object(Config\Cache), false)
#6 C:\Users\User\KULIAH\PKL\Sistem-Informasi-Skripsi\public\index.php(37): CodeIgniter\CodeIgniter->run()
#7 C:\Users\User\KULIAH\PKL\Sistem-Informasi-Skripsi\system\Commands\Server\rewrite.php(43): require_once('C:\\Users\\User\\K...')
#8 {main}
CRITICAL - 2022-01-10 23:30:09 --> Invalid file: v_login_admin.php
#0 C:\Users\User\KULIAH\PKL\Sistem-Informasi-Skripsi\system\View\View.php(198): CodeIgniter\Exceptions\FrameworkException::forInvalidFile('v_login_admin.p...')
#1 C:\Users\User\KULIAH\PKL\Sistem-Informasi-Skripsi\system\Common.php(1097): CodeIgniter\View\View->render('v_login_admin', Array, true)
#2 C:\Users\User\KULIAH\PKL\Sistem-Informasi-Skripsi\app\Controllers\LoginAdmin.php(52): view('v_login_admin')
#3 C:\Users\User\KULIAH\PKL\Sistem-Informasi-Skripsi\system\CodeIgniter.php(824): App\Controllers\LoginAdmin->index()
#4 C:\Users\User\KULIAH\PKL\Sistem-Informasi-Skripsi\system\CodeIgniter.php(410): CodeIgniter\CodeIgniter->runController(Object(App\Controllers\LoginAdmin))
#5 C:\Users\User\KULIAH\PKL\Sistem-Informasi-Skripsi\system\CodeIgniter.php(318): CodeIgniter\CodeIgniter->handleRequest(NULL, Object(Config\Cache), false)
#6 C:\Users\User\KULIAH\PKL\Sistem-Informasi-Skripsi\public\index.php(37): CodeIgniter\CodeIgniter->run()
#7 C:\Users\User\KULIAH\PKL\Sistem-Informasi-Skripsi\system\Commands\Server\rewrite.php(43): require_once('C:\\Users\\User\\K...')
#8 {main}
CRITICAL - 2022-01-10 23:30:11 --> Invalid file: v_login_admin.php
#0 C:\Users\User\KULIAH\PKL\Sistem-Informasi-Skripsi\system\View\View.php(198): CodeIgniter\Exceptions\FrameworkException::forInvalidFile('v_login_admin.p...')
#1 C:\Users\User\KULIAH\PKL\Sistem-Informasi-Skripsi\system\Common.php(1097): CodeIgniter\View\View->render('v_login_admin', Array, true)
#2 C:\Users\User\KULIAH\PKL\Sistem-Informasi-Skripsi\app\Controllers\LoginAdmin.php(52): view('v_login_admin')
#3 C:\Users\User\KULIAH\PKL\Sistem-Informasi-Skripsi\system\CodeIgniter.php(824): App\Controllers\LoginAdmin->index()
#4 C:\Users\User\KULIAH\PKL\Sistem-Informasi-Skripsi\system\CodeIgniter.php(410): CodeIgniter\CodeIgniter->runController(Object(App\Controllers\LoginAdmin))
#5 C:\Users\User\KULIAH\PKL\Sistem-Informasi-Skripsi\system\CodeIgniter.php(318): CodeIgniter\CodeIgniter->handleRequest(NULL, Object(Config\Cache), false)
#6 C:\Users\User\KULIAH\PKL\Sistem-Informasi-Skripsi\public\index.php(37): CodeIgniter\CodeIgniter->run()
#7 C:\Users\User\KULIAH\PKL\Sistem-Informasi-Skripsi\system\Commands\Server\rewrite.php(43): require_once('C:\\Users\\User\\K...')
#8 {main}
CRITICAL - 2022-01-10 23:30:13 --> Invalid file: v_login_admin.php
#0 C:\Users\User\KULIAH\PKL\Sistem-Informasi-Skripsi\system\View\View.php(198): CodeIgniter\Exceptions\FrameworkException::forInvalidFile('v_login_admin.p...')
#1 C:\Users\User\KULIAH\PKL\Sistem-Informasi-Skripsi\system\Common.php(1097): CodeIgniter\View\View->render('v_login_admin', Array, true)
#2 C:\Users\User\KULIAH\PKL\Sistem-Informasi-Skripsi\app\Controllers\LoginAdmin.php(52): view('v_login_admin')
#3 C:\Users\User\KULIAH\PKL\Sistem-Informasi-Skripsi\system\CodeIgniter.php(824): App\Controllers\LoginAdmin->index()
#4 C:\Users\User\KULIAH\PKL\Sistem-Informasi-Skripsi\system\CodeIgniter.php(410): CodeIgniter\CodeIgniter->runController(Object(App\Controllers\LoginAdmin))
#5 C:\Users\User\KULIAH\PKL\Sistem-Informasi-Skripsi\system\CodeIgniter.php(318): CodeIgniter\CodeIgniter->handleRequest(NULL, Object(Config\Cache), false)
#6 C:\Users\User\KULIAH\PKL\Sistem-Informasi-Skripsi\public\index.php(37): CodeIgniter\CodeIgniter->run()
#7 C:\Users\User\KULIAH\PKL\Sistem-Informasi-Skripsi\system\Commands\Server\rewrite.php(43): require_once('C:\\Users\\User\\K...')
#8 {main}
CRITICAL - 2022-01-10 23:30:13 --> Invalid file: v_login_admin.php
#0 C:\Users\User\KULIAH\PKL\Sistem-Informasi-Skripsi\system\View\View.php(198): CodeIgniter\Exceptions\FrameworkException::forInvalidFile('v_login_admin.p...')
#1 C:\Users\User\KULIAH\PKL\Sistem-Informasi-Skripsi\system\Common.php(1097): CodeIgniter\View\View->render('v_login_admin', Array, true)
#2 C:\Users\User\KULIAH\PKL\Sistem-Informasi-Skripsi\app\Controllers\LoginAdmin.php(52): view('v_login_admin')
#3 C:\Users\User\KULIAH\PKL\Sistem-Informasi-Skripsi\system\CodeIgniter.php(824): App\Controllers\LoginAdmin->index()
#4 C:\Users\User\KULIAH\PKL\Sistem-Informasi-Skripsi\system\CodeIgniter.php(410): CodeIgniter\CodeIgniter->runController(Object(App\Controllers\LoginAdmin))
#5 C:\Users\User\KULIAH\PKL\Sistem-Informasi-Skripsi\system\CodeIgniter.php(318): CodeIgniter\CodeIgniter->handleRequest(NULL, Object(Config\Cache), false)
#6 C:\Users\User\KULIAH\PKL\Sistem-Informasi-Skripsi\public\index.php(37): CodeIgniter\CodeIgniter->run()
#7 C:\Users\User\KULIAH\PKL\Sistem-Informasi-Skripsi\system\Commands\Server\rewrite.php(43): require_once('C:\\Users\\User\\K...')
#8 {main}
CRITICAL - 2022-01-10 23:30:14 --> Invalid file: v_login_admin.php
#0 C:\Users\User\KULIAH\PKL\Sistem-Informasi-Skripsi\system\View\View.php(198): CodeIgniter\Exceptions\FrameworkException::forInvalidFile('v_login_admin.p...')
#1 C:\Users\User\KULIAH\PKL\Sistem-Informasi-Skripsi\system\Common.php(1097): CodeIgniter\View\View->render('v_login_admin', Array, true)
#2 C:\Users\User\KULIAH\PKL\Sistem-Informasi-Skripsi\app\Controllers\LoginAdmin.php(52): view('v_login_admin')
#3 C:\Users\User\KULIAH\PKL\Sistem-Informasi-Skripsi\system\CodeIgniter.php(824): App\Controllers\LoginAdmin->index()
#4 C:\Users\User\KULIAH\PKL\Sistem-Informasi-Skripsi\system\CodeIgniter.php(410): CodeIgniter\CodeIgniter->runController(Object(App\Controllers\LoginAdmin))
#5 C:\Users\User\KULIAH\PKL\Sistem-Informasi-Skripsi\system\CodeIgniter.php(318): CodeIgniter\CodeIgniter->handleRequest(NULL, Object(Config\Cache), false)
#6 C:\Users\User\KULIAH\PKL\Sistem-Informasi-Skripsi\public\index.php(37): CodeIgniter\CodeIgniter->run()
#7 C:\Users\User\KULIAH\PKL\Sistem-Informasi-Skripsi\system\Commands\Server\rewrite.php(43): require_once('C:\\Users\\User\\K...')
#8 {main}
CRITICAL - 2022-01-10 23:30:14 --> Invalid file: v_login_admin.php
#0 C:\Users\User\KULIAH\PKL\Sistem-Informasi-Skripsi\system\View\View.php(198): CodeIgniter\Exceptions\FrameworkException::forInvalidFile('v_login_admin.p...')
#1 C:\Users\User\KULIAH\PKL\Sistem-Informasi-Skripsi\system\Common.php(1097): CodeIgniter\View\View->render('v_login_admin', Array, true)
#2 C:\Users\User\KULIAH\PKL\Sistem-Informasi-Skripsi\app\Controllers\LoginAdmin.php(52): view('v_login_admin')
#3 C:\Users\User\KULIAH\PKL\Sistem-Informasi-Skripsi\system\CodeIgniter.php(824): App\Controllers\LoginAdmin->index()
#4 C:\Users\User\KULIAH\PKL\Sistem-Informasi-Skripsi\system\CodeIgniter.php(410): CodeIgniter\CodeIgniter->runController(Object(App\Controllers\LoginAdmin))
#5 C:\Users\User\KULIAH\PKL\Sistem-Informasi-Skripsi\system\CodeIgniter.php(318): CodeIgniter\CodeIgniter->handleRequest(NULL, Object(Config\Cache), false)
#6 C:\Users\User\KULIAH\PKL\Sistem-Informasi-Skripsi\public\index.php(37): CodeIgniter\CodeIgniter->run()
#7 C:\Users\User\KULIAH\PKL\Sistem-Informasi-Skripsi\system\Commands\Server\rewrite.php(43): require_once('C:\\Users\\User\\K...')
#8 {main}
CRITICAL - 2022-01-10 23:30:34 --> Invalid file: v_login_admin.php
#0 C:\Users\User\KULIAH\PKL\Sistem-Informasi-Skripsi\system\View\View.php(198): CodeIgniter\Exceptions\FrameworkException::forInvalidFile('v_login_admin.p...')
#1 C:\Users\User\KULIAH\PKL\Sistem-Informasi-Skripsi\system\Common.php(1097): CodeIgniter\View\View->render('v_login_admin', Array, true)
#2 C:\Users\User\KULIAH\PKL\Sistem-Informasi-Skripsi\app\Controllers\LoginAdmin.php(52): view('v_login_admin')
#3 C:\Users\User\KULIAH\PKL\Sistem-Informasi-Skripsi\system\CodeIgniter.php(824): App\Controllers\LoginAdmin->index()
#4 C:\Users\User\KULIAH\PKL\Sistem-Informasi-Skripsi\system\CodeIgniter.php(410): CodeIgniter\CodeIgniter->runController(Object(App\Controllers\LoginAdmin))
#5 C:\Users\User\KULIAH\PKL\Sistem-Informasi-Skripsi\system\CodeIgniter.php(318): CodeIgniter\CodeIgniter->handleRequest(NULL, Object(Config\Cache), false)
#6 C:\Users\User\KULIAH\PKL\Sistem-Informasi-Skripsi\public\index.php(37): CodeIgniter\CodeIgniter->run()
#7 C:\Users\User\KULIAH\PKL\Sistem-Informasi-Skripsi\system\Commands\Server\rewrite.php(43): require_once('C:\\Users\\User\\K...')
#8 {main}
CRITICAL - 2022-01-10 23:30:34 --> Invalid file: v_login_admin.php
#0 C:\Users\User\KULIAH\PKL\Sistem-Informasi-Skripsi\system\View\View.php(198): CodeIgniter\Exceptions\FrameworkException::forInvalidFile('v_login_admin.p...')
#1 C:\Users\User\KULIAH\PKL\Sistem-Informasi-Skripsi\system\Common.php(1097): CodeIgniter\View\View->render('v_login_admin', Array, true)
#2 C:\Users\User\KULIAH\PKL\Sistem-Informasi-Skripsi\app\Controllers\LoginAdmin.php(52): view('v_login_admin')
#3 C:\Users\User\KULIAH\PKL\Sistem-Informasi-Skripsi\system\CodeIgniter.php(824): App\Controllers\LoginAdmin->index()
#4 C:\Users\User\KULIAH\PKL\Sistem-Informasi-Skripsi\system\CodeIgniter.php(410): CodeIgniter\CodeIgniter->runController(Object(App\Controllers\LoginAdmin))
#5 C:\Users\User\KULIAH\PKL\Sistem-Informasi-Skripsi\system\CodeIgniter.php(318): CodeIgniter\CodeIgniter->handleRequest(NULL, Object(Config\Cache), false)
#6 C:\Users\User\KULIAH\PKL\Sistem-Informasi-Skripsi\public\index.php(37): CodeIgniter\CodeIgniter->run()
#7 C:\Users\User\KULIAH\PKL\Sistem-Informasi-Skripsi\system\Commands\Server\rewrite.php(43): require_once('C:\\Users\\User\\K...')
#8 {main}
CRITICAL - 2022-01-10 23:30:35 --> Invalid file: v_login_admin.php
#0 C:\Users\User\KULIAH\PKL\Sistem-Informasi-Skripsi\system\View\View.php(198): CodeIgniter\Exceptions\FrameworkException::forInvalidFile('v_login_admin.p...')
#1 C:\Users\User\KULIAH\PKL\Sistem-Informasi-Skripsi\system\Common.php(1097): CodeIgniter\View\View->render('v_login_admin', Array, true)
#2 C:\Users\User\KULIAH\PKL\Sistem-Informasi-Skripsi\app\Controllers\LoginAdmin.php(52): view('v_login_admin')
#3 C:\Users\User\KULIAH\PKL\Sistem-Informasi-Skripsi\system\CodeIgniter.php(824): App\Controllers\LoginAdmin->index()
#4 C:\Users\User\KULIAH\PKL\Sistem-Informasi-Skripsi\system\CodeIgniter.php(410): CodeIgniter\CodeIgniter->runController(Object(App\Controllers\LoginAdmin))
#5 C:\Users\User\KULIAH\PKL\Sistem-Informasi-Skripsi\system\CodeIgniter.php(318): CodeIgniter\CodeIgniter->handleRequest(NULL, Object(Config\Cache), false)
#6 C:\Users\User\KULIAH\PKL\Sistem-Informasi-Skripsi\public\index.php(37): CodeIgniter\CodeIgniter->run()
#7 C:\Users\User\KULIAH\PKL\Sistem-Informasi-Skripsi\system\Commands\Server\rewrite.php(43): require_once('C:\\Users\\User\\K...')
#8 {main}
CRITICAL - 2022-01-10 23:30:36 --> Invalid file: v_login_admin.php
#0 C:\Users\User\KULIAH\PKL\Sistem-Informasi-Skripsi\system\View\View.php(198): CodeIgniter\Exceptions\FrameworkException::forInvalidFile('v_login_admin.p...')
#1 C:\Users\User\KULIAH\PKL\Sistem-Informasi-Skripsi\system\Common.php(1097): CodeIgniter\View\View->render('v_login_admin', Array, true)
#2 C:\Users\User\KULIAH\PKL\Sistem-Informasi-Skripsi\app\Controllers\LoginAdmin.php(52): view('v_login_admin')
#3 C:\Users\User\KULIAH\PKL\Sistem-Informasi-Skripsi\system\CodeIgniter.php(824): App\Controllers\LoginAdmin->index()
#4 C:\Users\User\KULIAH\PKL\Sistem-Informasi-Skripsi\system\CodeIgniter.php(410): CodeIgniter\CodeIgniter->runController(Object(App\Controllers\LoginAdmin))
#5 C:\Users\User\KULIAH\PKL\Sistem-Informasi-Skripsi\system\CodeIgniter.php(318): CodeIgniter\CodeIgniter->handleRequest(NULL, Object(Config\Cache), false)
#6 C:\Users\User\KULIAH\PKL\Sistem-Informasi-Skripsi\public\index.php(37): CodeIgniter\CodeIgniter->run()
#7 C:\Users\User\KULIAH\PKL\Sistem-Informasi-Skripsi\system\Commands\Server\rewrite.php(43): require_once('C:\\Users\\User\\K...')
#8 {main}
CRITICAL - 2022-01-10 23:30:36 --> Invalid file: v_login_admin.php
#0 C:\Users\User\KULIAH\PKL\Sistem-Informasi-Skripsi\system\View\View.php(198): CodeIgniter\Exceptions\FrameworkException::forInvalidFile('v_login_admin.p...')
#1 C:\Users\User\KULIAH\PKL\Sistem-Informasi-Skripsi\system\Common.php(1097): CodeIgniter\View\View->render('v_login_admin', Array, true)
#2 C:\Users\User\KULIAH\PKL\Sistem-Informasi-Skripsi\app\Controllers\LoginAdmin.php(52): view('v_login_admin')
#3 C:\Users\User\KULIAH\PKL\Sistem-Informasi-Skripsi\system\CodeIgniter.php(824): App\Controllers\LoginAdmin->index()
#4 C:\Users\User\KULIAH\PKL\Sistem-Informasi-Skripsi\system\CodeIgniter.php(410): CodeIgniter\CodeIgniter->runController(Object(App\Controllers\LoginAdmin))
#5 C:\Users\User\KULIAH\PKL\Sistem-Informasi-Skripsi\system\CodeIgniter.php(318): CodeIgniter\CodeIgniter->handleRequest(NULL, Object(Config\Cache), false)
#6 C:\Users\User\KULIAH\PKL\Sistem-Informasi-Skripsi\public\index.php(37): CodeIgniter\CodeIgniter->run()
#7 C:\Users\User\KULIAH\PKL\Sistem-Informasi-Skripsi\system\Commands\Server\rewrite.php(43): require_once('C:\\Users\\User\\K...')
#8 {main}
CRITICAL - 2022-01-10 23:31:06 --> Invalid file: v_login_admin.php
#0 C:\Users\User\KULIAH\PKL\Sistem-Informasi-Skripsi\system\View\View.php(198): CodeIgniter\Exceptions\FrameworkException::forInvalidFile('v_login_admin.p...')
#1 C:\Users\User\KULIAH\PKL\Sistem-Informasi-Skripsi\system\Common.php(1097): CodeIgniter\View\View->render('v_login_admin', Array, true)
#2 C:\Users\User\KULIAH\PKL\Sistem-Informasi-Skripsi\app\Controllers\LoginAdmin.php(52): view('v_login_admin')
#3 C:\Users\User\KULIAH\PKL\Sistem-Informasi-Skripsi\system\CodeIgniter.php(824): App\Controllers\LoginAdmin->index()
#4 C:\Users\User\KULIAH\PKL\Sistem-Informasi-Skripsi\system\CodeIgniter.php(410): CodeIgniter\CodeIgniter->runController(Object(App\Controllers\LoginAdmin))
#5 C:\Users\User\KULIAH\PKL\Sistem-Informasi-Skripsi\system\CodeIgniter.php(318): CodeIgniter\CodeIgniter->handleRequest(NULL, Object(Config\Cache), false)
#6 C:\Users\User\KULIAH\PKL\Sistem-Informasi-Skripsi\public\index.php(37): CodeIgniter\CodeIgniter->run()
#7 C:\Users\User\KULIAH\PKL\Sistem-Informasi-Skripsi\system\Commands\Server\rewrite.php(43): require_once('C:\\Users\\User\\K...')
#8 {main}
CRITICAL - 2022-01-10 23:32:08 --> Invalid file: v_login_admin.php
#0 C:\Users\User\KULIAH\PKL\Sistem-Informasi-Skripsi\system\View\View.php(198): CodeIgniter\Exceptions\FrameworkException::forInvalidFile('v_login_admin.p...')
#1 C:\Users\User\KULIAH\PKL\Sistem-Informasi-Skripsi\system\Common.php(1097): CodeIgniter\View\View->render('v_login_admin', Array, true)
#2 C:\Users\User\KULIAH\PKL\Sistem-Informasi-Skripsi\app\Controllers\LoginAdmin.php(52): view('v_login_admin')
#3 C:\Users\User\KULIAH\PKL\Sistem-Informasi-Skripsi\system\CodeIgniter.php(824): App\Controllers\LoginAdmin->index()
#4 C:\Users\User\KULIAH\PKL\Sistem-Informasi-Skripsi\system\CodeIgniter.php(410): CodeIgniter\CodeIgniter->runController(Object(App\Controllers\LoginAdmin))
#5 C:\Users\User\KULIAH\PKL\Sistem-Informasi-Skripsi\system\CodeIgniter.php(318): CodeIgniter\CodeIgniter->handleRequest(NULL, Object(Config\Cache), false)
#6 C:\Users\User\KULIAH\PKL\Sistem-Informasi-Skripsi\public\index.php(37): CodeIgniter\CodeIgniter->run()
#7 C:\Users\User\KULIAH\PKL\Sistem-Informasi-Skripsi\system\Commands\Server\rewrite.php(43): require_once('C:\\Users\\User\\K...')
#8 {main}
CRITICAL - 2022-01-10 23:33:39 --> Invalid file: v_login_admin.php
#0 C:\Users\User\KULIAH\PKL\Sistem-Informasi-Skripsi\system\View\View.php(198): CodeIgniter\Exceptions\FrameworkException::forInvalidFile('v_login_admin.p...')
#1 C:\Users\User\KULIAH\PKL\Sistem-Informasi-Skripsi\system\Common.php(1097): CodeIgniter\View\View->render('v_login_admin', Array, true)
#2 C:\Users\User\KULIAH\PKL\Sistem-Informasi-Skripsi\app\Controllers\LoginAdmin.php(52): view('v_login_admin')
#3 C:\Users\User\KULIAH\PKL\Sistem-Informasi-Skripsi\system\CodeIgniter.php(824): App\Controllers\LoginAdmin->index()
#4 C:\Users\User\KULIAH\PKL\Sistem-Informasi-Skripsi\system\CodeIgniter.php(410): CodeIgniter\CodeIgniter->runController(Object(App\Controllers\LoginAdmin))
#5 C:\Users\User\KULIAH\PKL\Sistem-Informasi-Skripsi\system\CodeIgniter.php(318): CodeIgniter\CodeIgniter->handleRequest(NULL, Object(Config\Cache), false)
#6 C:\Users\User\KULIAH\PKL\Sistem-Informasi-Skripsi\public\index.php(37): CodeIgniter\CodeIgniter->run()
#7 C:\Users\User\KULIAH\PKL\Sistem-Informasi-Skripsi\system\Commands\Server\rewrite.php(43): require_once('C:\\Users\\User\\K...')
#8 {main}
CRITICAL - 2022-01-10 23:33:40 --> Invalid file: v_login_admin.php
#0 C:\Users\User\KULIAH\PKL\Sistem-Informasi-Skripsi\system\View\View.php(198): CodeIgniter\Exceptions\FrameworkException::forInvalidFile('v_login_admin.p...')
#1 C:\Users\User\KULIAH\PKL\Sistem-Informasi-Skripsi\system\Common.php(1097): CodeIgniter\View\View->render('v_login_admin', Array, true)
#2 C:\Users\User\KULIAH\PKL\Sistem-Informasi-Skripsi\app\Controllers\LoginAdmin.php(52): view('v_login_admin')
#3 C:\Users\User\KULIAH\PKL\Sistem-Informasi-Skripsi\system\CodeIgniter.php(824): App\Controllers\LoginAdmin->index()
#4 C:\Users\User\KULIAH\PKL\Sistem-Informasi-Skripsi\system\CodeIgniter.php(410): CodeIgniter\CodeIgniter->runController(Object(App\Controllers\LoginAdmin))
#5 C:\Users\User\KULIAH\PKL\Sistem-Informasi-Skripsi\system\CodeIgniter.php(318): CodeIgniter\CodeIgniter->handleRequest(NULL, Object(Config\Cache), false)
#6 C:\Users\User\KULIAH\PKL\Sistem-Informasi-Skripsi\public\index.php(37): CodeIgniter\CodeIgniter->run()
#7 C:\Users\User\KULIAH\PKL\Sistem-Informasi-Skripsi\system\Commands\Server\rewrite.php(43): require_once('C:\\Users\\User\\K...')
#8 {main}
CRITICAL - 2022-01-10 23:33:40 --> Invalid file: v_login_admin.php
#0 C:\Users\User\KULIAH\PKL\Sistem-Informasi-Skripsi\system\View\View.php(198): CodeIgniter\Exceptions\FrameworkException::forInvalidFile('v_login_admin.p...')
#1 C:\Users\User\KULIAH\PKL\Sistem-Informasi-Skripsi\system\Common.php(1097): CodeIgniter\View\View->render('v_login_admin', Array, true)
#2 C:\Users\User\KULIAH\PKL\Sistem-Informasi-Skripsi\app\Controllers\LoginAdmin.php(52): view('v_login_admin')
#3 C:\Users\User\KULIAH\PKL\Sistem-Informasi-Skripsi\system\CodeIgniter.php(824): App\Controllers\LoginAdmin->index()
#4 C:\Users\User\KULIAH\PKL\Sistem-Informasi-Skripsi\system\CodeIgniter.php(410): CodeIgniter\CodeIgniter->runController(Object(App\Controllers\LoginAdmin))
#5 C:\Users\User\KULIAH\PKL\Sistem-Informasi-Skripsi\system\CodeIgniter.php(318): CodeIgniter\CodeIgniter->handleRequest(NULL, Object(Config\Cache), false)
#6 C:\Users\User\KULIAH\PKL\Sistem-Informasi-Skripsi\public\index.php(37): CodeIgniter\CodeIgniter->run()
#7 C:\Users\User\KULIAH\PKL\Sistem-Informasi-Skripsi\system\Commands\Server\rewrite.php(43): require_once('C:\\Users\\User\\K...')
#8 {main}
CRITICAL - 2022-01-10 23:35:46 --> Invalid file: v_login_admin.php
#0 C:\Users\User\KULIAH\PKL\Sistem-Informasi-Skripsi\system\View\View.php(198): CodeIgniter\Exceptions\FrameworkException::forInvalidFile('v_login_admin.p...')
#1 C:\Users\User\KULIAH\PKL\Sistem-Informasi-Skripsi\system\Common.php(1097): CodeIgniter\View\View->render('v_login_admin', Array, true)
#2 C:\Users\User\KULIAH\PKL\Sistem-Informasi-Skripsi\app\Controllers\LoginAdmin.php(52): view('v_login_admin')
#3 C:\Users\User\KULIAH\PKL\Sistem-Informasi-Skripsi\system\CodeIgniter.php(824): App\Controllers\LoginAdmin->index()
#4 C:\Users\User\KULIAH\PKL\Sistem-Informasi-Skripsi\system\CodeIgniter.php(410): CodeIgniter\CodeIgniter->runController(Object(App\Controllers\LoginAdmin))
#5 C:\Users\User\KULIAH\PKL\Sistem-Informasi-Skripsi\system\CodeIgniter.php(318): CodeIgniter\CodeIgniter->handleRequest(NULL, Object(Config\Cache), false)
#6 C:\Users\User\KULIAH\PKL\Sistem-Informasi-Skripsi\public\index.php(37): CodeIgniter\CodeIgniter->run()
#7 C:\Users\User\KULIAH\PKL\Sistem-Informasi-Skripsi\system\Commands\Server\rewrite.php(43): require_once('C:\\Users\\User\\K...')
#8 {main}
CRITICAL - 2022-01-10 23:36:23 --> Invalid file: v_login_admin.php
#0 C:\Users\User\KULIAH\PKL\Sistem-Informasi-Skripsi\system\View\View.php(198): CodeIgniter\Exceptions\FrameworkException::forInvalidFile('v_login_admin.p...')
#1 C:\Users\User\KULIAH\PKL\Sistem-Informasi-Skripsi\system\Common.php(1097): CodeIgniter\View\View->render('v_login_admin', Array, true)
#2 C:\Users\User\KULIAH\PKL\Sistem-Informasi-Skripsi\app\Controllers\LoginAdmin.php(52): view('v_login_admin')
#3 C:\Users\User\KULIAH\PKL\Sistem-Informasi-Skripsi\system\CodeIgniter.php(824): App\Controllers\LoginAdmin->index()
#4 C:\Users\User\KULIAH\PKL\Sistem-Informasi-Skripsi\system\CodeIgniter.php(410): CodeIgniter\CodeIgniter->runController(Object(App\Controllers\LoginAdmin))
#5 C:\Users\User\KULIAH\PKL\Sistem-Informasi-Skripsi\system\CodeIgniter.php(318): CodeIgniter\CodeIgniter->handleRequest(NULL, Object(Config\Cache), false)
#6 C:\Users\User\KULIAH\PKL\Sistem-Informasi-Skripsi\public\index.php(37): CodeIgniter\CodeIgniter->run()
#7 C:\Users\User\KULIAH\PKL\Sistem-Informasi-Skripsi\system\Commands\Server\rewrite.php(43): require_once('C:\\Users\\User\\K...')
#8 {main}
