ERROR - 2022-01-31 21:34:08 --> Duplicate entry '1917051025' for key 'PRIMARY'
CRITICAL - 2022-01-31 21:34:08 --> Duplicate entry '1917051025' for key 'PRIMARY'
#0 C:\Users\User\KULIAH\PKL\Sistem-Informasi-Skripsi\system\Database\MySQLi\Connection.php(292): mysqli->query('INSERT INTO `da...', 0)
#1 C:\Users\User\KULIAH\PKL\Sistem-Informasi-Skripsi\system\Database\BaseConnection.php(670): CodeIgniter\Database\MySQLi\Connection->execute('INSERT INTO `da...')
#2 C:\Users\User\KULIAH\PKL\Sistem-Informasi-Skripsi\system\Database\BaseConnection.php(598): CodeIgniter\Database\BaseConnection->simpleQuery('INSERT INTO `da...')
#3 C:\Users\User\KULIAH\PKL\Sistem-Informasi-Skripsi\system\Database\BaseBuilder.php(1759): CodeIgniter\Database\BaseConnection->query('INSERT INTO `da...', Array, false)
#4 C:\Users\User\KULIAH\PKL\Sistem-Informasi-Skripsi\system\Model.php(239): CodeIgniter\Database\BaseBuilder->insert()
#5 C:\Users\User\KULIAH\PKL\Sistem-Informasi-Skripsi\system\BaseModel.php(738): CodeIgniter\Model->doInsert(Array)
#6 C:\Users\User\KULIAH\PKL\Sistem-Informasi-Skripsi\system\Model.php(620): CodeIgniter\BaseModel->insert(Array, true)
#7 C:\Users\User\KULIAH\PKL\Sistem-Informasi-Skripsi\app\Controllers\Mahasiswa.php(165): CodeIgniter\Model->insert(Array)
#8 C:\Users\User\KULIAH\PKL\Sistem-Informasi-Skripsi\system\CodeIgniter.php(824): App\Controllers\Mahasiswa->tambah_pengajuan_judul()
#9 C:\Users\User\KULIAH\PKL\Sistem-Informasi-Skripsi\system\CodeIgniter.php(410): CodeIgniter\CodeIgniter->runController(Object(App\Controllers\Mahasiswa))
#10 C:\Users\User\KULIAH\PKL\Sistem-Informasi-Skripsi\system\CodeIgniter.php(318): CodeIgniter\CodeIgniter->handleRequest(NULL, Object(Config\Cache), false)
#11 C:\Users\User\KULIAH\PKL\Sistem-Informasi-Skripsi\public\index.php(37): CodeIgniter\CodeIgniter->run()
#12 C:\Users\User\KULIAH\PKL\Sistem-Informasi-Skripsi\system\Commands\Server\rewrite.php(43): require_once('C:\\Users\\User\\K...')
#13 {main}
ERROR - 2022-01-31 21:34:20 --> Duplicate entry '1917051025' for key 'PRIMARY'
CRITICAL - 2022-01-31 21:34:20 --> Duplicate entry '1917051025' for key 'PRIMARY'
#0 C:\Users\User\KULIAH\PKL\Sistem-Informasi-Skripsi\system\Database\MySQLi\Connection.php(292): mysqli->query('INSERT INTO `da...', 0)
#1 C:\Users\User\KULIAH\PKL\Sistem-Informasi-Skripsi\system\Database\BaseConnection.php(670): CodeIgniter\Database\MySQLi\Connection->execute('INSERT INTO `da...')
#2 C:\Users\User\KULIAH\PKL\Sistem-Informasi-Skripsi\system\Database\BaseConnection.php(598): CodeIgniter\Database\BaseConnection->simpleQuery('INSERT INTO `da...')
#3 C:\Users\User\KULIAH\PKL\Sistem-Informasi-Skripsi\system\Database\BaseBuilder.php(1759): CodeIgniter\Database\BaseConnection->query('INSERT INTO `da...', Array, false)
#4 C:\Users\User\KULIAH\PKL\Sistem-Informasi-Skripsi\system\Model.php(239): CodeIgniter\Database\BaseBuilder->insert()
#5 C:\Users\User\KULIAH\PKL\Sistem-Informasi-Skripsi\system\BaseModel.php(738): CodeIgniter\Model->doInsert(Array)
#6 C:\Users\User\KULIAH\PKL\Sistem-Informasi-Skripsi\system\Model.php(620): CodeIgniter\BaseModel->insert(Array, true)
#7 C:\Users\User\KULIAH\PKL\Sistem-Informasi-Skripsi\app\Controllers\Mahasiswa.php(165): CodeIgniter\Model->insert(Array)
#8 C:\Users\User\KULIAH\PKL\Sistem-Informasi-Skripsi\system\CodeIgniter.php(824): App\Controllers\Mahasiswa->tambah_pengajuan_judul()
#9 C:\Users\User\KULIAH\PKL\Sistem-Informasi-Skripsi\system\CodeIgniter.php(410): CodeIgniter\CodeIgniter->runController(Object(App\Controllers\Mahasiswa))
#10 C:\Users\User\KULIAH\PKL\Sistem-Informasi-Skripsi\system\CodeIgniter.php(318): CodeIgniter\CodeIgniter->handleRequest(NULL, Object(Config\Cache), false)
#11 C:\Users\User\KULIAH\PKL\Sistem-Informasi-Skripsi\public\index.php(37): CodeIgniter\CodeIgniter->run()
#12 C:\Users\User\KULIAH\PKL\Sistem-Informasi-Skripsi\system\Commands\Server\rewrite.php(43): require_once('C:\\Users\\User\\K...')
#13 {main}
ERROR - 2022-01-31 21:34:45 --> Duplicate entry '1917051025' for key 'PRIMARY'
CRITICAL - 2022-01-31 21:34:45 --> Duplicate entry '1917051025' for key 'PRIMARY'
#0 C:\Users\User\KULIAH\PKL\Sistem-Informasi-Skripsi\system\Database\MySQLi\Connection.php(292): mysqli->query('INSERT INTO `da...', 0)
#1 C:\Users\User\KULIAH\PKL\Sistem-Informasi-Skripsi\system\Database\BaseConnection.php(670): CodeIgniter\Database\MySQLi\Connection->execute('INSERT INTO `da...')
#2 C:\Users\User\KULIAH\PKL\Sistem-Informasi-Skripsi\system\Database\BaseConnection.php(598): CodeIgniter\Database\BaseConnection->simpleQuery('INSERT INTO `da...')
#3 C:\Users\User\KULIAH\PKL\Sistem-Informasi-Skripsi\system\Database\BaseBuilder.php(1759): CodeIgniter\Database\BaseConnection->query('INSERT INTO `da...', Array, false)
#4 C:\Users\User\KULIAH\PKL\Sistem-Informasi-Skripsi\system\Model.php(239): CodeIgniter\Database\BaseBuilder->insert()
#5 C:\Users\User\KULIAH\PKL\Sistem-Informasi-Skripsi\system\BaseModel.php(738): CodeIgniter\Model->doInsert(Array)
#6 C:\Users\User\KULIAH\PKL\Sistem-Informasi-Skripsi\system\Model.php(620): CodeIgniter\BaseModel->insert(Array, true)
#7 C:\Users\User\KULIAH\PKL\Sistem-Informasi-Skripsi\app\Controllers\Mahasiswa.php(165): CodeIgniter\Model->insert(Array)
#8 C:\Users\User\KULIAH\PKL\Sistem-Informasi-Skripsi\system\CodeIgniter.php(824): App\Controllers\Mahasiswa->tambah_pengajuan_judul()
#9 C:\Users\User\KULIAH\PKL\Sistem-Informasi-Skripsi\system\CodeIgniter.php(410): CodeIgniter\CodeIgniter->runController(Object(App\Controllers\Mahasiswa))
#10 C:\Users\User\KULIAH\PKL\Sistem-Informasi-Skripsi\system\CodeIgniter.php(318): CodeIgniter\CodeIgniter->handleRequest(NULL, Object(Config\Cache), false)
#11 C:\Users\User\KULIAH\PKL\Sistem-Informasi-Skripsi\public\index.php(37): CodeIgniter\CodeIgniter->run()
#12 C:\Users\User\KULIAH\PKL\Sistem-Informasi-Skripsi\system\Commands\Server\rewrite.php(43): require_once('C:\\Users\\User\\K...')
#13 {main}
ERROR - 2022-01-31 21:34:52 --> Duplicate entry '1917051025' for key 'PRIMARY'
CRITICAL - 2022-01-31 21:34:52 --> Duplicate entry '1917051025' for key 'PRIMARY'
#0 C:\Users\User\KULIAH\PKL\Sistem-Informasi-Skripsi\system\Database\MySQLi\Connection.php(292): mysqli->query('INSERT INTO `da...', 0)
#1 C:\Users\User\KULIAH\PKL\Sistem-Informasi-Skripsi\system\Database\BaseConnection.php(670): CodeIgniter\Database\MySQLi\Connection->execute('INSERT INTO `da...')
#2 C:\Users\User\KULIAH\PKL\Sistem-Informasi-Skripsi\system\Database\BaseConnection.php(598): CodeIgniter\Database\BaseConnection->simpleQuery('INSERT INTO `da...')
#3 C:\Users\User\KULIAH\PKL\Sistem-Informasi-Skripsi\system\Database\BaseBuilder.php(1759): CodeIgniter\Database\BaseConnection->query('INSERT INTO `da...', Array, false)
#4 C:\Users\User\KULIAH\PKL\Sistem-Informasi-Skripsi\system\Model.php(239): CodeIgniter\Database\BaseBuilder->insert()
#5 C:\Users\User\KULIAH\PKL\Sistem-Informasi-Skripsi\system\BaseModel.php(738): CodeIgniter\Model->doInsert(Array)
#6 C:\Users\User\KULIAH\PKL\Sistem-Informasi-Skripsi\system\Model.php(620): CodeIgniter\BaseModel->insert(Array, true)
#7 C:\Users\User\KULIAH\PKL\Sistem-Informasi-Skripsi\app\Controllers\Mahasiswa.php(165): CodeIgniter\Model->insert(Array)
#8 C:\Users\User\KULIAH\PKL\Sistem-Informasi-Skripsi\system\CodeIgniter.php(824): App\Controllers\Mahasiswa->tambah_pengajuan_judul()
#9 C:\Users\User\KULIAH\PKL\Sistem-Informasi-Skripsi\system\CodeIgniter.php(410): CodeIgniter\CodeIgniter->runController(Object(App\Controllers\Mahasiswa))
#10 C:\Users\User\KULIAH\PKL\Sistem-Informasi-Skripsi\system\CodeIgniter.php(318): CodeIgniter\CodeIgniter->handleRequest(NULL, Object(Config\Cache), false)
#11 C:\Users\User\KULIAH\PKL\Sistem-Informasi-Skripsi\public\index.php(37): CodeIgniter\CodeIgniter->run()
#12 C:\Users\User\KULIAH\PKL\Sistem-Informasi-Skripsi\system\Commands\Server\rewrite.php(43): require_once('C:\\Users\\User\\K...')
#13 {main}
ERROR - 2022-01-31 21:35:14 --> Duplicate entry '1917051025' for key 'PRIMARY'
CRITICAL - 2022-01-31 21:35:14 --> Duplicate entry '1917051025' for key 'PRIMARY'
#0 C:\Users\User\KULIAH\PKL\Sistem-Informasi-Skripsi\system\Database\MySQLi\Connection.php(292): mysqli->query('INSERT INTO `da...', 0)
#1 C:\Users\User\KULIAH\PKL\Sistem-Informasi-Skripsi\system\Database\BaseConnection.php(670): CodeIgniter\Database\MySQLi\Connection->execute('INSERT INTO `da...')
#2 C:\Users\User\KULIAH\PKL\Sistem-Informasi-Skripsi\system\Database\BaseConnection.php(598): CodeIgniter\Database\BaseConnection->simpleQuery('INSERT INTO `da...')
#3 C:\Users\User\KULIAH\PKL\Sistem-Informasi-Skripsi\system\Database\BaseBuilder.php(1759): CodeIgniter\Database\BaseConnection->query('INSERT INTO `da...', Array, false)
#4 C:\Users\User\KULIAH\PKL\Sistem-Informasi-Skripsi\system\Model.php(239): CodeIgniter\Database\BaseBuilder->insert()
#5 C:\Users\User\KULIAH\PKL\Sistem-Informasi-Skripsi\system\BaseModel.php(738): CodeIgniter\Model->doInsert(Array)
#6 C:\Users\User\KULIAH\PKL\Sistem-Informasi-Skripsi\system\Model.php(620): CodeIgniter\BaseModel->insert(Array, true)
#7 C:\Users\User\KULIAH\PKL\Sistem-Informasi-Skripsi\app\Controllers\Mahasiswa.php(165): CodeIgniter\Model->insert(Array)
#8 C:\Users\User\KULIAH\PKL\Sistem-Informasi-Skripsi\system\CodeIgniter.php(824): App\Controllers\Mahasiswa->tambah_pengajuan_judul()
#9 C:\Users\User\KULIAH\PKL\Sistem-Informasi-Skripsi\system\CodeIgniter.php(410): CodeIgniter\CodeIgniter->runController(Object(App\Controllers\Mahasiswa))
#10 C:\Users\User\KULIAH\PKL\Sistem-Informasi-Skripsi\system\CodeIgniter.php(318): CodeIgniter\CodeIgniter->handleRequest(NULL, Object(Config\Cache), false)
#11 C:\Users\User\KULIAH\PKL\Sistem-Informasi-Skripsi\public\index.php(37): CodeIgniter\CodeIgniter->run()
#12 C:\Users\User\KULIAH\PKL\Sistem-Informasi-Skripsi\system\Commands\Server\rewrite.php(43): require_once('C:\\Users\\User\\K...')
#13 {main}
ERROR - 2022-01-31 21:36:09 --> Duplicate entry '1917051025' for key 'PRIMARY'
CRITICAL - 2022-01-31 21:36:09 --> Duplicate entry '1917051025' for key 'PRIMARY'
#0 C:\Users\User\KULIAH\PKL\Sistem-Informasi-Skripsi\system\Database\MySQLi\Connection.php(292): mysqli->query('INSERT INTO `da...', 0)
#1 C:\Users\User\KULIAH\PKL\Sistem-Informasi-Skripsi\system\Database\BaseConnection.php(670): CodeIgniter\Database\MySQLi\Connection->execute('INSERT INTO `da...')
#2 C:\Users\User\KULIAH\PKL\Sistem-Informasi-Skripsi\system\Database\BaseConnection.php(598): CodeIgniter\Database\BaseConnection->simpleQuery('INSERT INTO `da...')
#3 C:\Users\User\KULIAH\PKL\Sistem-Informasi-Skripsi\system\Database\BaseBuilder.php(1759): CodeIgniter\Database\BaseConnection->query('INSERT INTO `da...', Array, false)
#4 C:\Users\User\KULIAH\PKL\Sistem-Informasi-Skripsi\system\Model.php(239): CodeIgniter\Database\BaseBuilder->insert()
#5 C:\Users\User\KULIAH\PKL\Sistem-Informasi-Skripsi\system\BaseModel.php(738): CodeIgniter\Model->doInsert(Array)
#6 C:\Users\User\KULIAH\PKL\Sistem-Informasi-Skripsi\system\Model.php(620): CodeIgniter\BaseModel->insert(Array, true)
#7 C:\Users\User\KULIAH\PKL\Sistem-Informasi-Skripsi\app\Controllers\Mahasiswa.php(165): CodeIgniter\Model->insert(Array)
#8 C:\Users\User\KULIAH\PKL\Sistem-Informasi-Skripsi\system\CodeIgniter.php(824): App\Controllers\Mahasiswa->tambah_pengajuan_judul()
#9 C:\Users\User\KULIAH\PKL\Sistem-Informasi-Skripsi\system\CodeIgniter.php(410): CodeIgniter\CodeIgniter->runController(Object(App\Controllers\Mahasiswa))
#10 C:\Users\User\KULIAH\PKL\Sistem-Informasi-Skripsi\system\CodeIgniter.php(318): CodeIgniter\CodeIgniter->handleRequest(NULL, Object(Config\Cache), false)
#11 C:\Users\User\KULIAH\PKL\Sistem-Informasi-Skripsi\public\index.php(37): CodeIgniter\CodeIgniter->run()
#12 C:\Users\User\KULIAH\PKL\Sistem-Informasi-Skripsi\system\Commands\Server\rewrite.php(43): require_once('C:\\Users\\User\\K...')
#13 {main}
ERROR - 2022-01-31 21:39:18 --> Duplicate entry '19170510' for key 'PRIMARY'
CRITICAL - 2022-01-31 21:39:18 --> Duplicate entry '19170510' for key 'PRIMARY'
#0 C:\Users\User\KULIAH\PKL\Sistem-Informasi-Skripsi\system\Database\MySQLi\Connection.php(292): mysqli->query('INSERT INTO `da...', 0)
#1 C:\Users\User\KULIAH\PKL\Sistem-Informasi-Skripsi\system\Database\BaseConnection.php(670): CodeIgniter\Database\MySQLi\Connection->execute('INSERT INTO `da...')
#2 C:\Users\User\KULIAH\PKL\Sistem-Informasi-Skripsi\system\Database\BaseConnection.php(598): CodeIgniter\Database\BaseConnection->simpleQuery('INSERT INTO `da...')
#3 C:\Users\User\KULIAH\PKL\Sistem-Informasi-Skripsi\system\Database\BaseBuilder.php(1759): CodeIgniter\Database\BaseConnection->query('INSERT INTO `da...', Array, false)
#4 C:\Users\User\KULIAH\PKL\Sistem-Informasi-Skripsi\system\Model.php(239): CodeIgniter\Database\BaseBuilder->insert()
#5 C:\Users\User\KULIAH\PKL\Sistem-Informasi-Skripsi\system\BaseModel.php(738): CodeIgniter\Model->doInsert(Array)
#6 C:\Users\User\KULIAH\PKL\Sistem-Informasi-Skripsi\system\Model.php(620): CodeIgniter\BaseModel->insert(Array, true)
#7 C:\Users\User\KULIAH\PKL\Sistem-Informasi-Skripsi\app\Controllers\Mahasiswa.php(165): CodeIgniter\Model->insert(Array)
#8 C:\Users\User\KULIAH\PKL\Sistem-Informasi-Skripsi\system\CodeIgniter.php(824): App\Controllers\Mahasiswa->tambah_pengajuan_judul()
#9 C:\Users\User\KULIAH\PKL\Sistem-Informasi-Skripsi\system\CodeIgniter.php(410): CodeIgniter\CodeIgniter->runController(Object(App\Controllers\Mahasiswa))
#10 C:\Users\User\KULIAH\PKL\Sistem-Informasi-Skripsi\system\CodeIgniter.php(318): CodeIgniter\CodeIgniter->handleRequest(NULL, Object(Config\Cache), false)
#11 C:\Users\User\KULIAH\PKL\Sistem-Informasi-Skripsi\public\index.php(37): CodeIgniter\CodeIgniter->run()
#12 C:\Users\User\KULIAH\PKL\Sistem-Informasi-Skripsi\system\Commands\Server\rewrite.php(43): require_once('C:\\Users\\User\\K...')
#13 {main}
CRITICAL - 2022-01-31 22:10:30 --> fopen(logo.PNG): Failed to open stream: No such file or directory
#0 [internal function]: CodeIgniter\Debug\Exceptions->errorHandler(2, 'fopen(logo.PNG)...', 'C:\\Users\\User\\K...', 1280)
#1 C:\Users\User\KULIAH\PKL\Sistem-Informasi-Skripsi\app\Libraries\fpdf.php(1280): fopen('logo.PNG', 'rb')
#2 C:\Users\User\KULIAH\PKL\Sistem-Informasi-Skripsi\app\Libraries\fpdf.php(908): FPDF->_parsepng('logo.PNG')
#3 C:\Users\User\KULIAH\PKL\Sistem-Informasi-Skripsi\app\Libraries\fpdf.php(365): FPDF->Image('logo.PNG', 10, 6, 30, 30, 'png')
#4 C:\Users\User\KULIAH\PKL\Sistem-Informasi-Skripsi\app\Libraries\fpdf.php(336): FPDF->Header()
#5 C:\Users\User\KULIAH\PKL\Sistem-Informasi-Skripsi\app\Controllers\Cetak.php(26): FPDF->AddPage('P', 'Legal')
#6 C:\Users\User\KULIAH\PKL\Sistem-Informasi-Skripsi\system\CodeIgniter.php(824): App\Controllers\Cetak->surat_pengajuan_judul('19170510')
#7 C:\Users\User\KULIAH\PKL\Sistem-Informasi-Skripsi\system\CodeIgniter.php(410): CodeIgniter\CodeIgniter->runController(Object(App\Controllers\Cetak))
#8 C:\Users\User\KULIAH\PKL\Sistem-Informasi-Skripsi\system\CodeIgniter.php(318): CodeIgniter\CodeIgniter->handleRequest(NULL, Object(Config\Cache), false)
#9 C:\Users\User\KULIAH\PKL\Sistem-Informasi-Skripsi\public\index.php(37): CodeIgniter\CodeIgniter->run()
#10 C:\Users\User\KULIAH\PKL\Sistem-Informasi-Skripsi\system\Commands\Server\rewrite.php(43): require_once('C:\\Users\\User\\K...')
#11 {main}
CRITICAL - 2022-01-31 22:10:38 --> fopen(logo): Failed to open stream: No such file or directory
#0 [internal function]: CodeIgniter\Debug\Exceptions->errorHandler(2, 'fopen(logo): Fa...', 'C:\\Users\\User\\K...', 1280)
#1 C:\Users\User\KULIAH\PKL\Sistem-Informasi-Skripsi\app\Libraries\fpdf.php(1280): fopen('logo', 'rb')
#2 C:\Users\User\KULIAH\PKL\Sistem-Informasi-Skripsi\app\Libraries\fpdf.php(908): FPDF->_parsepng('logo')
#3 C:\Users\User\KULIAH\PKL\Sistem-Informasi-Skripsi\app\Libraries\fpdf.php(365): FPDF->Image('logo', 10, 6, 30, 30, 'png')
#4 C:\Users\User\KULIAH\PKL\Sistem-Informasi-Skripsi\app\Libraries\fpdf.php(336): FPDF->Header()
#5 C:\Users\User\KULIAH\PKL\Sistem-Informasi-Skripsi\app\Controllers\Cetak.php(26): FPDF->AddPage('P', 'Legal')
#6 C:\Users\User\KULIAH\PKL\Sistem-Informasi-Skripsi\system\CodeIgniter.php(824): App\Controllers\Cetak->surat_pengajuan_judul('19170510')
#7 C:\Users\User\KULIAH\PKL\Sistem-Informasi-Skripsi\system\CodeIgniter.php(410): CodeIgniter\CodeIgniter->runController(Object(App\Controllers\Cetak))
#8 C:\Users\User\KULIAH\PKL\Sistem-Informasi-Skripsi\system\CodeIgniter.php(318): CodeIgniter\CodeIgniter->handleRequest(NULL, Object(Config\Cache), false)
#9 C:\Users\User\KULIAH\PKL\Sistem-Informasi-Skripsi\public\index.php(37): CodeIgniter\CodeIgniter->run()
#10 C:\Users\User\KULIAH\PKL\Sistem-Informasi-Skripsi\system\Commands\Server\rewrite.php(43): require_once('C:\\Users\\User\\K...')
#11 {main}
CRITICAL - 2022-01-31 22:10:49 --> fopen(public\assets\img\logo.PNG): Failed to open stream: No such file or directory
#0 [internal function]: CodeIgniter\Debug\Exceptions->errorHandler(2, 'fopen(public\\as...', 'C:\\Users\\User\\K...', 1280)
#1 C:\Users\User\KULIAH\PKL\Sistem-Informasi-Skripsi\app\Libraries\fpdf.php(1280): fopen('public\\assets\\i...', 'rb')
#2 C:\Users\User\KULIAH\PKL\Sistem-Informasi-Skripsi\app\Libraries\fpdf.php(908): FPDF->_parsepng('public\\assets\\i...')
#3 C:\Users\User\KULIAH\PKL\Sistem-Informasi-Skripsi\app\Libraries\fpdf.php(365): FPDF->Image('public\\assets\\i...', 10, 6, 30, 30, 'png')
#4 C:\Users\User\KULIAH\PKL\Sistem-Informasi-Skripsi\app\Libraries\fpdf.php(336): FPDF->Header()
#5 C:\Users\User\KULIAH\PKL\Sistem-Informasi-Skripsi\app\Controllers\Cetak.php(26): FPDF->AddPage('P', 'Legal')
#6 C:\Users\User\KULIAH\PKL\Sistem-Informasi-Skripsi\system\CodeIgniter.php(824): App\Controllers\Cetak->surat_pengajuan_judul('19170510')
#7 C:\Users\User\KULIAH\PKL\Sistem-Informasi-Skripsi\system\CodeIgniter.php(410): CodeIgniter\CodeIgniter->runController(Object(App\Controllers\Cetak))
#8 C:\Users\User\KULIAH\PKL\Sistem-Informasi-Skripsi\system\CodeIgniter.php(318): CodeIgniter\CodeIgniter->handleRequest(NULL, Object(Config\Cache), false)
#9 C:\Users\User\KULIAH\PKL\Sistem-Informasi-Skripsi\public\index.php(37): CodeIgniter\CodeIgniter->run()
#10 C:\Users\User\KULIAH\PKL\Sistem-Informasi-Skripsi\system\Commands\Server\rewrite.php(43): require_once('C:\\Users\\User\\K...')
#11 {main}
CRITICAL - 2022-01-31 22:11:28 --> fopen(public\assets\img\logo.PNG): Failed to open stream: No such file or directory
#0 [internal function]: CodeIgniter\Debug\Exceptions->errorHandler(2, 'fopen(public\\as...', 'C:\\Users\\User\\K...', 1280)
#1 C:\Users\User\KULIAH\PKL\Sistem-Informasi-Skripsi\app\Libraries\fpdf.php(1280): fopen('public\\assets\\i...', 'rb')
#2 C:\Users\User\KULIAH\PKL\Sistem-Informasi-Skripsi\app\Libraries\fpdf.php(908): FPDF->_parsepng('public\\assets\\i...')
#3 C:\Users\User\KULIAH\PKL\Sistem-Informasi-Skripsi\app\Libraries\fpdf.php(365): FPDF->Image('public\\assets\\i...', 10, 6, 30, 30)
#4 C:\Users\User\KULIAH\PKL\Sistem-Informasi-Skripsi\app\Libraries\fpdf.php(336): FPDF->Header()
#5 C:\Users\User\KULIAH\PKL\Sistem-Informasi-Skripsi\app\Controllers\Cetak.php(26): FPDF->AddPage('P', 'Legal')
#6 C:\Users\User\KULIAH\PKL\Sistem-Informasi-Skripsi\system\CodeIgniter.php(824): App\Controllers\Cetak->surat_pengajuan_judul('19170510')
#7 C:\Users\User\KULIAH\PKL\Sistem-Informasi-Skripsi\system\CodeIgniter.php(410): CodeIgniter\CodeIgniter->runController(Object(App\Controllers\Cetak))
#8 C:\Users\User\KULIAH\PKL\Sistem-Informasi-Skripsi\system\CodeIgniter.php(318): CodeIgniter\CodeIgniter->handleRequest(NULL, Object(Config\Cache), false)
#9 C:\Users\User\KULIAH\PKL\Sistem-Informasi-Skripsi\public\index.php(37): CodeIgniter\CodeIgniter->run()
#10 C:\Users\User\KULIAH\PKL\Sistem-Informasi-Skripsi\system\Commands\Server\rewrite.php(43): require_once('C:\\Users\\User\\K...')
#11 {main}
CRITICAL - 2022-01-31 22:12:02 --> fopen(logo.png): Failed to open stream: No such file or directory
#0 [internal function]: CodeIgniter\Debug\Exceptions->errorHandler(2, 'fopen(logo.png)...', 'C:\\Users\\User\\K...', 1280)
#1 C:\Users\User\KULIAH\PKL\Sistem-Informasi-Skripsi\app\Libraries\fpdf.php(1280): fopen('logo.png', 'rb')
#2 C:\Users\User\KULIAH\PKL\Sistem-Informasi-Skripsi\app\Libraries\fpdf.php(908): FPDF->_parsepng('logo.png')
#3 C:\Users\User\KULIAH\PKL\Sistem-Informasi-Skripsi\app\Libraries\fpdf.php(365): FPDF->Image('logo.png', 10, 10, -300)
#4 C:\Users\User\KULIAH\PKL\Sistem-Informasi-Skripsi\app\Libraries\fpdf.php(336): FPDF->Header()
#5 C:\Users\User\KULIAH\PKL\Sistem-Informasi-Skripsi\app\Controllers\Cetak.php(26): FPDF->AddPage('P', 'Legal')
#6 C:\Users\User\KULIAH\PKL\Sistem-Informasi-Skripsi\system\CodeIgniter.php(824): App\Controllers\Cetak->surat_pengajuan_judul('19170510')
#7 C:\Users\User\KULIAH\PKL\Sistem-Informasi-Skripsi\system\CodeIgniter.php(410): CodeIgniter\CodeIgniter->runController(Object(App\Controllers\Cetak))
#8 C:\Users\User\KULIAH\PKL\Sistem-Informasi-Skripsi\system\CodeIgniter.php(318): CodeIgniter\CodeIgniter->handleRequest(NULL, Object(Config\Cache), false)
#9 C:\Users\User\KULIAH\PKL\Sistem-Informasi-Skripsi\public\index.php(37): CodeIgniter\CodeIgniter->run()
#10 C:\Users\User\KULIAH\PKL\Sistem-Informasi-Skripsi\system\Commands\Server\rewrite.php(43): require_once('C:\\Users\\User\\K...')
#11 {main}
CRITICAL - 2022-01-31 22:12:26 --> fopen(public\assets\img\logo.png): Failed to open stream: No such file or directory
#0 [internal function]: CodeIgniter\Debug\Exceptions->errorHandler(2, 'fopen(public\\as...', 'C:\\Users\\User\\K...', 1280)
#1 C:\Users\User\KULIAH\PKL\Sistem-Informasi-Skripsi\app\Libraries\fpdf.php(1280): fopen('public\\assets\\i...', 'rb')
#2 C:\Users\User\KULIAH\PKL\Sistem-Informasi-Skripsi\app\Libraries\fpdf.php(908): FPDF->_parsepng('public\\assets\\i...')
#3 C:\Users\User\KULIAH\PKL\Sistem-Informasi-Skripsi\app\Libraries\fpdf.php(365): FPDF->Image('public\\assets\\i...', 10, 10, -300)
#4 C:\Users\User\KULIAH\PKL\Sistem-Informasi-Skripsi\app\Libraries\fpdf.php(336): FPDF->Header()
#5 C:\Users\User\KULIAH\PKL\Sistem-Informasi-Skripsi\app\Controllers\Cetak.php(26): FPDF->AddPage('P', 'Legal')
#6 C:\Users\User\KULIAH\PKL\Sistem-Informasi-Skripsi\system\CodeIgniter.php(824): App\Controllers\Cetak->surat_pengajuan_judul('19170510')
#7 C:\Users\User\KULIAH\PKL\Sistem-Informasi-Skripsi\system\CodeIgniter.php(410): CodeIgniter\CodeIgniter->runController(Object(App\Controllers\Cetak))
#8 C:\Users\User\KULIAH\PKL\Sistem-Informasi-Skripsi\system\CodeIgniter.php(318): CodeIgniter\CodeIgniter->handleRequest(NULL, Object(Config\Cache), false)
#9 C:\Users\User\KULIAH\PKL\Sistem-Informasi-Skripsi\public\index.php(37): CodeIgniter\CodeIgniter->run()
#10 C:\Users\User\KULIAH\PKL\Sistem-Informasi-Skripsi\system\Commands\Server\rewrite.php(43): require_once('C:\\Users\\User\\K...')
#11 {main}
CRITICAL - 2022-01-31 22:22:10 --> fopen(unila.png): Failed to open stream: No such file or directory
#0 [internal function]: CodeIgniter\Debug\Exceptions->errorHandler(2, 'fopen(unila.png...', 'C:\\Users\\User\\K...', 1280)
#1 C:\Users\User\KULIAH\PKL\Sistem-Informasi-Skripsi\app\Libraries\fpdf.php(1280): fopen('unila.png', 'rb')
#2 C:\Users\User\KULIAH\PKL\Sistem-Informasi-Skripsi\app\Libraries\fpdf.php(908): FPDF->_parsepng('unila.png')
#3 C:\Users\User\KULIAH\PKL\Sistem-Informasi-Skripsi\app\Libraries\fpdf.php(365): FPDF->Image('unila.png', 10, 10, -300)
#4 C:\Users\User\KULIAH\PKL\Sistem-Informasi-Skripsi\app\Libraries\fpdf.php(336): FPDF->Header()
#5 C:\Users\User\KULIAH\PKL\Sistem-Informasi-Skripsi\app\Controllers\Cetak.php(26): FPDF->AddPage('P', 'Legal')
#6 C:\Users\User\KULIAH\PKL\Sistem-Informasi-Skripsi\system\CodeIgniter.php(824): App\Controllers\Cetak->surat_pengajuan_judul('19170510')
#7 C:\Users\User\KULIAH\PKL\Sistem-Informasi-Skripsi\system\CodeIgniter.php(410): CodeIgniter\CodeIgniter->runController(Object(App\Controllers\Cetak))
#8 C:\Users\User\KULIAH\PKL\Sistem-Informasi-Skripsi\system\CodeIgniter.php(318): CodeIgniter\CodeIgniter->handleRequest(NULL, Object(Config\Cache), false)
#9 C:\Users\User\KULIAH\PKL\Sistem-Informasi-Skripsi\public\index.php(37): CodeIgniter\CodeIgniter->run()
#10 C:\Users\User\KULIAH\PKL\Sistem-Informasi-Skripsi\system\Commands\Server\rewrite.php(43): require_once('C:\\Users\\User\\K...')
#11 {main}
ERROR - 2022-01-31 22:22:16 --> Duplicate entry '19170510' for key 'PRIMARY'
CRITICAL - 2022-01-31 22:22:16 --> Duplicate entry '19170510' for key 'PRIMARY'
#0 C:\Users\User\KULIAH\PKL\Sistem-Informasi-Skripsi\system\Database\MySQLi\Connection.php(292): mysqli->query('INSERT INTO `da...', 0)
#1 C:\Users\User\KULIAH\PKL\Sistem-Informasi-Skripsi\system\Database\BaseConnection.php(670): CodeIgniter\Database\MySQLi\Connection->execute('INSERT INTO `da...')
#2 C:\Users\User\KULIAH\PKL\Sistem-Informasi-Skripsi\system\Database\BaseConnection.php(598): CodeIgniter\Database\BaseConnection->simpleQuery('INSERT INTO `da...')
#3 C:\Users\User\KULIAH\PKL\Sistem-Informasi-Skripsi\system\Database\BaseBuilder.php(1759): CodeIgniter\Database\BaseConnection->query('INSERT INTO `da...', Array, false)
#4 C:\Users\User\KULIAH\PKL\Sistem-Informasi-Skripsi\system\Model.php(239): CodeIgniter\Database\BaseBuilder->insert()
#5 C:\Users\User\KULIAH\PKL\Sistem-Informasi-Skripsi\system\BaseModel.php(738): CodeIgniter\Model->doInsert(Array)
#6 C:\Users\User\KULIAH\PKL\Sistem-Informasi-Skripsi\system\Model.php(620): CodeIgniter\BaseModel->insert(Array, true)
#7 C:\Users\User\KULIAH\PKL\Sistem-Informasi-Skripsi\app\Controllers\Mahasiswa.php(165): CodeIgniter\Model->insert(Array)
#8 C:\Users\User\KULIAH\PKL\Sistem-Informasi-Skripsi\system\CodeIgniter.php(824): App\Controllers\Mahasiswa->tambah_pengajuan_judul()
#9 C:\Users\User\KULIAH\PKL\Sistem-Informasi-Skripsi\system\CodeIgniter.php(410): CodeIgniter\CodeIgniter->runController(Object(App\Controllers\Mahasiswa))
#10 C:\Users\User\KULIAH\PKL\Sistem-Informasi-Skripsi\system\CodeIgniter.php(318): CodeIgniter\CodeIgniter->handleRequest(NULL, Object(Config\Cache), false)
#11 C:\Users\User\KULIAH\PKL\Sistem-Informasi-Skripsi\public\index.php(37): CodeIgniter\CodeIgniter->run()
#12 C:\Users\User\KULIAH\PKL\Sistem-Informasi-Skripsi\system\Commands\Server\rewrite.php(43): require_once('C:\\Users\\User\\K...')
#13 {main}
CRITICAL - 2022-01-31 22:22:23 --> fopen(unila.png): Failed to open stream: No such file or directory
#0 [internal function]: CodeIgniter\Debug\Exceptions->errorHandler(2, 'fopen(unila.png...', 'C:\\Users\\User\\K...', 1280)
#1 C:\Users\User\KULIAH\PKL\Sistem-Informasi-Skripsi\app\Libraries\fpdf.php(1280): fopen('unila.png', 'rb')
#2 C:\Users\User\KULIAH\PKL\Sistem-Informasi-Skripsi\app\Libraries\fpdf.php(908): FPDF->_parsepng('unila.png')
#3 C:\Users\User\KULIAH\PKL\Sistem-Informasi-Skripsi\app\Libraries\fpdf.php(365): FPDF->Image('unila.png', 10, 10, -300)
#4 C:\Users\User\KULIAH\PKL\Sistem-Informasi-Skripsi\app\Libraries\fpdf.php(336): FPDF->Header()
#5 C:\Users\User\KULIAH\PKL\Sistem-Informasi-Skripsi\app\Controllers\Cetak.php(26): FPDF->AddPage('P', 'Legal')
#6 C:\Users\User\KULIAH\PKL\Sistem-Informasi-Skripsi\system\CodeIgniter.php(824): App\Controllers\Cetak->surat_pengajuan_judul('1917051')
#7 C:\Users\User\KULIAH\PKL\Sistem-Informasi-Skripsi\system\CodeIgniter.php(410): CodeIgniter\CodeIgniter->runController(Object(App\Controllers\Cetak))
#8 C:\Users\User\KULIAH\PKL\Sistem-Informasi-Skripsi\system\CodeIgniter.php(318): CodeIgniter\CodeIgniter->handleRequest(NULL, Object(Config\Cache), false)
#9 C:\Users\User\KULIAH\PKL\Sistem-Informasi-Skripsi\public\index.php(37): CodeIgniter\CodeIgniter->run()
#10 C:\Users\User\KULIAH\PKL\Sistem-Informasi-Skripsi\system\Commands\Server\rewrite.php(43): require_once('C:\\Users\\User\\K...')
#11 {main}
CRITICAL - 2022-01-31 22:23:51 --> fopen(unila.png): Failed to open stream: No such file or directory
#0 [internal function]: CodeIgniter\Debug\Exceptions->errorHandler(2, 'fopen(unila.png...', 'C:\\Users\\User\\K...', 1280)
#1 C:\Users\User\KULIAH\PKL\Sistem-Informasi-Skripsi\app\Libraries\fpdf.php(1280): fopen('unila.png', 'rb')
#2 C:\Users\User\KULIAH\PKL\Sistem-Informasi-Skripsi\app\Libraries\fpdf.php(908): FPDF->_parsepng('unila.png')
#3 C:\Users\User\KULIAH\PKL\Sistem-Informasi-Skripsi\app\Libraries\fpdf.php(365): FPDF->Image('unila.png', 10, 10, 10)
#4 C:\Users\User\KULIAH\PKL\Sistem-Informasi-Skripsi\app\Libraries\fpdf.php(336): FPDF->Header()
#5 C:\Users\User\KULIAH\PKL\Sistem-Informasi-Skripsi\app\Controllers\Cetak.php(26): FPDF->AddPage('P', 'Legal')
#6 C:\Users\User\KULIAH\PKL\Sistem-Informasi-Skripsi\system\CodeIgniter.php(824): App\Controllers\Cetak->surat_pengajuan_judul('1917051')
#7 C:\Users\User\KULIAH\PKL\Sistem-Informasi-Skripsi\system\CodeIgniter.php(410): CodeIgniter\CodeIgniter->runController(Object(App\Controllers\Cetak))
#8 C:\Users\User\KULIAH\PKL\Sistem-Informasi-Skripsi\system\CodeIgniter.php(318): CodeIgniter\CodeIgniter->handleRequest(NULL, Object(Config\Cache), false)
#9 C:\Users\User\KULIAH\PKL\Sistem-Informasi-Skripsi\public\index.php(37): CodeIgniter\CodeIgniter->run()
#10 C:\Users\User\KULIAH\PKL\Sistem-Informasi-Skripsi\system\Commands\Server\rewrite.php(43): require_once('C:\\Users\\User\\K...')
#11 {main}
CRITICAL - 2022-01-31 22:25:55 --> fopen(unila.png): Failed to open stream: No such file or directory
#0 [internal function]: CodeIgniter\Debug\Exceptions->errorHandler(2, 'fopen(unila.png...', 'C:\\Users\\User\\K...', 1281)
#1 C:\Users\User\KULIAH\PKL\Sistem-Informasi-Skripsi\app\Libraries\fpdf.php(1281): fopen('unila.png', 'rb')
#2 C:\Users\User\KULIAH\PKL\Sistem-Informasi-Skripsi\app\Libraries\fpdf.php(909): FPDF->_parsepng('unila.png')
#3 C:\Users\User\KULIAH\PKL\Sistem-Informasi-Skripsi\app\Libraries\fpdf.php(364): FPDF->Image('unila.png', 10, 10, 10, 10, 'png')
#4 C:\Users\User\KULIAH\PKL\Sistem-Informasi-Skripsi\app\Libraries\fpdf.php(336): FPDF->Header()
#5 C:\Users\User\KULIAH\PKL\Sistem-Informasi-Skripsi\app\Controllers\Cetak.php(26): FPDF->AddPage('P', 'Legal')
#6 C:\Users\User\KULIAH\PKL\Sistem-Informasi-Skripsi\system\CodeIgniter.php(824): App\Controllers\Cetak->surat_pengajuan_judul('1917051')
#7 C:\Users\User\KULIAH\PKL\Sistem-Informasi-Skripsi\system\CodeIgniter.php(410): CodeIgniter\CodeIgniter->runController(Object(App\Controllers\Cetak))
#8 C:\Users\User\KULIAH\PKL\Sistem-Informasi-Skripsi\system\CodeIgniter.php(318): CodeIgniter\CodeIgniter->handleRequest(NULL, Object(Config\Cache), false)
#9 C:\Users\User\KULIAH\PKL\Sistem-Informasi-Skripsi\public\index.php(37): CodeIgniter\CodeIgniter->run()
#10 C:\Users\User\KULIAH\PKL\Sistem-Informasi-Skripsi\system\Commands\Server\rewrite.php(43): require_once('C:\\Users\\User\\K...')
#11 {main}
CRITICAL - 2022-01-31 22:29:25 --> fopen(unila.png): Failed to open stream: No such file or directory
#0 [internal function]: CodeIgniter\Debug\Exceptions->errorHandler(2, 'fopen(unila.png...', 'C:\\Users\\User\\K...', 1281)
#1 C:\Users\User\KULIAH\PKL\Sistem-Informasi-Skripsi\app\Libraries\fpdf.php(1281): fopen('unila.png', 'rb')
#2 C:\Users\User\KULIAH\PKL\Sistem-Informasi-Skripsi\app\Libraries\fpdf.php(909): FPDF->_parsepng('unila.png')
#3 C:\Users\User\KULIAH\PKL\Sistem-Informasi-Skripsi\app\Libraries\fpdf.php(364): FPDF->Image('unila.png', 10, 10, 10, 10, 'png')
#4 C:\Users\User\KULIAH\PKL\Sistem-Informasi-Skripsi\app\Libraries\fpdf.php(336): FPDF->Header()
#5 C:\Users\User\KULIAH\PKL\Sistem-Informasi-Skripsi\app\Controllers\Cetak.php(26): FPDF->AddPage('P', 'Legal')
#6 C:\Users\User\KULIAH\PKL\Sistem-Informasi-Skripsi\system\CodeIgniter.php(824): App\Controllers\Cetak->surat_pengajuan_judul('1917051')
#7 C:\Users\User\KULIAH\PKL\Sistem-Informasi-Skripsi\system\CodeIgniter.php(410): CodeIgniter\CodeIgniter->runController(Object(App\Controllers\Cetak))
#8 C:\Users\User\KULIAH\PKL\Sistem-Informasi-Skripsi\system\CodeIgniter.php(318): CodeIgniter\CodeIgniter->handleRequest(NULL, Object(Config\Cache), false)
#9 C:\Users\User\KULIAH\PKL\Sistem-Informasi-Skripsi\public\index.php(37): CodeIgniter\CodeIgniter->run()
#10 C:\Users\User\KULIAH\PKL\Sistem-Informasi-Skripsi\system\Commands\Server\rewrite.php(43): require_once('C:\\Users\\User\\K...')
#11 {main}
CRITICAL - 2022-01-31 22:38:25 --> fopen(public\assets\img\logo.png): Failed to open stream: No such file or directory
#0 [internal function]: CodeIgniter\Debug\Exceptions->errorHandler(2, 'fopen(public\\as...', 'C:\\Users\\User\\K...', 1281)
#1 C:\Users\User\KULIAH\PKL\Sistem-Informasi-Skripsi\app\Libraries\fpdf.php(1281): fopen('public\\assets\\i...', 'rb')
#2 C:\Users\User\KULIAH\PKL\Sistem-Informasi-Skripsi\app\Libraries\fpdf.php(909): FPDF->_parsepng('public\\assets\\i...')
#3 C:\Users\User\KULIAH\PKL\Sistem-Informasi-Skripsi\app\Controllers\Cetak.php(27): FPDF->Image('public\\assets\\i...', 10, 10)
#4 C:\Users\User\KULIAH\PKL\Sistem-Informasi-Skripsi\system\CodeIgniter.php(824): App\Controllers\Cetak->surat_pengajuan_judul('1917051')
#5 C:\Users\User\KULIAH\PKL\Sistem-Informasi-Skripsi\system\CodeIgniter.php(410): CodeIgniter\CodeIgniter->runController(Object(App\Controllers\Cetak))
#6 C:\Users\User\KULIAH\PKL\Sistem-Informasi-Skripsi\system\CodeIgniter.php(318): CodeIgniter\CodeIgniter->handleRequest(NULL, Object(Config\Cache), false)
#7 C:\Users\User\KULIAH\PKL\Sistem-Informasi-Skripsi\public\index.php(37): CodeIgniter\CodeIgniter->run()
#8 C:\Users\User\KULIAH\PKL\Sistem-Informasi-Skripsi\system\Commands\Server\rewrite.php(43): require_once('C:\\Users\\User\\K...')
#9 {main}
CRITICAL - 2022-01-31 22:38:38 --> Undefined variable $data
#0 C:\Users\User\KULIAH\PKL\Sistem-Informasi-Skripsi\app\Controllers\Cetak.php(40): CodeIgniter\Debug\Exceptions->errorHandler(2, 'Undefined varia...', 'C:\\Users\\User\\K...', 40)
#1 C:\Users\User\KULIAH\PKL\Sistem-Informasi-Skripsi\system\CodeIgniter.php(824): App\Controllers\Cetak->surat_pengajuan_judul('1917051')
#2 C:\Users\User\KULIAH\PKL\Sistem-Informasi-Skripsi\system\CodeIgniter.php(410): CodeIgniter\CodeIgniter->runController(Object(App\Controllers\Cetak))
#3 C:\Users\User\KULIAH\PKL\Sistem-Informasi-Skripsi\system\CodeIgniter.php(318): CodeIgniter\CodeIgniter->handleRequest(NULL, Object(Config\Cache), false)
#4 C:\Users\User\KULIAH\PKL\Sistem-Informasi-Skripsi\public\index.php(37): CodeIgniter\CodeIgniter->run()
#5 C:\Users\User\KULIAH\PKL\Sistem-Informasi-Skripsi\system\Commands\Server\rewrite.php(43): require_once('C:\\Users\\User\\K...')
#6 {main}
CRITICAL - 2022-01-31 22:40:04 --> fopen(\public\assets\img\logo.png): Failed to open stream: No such file or directory
#0 [internal function]: CodeIgniter\Debug\Exceptions->errorHandler(2, 'fopen(\\public\\a...', 'C:\\Users\\User\\K...', 1281)
#1 C:\Users\User\KULIAH\PKL\Sistem-Informasi-Skripsi\app\Libraries\fpdf.php(1281): fopen('\\public\\assets\\...', 'rb')
#2 C:\Users\User\KULIAH\PKL\Sistem-Informasi-Skripsi\app\Libraries\fpdf.php(909): FPDF->_parsepng('\\public\\assets\\...')
#3 C:\Users\User\KULIAH\PKL\Sistem-Informasi-Skripsi\app\Controllers\Cetak.php(29): FPDF->Image('\\public\\assets\\...')
#4 C:\Users\User\KULIAH\PKL\Sistem-Informasi-Skripsi\system\CodeIgniter.php(824): App\Controllers\Cetak->surat_pengajuan_judul('1917051')
#5 C:\Users\User\KULIAH\PKL\Sistem-Informasi-Skripsi\system\CodeIgniter.php(410): CodeIgniter\CodeIgniter->runController(Object(App\Controllers\Cetak))
#6 C:\Users\User\KULIAH\PKL\Sistem-Informasi-Skripsi\system\CodeIgniter.php(318): CodeIgniter\CodeIgniter->handleRequest(NULL, Object(Config\Cache), false)
#7 C:\Users\User\KULIAH\PKL\Sistem-Informasi-Skripsi\public\index.php(37): CodeIgniter\CodeIgniter->run()
#8 C:\Users\User\KULIAH\PKL\Sistem-Informasi-Skripsi\system\Commands\Server\rewrite.php(43): require_once('C:\\Users\\User\\K...')
#9 {main}
CRITICAL - 2022-01-31 22:43:16 --> fopen(/tmp/myfile.png): Failed to open stream: No such file or directory
#0 [internal function]: CodeIgniter\Debug\Exceptions->errorHandler(2, 'fopen(/tmp/myfi...', 'C:\\Users\\User\\K...', 1282)
#1 C:\Users\User\KULIAH\PKL\Sistem-Informasi-Skripsi\app\Libraries\fpdf.php(1282): fopen('/tmp/myfile.png', 'wb')
#2 C:\Users\User\KULIAH\PKL\Sistem-Informasi-Skripsi\app\Libraries\fpdf.php(909): FPDF->_parsepng('\\public\\assets\\...')
#3 C:\Users\User\KULIAH\PKL\Sistem-Informasi-Skripsi\app\Controllers\Cetak.php(29): FPDF->Image('\\public\\assets\\...')
#4 C:\Users\User\KULIAH\PKL\Sistem-Informasi-Skripsi\system\CodeIgniter.php(824): App\Controllers\Cetak->surat_pengajuan_judul('1917051')
#5 C:\Users\User\KULIAH\PKL\Sistem-Informasi-Skripsi\system\CodeIgniter.php(410): CodeIgniter\CodeIgniter->runController(Object(App\Controllers\Cetak))
#6 C:\Users\User\KULIAH\PKL\Sistem-Informasi-Skripsi\system\CodeIgniter.php(318): CodeIgniter\CodeIgniter->handleRequest(NULL, Object(Config\Cache), false)
#7 C:\Users\User\KULIAH\PKL\Sistem-Informasi-Skripsi\public\index.php(37): CodeIgniter\CodeIgniter->run()
#8 C:\Users\User\KULIAH\PKL\Sistem-Informasi-Skripsi\system\Commands\Server\rewrite.php(43): require_once('C:\\Users\\User\\K...')
#9 {main}
CRITICAL - 2022-01-31 22:43:51 --> fopen(\public\assets\img\logo.png): Failed to open stream: No such file or directory
#0 [internal function]: CodeIgniter\Debug\Exceptions->errorHandler(2, 'fopen(\\public\\a...', 'C:\\Users\\User\\K...', 1282)
#1 C:\Users\User\KULIAH\PKL\Sistem-Informasi-Skripsi\app\Libraries\fpdf.php(1282): fopen('\\public\\assets\\...', 'wb')
#2 C:\Users\User\KULIAH\PKL\Sistem-Informasi-Skripsi\app\Libraries\fpdf.php(909): FPDF->_parsepng('\\public\\assets\\...')
#3 C:\Users\User\KULIAH\PKL\Sistem-Informasi-Skripsi\app\Controllers\Cetak.php(29): FPDF->Image('\\public\\assets\\...')
#4 C:\Users\User\KULIAH\PKL\Sistem-Informasi-Skripsi\system\CodeIgniter.php(824): App\Controllers\Cetak->surat_pengajuan_judul('1917051')
#5 C:\Users\User\KULIAH\PKL\Sistem-Informasi-Skripsi\system\CodeIgniter.php(410): CodeIgniter\CodeIgniter->runController(Object(App\Controllers\Cetak))
#6 C:\Users\User\KULIAH\PKL\Sistem-Informasi-Skripsi\system\CodeIgniter.php(318): CodeIgniter\CodeIgniter->handleRequest(NULL, Object(Config\Cache), false)
#7 C:\Users\User\KULIAH\PKL\Sistem-Informasi-Skripsi\public\index.php(37): CodeIgniter\CodeIgniter->run()
#8 C:\Users\User\KULIAH\PKL\Sistem-Informasi-Skripsi\system\Commands\Server\rewrite.php(43): require_once('C:\\Users\\User\\K...')
#9 {main}
CRITICAL - 2022-01-31 22:52:34 --> fopen(unila.png): Failed to open stream: No such file or directory
#0 [internal function]: CodeIgniter\Debug\Exceptions->errorHandler(2, 'fopen(unila.png...', 'C:\\Users\\User\\K...', 1281)
#1 C:\Users\User\KULIAH\PKL\Sistem-Informasi-Skripsi\app\Libraries\fpdf.php(1281): fopen('unila.png', 'rb')
#2 C:\Users\User\KULIAH\PKL\Sistem-Informasi-Skripsi\app\Libraries\fpdf.php(909): FPDF->_parsepng('unila.png')
#3 C:\Users\User\KULIAH\PKL\Sistem-Informasi-Skripsi\app\Libraries\fpdf.php(364): FPDF->Image('unila.png', 10, 10, 10, 10, 'png')
#4 C:\Users\User\KULIAH\PKL\Sistem-Informasi-Skripsi\app\Libraries\fpdf.php(336): FPDF->Header()
#5 C:\Users\User\KULIAH\PKL\Sistem-Informasi-Skripsi\app\Controllers\Cetak.php(28): FPDF->AddPage('P', 'Legal')
#6 C:\Users\User\KULIAH\PKL\Sistem-Informasi-Skripsi\system\CodeIgniter.php(824): App\Controllers\Cetak->surat_pengajuan_judul('19170511')
#7 C:\Users\User\KULIAH\PKL\Sistem-Informasi-Skripsi\system\CodeIgniter.php(410): CodeIgniter\CodeIgniter->runController(Object(App\Controllers\Cetak))
#8 C:\Users\User\KULIAH\PKL\Sistem-Informasi-Skripsi\system\CodeIgniter.php(318): CodeIgniter\CodeIgniter->handleRequest(NULL, Object(Config\Cache), false)
#9 C:\Users\User\KULIAH\PKL\Sistem-Informasi-Skripsi\public\index.php(37): CodeIgniter\CodeIgniter->run()
#10 C:\Users\User\KULIAH\PKL\Sistem-Informasi-Skripsi\system\Commands\Server\rewrite.php(43): require_once('C:\\Users\\User\\K...')
#11 {main}
CRITICAL - 2022-01-31 22:53:59 --> fopen(unila.png): Failed to open stream: No such file or directory
#0 [internal function]: CodeIgniter\Debug\Exceptions->errorHandler(2, 'fopen(unila.png...', 'C:\\Users\\User\\K...', 1281)
#1 C:\Users\User\KULIAH\PKL\Sistem-Informasi-Skripsi\app\Libraries\fpdf.php(1281): fopen('unila.png', 'rwb')
#2 C:\Users\User\KULIAH\PKL\Sistem-Informasi-Skripsi\app\Libraries\fpdf.php(909): FPDF->_parsepng('unila.png')
#3 C:\Users\User\KULIAH\PKL\Sistem-Informasi-Skripsi\app\Libraries\fpdf.php(364): FPDF->Image('unila.png', 10, 10, 10, 10, 'png')
#4 C:\Users\User\KULIAH\PKL\Sistem-Informasi-Skripsi\app\Libraries\fpdf.php(336): FPDF->Header()
#5 C:\Users\User\KULIAH\PKL\Sistem-Informasi-Skripsi\app\Controllers\Cetak.php(28): FPDF->AddPage('P', 'Legal')
#6 C:\Users\User\KULIAH\PKL\Sistem-Informasi-Skripsi\system\CodeIgniter.php(824): App\Controllers\Cetak->surat_pengajuan_judul('19170511')
#7 C:\Users\User\KULIAH\PKL\Sistem-Informasi-Skripsi\system\CodeIgniter.php(410): CodeIgniter\CodeIgniter->runController(Object(App\Controllers\Cetak))
#8 C:\Users\User\KULIAH\PKL\Sistem-Informasi-Skripsi\system\CodeIgniter.php(318): CodeIgniter\CodeIgniter->handleRequest(NULL, Object(Config\Cache), false)
#9 C:\Users\User\KULIAH\PKL\Sistem-Informasi-Skripsi\public\index.php(37): CodeIgniter\CodeIgniter->run()
#10 C:\Users\User\KULIAH\PKL\Sistem-Informasi-Skripsi\system\Commands\Server\rewrite.php(43): require_once('C:\\Users\\User\\K...')
#11 {main}
CRITICAL - 2022-01-31 22:54:07 --> fopen(unila.png): Failed to open stream: No such file or directory
#0 [internal function]: CodeIgniter\Debug\Exceptions->errorHandler(2, 'fopen(unila.png...', 'C:\\Users\\User\\K...', 1281)
#1 C:\Users\User\KULIAH\PKL\Sistem-Informasi-Skripsi\app\Libraries\fpdf.php(1281): fopen('unila.png', 'rb')
#2 C:\Users\User\KULIAH\PKL\Sistem-Informasi-Skripsi\app\Libraries\fpdf.php(909): FPDF->_parsepng('unila.png')
#3 C:\Users\User\KULIAH\PKL\Sistem-Informasi-Skripsi\app\Libraries\fpdf.php(364): FPDF->Image('unila.png', 10, 10, 10, 10, 'png')
#4 C:\Users\User\KULIAH\PKL\Sistem-Informasi-Skripsi\app\Libraries\fpdf.php(336): FPDF->Header()
#5 C:\Users\User\KULIAH\PKL\Sistem-Informasi-Skripsi\app\Controllers\Cetak.php(28): FPDF->AddPage('P', 'Legal')
#6 C:\Users\User\KULIAH\PKL\Sistem-Informasi-Skripsi\system\CodeIgniter.php(824): App\Controllers\Cetak->surat_pengajuan_judul('19170511')
#7 C:\Users\User\KULIAH\PKL\Sistem-Informasi-Skripsi\system\CodeIgniter.php(410): CodeIgniter\CodeIgniter->runController(Object(App\Controllers\Cetak))
#8 C:\Users\User\KULIAH\PKL\Sistem-Informasi-Skripsi\system\CodeIgniter.php(318): CodeIgniter\CodeIgniter->handleRequest(NULL, Object(Config\Cache), false)
#9 C:\Users\User\KULIAH\PKL\Sistem-Informasi-Skripsi\public\index.php(37): CodeIgniter\CodeIgniter->run()
#10 C:\Users\User\KULIAH\PKL\Sistem-Informasi-Skripsi\system\Commands\Server\rewrite.php(43): require_once('C:\\Users\\User\\K...')
#11 {main}
CRITICAL - 2022-01-31 22:55:32 --> fopen(unila.png): Failed to open stream: No such file or directory
#0 [internal function]: CodeIgniter\Debug\Exceptions->errorHandler(2, 'fopen(unila.png...', 'C:\\Users\\User\\K...', 1281)
#1 C:\Users\User\KULIAH\PKL\Sistem-Informasi-Skripsi\app\Libraries\fpdf.php(1281): fopen('unila.png', 'rb')
#2 C:\Users\User\KULIAH\PKL\Sistem-Informasi-Skripsi\app\Libraries\fpdf.php(909): FPDF->_parsepng('unila.png')
#3 C:\Users\User\KULIAH\PKL\Sistem-Informasi-Skripsi\app\Libraries\fpdf.php(364): FPDF->Image('unila.png', 10, 10, 10, 10, 'png')
#4 C:\Users\User\KULIAH\PKL\Sistem-Informasi-Skripsi\app\Libraries\fpdf.php(336): FPDF->Header()
#5 C:\Users\User\KULIAH\PKL\Sistem-Informasi-Skripsi\app\Controllers\Cetak.php(28): FPDF->AddPage('P', 'Legal')
#6 C:\Users\User\KULIAH\PKL\Sistem-Informasi-Skripsi\system\CodeIgniter.php(824): App\Controllers\Cetak->surat_pengajuan_judul('19170511')
#7 C:\Users\User\KULIAH\PKL\Sistem-Informasi-Skripsi\system\CodeIgniter.php(410): CodeIgniter\CodeIgniter->runController(Object(App\Controllers\Cetak))
#8 C:\Users\User\KULIAH\PKL\Sistem-Informasi-Skripsi\system\CodeIgniter.php(318): CodeIgniter\CodeIgniter->handleRequest(NULL, Object(Config\Cache), false)
#9 C:\Users\User\KULIAH\PKL\Sistem-Informasi-Skripsi\public\index.php(37): CodeIgniter\CodeIgniter->run()
#10 C:\Users\User\KULIAH\PKL\Sistem-Informasi-Skripsi\system\Commands\Server\rewrite.php(43): require_once('C:\\Users\\User\\K...')
#11 {main}
CRITICAL - 2022-01-31 22:55:33 --> fopen(unila.png): Failed to open stream: No such file or directory
#0 [internal function]: CodeIgniter\Debug\Exceptions->errorHandler(2, 'fopen(unila.png...', 'C:\\Users\\User\\K...', 1281)
#1 C:\Users\User\KULIAH\PKL\Sistem-Informasi-Skripsi\app\Libraries\fpdf.php(1281): fopen('unila.png', 'rb')
#2 C:\Users\User\KULIAH\PKL\Sistem-Informasi-Skripsi\app\Libraries\fpdf.php(909): FPDF->_parsepng('unila.png')
#3 C:\Users\User\KULIAH\PKL\Sistem-Informasi-Skripsi\app\Libraries\fpdf.php(364): FPDF->Image('unila.png', 10, 10, 10, 10, 'png')
#4 C:\Users\User\KULIAH\PKL\Sistem-Informasi-Skripsi\app\Libraries\fpdf.php(336): FPDF->Header()
#5 C:\Users\User\KULIAH\PKL\Sistem-Informasi-Skripsi\app\Controllers\Cetak.php(28): FPDF->AddPage('P', 'Legal')
#6 C:\Users\User\KULIAH\PKL\Sistem-Informasi-Skripsi\system\CodeIgniter.php(824): App\Controllers\Cetak->surat_pengajuan_judul('19170511')
#7 C:\Users\User\KULIAH\PKL\Sistem-Informasi-Skripsi\system\CodeIgniter.php(410): CodeIgniter\CodeIgniter->runController(Object(App\Controllers\Cetak))
#8 C:\Users\User\KULIAH\PKL\Sistem-Informasi-Skripsi\system\CodeIgniter.php(318): CodeIgniter\CodeIgniter->handleRequest(NULL, Object(Config\Cache), false)
#9 C:\Users\User\KULIAH\PKL\Sistem-Informasi-Skripsi\public\index.php(37): CodeIgniter\CodeIgniter->run()
#10 C:\Users\User\KULIAH\PKL\Sistem-Informasi-Skripsi\system\Commands\Server\rewrite.php(43): require_once('C:\\Users\\User\\K...')
#11 {main}
CRITICAL - 2022-01-31 22:55:33 --> fopen(unila.png): Failed to open stream: No such file or directory
#0 [internal function]: CodeIgniter\Debug\Exceptions->errorHandler(2, 'fopen(unila.png...', 'C:\\Users\\User\\K...', 1281)
#1 C:\Users\User\KULIAH\PKL\Sistem-Informasi-Skripsi\app\Libraries\fpdf.php(1281): fopen('unila.png', 'rb')
#2 C:\Users\User\KULIAH\PKL\Sistem-Informasi-Skripsi\app\Libraries\fpdf.php(909): FPDF->_parsepng('unila.png')
#3 C:\Users\User\KULIAH\PKL\Sistem-Informasi-Skripsi\app\Libraries\fpdf.php(364): FPDF->Image('unila.png', 10, 10, 10, 10, 'png')
#4 C:\Users\User\KULIAH\PKL\Sistem-Informasi-Skripsi\app\Libraries\fpdf.php(336): FPDF->Header()
#5 C:\Users\User\KULIAH\PKL\Sistem-Informasi-Skripsi\app\Controllers\Cetak.php(28): FPDF->AddPage('P', 'Legal')
#6 C:\Users\User\KULIAH\PKL\Sistem-Informasi-Skripsi\system\CodeIgniter.php(824): App\Controllers\Cetak->surat_pengajuan_judul('19170511')
#7 C:\Users\User\KULIAH\PKL\Sistem-Informasi-Skripsi\system\CodeIgniter.php(410): CodeIgniter\CodeIgniter->runController(Object(App\Controllers\Cetak))
#8 C:\Users\User\KULIAH\PKL\Sistem-Informasi-Skripsi\system\CodeIgniter.php(318): CodeIgniter\CodeIgniter->handleRequest(NULL, Object(Config\Cache), false)
#9 C:\Users\User\KULIAH\PKL\Sistem-Informasi-Skripsi\public\index.php(37): CodeIgniter\CodeIgniter->run()
#10 C:\Users\User\KULIAH\PKL\Sistem-Informasi-Skripsi\system\Commands\Server\rewrite.php(43): require_once('C:\\Users\\User\\K...')
#11 {main}
CRITICAL - 2022-01-31 22:55:33 --> fopen(unila.png): Failed to open stream: No such file or directory
#0 [internal function]: CodeIgniter\Debug\Exceptions->errorHandler(2, 'fopen(unila.png...', 'C:\\Users\\User\\K...', 1281)
#1 C:\Users\User\KULIAH\PKL\Sistem-Informasi-Skripsi\app\Libraries\fpdf.php(1281): fopen('unila.png', 'rb')
#2 C:\Users\User\KULIAH\PKL\Sistem-Informasi-Skripsi\app\Libraries\fpdf.php(909): FPDF->_parsepng('unila.png')
#3 C:\Users\User\KULIAH\PKL\Sistem-Informasi-Skripsi\app\Libraries\fpdf.php(364): FPDF->Image('unila.png', 10, 10, 10, 10, 'png')
#4 C:\Users\User\KULIAH\PKL\Sistem-Informasi-Skripsi\app\Libraries\fpdf.php(336): FPDF->Header()
#5 C:\Users\User\KULIAH\PKL\Sistem-Informasi-Skripsi\app\Controllers\Cetak.php(28): FPDF->AddPage('P', 'Legal')
#6 C:\Users\User\KULIAH\PKL\Sistem-Informasi-Skripsi\system\CodeIgniter.php(824): App\Controllers\Cetak->surat_pengajuan_judul('19170511')
#7 C:\Users\User\KULIAH\PKL\Sistem-Informasi-Skripsi\system\CodeIgniter.php(410): CodeIgniter\CodeIgniter->runController(Object(App\Controllers\Cetak))
#8 C:\Users\User\KULIAH\PKL\Sistem-Informasi-Skripsi\system\CodeIgniter.php(318): CodeIgniter\CodeIgniter->handleRequest(NULL, Object(Config\Cache), false)
#9 C:\Users\User\KULIAH\PKL\Sistem-Informasi-Skripsi\public\index.php(37): CodeIgniter\CodeIgniter->run()
#10 C:\Users\User\KULIAH\PKL\Sistem-Informasi-Skripsi\system\Commands\Server\rewrite.php(43): require_once('C:\\Users\\User\\K...')
#11 {main}
CRITICAL - 2022-01-31 22:55:34 --> fopen(unila.png): Failed to open stream: No such file or directory
#0 [internal function]: CodeIgniter\Debug\Exceptions->errorHandler(2, 'fopen(unila.png...', 'C:\\Users\\User\\K...', 1281)
#1 C:\Users\User\KULIAH\PKL\Sistem-Informasi-Skripsi\app\Libraries\fpdf.php(1281): fopen('unila.png', 'rb')
#2 C:\Users\User\KULIAH\PKL\Sistem-Informasi-Skripsi\app\Libraries\fpdf.php(909): FPDF->_parsepng('unila.png')
#3 C:\Users\User\KULIAH\PKL\Sistem-Informasi-Skripsi\app\Libraries\fpdf.php(364): FPDF->Image('unila.png', 10, 10, 10, 10, 'png')
#4 C:\Users\User\KULIAH\PKL\Sistem-Informasi-Skripsi\app\Libraries\fpdf.php(336): FPDF->Header()
#5 C:\Users\User\KULIAH\PKL\Sistem-Informasi-Skripsi\app\Controllers\Cetak.php(28): FPDF->AddPage('P', 'Legal')
#6 C:\Users\User\KULIAH\PKL\Sistem-Informasi-Skripsi\system\CodeIgniter.php(824): App\Controllers\Cetak->surat_pengajuan_judul('19170511')
#7 C:\Users\User\KULIAH\PKL\Sistem-Informasi-Skripsi\system\CodeIgniter.php(410): CodeIgniter\CodeIgniter->runController(Object(App\Controllers\Cetak))
#8 C:\Users\User\KULIAH\PKL\Sistem-Informasi-Skripsi\system\CodeIgniter.php(318): CodeIgniter\CodeIgniter->handleRequest(NULL, Object(Config\Cache), false)
#9 C:\Users\User\KULIAH\PKL\Sistem-Informasi-Skripsi\public\index.php(37): CodeIgniter\CodeIgniter->run()
#10 C:\Users\User\KULIAH\PKL\Sistem-Informasi-Skripsi\system\Commands\Server\rewrite.php(43): require_once('C:\\Users\\User\\K...')
#11 {main}
CRITICAL - 2022-01-31 22:55:34 --> fopen(unila.png): Failed to open stream: No such file or directory
#0 [internal function]: CodeIgniter\Debug\Exceptions->errorHandler(2, 'fopen(unila.png...', 'C:\\Users\\User\\K...', 1281)
#1 C:\Users\User\KULIAH\PKL\Sistem-Informasi-Skripsi\app\Libraries\fpdf.php(1281): fopen('unila.png', 'rb')
#2 C:\Users\User\KULIAH\PKL\Sistem-Informasi-Skripsi\app\Libraries\fpdf.php(909): FPDF->_parsepng('unila.png')
#3 C:\Users\User\KULIAH\PKL\Sistem-Informasi-Skripsi\app\Libraries\fpdf.php(364): FPDF->Image('unila.png', 10, 10, 10, 10, 'png')
#4 C:\Users\User\KULIAH\PKL\Sistem-Informasi-Skripsi\app\Libraries\fpdf.php(336): FPDF->Header()
#5 C:\Users\User\KULIAH\PKL\Sistem-Informasi-Skripsi\app\Controllers\Cetak.php(28): FPDF->AddPage('P', 'Legal')
#6 C:\Users\User\KULIAH\PKL\Sistem-Informasi-Skripsi\system\CodeIgniter.php(824): App\Controllers\Cetak->surat_pengajuan_judul('19170511')
#7 C:\Users\User\KULIAH\PKL\Sistem-Informasi-Skripsi\system\CodeIgniter.php(410): CodeIgniter\CodeIgniter->runController(Object(App\Controllers\Cetak))
#8 C:\Users\User\KULIAH\PKL\Sistem-Informasi-Skripsi\system\CodeIgniter.php(318): CodeIgniter\CodeIgniter->handleRequest(NULL, Object(Config\Cache), false)
#9 C:\Users\User\KULIAH\PKL\Sistem-Informasi-Skripsi\public\index.php(37): CodeIgniter\CodeIgniter->run()
#10 C:\Users\User\KULIAH\PKL\Sistem-Informasi-Skripsi\system\Commands\Server\rewrite.php(43): require_once('C:\\Users\\User\\K...')
#11 {main}
CRITICAL - 2022-01-31 22:55:46 --> fopen(unila.png): Failed to open stream: No such file or directory
#0 [internal function]: CodeIgniter\Debug\Exceptions->errorHandler(2, 'fopen(unila.png...', 'C:\\Users\\User\\K...', 1281)
#1 C:\Users\User\KULIAH\PKL\Sistem-Informasi-Skripsi\app\Libraries\fpdf.php(1281): fopen('unila.png', 'rb')
#2 C:\Users\User\KULIAH\PKL\Sistem-Informasi-Skripsi\app\Libraries\fpdf.php(909): FPDF->_parsepng('unila.png')
#3 C:\Users\User\KULIAH\PKL\Sistem-Informasi-Skripsi\app\Libraries\fpdf.php(364): FPDF->Image('unila.png', 10, 10, 10, 10, 'png')
#4 C:\Users\User\KULIAH\PKL\Sistem-Informasi-Skripsi\app\Libraries\fpdf.php(336): FPDF->Header()
#5 C:\Users\User\KULIAH\PKL\Sistem-Informasi-Skripsi\app\Controllers\Cetak.php(28): FPDF->AddPage('P', 'Legal')
#6 C:\Users\User\KULIAH\PKL\Sistem-Informasi-Skripsi\system\CodeIgniter.php(824): App\Controllers\Cetak->surat_pengajuan_judul('19170511')
#7 C:\Users\User\KULIAH\PKL\Sistem-Informasi-Skripsi\system\CodeIgniter.php(410): CodeIgniter\CodeIgniter->runController(Object(App\Controllers\Cetak))
#8 C:\Users\User\KULIAH\PKL\Sistem-Informasi-Skripsi\system\CodeIgniter.php(318): CodeIgniter\CodeIgniter->handleRequest(NULL, Object(Config\Cache), false)
#9 C:\Users\User\KULIAH\PKL\Sistem-Informasi-Skripsi\public\index.php(37): CodeIgniter\CodeIgniter->run()
#10 C:\Users\User\KULIAH\PKL\Sistem-Informasi-Skripsi\system\Commands\Server\rewrite.php(43): require_once('C:\\Users\\User\\K...')
#11 {main}
CRITICAL - 2022-01-31 22:55:57 --> fopen(unila.png): Failed to open stream: No such file or directory
#0 [internal function]: CodeIgniter\Debug\Exceptions->errorHandler(2, 'fopen(unila.png...', 'C:\\Users\\User\\K...', 1281)
#1 C:\Users\User\KULIAH\PKL\Sistem-Informasi-Skripsi\app\Libraries\fpdf.php(1281): fopen('unila.png', 'rb+')
#2 C:\Users\User\KULIAH\PKL\Sistem-Informasi-Skripsi\app\Libraries\fpdf.php(909): FPDF->_parsepng('unila.png')
#3 C:\Users\User\KULIAH\PKL\Sistem-Informasi-Skripsi\app\Libraries\fpdf.php(364): FPDF->Image('unila.png', 10, 10, 10, 10, 'png')
#4 C:\Users\User\KULIAH\PKL\Sistem-Informasi-Skripsi\app\Libraries\fpdf.php(336): FPDF->Header()
#5 C:\Users\User\KULIAH\PKL\Sistem-Informasi-Skripsi\app\Controllers\Cetak.php(28): FPDF->AddPage('P', 'Legal')
#6 C:\Users\User\KULIAH\PKL\Sistem-Informasi-Skripsi\system\CodeIgniter.php(824): App\Controllers\Cetak->surat_pengajuan_judul('19170511')
#7 C:\Users\User\KULIAH\PKL\Sistem-Informasi-Skripsi\system\CodeIgniter.php(410): CodeIgniter\CodeIgniter->runController(Object(App\Controllers\Cetak))
#8 C:\Users\User\KULIAH\PKL\Sistem-Informasi-Skripsi\system\CodeIgniter.php(318): CodeIgniter\CodeIgniter->handleRequest(NULL, Object(Config\Cache), false)
#9 C:\Users\User\KULIAH\PKL\Sistem-Informasi-Skripsi\public\index.php(37): CodeIgniter\CodeIgniter->run()
#10 C:\Users\User\KULIAH\PKL\Sistem-Informasi-Skripsi\system\Commands\Server\rewrite.php(43): require_once('C:\\Users\\User\\K...')
#11 {main}
CRITICAL - 2022-01-31 23:01:41 --> fopen(unila.jpg): Failed to open stream: No such file or directory
#0 [internal function]: CodeIgniter\Debug\Exceptions->errorHandler(2, 'fopen(unila.jpg...', 'C:\\Users\\User\\K...', 1281)
#1 C:\Users\User\KULIAH\PKL\Sistem-Informasi-Skripsi\app\Libraries\fpdf.php(1281): fopen('unila.jpg', 'rb')
#2 C:\Users\User\KULIAH\PKL\Sistem-Informasi-Skripsi\app\Libraries\fpdf.php(909): FPDF->_parsepng('unila.jpg')
#3 C:\Users\User\KULIAH\PKL\Sistem-Informasi-Skripsi\app\Libraries\fpdf.php(364): FPDF->Image('unila.jpg', 10, 10, 10, 10, 'png')
#4 C:\Users\User\KULIAH\PKL\Sistem-Informasi-Skripsi\app\Libraries\fpdf.php(336): FPDF->Header()
#5 C:\Users\User\KULIAH\PKL\Sistem-Informasi-Skripsi\app\Controllers\Cetak.php(28): FPDF->AddPage('P', 'Legal')
#6 C:\Users\User\KULIAH\PKL\Sistem-Informasi-Skripsi\system\CodeIgniter.php(824): App\Controllers\Cetak->surat_pengajuan_judul('19170511')
#7 C:\Users\User\KULIAH\PKL\Sistem-Informasi-Skripsi\system\CodeIgniter.php(410): CodeIgniter\CodeIgniter->runController(Object(App\Controllers\Cetak))
#8 C:\Users\User\KULIAH\PKL\Sistem-Informasi-Skripsi\system\CodeIgniter.php(318): CodeIgniter\CodeIgniter->handleRequest(NULL, Object(Config\Cache), false)
#9 C:\Users\User\KULIAH\PKL\Sistem-Informasi-Skripsi\public\index.php(37): CodeIgniter\CodeIgniter->run()
#10 C:\Users\User\KULIAH\PKL\Sistem-Informasi-Skripsi\system\Commands\Server\rewrite.php(43): require_once('C:\\Users\\User\\K...')
#11 {main}
CRITICAL - 2022-01-31 23:01:54 --> getimagesize(unila.jpg): Failed to open stream: No such file or directory
#0 [internal function]: CodeIgniter\Debug\Exceptions->errorHandler(2, 'getimagesize(un...', 'C:\\Users\\User\\K...', 1262)
#1 C:\Users\User\KULIAH\PKL\Sistem-Informasi-Skripsi\app\Libraries\fpdf.php(1262): getimagesize('unila.jpg')
#2 C:\Users\User\KULIAH\PKL\Sistem-Informasi-Skripsi\app\Libraries\fpdf.php(909): FPDF->_parsejpg('unila.jpg')
#3 C:\Users\User\KULIAH\PKL\Sistem-Informasi-Skripsi\app\Libraries\fpdf.php(364): FPDF->Image('unila.jpg', 10, 10, 10, 10, 'jpg')
#4 C:\Users\User\KULIAH\PKL\Sistem-Informasi-Skripsi\app\Libraries\fpdf.php(336): FPDF->Header()
#5 C:\Users\User\KULIAH\PKL\Sistem-Informasi-Skripsi\app\Controllers\Cetak.php(28): FPDF->AddPage('P', 'Legal')
#6 C:\Users\User\KULIAH\PKL\Sistem-Informasi-Skripsi\system\CodeIgniter.php(824): App\Controllers\Cetak->surat_pengajuan_judul('19170511')
#7 C:\Users\User\KULIAH\PKL\Sistem-Informasi-Skripsi\system\CodeIgniter.php(410): CodeIgniter\CodeIgniter->runController(Object(App\Controllers\Cetak))
#8 C:\Users\User\KULIAH\PKL\Sistem-Informasi-Skripsi\system\CodeIgniter.php(318): CodeIgniter\CodeIgniter->handleRequest(NULL, Object(Config\Cache), false)
#9 C:\Users\User\KULIAH\PKL\Sistem-Informasi-Skripsi\public\index.php(37): CodeIgniter\CodeIgniter->run()
#10 C:\Users\User\KULIAH\PKL\Sistem-Informasi-Skripsi\system\Commands\Server\rewrite.php(43): require_once('C:\\Users\\User\\K...')
#11 {main}
CRITICAL - 2022-01-31 23:02:27 --> getimagesize(unila.jpg): Failed to open stream: No such file or directory
#0 [internal function]: CodeIgniter\Debug\Exceptions->errorHandler(2, 'getimagesize(un...', 'C:\\Users\\User\\K...', 1262)
#1 C:\Users\User\KULIAH\PKL\Sistem-Informasi-Skripsi\app\Libraries\fpdf.php(1262): getimagesize('unila.jpg')
#2 C:\Users\User\KULIAH\PKL\Sistem-Informasi-Skripsi\app\Libraries\fpdf.php(909): FPDF->_parsejpg('unila.jpg')
#3 C:\Users\User\KULIAH\PKL\Sistem-Informasi-Skripsi\app\Libraries\fpdf.php(364): FPDF->Image('unila.jpg', 10, 10, 10, 10, 'jpg')
#4 C:\Users\User\KULIAH\PKL\Sistem-Informasi-Skripsi\app\Libraries\fpdf.php(336): FPDF->Header()
#5 C:\Users\User\KULIAH\PKL\Sistem-Informasi-Skripsi\app\Controllers\Cetak.php(28): FPDF->AddPage('P', 'Legal')
#6 C:\Users\User\KULIAH\PKL\Sistem-Informasi-Skripsi\system\CodeIgniter.php(824): App\Controllers\Cetak->surat_pengajuan_judul('19170511')
#7 C:\Users\User\KULIAH\PKL\Sistem-Informasi-Skripsi\system\CodeIgniter.php(410): CodeIgniter\CodeIgniter->runController(Object(App\Controllers\Cetak))
#8 C:\Users\User\KULIAH\PKL\Sistem-Informasi-Skripsi\system\CodeIgniter.php(318): CodeIgniter\CodeIgniter->handleRequest(NULL, Object(Config\Cache), false)
#9 C:\Users\User\KULIAH\PKL\Sistem-Informasi-Skripsi\public\index.php(37): CodeIgniter\CodeIgniter->run()
#10 C:\Users\User\KULIAH\PKL\Sistem-Informasi-Skripsi\system\Commands\Server\rewrite.php(43): require_once('C:\\Users\\User\\K...')
#11 {main}
CRITICAL - 2022-01-31 23:02:28 --> getimagesize(unila.jpg): Failed to open stream: No such file or directory
#0 [internal function]: CodeIgniter\Debug\Exceptions->errorHandler(2, 'getimagesize(un...', 'C:\\Users\\User\\K...', 1262)
#1 C:\Users\User\KULIAH\PKL\Sistem-Informasi-Skripsi\app\Libraries\fpdf.php(1262): getimagesize('unila.jpg')
#2 C:\Users\User\KULIAH\PKL\Sistem-Informasi-Skripsi\app\Libraries\fpdf.php(909): FPDF->_parsejpg('unila.jpg')
#3 C:\Users\User\KULIAH\PKL\Sistem-Informasi-Skripsi\app\Libraries\fpdf.php(364): FPDF->Image('unila.jpg', 10, 10, 10, 10, 'jpg')
#4 C:\Users\User\KULIAH\PKL\Sistem-Informasi-Skripsi\app\Libraries\fpdf.php(336): FPDF->Header()
#5 C:\Users\User\KULIAH\PKL\Sistem-Informasi-Skripsi\app\Controllers\Cetak.php(28): FPDF->AddPage('P', 'Legal')
#6 C:\Users\User\KULIAH\PKL\Sistem-Informasi-Skripsi\system\CodeIgniter.php(824): App\Controllers\Cetak->surat_pengajuan_judul('19170511')
#7 C:\Users\User\KULIAH\PKL\Sistem-Informasi-Skripsi\system\CodeIgniter.php(410): CodeIgniter\CodeIgniter->runController(Object(App\Controllers\Cetak))
#8 C:\Users\User\KULIAH\PKL\Sistem-Informasi-Skripsi\system\CodeIgniter.php(318): CodeIgniter\CodeIgniter->handleRequest(NULL, Object(Config\Cache), false)
#9 C:\Users\User\KULIAH\PKL\Sistem-Informasi-Skripsi\public\index.php(37): CodeIgniter\CodeIgniter->run()
#10 C:\Users\User\KULIAH\PKL\Sistem-Informasi-Skripsi\system\Commands\Server\rewrite.php(43): require_once('C:\\Users\\User\\K...')
#11 {main}
CRITICAL - 2022-01-31 23:02:28 --> getimagesize(unila.jpg): Failed to open stream: No such file or directory
#0 [internal function]: CodeIgniter\Debug\Exceptions->errorHandler(2, 'getimagesize(un...', 'C:\\Users\\User\\K...', 1262)
#1 C:\Users\User\KULIAH\PKL\Sistem-Informasi-Skripsi\app\Libraries\fpdf.php(1262): getimagesize('unila.jpg')
#2 C:\Users\User\KULIAH\PKL\Sistem-Informasi-Skripsi\app\Libraries\fpdf.php(909): FPDF->_parsejpg('unila.jpg')
#3 C:\Users\User\KULIAH\PKL\Sistem-Informasi-Skripsi\app\Libraries\fpdf.php(364): FPDF->Image('unila.jpg', 10, 10, 10, 10, 'jpg')
#4 C:\Users\User\KULIAH\PKL\Sistem-Informasi-Skripsi\app\Libraries\fpdf.php(336): FPDF->Header()
#5 C:\Users\User\KULIAH\PKL\Sistem-Informasi-Skripsi\app\Controllers\Cetak.php(28): FPDF->AddPage('P', 'Legal')
#6 C:\Users\User\KULIAH\PKL\Sistem-Informasi-Skripsi\system\CodeIgniter.php(824): App\Controllers\Cetak->surat_pengajuan_judul('19170511')
#7 C:\Users\User\KULIAH\PKL\Sistem-Informasi-Skripsi\system\CodeIgniter.php(410): CodeIgniter\CodeIgniter->runController(Object(App\Controllers\Cetak))
#8 C:\Users\User\KULIAH\PKL\Sistem-Informasi-Skripsi\system\CodeIgniter.php(318): CodeIgniter\CodeIgniter->handleRequest(NULL, Object(Config\Cache), false)
#9 C:\Users\User\KULIAH\PKL\Sistem-Informasi-Skripsi\public\index.php(37): CodeIgniter\CodeIgniter->run()
#10 C:\Users\User\KULIAH\PKL\Sistem-Informasi-Skripsi\system\Commands\Server\rewrite.php(43): require_once('C:\\Users\\User\\K...')
#11 {main}
CRITICAL - 2022-01-31 23:02:29 --> getimagesize(unila.jpg): Failed to open stream: No such file or directory
#0 [internal function]: CodeIgniter\Debug\Exceptions->errorHandler(2, 'getimagesize(un...', 'C:\\Users\\User\\K...', 1262)
#1 C:\Users\User\KULIAH\PKL\Sistem-Informasi-Skripsi\app\Libraries\fpdf.php(1262): getimagesize('unila.jpg')
#2 C:\Users\User\KULIAH\PKL\Sistem-Informasi-Skripsi\app\Libraries\fpdf.php(909): FPDF->_parsejpg('unila.jpg')
#3 C:\Users\User\KULIAH\PKL\Sistem-Informasi-Skripsi\app\Libraries\fpdf.php(364): FPDF->Image('unila.jpg', 10, 10, 10, 10, 'jpg')
#4 C:\Users\User\KULIAH\PKL\Sistem-Informasi-Skripsi\app\Libraries\fpdf.php(336): FPDF->Header()
#5 C:\Users\User\KULIAH\PKL\Sistem-Informasi-Skripsi\app\Controllers\Cetak.php(28): FPDF->AddPage('P', 'Legal')
#6 C:\Users\User\KULIAH\PKL\Sistem-Informasi-Skripsi\system\CodeIgniter.php(824): App\Controllers\Cetak->surat_pengajuan_judul('19170511')
#7 C:\Users\User\KULIAH\PKL\Sistem-Informasi-Skripsi\system\CodeIgniter.php(410): CodeIgniter\CodeIgniter->runController(Object(App\Controllers\Cetak))
#8 C:\Users\User\KULIAH\PKL\Sistem-Informasi-Skripsi\system\CodeIgniter.php(318): CodeIgniter\CodeIgniter->handleRequest(NULL, Object(Config\Cache), false)
#9 C:\Users\User\KULIAH\PKL\Sistem-Informasi-Skripsi\public\index.php(37): CodeIgniter\CodeIgniter->run()
#10 C:\Users\User\KULIAH\PKL\Sistem-Informasi-Skripsi\system\Commands\Server\rewrite.php(43): require_once('C:\\Users\\User\\K...')
#11 {main}
CRITICAL - 2022-01-31 23:02:29 --> getimagesize(unila.jpg): Failed to open stream: No such file or directory
#0 [internal function]: CodeIgniter\Debug\Exceptions->errorHandler(2, 'getimagesize(un...', 'C:\\Users\\User\\K...', 1262)
#1 C:\Users\User\KULIAH\PKL\Sistem-Informasi-Skripsi\app\Libraries\fpdf.php(1262): getimagesize('unila.jpg')
#2 C:\Users\User\KULIAH\PKL\Sistem-Informasi-Skripsi\app\Libraries\fpdf.php(909): FPDF->_parsejpg('unila.jpg')
#3 C:\Users\User\KULIAH\PKL\Sistem-Informasi-Skripsi\app\Libraries\fpdf.php(364): FPDF->Image('unila.jpg', 10, 10, 10, 10, 'jpg')
#4 C:\Users\User\KULIAH\PKL\Sistem-Informasi-Skripsi\app\Libraries\fpdf.php(336): FPDF->Header()
#5 C:\Users\User\KULIAH\PKL\Sistem-Informasi-Skripsi\app\Controllers\Cetak.php(28): FPDF->AddPage('P', 'Legal')
#6 C:\Users\User\KULIAH\PKL\Sistem-Informasi-Skripsi\system\CodeIgniter.php(824): App\Controllers\Cetak->surat_pengajuan_judul('19170511')
#7 C:\Users\User\KULIAH\PKL\Sistem-Informasi-Skripsi\system\CodeIgniter.php(410): CodeIgniter\CodeIgniter->runController(Object(App\Controllers\Cetak))
#8 C:\Users\User\KULIAH\PKL\Sistem-Informasi-Skripsi\system\CodeIgniter.php(318): CodeIgniter\CodeIgniter->handleRequest(NULL, Object(Config\Cache), false)
#9 C:\Users\User\KULIAH\PKL\Sistem-Informasi-Skripsi\public\index.php(37): CodeIgniter\CodeIgniter->run()
#10 C:\Users\User\KULIAH\PKL\Sistem-Informasi-Skripsi\system\Commands\Server\rewrite.php(43): require_once('C:\\Users\\User\\K...')
#11 {main}
CRITICAL - 2022-01-31 23:02:29 --> getimagesize(unila.jpg): Failed to open stream: No such file or directory
#0 [internal function]: CodeIgniter\Debug\Exceptions->errorHandler(2, 'getimagesize(un...', 'C:\\Users\\User\\K...', 1262)
#1 C:\Users\User\KULIAH\PKL\Sistem-Informasi-Skripsi\app\Libraries\fpdf.php(1262): getimagesize('unila.jpg')
#2 C:\Users\User\KULIAH\PKL\Sistem-Informasi-Skripsi\app\Libraries\fpdf.php(909): FPDF->_parsejpg('unila.jpg')
#3 C:\Users\User\KULIAH\PKL\Sistem-Informasi-Skripsi\app\Libraries\fpdf.php(364): FPDF->Image('unila.jpg', 10, 10, 10, 10, 'jpg')
#4 C:\Users\User\KULIAH\PKL\Sistem-Informasi-Skripsi\app\Libraries\fpdf.php(336): FPDF->Header()
#5 C:\Users\User\KULIAH\PKL\Sistem-Informasi-Skripsi\app\Controllers\Cetak.php(28): FPDF->AddPage('P', 'Legal')
#6 C:\Users\User\KULIAH\PKL\Sistem-Informasi-Skripsi\system\CodeIgniter.php(824): App\Controllers\Cetak->surat_pengajuan_judul('19170511')
#7 C:\Users\User\KULIAH\PKL\Sistem-Informasi-Skripsi\system\CodeIgniter.php(410): CodeIgniter\CodeIgniter->runController(Object(App\Controllers\Cetak))
#8 C:\Users\User\KULIAH\PKL\Sistem-Informasi-Skripsi\system\CodeIgniter.php(318): CodeIgniter\CodeIgniter->handleRequest(NULL, Object(Config\Cache), false)
#9 C:\Users\User\KULIAH\PKL\Sistem-Informasi-Skripsi\public\index.php(37): CodeIgniter\CodeIgniter->run()
#10 C:\Users\User\KULIAH\PKL\Sistem-Informasi-Skripsi\system\Commands\Server\rewrite.php(43): require_once('C:\\Users\\User\\K...')
#11 {main}
CRITICAL - 2022-01-31 23:07:51 --> getimagesize(images/unila.jpg): Failed to open stream: No such file or directory
#0 [internal function]: CodeIgniter\Debug\Exceptions->errorHandler(2, 'getimagesize(im...', 'C:\\Users\\User\\K...', 1262)
#1 C:\Users\User\KULIAH\PKL\Sistem-Informasi-Skripsi\app\Libraries\fpdf.php(1262): getimagesize('images/unila.jp...')
#2 C:\Users\User\KULIAH\PKL\Sistem-Informasi-Skripsi\app\Libraries\fpdf.php(909): FPDF->_parsejpg('images/unila.jp...')
#3 C:\Users\User\KULIAH\PKL\Sistem-Informasi-Skripsi\app\Libraries\fpdf.php(364): FPDF->Image('images/unila.jp...', 10, 10, 10, 10, 'jpg')
#4 C:\Users\User\KULIAH\PKL\Sistem-Informasi-Skripsi\app\Libraries\fpdf.php(336): FPDF->Header()
#5 C:\Users\User\KULIAH\PKL\Sistem-Informasi-Skripsi\app\Controllers\Cetak.php(28): FPDF->AddPage('P', 'Legal')
#6 C:\Users\User\KULIAH\PKL\Sistem-Informasi-Skripsi\system\CodeIgniter.php(824): App\Controllers\Cetak->surat_pengajuan_judul('19170511')
#7 C:\Users\User\KULIAH\PKL\Sistem-Informasi-Skripsi\system\CodeIgniter.php(410): CodeIgniter\CodeIgniter->runController(Object(App\Controllers\Cetak))
#8 C:\Users\User\KULIAH\PKL\Sistem-Informasi-Skripsi\system\CodeIgniter.php(318): CodeIgniter\CodeIgniter->handleRequest(NULL, Object(Config\Cache), false)
#9 C:\Users\User\KULIAH\PKL\Sistem-Informasi-Skripsi\public\index.php(37): CodeIgniter\CodeIgniter->run()
#10 C:\Users\User\KULIAH\PKL\Sistem-Informasi-Skripsi\system\Commands\Server\rewrite.php(43): require_once('C:\\Users\\User\\K...')
#11 {main}
CRITICAL - 2022-01-31 23:07:52 --> getimagesize(images/unila.jpg): Failed to open stream: No such file or directory
#0 [internal function]: CodeIgniter\Debug\Exceptions->errorHandler(2, 'getimagesize(im...', 'C:\\Users\\User\\K...', 1262)
#1 C:\Users\User\KULIAH\PKL\Sistem-Informasi-Skripsi\app\Libraries\fpdf.php(1262): getimagesize('images/unila.jp...')
#2 C:\Users\User\KULIAH\PKL\Sistem-Informasi-Skripsi\app\Libraries\fpdf.php(909): FPDF->_parsejpg('images/unila.jp...')
#3 C:\Users\User\KULIAH\PKL\Sistem-Informasi-Skripsi\app\Libraries\fpdf.php(364): FPDF->Image('images/unila.jp...', 10, 10, 10, 10, 'jpg')
#4 C:\Users\User\KULIAH\PKL\Sistem-Informasi-Skripsi\app\Libraries\fpdf.php(336): FPDF->Header()
#5 C:\Users\User\KULIAH\PKL\Sistem-Informasi-Skripsi\app\Controllers\Cetak.php(28): FPDF->AddPage('P', 'Legal')
#6 C:\Users\User\KULIAH\PKL\Sistem-Informasi-Skripsi\system\CodeIgniter.php(824): App\Controllers\Cetak->surat_pengajuan_judul('19170511')
#7 C:\Users\User\KULIAH\PKL\Sistem-Informasi-Skripsi\system\CodeIgniter.php(410): CodeIgniter\CodeIgniter->runController(Object(App\Controllers\Cetak))
#8 C:\Users\User\KULIAH\PKL\Sistem-Informasi-Skripsi\system\CodeIgniter.php(318): CodeIgniter\CodeIgniter->handleRequest(NULL, Object(Config\Cache), false)
#9 C:\Users\User\KULIAH\PKL\Sistem-Informasi-Skripsi\public\index.php(37): CodeIgniter\CodeIgniter->run()
#10 C:\Users\User\KULIAH\PKL\Sistem-Informasi-Skripsi\system\Commands\Server\rewrite.php(43): require_once('C:\\Users\\User\\K...')
#11 {main}
CRITICAL - 2022-01-31 23:07:59 --> getimagesize(images/unila.jpg): Failed to open stream: No such file or directory
#0 [internal function]: CodeIgniter\Debug\Exceptions->errorHandler(2, 'getimagesize(im...', 'C:\\Users\\User\\K...', 1262)
#1 C:\Users\User\KULIAH\PKL\Sistem-Informasi-Skripsi\app\Libraries\fpdf.php(1262): getimagesize('images/unila.jp...')
#2 C:\Users\User\KULIAH\PKL\Sistem-Informasi-Skripsi\app\Libraries\fpdf.php(909): FPDF->_parsejpg('images/unila.jp...')
#3 C:\Users\User\KULIAH\PKL\Sistem-Informasi-Skripsi\app\Libraries\fpdf.php(364): FPDF->Image('images/unila.jp...', 10, 10, 10, 10)
#4 C:\Users\User\KULIAH\PKL\Sistem-Informasi-Skripsi\app\Libraries\fpdf.php(336): FPDF->Header()
#5 C:\Users\User\KULIAH\PKL\Sistem-Informasi-Skripsi\app\Controllers\Cetak.php(28): FPDF->AddPage('P', 'Legal')
#6 C:\Users\User\KULIAH\PKL\Sistem-Informasi-Skripsi\system\CodeIgniter.php(824): App\Controllers\Cetak->surat_pengajuan_judul('19170511')
#7 C:\Users\User\KULIAH\PKL\Sistem-Informasi-Skripsi\system\CodeIgniter.php(410): CodeIgniter\CodeIgniter->runController(Object(App\Controllers\Cetak))
#8 C:\Users\User\KULIAH\PKL\Sistem-Informasi-Skripsi\system\CodeIgniter.php(318): CodeIgniter\CodeIgniter->handleRequest(NULL, Object(Config\Cache), false)
#9 C:\Users\User\KULIAH\PKL\Sistem-Informasi-Skripsi\public\index.php(37): CodeIgniter\CodeIgniter->run()
#10 C:\Users\User\KULIAH\PKL\Sistem-Informasi-Skripsi\system\Commands\Server\rewrite.php(43): require_once('C:\\Users\\User\\K...')
#11 {main}
CRITICAL - 2022-01-31 23:08:00 --> getimagesize(images/unila.jpg): Failed to open stream: No such file or directory
#0 [internal function]: CodeIgniter\Debug\Exceptions->errorHandler(2, 'getimagesize(im...', 'C:\\Users\\User\\K...', 1262)
#1 C:\Users\User\KULIAH\PKL\Sistem-Informasi-Skripsi\app\Libraries\fpdf.php(1262): getimagesize('images/unila.jp...')
#2 C:\Users\User\KULIAH\PKL\Sistem-Informasi-Skripsi\app\Libraries\fpdf.php(909): FPDF->_parsejpg('images/unila.jp...')
#3 C:\Users\User\KULIAH\PKL\Sistem-Informasi-Skripsi\app\Libraries\fpdf.php(364): FPDF->Image('images/unila.jp...', 10, 10, 10, 10)
#4 C:\Users\User\KULIAH\PKL\Sistem-Informasi-Skripsi\app\Libraries\fpdf.php(336): FPDF->Header()
#5 C:\Users\User\KULIAH\PKL\Sistem-Informasi-Skripsi\app\Controllers\Cetak.php(28): FPDF->AddPage('P', 'Legal')
#6 C:\Users\User\KULIAH\PKL\Sistem-Informasi-Skripsi\system\CodeIgniter.php(824): App\Controllers\Cetak->surat_pengajuan_judul('19170511')
#7 C:\Users\User\KULIAH\PKL\Sistem-Informasi-Skripsi\system\CodeIgniter.php(410): CodeIgniter\CodeIgniter->runController(Object(App\Controllers\Cetak))
#8 C:\Users\User\KULIAH\PKL\Sistem-Informasi-Skripsi\system\CodeIgniter.php(318): CodeIgniter\CodeIgniter->handleRequest(NULL, Object(Config\Cache), false)
#9 C:\Users\User\KULIAH\PKL\Sistem-Informasi-Skripsi\public\index.php(37): CodeIgniter\CodeIgniter->run()
#10 C:\Users\User\KULIAH\PKL\Sistem-Informasi-Skripsi\system\Commands\Server\rewrite.php(43): require_once('C:\\Users\\User\\K...')
#11 {main}
CRITICAL - 2022-01-31 23:08:01 --> getimagesize(images/unila.jpg): Failed to open stream: No such file or directory
#0 [internal function]: CodeIgniter\Debug\Exceptions->errorHandler(2, 'getimagesize(im...', 'C:\\Users\\User\\K...', 1262)
#1 C:\Users\User\KULIAH\PKL\Sistem-Informasi-Skripsi\app\Libraries\fpdf.php(1262): getimagesize('images/unila.jp...')
#2 C:\Users\User\KULIAH\PKL\Sistem-Informasi-Skripsi\app\Libraries\fpdf.php(909): FPDF->_parsejpg('images/unila.jp...')
#3 C:\Users\User\KULIAH\PKL\Sistem-Informasi-Skripsi\app\Libraries\fpdf.php(364): FPDF->Image('images/unila.jp...', 10, 10, 10, 10)
#4 C:\Users\User\KULIAH\PKL\Sistem-Informasi-Skripsi\app\Libraries\fpdf.php(336): FPDF->Header()
#5 C:\Users\User\KULIAH\PKL\Sistem-Informasi-Skripsi\app\Controllers\Cetak.php(28): FPDF->AddPage('P', 'Legal')
#6 C:\Users\User\KULIAH\PKL\Sistem-Informasi-Skripsi\system\CodeIgniter.php(824): App\Controllers\Cetak->surat_pengajuan_judul('19170511')
#7 C:\Users\User\KULIAH\PKL\Sistem-Informasi-Skripsi\system\CodeIgniter.php(410): CodeIgniter\CodeIgniter->runController(Object(App\Controllers\Cetak))
#8 C:\Users\User\KULIAH\PKL\Sistem-Informasi-Skripsi\system\CodeIgniter.php(318): CodeIgniter\CodeIgniter->handleRequest(NULL, Object(Config\Cache), false)
#9 C:\Users\User\KULIAH\PKL\Sistem-Informasi-Skripsi\public\index.php(37): CodeIgniter\CodeIgniter->run()
#10 C:\Users\User\KULIAH\PKL\Sistem-Informasi-Skripsi\system\Commands\Server\rewrite.php(43): require_once('C:\\Users\\User\\K...')
#11 {main}
CRITICAL - 2022-01-31 23:08:03 --> getimagesize(images/unila.jpg): Failed to open stream: No such file or directory
#0 [internal function]: CodeIgniter\Debug\Exceptions->errorHandler(2, 'getimagesize(im...', 'C:\\Users\\User\\K...', 1262)
#1 C:\Users\User\KULIAH\PKL\Sistem-Informasi-Skripsi\app\Libraries\fpdf.php(1262): getimagesize('images/unila.jp...')
#2 C:\Users\User\KULIAH\PKL\Sistem-Informasi-Skripsi\app\Libraries\fpdf.php(909): FPDF->_parsejpg('images/unila.jp...')
#3 C:\Users\User\KULIAH\PKL\Sistem-Informasi-Skripsi\app\Libraries\fpdf.php(364): FPDF->Image('images/unila.jp...', 10, 10, 10, 10)
#4 C:\Users\User\KULIAH\PKL\Sistem-Informasi-Skripsi\app\Libraries\fpdf.php(336): FPDF->Header()
#5 C:\Users\User\KULIAH\PKL\Sistem-Informasi-Skripsi\app\Controllers\Cetak.php(28): FPDF->AddPage('P', 'Legal')
#6 C:\Users\User\KULIAH\PKL\Sistem-Informasi-Skripsi\system\CodeIgniter.php(824): App\Controllers\Cetak->surat_pengajuan_judul('19170511')
#7 C:\Users\User\KULIAH\PKL\Sistem-Informasi-Skripsi\system\CodeIgniter.php(410): CodeIgniter\CodeIgniter->runController(Object(App\Controllers\Cetak))
#8 C:\Users\User\KULIAH\PKL\Sistem-Informasi-Skripsi\system\CodeIgniter.php(318): CodeIgniter\CodeIgniter->handleRequest(NULL, Object(Config\Cache), false)
#9 C:\Users\User\KULIAH\PKL\Sistem-Informasi-Skripsi\public\index.php(37): CodeIgniter\CodeIgniter->run()
#10 C:\Users\User\KULIAH\PKL\Sistem-Informasi-Skripsi\system\Commands\Server\rewrite.php(43): require_once('C:\\Users\\User\\K...')
#11 {main}
CRITICAL - 2022-01-31 23:10:15 --> getimagesize(images/unila.jpg): Failed to open stream: No such file or directory
#0 [internal function]: CodeIgniter\Debug\Exceptions->errorHandler(2, 'getimagesize(im...', 'C:\\Users\\User\\K...', 1262)
#1 C:\Users\User\KULIAH\PKL\Sistem-Informasi-Skripsi\app\Libraries\fpdf.php(1262): getimagesize('images/unila.jp...')
#2 C:\Users\User\KULIAH\PKL\Sistem-Informasi-Skripsi\app\Libraries\fpdf.php(909): FPDF->_parsejpg('images/unila.jp...')
#3 C:\Users\User\KULIAH\PKL\Sistem-Informasi-Skripsi\app\Libraries\fpdf.php(364): FPDF->Image('images/unila.jp...', 10, 10, 10, 10)
#4 C:\Users\User\KULIAH\PKL\Sistem-Informasi-Skripsi\app\Libraries\fpdf.php(336): FPDF->Header()
#5 C:\Users\User\KULIAH\PKL\Sistem-Informasi-Skripsi\app\Controllers\Cetak.php(28): FPDF->AddPage('P', 'Legal')
#6 C:\Users\User\KULIAH\PKL\Sistem-Informasi-Skripsi\system\CodeIgniter.php(824): App\Controllers\Cetak->surat_pengajuan_judul('19170511')
#7 C:\Users\User\KULIAH\PKL\Sistem-Informasi-Skripsi\system\CodeIgniter.php(410): CodeIgniter\CodeIgniter->runController(Object(App\Controllers\Cetak))
#8 C:\Users\User\KULIAH\PKL\Sistem-Informasi-Skripsi\system\CodeIgniter.php(318): CodeIgniter\CodeIgniter->handleRequest(NULL, Object(Config\Cache), false)
#9 C:\Users\User\KULIAH\PKL\Sistem-Informasi-Skripsi\public\index.php(37): CodeIgniter\CodeIgniter->run()
#10 C:\Users\User\KULIAH\PKL\Sistem-Informasi-Skripsi\system\Commands\Server\rewrite.php(43): require_once('C:\\Users\\User\\K...')
#11 {main}
CRITICAL - 2022-01-31 23:10:15 --> getimagesize(images/unila.jpg): Failed to open stream: No such file or directory
#0 [internal function]: CodeIgniter\Debug\Exceptions->errorHandler(2, 'getimagesize(im...', 'C:\\Users\\User\\K...', 1262)
#1 C:\Users\User\KULIAH\PKL\Sistem-Informasi-Skripsi\app\Libraries\fpdf.php(1262): getimagesize('images/unila.jp...')
#2 C:\Users\User\KULIAH\PKL\Sistem-Informasi-Skripsi\app\Libraries\fpdf.php(909): FPDF->_parsejpg('images/unila.jp...')
#3 C:\Users\User\KULIAH\PKL\Sistem-Informasi-Skripsi\app\Libraries\fpdf.php(364): FPDF->Image('images/unila.jp...', 10, 10, 10, 10)
#4 C:\Users\User\KULIAH\PKL\Sistem-Informasi-Skripsi\app\Libraries\fpdf.php(336): FPDF->Header()
#5 C:\Users\User\KULIAH\PKL\Sistem-Informasi-Skripsi\app\Controllers\Cetak.php(28): FPDF->AddPage('P', 'Legal')
#6 C:\Users\User\KULIAH\PKL\Sistem-Informasi-Skripsi\system\CodeIgniter.php(824): App\Controllers\Cetak->surat_pengajuan_judul('19170511')
#7 C:\Users\User\KULIAH\PKL\Sistem-Informasi-Skripsi\system\CodeIgniter.php(410): CodeIgniter\CodeIgniter->runController(Object(App\Controllers\Cetak))
#8 C:\Users\User\KULIAH\PKL\Sistem-Informasi-Skripsi\system\CodeIgniter.php(318): CodeIgniter\CodeIgniter->handleRequest(NULL, Object(Config\Cache), false)
#9 C:\Users\User\KULIAH\PKL\Sistem-Informasi-Skripsi\public\index.php(37): CodeIgniter\CodeIgniter->run()
#10 C:\Users\User\KULIAH\PKL\Sistem-Informasi-Skripsi\system\Commands\Server\rewrite.php(43): require_once('C:\\Users\\User\\K...')
#11 {main}
CRITICAL - 2022-01-31 23:10:16 --> getimagesize(images/unila.jpg): Failed to open stream: No such file or directory
#0 [internal function]: CodeIgniter\Debug\Exceptions->errorHandler(2, 'getimagesize(im...', 'C:\\Users\\User\\K...', 1262)
#1 C:\Users\User\KULIAH\PKL\Sistem-Informasi-Skripsi\app\Libraries\fpdf.php(1262): getimagesize('images/unila.jp...')
#2 C:\Users\User\KULIAH\PKL\Sistem-Informasi-Skripsi\app\Libraries\fpdf.php(909): FPDF->_parsejpg('images/unila.jp...')
#3 C:\Users\User\KULIAH\PKL\Sistem-Informasi-Skripsi\app\Libraries\fpdf.php(364): FPDF->Image('images/unila.jp...', 10, 10, 10, 10)
#4 C:\Users\User\KULIAH\PKL\Sistem-Informasi-Skripsi\app\Libraries\fpdf.php(336): FPDF->Header()
#5 C:\Users\User\KULIAH\PKL\Sistem-Informasi-Skripsi\app\Controllers\Cetak.php(28): FPDF->AddPage('P', 'Legal')
#6 C:\Users\User\KULIAH\PKL\Sistem-Informasi-Skripsi\system\CodeIgniter.php(824): App\Controllers\Cetak->surat_pengajuan_judul('19170511')
#7 C:\Users\User\KULIAH\PKL\Sistem-Informasi-Skripsi\system\CodeIgniter.php(410): CodeIgniter\CodeIgniter->runController(Object(App\Controllers\Cetak))
#8 C:\Users\User\KULIAH\PKL\Sistem-Informasi-Skripsi\system\CodeIgniter.php(318): CodeIgniter\CodeIgniter->handleRequest(NULL, Object(Config\Cache), false)
#9 C:\Users\User\KULIAH\PKL\Sistem-Informasi-Skripsi\public\index.php(37): CodeIgniter\CodeIgniter->run()
#10 C:\Users\User\KULIAH\PKL\Sistem-Informasi-Skripsi\system\Commands\Server\rewrite.php(43): require_once('C:\\Users\\User\\K...')
#11 {main}
CRITICAL - 2022-01-31 23:10:16 --> getimagesize(images/unila.jpg): Failed to open stream: No such file or directory
#0 [internal function]: CodeIgniter\Debug\Exceptions->errorHandler(2, 'getimagesize(im...', 'C:\\Users\\User\\K...', 1262)
#1 C:\Users\User\KULIAH\PKL\Sistem-Informasi-Skripsi\app\Libraries\fpdf.php(1262): getimagesize('images/unila.jp...')
#2 C:\Users\User\KULIAH\PKL\Sistem-Informasi-Skripsi\app\Libraries\fpdf.php(909): FPDF->_parsejpg('images/unila.jp...')
#3 C:\Users\User\KULIAH\PKL\Sistem-Informasi-Skripsi\app\Libraries\fpdf.php(364): FPDF->Image('images/unila.jp...', 10, 10, 10, 10)
#4 C:\Users\User\KULIAH\PKL\Sistem-Informasi-Skripsi\app\Libraries\fpdf.php(336): FPDF->Header()
#5 C:\Users\User\KULIAH\PKL\Sistem-Informasi-Skripsi\app\Controllers\Cetak.php(28): FPDF->AddPage('P', 'Legal')
#6 C:\Users\User\KULIAH\PKL\Sistem-Informasi-Skripsi\system\CodeIgniter.php(824): App\Controllers\Cetak->surat_pengajuan_judul('19170511')
#7 C:\Users\User\KULIAH\PKL\Sistem-Informasi-Skripsi\system\CodeIgniter.php(410): CodeIgniter\CodeIgniter->runController(Object(App\Controllers\Cetak))
#8 C:\Users\User\KULIAH\PKL\Sistem-Informasi-Skripsi\system\CodeIgniter.php(318): CodeIgniter\CodeIgniter->handleRequest(NULL, Object(Config\Cache), false)
#9 C:\Users\User\KULIAH\PKL\Sistem-Informasi-Skripsi\public\index.php(37): CodeIgniter\CodeIgniter->run()
#10 C:\Users\User\KULIAH\PKL\Sistem-Informasi-Skripsi\system\Commands\Server\rewrite.php(43): require_once('C:\\Users\\User\\K...')
#11 {main}
CRITICAL - 2022-01-31 23:10:16 --> getimagesize(images/unila.jpg): Failed to open stream: No such file or directory
#0 [internal function]: CodeIgniter\Debug\Exceptions->errorHandler(2, 'getimagesize(im...', 'C:\\Users\\User\\K...', 1262)
#1 C:\Users\User\KULIAH\PKL\Sistem-Informasi-Skripsi\app\Libraries\fpdf.php(1262): getimagesize('images/unila.jp...')
#2 C:\Users\User\KULIAH\PKL\Sistem-Informasi-Skripsi\app\Libraries\fpdf.php(909): FPDF->_parsejpg('images/unila.jp...')
#3 C:\Users\User\KULIAH\PKL\Sistem-Informasi-Skripsi\app\Libraries\fpdf.php(364): FPDF->Image('images/unila.jp...', 10, 10, 10, 10)
#4 C:\Users\User\KULIAH\PKL\Sistem-Informasi-Skripsi\app\Libraries\fpdf.php(336): FPDF->Header()
#5 C:\Users\User\KULIAH\PKL\Sistem-Informasi-Skripsi\app\Controllers\Cetak.php(28): FPDF->AddPage('P', 'Legal')
#6 C:\Users\User\KULIAH\PKL\Sistem-Informasi-Skripsi\system\CodeIgniter.php(824): App\Controllers\Cetak->surat_pengajuan_judul('19170511')
#7 C:\Users\User\KULIAH\PKL\Sistem-Informasi-Skripsi\system\CodeIgniter.php(410): CodeIgniter\CodeIgniter->runController(Object(App\Controllers\Cetak))
#8 C:\Users\User\KULIAH\PKL\Sistem-Informasi-Skripsi\system\CodeIgniter.php(318): CodeIgniter\CodeIgniter->handleRequest(NULL, Object(Config\Cache), false)
#9 C:\Users\User\KULIAH\PKL\Sistem-Informasi-Skripsi\public\index.php(37): CodeIgniter\CodeIgniter->run()
#10 C:\Users\User\KULIAH\PKL\Sistem-Informasi-Skripsi\system\Commands\Server\rewrite.php(43): require_once('C:\\Users\\User\\K...')
#11 {main}
CRITICAL - 2022-01-31 23:11:13 --> fopen(images/unila.png): Failed to open stream: No such file or directory
#0 [internal function]: CodeIgniter\Debug\Exceptions->errorHandler(2, 'fopen(images/un...', 'C:\\Users\\User\\K...', 1281)
#1 C:\Users\User\KULIAH\PKL\Sistem-Informasi-Skripsi\app\Libraries\fpdf.php(1281): fopen('images/unila.pn...', 'rb')
#2 C:\Users\User\KULIAH\PKL\Sistem-Informasi-Skripsi\app\Libraries\fpdf.php(909): FPDF->_parsepng('images/unila.pn...')
#3 C:\Users\User\KULIAH\PKL\Sistem-Informasi-Skripsi\app\Libraries\fpdf.php(364): FPDF->Image('images/unila.pn...', 10, 10, 10, 10)
#4 C:\Users\User\KULIAH\PKL\Sistem-Informasi-Skripsi\app\Libraries\fpdf.php(336): FPDF->Header()
#5 C:\Users\User\KULIAH\PKL\Sistem-Informasi-Skripsi\app\Controllers\Cetak.php(28): FPDF->AddPage('P', 'Legal')
#6 C:\Users\User\KULIAH\PKL\Sistem-Informasi-Skripsi\system\CodeIgniter.php(824): App\Controllers\Cetak->surat_pengajuan_judul('19170511')
#7 C:\Users\User\KULIAH\PKL\Sistem-Informasi-Skripsi\system\CodeIgniter.php(410): CodeIgniter\CodeIgniter->runController(Object(App\Controllers\Cetak))
#8 C:\Users\User\KULIAH\PKL\Sistem-Informasi-Skripsi\system\CodeIgniter.php(318): CodeIgniter\CodeIgniter->handleRequest(NULL, Object(Config\Cache), false)
#9 C:\Users\User\KULIAH\PKL\Sistem-Informasi-Skripsi\public\index.php(37): CodeIgniter\CodeIgniter->run()
#10 C:\Users\User\KULIAH\PKL\Sistem-Informasi-Skripsi\system\Commands\Server\rewrite.php(43): require_once('C:\\Users\\User\\K...')
#11 {main}
