CRITICAL - 2022-06-09 13:14:19 --> Undefined offset: 0
#0 C:\Users\ACER\OneDrive\Dokumen\PKL\SIMBISNIS_DebugPDF\app\Controllers\Cetakan.php(56): CodeIgniter\Debug\Exceptions->errorHandler(8, 'Undefined offse...', 'C:\\Users\\ACER\\O...', 56, Array)
#1 C:\Users\ACER\OneDrive\Dokumen\PKL\SIMBISNIS_DebugPDF\system\CodeIgniter.php(824): App\Controllers\Cetakan->surat_pengajuan_judul('123')
#2 C:\Users\ACER\OneDrive\Dokumen\PKL\SIMBISNIS_DebugPDF\system\CodeIgniter.php(410): CodeIgniter\CodeIgniter->runController(Object(App\Controllers\Cetakan))
#3 C:\Users\ACER\OneDrive\Dokumen\PKL\SIMBISNIS_DebugPDF\system\CodeIgniter.php(318): CodeIgniter\CodeIgniter->handleRequest(NULL, Object(Config\Cache), false)
#4 C:\Users\ACER\OneDrive\Dokumen\PKL\SIMBISNIS_DebugPDF\public\index.php(37): CodeIgniter\CodeIgniter->run()
#5 C:\Users\ACER\OneDrive\Dokumen\PKL\SIMBISNIS_DebugPDF\system\Commands\Server\rewrite.php(43): require_once('C:\\Users\\ACER\\O...')
#6 {main}
CRITICAL - 2022-06-09 13:14:25 --> Undefined offset: 0
#0 C:\Users\ACER\OneDrive\Dokumen\PKL\SIMBISNIS_DebugPDF\app\Controllers\Cetakan.php(56): CodeIgniter\Debug\Exceptions->errorHandler(8, 'Undefined offse...', 'C:\\Users\\ACER\\O...', 56, Array)
#1 C:\Users\ACER\OneDrive\Dokumen\PKL\SIMBISNIS_DebugPDF\system\CodeIgniter.php(824): App\Controllers\Cetakan->surat_pengajuan_judul('1917051015')
#2 C:\Users\ACER\OneDrive\Dokumen\PKL\SIMBISNIS_DebugPDF\system\CodeIgniter.php(410): CodeIgniter\CodeIgniter->runController(Object(App\Controllers\Cetakan))
#3 C:\Users\ACER\OneDrive\Dokumen\PKL\SIMBISNIS_DebugPDF\system\CodeIgniter.php(318): CodeIgniter\CodeIgniter->handleRequest(NULL, Object(Config\Cache), false)
#4 C:\Users\ACER\OneDrive\Dokumen\PKL\SIMBISNIS_DebugPDF\public\index.php(37): CodeIgniter\CodeIgniter->run()
#5 C:\Users\ACER\OneDrive\Dokumen\PKL\SIMBISNIS_DebugPDF\system\Commands\Server\rewrite.php(43): require_once('C:\\Users\\ACER\\O...')
#6 {main}
CRITICAL - 2022-06-09 13:14:33 --> Undefined offset: 0
#0 C:\Users\ACER\OneDrive\Dokumen\PKL\SIMBISNIS_DebugPDF\app\Controllers\Cetakan.php(56): CodeIgniter\Debug\Exceptions->errorHandler(8, 'Undefined offse...', 'C:\\Users\\ACER\\O...', 56, Array)
#1 C:\Users\ACER\OneDrive\Dokumen\PKL\SIMBISNIS_DebugPDF\system\CodeIgniter.php(824): App\Controllers\Cetakan->surat_pengajuan_judul('1917051015')
#2 C:\Users\ACER\OneDrive\Dokumen\PKL\SIMBISNIS_DebugPDF\system\CodeIgniter.php(410): CodeIgniter\CodeIgniter->runController(Object(App\Controllers\Cetakan))
#3 C:\Users\ACER\OneDrive\Dokumen\PKL\SIMBISNIS_DebugPDF\system\CodeIgniter.php(318): CodeIgniter\CodeIgniter->handleRequest(NULL, Object(Config\Cache), false)
#4 C:\Users\ACER\OneDrive\Dokumen\PKL\SIMBISNIS_DebugPDF\public\index.php(37): CodeIgniter\CodeIgniter->run()
#5 C:\Users\ACER\OneDrive\Dokumen\PKL\SIMBISNIS_DebugPDF\system\Commands\Server\rewrite.php(43): require_once('C:\\Users\\ACER\\O...')
#6 {main}
CRITICAL - 2022-06-09 13:40:25 --> Array to string conversion
#0 C:\Users\ACER\OneDrive\Dokumen\PKL\SIMBISNIS_DebugPDF\app\Controllers\Cetak.php(14): CodeIgniter\Debug\Exceptions->errorHandler(8, 'Array to string...', 'C:\\Users\\ACER\\O...', 14, Array)
#1 C:\Users\ACER\OneDrive\Dokumen\PKL\SIMBISNIS_DebugPDF\system\CodeIgniter.php(824): App\Controllers\Cetak->index()
#2 C:\Users\ACER\OneDrive\Dokumen\PKL\SIMBISNIS_DebugPDF\system\CodeIgniter.php(410): CodeIgniter\CodeIgniter->runController(Object(App\Controllers\Cetak))
#3 C:\Users\ACER\OneDrive\Dokumen\PKL\SIMBISNIS_DebugPDF\system\CodeIgniter.php(318): CodeIgniter\CodeIgniter->handleRequest(NULL, Object(Config\Cache), false)
#4 C:\Users\ACER\OneDrive\Dokumen\PKL\SIMBISNIS_DebugPDF\public\index.php(37): CodeIgniter\CodeIgniter->run()
#5 C:\Users\ACER\OneDrive\Dokumen\PKL\SIMBISNIS_DebugPDF\system\Commands\Server\rewrite.php(43): require_once('C:\\Users\\ACER\\O...')
#6 {main}
CRITICAL - 2022-06-09 13:40:25 --> Array to string conversion
#0 C:\Users\ACER\OneDrive\Dokumen\PKL\SIMBISNIS_DebugPDF\app\Controllers\Cetak.php(14): CodeIgniter\Debug\Exceptions->errorHandler(8, 'Array to string...', 'C:\\Users\\ACER\\O...', 14, Array)
#1 C:\Users\ACER\OneDrive\Dokumen\PKL\SIMBISNIS_DebugPDF\system\CodeIgniter.php(824): App\Controllers\Cetak->index()
#2 C:\Users\ACER\OneDrive\Dokumen\PKL\SIMBISNIS_DebugPDF\system\CodeIgniter.php(410): CodeIgniter\CodeIgniter->runController(Object(App\Controllers\Cetak))
#3 C:\Users\ACER\OneDrive\Dokumen\PKL\SIMBISNIS_DebugPDF\system\CodeIgniter.php(318): CodeIgniter\CodeIgniter->handleRequest(NULL, Object(Config\Cache), false)
#4 C:\Users\ACER\OneDrive\Dokumen\PKL\SIMBISNIS_DebugPDF\public\index.php(37): CodeIgniter\CodeIgniter->run()
#5 C:\Users\ACER\OneDrive\Dokumen\PKL\SIMBISNIS_DebugPDF\system\Commands\Server\rewrite.php(43): require_once('C:\\Users\\ACER\\O...')
#6 {main}
CRITICAL - 2022-06-09 13:41:38 --> Array to string conversion
#0 C:\Users\ACER\OneDrive\Dokumen\PKL\SIMBISNIS_DebugPDF\app\Controllers\Cetak.php(14): CodeIgniter\Debug\Exceptions->errorHandler(8, 'Array to string...', 'C:\\Users\\ACER\\O...', 14, Array)
#1 C:\Users\ACER\OneDrive\Dokumen\PKL\SIMBISNIS_DebugPDF\system\CodeIgniter.php(824): App\Controllers\Cetak->index()
#2 C:\Users\ACER\OneDrive\Dokumen\PKL\SIMBISNIS_DebugPDF\system\CodeIgniter.php(410): CodeIgniter\CodeIgniter->runController(Object(App\Controllers\Cetak))
#3 C:\Users\ACER\OneDrive\Dokumen\PKL\SIMBISNIS_DebugPDF\system\CodeIgniter.php(318): CodeIgniter\CodeIgniter->handleRequest(NULL, Object(Config\Cache), false)
#4 C:\Users\ACER\OneDrive\Dokumen\PKL\SIMBISNIS_DebugPDF\public\index.php(37): CodeIgniter\CodeIgniter->run()
#5 C:\Users\ACER\OneDrive\Dokumen\PKL\SIMBISNIS_DebugPDF\system\Commands\Server\rewrite.php(43): require_once('C:\\Users\\ACER\\O...')
#6 {main}
CRITICAL - 2022-06-09 13:41:38 --> Array to string conversion
#0 C:\Users\ACER\OneDrive\Dokumen\PKL\SIMBISNIS_DebugPDF\app\Controllers\Cetak.php(14): CodeIgniter\Debug\Exceptions->errorHandler(8, 'Array to string...', 'C:\\Users\\ACER\\O...', 14, Array)
#1 C:\Users\ACER\OneDrive\Dokumen\PKL\SIMBISNIS_DebugPDF\system\CodeIgniter.php(824): App\Controllers\Cetak->index()
#2 C:\Users\ACER\OneDrive\Dokumen\PKL\SIMBISNIS_DebugPDF\system\CodeIgniter.php(410): CodeIgniter\CodeIgniter->runController(Object(App\Controllers\Cetak))
#3 C:\Users\ACER\OneDrive\Dokumen\PKL\SIMBISNIS_DebugPDF\system\CodeIgniter.php(318): CodeIgniter\CodeIgniter->handleRequest(NULL, Object(Config\Cache), false)
#4 C:\Users\ACER\OneDrive\Dokumen\PKL\SIMBISNIS_DebugPDF\public\index.php(37): CodeIgniter\CodeIgniter->run()
#5 C:\Users\ACER\OneDrive\Dokumen\PKL\SIMBISNIS_DebugPDF\system\Commands\Server\rewrite.php(43): require_once('C:\\Users\\ACER\\O...')
#6 {main}
CRITICAL - 2022-06-09 13:42:11 --> Array to string conversion
#0 C:\Users\ACER\OneDrive\Dokumen\PKL\SIMBISNIS_DebugPDF\app\Controllers\Cetak.php(14): CodeIgniter\Debug\Exceptions->errorHandler(8, 'Array to string...', 'C:\\Users\\ACER\\O...', 14, Array)
#1 C:\Users\ACER\OneDrive\Dokumen\PKL\SIMBISNIS_DebugPDF\system\CodeIgniter.php(824): App\Controllers\Cetak->index()
#2 C:\Users\ACER\OneDrive\Dokumen\PKL\SIMBISNIS_DebugPDF\system\CodeIgniter.php(410): CodeIgniter\CodeIgniter->runController(Object(App\Controllers\Cetak))
#3 C:\Users\ACER\OneDrive\Dokumen\PKL\SIMBISNIS_DebugPDF\system\CodeIgniter.php(318): CodeIgniter\CodeIgniter->handleRequest(NULL, Object(Config\Cache), false)
#4 C:\Users\ACER\OneDrive\Dokumen\PKL\SIMBISNIS_DebugPDF\public\index.php(37): CodeIgniter\CodeIgniter->run()
#5 C:\Users\ACER\OneDrive\Dokumen\PKL\SIMBISNIS_DebugPDF\system\Commands\Server\rewrite.php(43): require_once('C:\\Users\\ACER\\O...')
#6 {main}
CRITICAL - 2022-06-09 13:42:11 --> Array to string conversion
#0 C:\Users\ACER\OneDrive\Dokumen\PKL\SIMBISNIS_DebugPDF\app\Controllers\Cetak.php(14): CodeIgniter\Debug\Exceptions->errorHandler(8, 'Array to string...', 'C:\\Users\\ACER\\O...', 14, Array)
#1 C:\Users\ACER\OneDrive\Dokumen\PKL\SIMBISNIS_DebugPDF\system\CodeIgniter.php(824): App\Controllers\Cetak->index()
#2 C:\Users\ACER\OneDrive\Dokumen\PKL\SIMBISNIS_DebugPDF\system\CodeIgniter.php(410): CodeIgniter\CodeIgniter->runController(Object(App\Controllers\Cetak))
#3 C:\Users\ACER\OneDrive\Dokumen\PKL\SIMBISNIS_DebugPDF\system\CodeIgniter.php(318): CodeIgniter\CodeIgniter->handleRequest(NULL, Object(Config\Cache), false)
#4 C:\Users\ACER\OneDrive\Dokumen\PKL\SIMBISNIS_DebugPDF\public\index.php(37): CodeIgniter\CodeIgniter->run()
#5 C:\Users\ACER\OneDrive\Dokumen\PKL\SIMBISNIS_DebugPDF\system\Commands\Server\rewrite.php(43): require_once('C:\\Users\\ACER\\O...')
#6 {main}
CRITICAL - 2022-06-09 13:42:19 --> Array to string conversion
#0 C:\Users\ACER\OneDrive\Dokumen\PKL\SIMBISNIS_DebugPDF\app\Controllers\Cetak.php(14): CodeIgniter\Debug\Exceptions->errorHandler(8, 'Array to string...', 'C:\\Users\\ACER\\O...', 14, Array)
#1 C:\Users\ACER\OneDrive\Dokumen\PKL\SIMBISNIS_DebugPDF\system\CodeIgniter.php(824): App\Controllers\Cetak->index()
#2 C:\Users\ACER\OneDrive\Dokumen\PKL\SIMBISNIS_DebugPDF\system\CodeIgniter.php(410): CodeIgniter\CodeIgniter->runController(Object(App\Controllers\Cetak))
#3 C:\Users\ACER\OneDrive\Dokumen\PKL\SIMBISNIS_DebugPDF\system\CodeIgniter.php(318): CodeIgniter\CodeIgniter->handleRequest(NULL, Object(Config\Cache), false)
#4 C:\Users\ACER\OneDrive\Dokumen\PKL\SIMBISNIS_DebugPDF\public\index.php(37): CodeIgniter\CodeIgniter->run()
#5 C:\Users\ACER\OneDrive\Dokumen\PKL\SIMBISNIS_DebugPDF\system\Commands\Server\rewrite.php(43): require_once('C:\\Users\\ACER\\O...')
#6 {main}
CRITICAL - 2022-06-09 13:42:19 --> Array to string conversion
#0 C:\Users\ACER\OneDrive\Dokumen\PKL\SIMBISNIS_DebugPDF\app\Controllers\Cetak.php(14): CodeIgniter\Debug\Exceptions->errorHandler(8, 'Array to string...', 'C:\\Users\\ACER\\O...', 14, Array)
#1 C:\Users\ACER\OneDrive\Dokumen\PKL\SIMBISNIS_DebugPDF\system\CodeIgniter.php(824): App\Controllers\Cetak->index()
#2 C:\Users\ACER\OneDrive\Dokumen\PKL\SIMBISNIS_DebugPDF\system\CodeIgniter.php(410): CodeIgniter\CodeIgniter->runController(Object(App\Controllers\Cetak))
#3 C:\Users\ACER\OneDrive\Dokumen\PKL\SIMBISNIS_DebugPDF\system\CodeIgniter.php(318): CodeIgniter\CodeIgniter->handleRequest(NULL, Object(Config\Cache), false)
#4 C:\Users\ACER\OneDrive\Dokumen\PKL\SIMBISNIS_DebugPDF\public\index.php(37): CodeIgniter\CodeIgniter->run()
#5 C:\Users\ACER\OneDrive\Dokumen\PKL\SIMBISNIS_DebugPDF\system\Commands\Server\rewrite.php(43): require_once('C:\\Users\\ACER\\O...')
#6 {main}
CRITICAL - 2022-06-09 13:43:02 --> Array to string conversion
#0 C:\Users\ACER\OneDrive\Dokumen\PKL\SIMBISNIS_DebugPDF\app\Controllers\Cetak.php(14): CodeIgniter\Debug\Exceptions->errorHandler(8, 'Array to string...', 'C:\\Users\\ACER\\O...', 14, Array)
#1 C:\Users\ACER\OneDrive\Dokumen\PKL\SIMBISNIS_DebugPDF\system\CodeIgniter.php(824): App\Controllers\Cetak->index()
#2 C:\Users\ACER\OneDrive\Dokumen\PKL\SIMBISNIS_DebugPDF\system\CodeIgniter.php(410): CodeIgniter\CodeIgniter->runController(Object(App\Controllers\Cetak))
#3 C:\Users\ACER\OneDrive\Dokumen\PKL\SIMBISNIS_DebugPDF\system\CodeIgniter.php(318): CodeIgniter\CodeIgniter->handleRequest(NULL, Object(Config\Cache), false)
#4 C:\Users\ACER\OneDrive\Dokumen\PKL\SIMBISNIS_DebugPDF\public\index.php(37): CodeIgniter\CodeIgniter->run()
#5 C:\Users\ACER\OneDrive\Dokumen\PKL\SIMBISNIS_DebugPDF\system\Commands\Server\rewrite.php(43): require_once('C:\\Users\\ACER\\O...')
#6 {main}
